[0.028s] Invoking command in '/home/ros2/ws/build/rslidar_msg': CMAKE_PREFIX_PATH=${CMAKE_PREFIX_PATH}:/home/ros2/ws/install/go2_cmd_processor:/home/ros2/ws/install/image_processing:/home/ros2/ws/install/go2_slam_nav:/home/ros2/ws/install/frontier:/opt/ros/humble /usr/bin/cmake --build /home/ros2/ws/build/rslidar_msg -- -j8 -l8
[0.771s] [  3%] Built target rslidar_msg__cpp
[0.771s] [ 12%] Built target rslidar_msg__rosidl_generator_c
[0.771s] [ 15%] Built target rslidar_msg__rs
[0.771s] [ 15%] Built target ament_cmake_python_copy_rslidar_msg
[0.771s] [ 25%] Built target rslidar_msg__rosidl_typesupport_introspection_cpp
[0.771s] [ 34%] Built target rslidar_msg__rosidl_typesupport_fastrtps_cpp
[0.772s] [ 43%] Built target rslidar_msg__rosidl_typesupport_cpp
[0.772s] [ 53%] Built target rslidar_msg__rosidl_typesupport_introspection_c
[0.772s] [ 62%] Built target rslidar_msg__rosidl_typesupport_c
[0.772s] [ 71%] Built target rslidar_msg__rosidl_typesupport_fastrtps_c
[0.772s] [ 71%] Built target rslidar_msg
[0.772s] [ 75%] Built target rslidar_msg__py
[0.772s] [ 81%] Built target rslidar_msg__rosidl_generator_py
[0.772s] [ 87%] Built target rslidar_msg__rosidl_typesupport_fastrtps_c__pyext
[0.772s] [ 93%] Built target rslidar_msg__rosidl_typesupport_introspection_c__pyext
[0.772s] [100%] Built target rslidar_msg__rosidl_typesupport_c__pyext
[0.772s] running egg_info
[0.772s] writing rslidar_msg.egg-info/PKG-INFO
[0.772s] writing dependency_links to rslidar_msg.egg-info/dependency_links.txt
[0.772s] writing top-level names to rslidar_msg.egg-info/top_level.txt
[0.772s] reading manifest file 'rslidar_msg.egg-info/SOURCES.txt'
[0.772s] writing manifest file 'rslidar_msg.egg-info/SOURCES.txt'
[0.772s] [100%] Built target ament_cmake_python_build_rslidar_msg_egg
[1.059s] Invoked command in '/home/ros2/ws/build/rslidar_msg' returned '0': CMAKE_PREFIX_PATH=${CMAKE_PREFIX_PATH}:/home/ros2/ws/install/go2_cmd_processor:/home/ros2/ws/install/image_processing:/home/ros2/ws/install/go2_slam_nav:/home/ros2/ws/install/frontier:/opt/ros/humble /usr/bin/cmake --build /home/ros2/ws/build/rslidar_msg -- -j8 -l8
[1.061s] Invoking command in '/home/ros2/ws/build/rslidar_msg': CMAKE_PREFIX_PATH=${CMAKE_PREFIX_PATH}:/home/ros2/ws/install/go2_cmd_processor:/home/ros2/ws/install/image_processing:/home/ros2/ws/install/go2_slam_nav:/home/ros2/ws/install/frontier:/opt/ros/humble /usr/bin/cmake --install /home/ros2/ws/build/rslidar_msg
[1.091s] -- Install configuration: ""
[1.091s] -- Up-to-date: /home/ros2/ws/install/rslidar_msg/share/ament_index/resource_index/rosidl_interfaces/rslidar_msg
[1.092s] -- Up-to-date: /home/ros2/ws/install/rslidar_msg/include/rslidar_msg/rslidar_msg
[1.092s] -- Up-to-date: /home/ros2/ws/install/rslidar_msg/include/rslidar_msg/rslidar_msg/msg
[1.092s] -- Up-to-date: /home/ros2/ws/install/rslidar_msg/include/rslidar_msg/rslidar_msg/msg/detail
[1.092s] -- Up-to-date: /home/ros2/ws/install/rslidar_msg/include/rslidar_msg/rslidar_msg/msg/detail/rslidar_packet__struct.h
[1.092s] -- Up-to-date: /home/ros2/ws/install/rslidar_msg/include/rslidar_msg/rslidar_msg/msg/detail/rslidar_packet__functions.c
[1.092s] -- Up-to-date: /home/ros2/ws/install/rslidar_msg/include/rslidar_msg/rslidar_msg/msg/detail/rslidar_packet__functions.h
[1.092s] -- Up-to-date: /home/ros2/ws/install/rslidar_msg/include/rslidar_msg/rslidar_msg/msg/detail/rslidar_packet__type_support.h
[1.092s] -- Up-to-date: /home/ros2/ws/install/rslidar_msg/include/rslidar_msg/rslidar_msg/msg/rslidar_packet.h
[1.092s] -- Up-to-date: /home/ros2/ws/install/rslidar_msg/include/rslidar_msg/rslidar_msg/msg/rosidl_generator_c__visibility_control.h
[1.092s] -- Up-to-date: /home/ros2/ws/install/rslidar_msg/share/rslidar_msg/environment/library_path.sh
[1.092s] -- Up-to-date: /home/ros2/ws/install/rslidar_msg/share/rslidar_msg/environment/library_path.dsv
[1.092s] -- Up-to-date: /home/ros2/ws/install/rslidar_msg/lib/librslidar_msg__rosidl_generator_c.so
[1.092s] -- Up-to-date: /home/ros2/ws/install/rslidar_msg/include/rslidar_msg/rslidar_msg
[1.092s] -- Up-to-date: /home/ros2/ws/install/rslidar_msg/include/rslidar_msg/rslidar_msg/msg
[1.093s] -- Up-to-date: /home/ros2/ws/install/rslidar_msg/include/rslidar_msg/rslidar_msg/msg/detail
[1.093s] -- Up-to-date: /home/ros2/ws/install/rslidar_msg/include/rslidar_msg/rslidar_msg/msg/detail/rslidar_packet__rosidl_typesupport_fastrtps_c.h
[1.093s] -- Up-to-date: /home/ros2/ws/install/rslidar_msg/include/rslidar_msg/rslidar_msg/msg/rosidl_typesupport_fastrtps_c__visibility_control.h
[1.093s] -- Up-to-date: /home/ros2/ws/install/rslidar_msg/lib/librslidar_msg__rosidl_typesupport_fastrtps_c.so
[1.095s] -- Up-to-date: /home/ros2/ws/install/rslidar_msg/include/rslidar_msg/rslidar_msg
[1.111s] -- Up-to-date: /home/ros2/ws/install/rslidar_msg/include/rslidar_msg/rslidar_msg/msg
[1.111s] -- Up-to-date: /home/ros2/ws/install/rslidar_msg/include/rslidar_msg/rslidar_msg/msg/rosidl_generator_cpp__visibility_control.hpp
[1.112s] -- Up-to-date: /home/ros2/ws/install/rslidar_msg/include/rslidar_msg/rslidar_msg/msg/detail
[1.112s] -- Up-to-date: /home/ros2/ws/install/rslidar_msg/include/rslidar_msg/rslidar_msg/msg/detail/rslidar_packet__type_support.hpp
[1.112s] -- Up-to-date: /home/ros2/ws/install/rslidar_msg/include/rslidar_msg/rslidar_msg/msg/detail/rslidar_packet__builder.hpp
[1.112s] -- Up-to-date: /home/ros2/ws/install/rslidar_msg/include/rslidar_msg/rslidar_msg/msg/detail/rslidar_packet__struct.hpp
[1.112s] -- Up-to-date: /home/ros2/ws/install/rslidar_msg/include/rslidar_msg/rslidar_msg/msg/detail/rslidar_packet__traits.hpp
[1.112s] -- Up-to-date: /home/ros2/ws/install/rslidar_msg/include/rslidar_msg/rslidar_msg/msg/rslidar_packet.hpp
[1.112s] -- Up-to-date: /home/ros2/ws/install/rslidar_msg/include/rslidar_msg/rslidar_msg
[1.112s] -- Up-to-date: /home/ros2/ws/install/rslidar_msg/include/rslidar_msg/rslidar_msg/msg
[1.112s] -- Up-to-date: /home/ros2/ws/install/rslidar_msg/include/rslidar_msg/rslidar_msg/msg/rosidl_typesupport_fastrtps_cpp__visibility_control.h
[1.112s] -- Up-to-date: /home/ros2/ws/install/rslidar_msg/include/rslidar_msg/rslidar_msg/msg/detail
[1.112s] -- Up-to-date: /home/ros2/ws/install/rslidar_msg/include/rslidar_msg/rslidar_msg/msg/detail/dds_fastrtps
[1.112s] -- Up-to-date: /home/ros2/ws/install/rslidar_msg/include/rslidar_msg/rslidar_msg/msg/detail/rslidar_packet__rosidl_typesupport_fastrtps_cpp.hpp
[1.112s] -- Up-to-date: /home/ros2/ws/install/rslidar_msg/lib/librslidar_msg__rosidl_typesupport_fastrtps_cpp.so
[1.113s] -- Up-to-date: /home/ros2/ws/install/rslidar_msg/include/rslidar_msg/rslidar_msg
[1.113s] -- Up-to-date: /home/ros2/ws/install/rslidar_msg/include/rslidar_msg/rslidar_msg/msg
[1.113s] -- Up-to-date: /home/ros2/ws/install/rslidar_msg/include/rslidar_msg/rslidar_msg/msg/detail
[1.113s] -- Up-to-date: /home/ros2/ws/install/rslidar_msg/include/rslidar_msg/rslidar_msg/msg/detail/rslidar_packet__rosidl_typesupport_introspection_c.h
[1.113s] -- Up-to-date: /home/ros2/ws/install/rslidar_msg/include/rslidar_msg/rslidar_msg/msg/detail/rslidar_packet__type_support.c
[1.113s] -- Up-to-date: /home/ros2/ws/install/rslidar_msg/include/rslidar_msg/rslidar_msg/msg/rosidl_typesupport_introspection_c__visibility_control.h
[1.113s] -- Up-to-date: /home/ros2/ws/install/rslidar_msg/lib/librslidar_msg__rosidl_typesupport_introspection_c.so
[1.113s] -- Up-to-date: /home/ros2/ws/install/rslidar_msg/lib/librslidar_msg__rosidl_typesupport_c.so
[1.113s] -- Up-to-date: /home/ros2/ws/install/rslidar_msg/include/rslidar_msg/rslidar_msg
[1.113s] -- Up-to-date: /home/ros2/ws/install/rslidar_msg/include/rslidar_msg/rslidar_msg/msg
[1.113s] -- Up-to-date: /home/ros2/ws/install/rslidar_msg/include/rslidar_msg/rslidar_msg/msg/detail
[1.113s] -- Up-to-date: /home/ros2/ws/install/rslidar_msg/include/rslidar_msg/rslidar_msg/msg/detail/rslidar_packet__type_support.cpp
[1.113s] -- Up-to-date: /home/ros2/ws/install/rslidar_msg/include/rslidar_msg/rslidar_msg/msg/detail/rslidar_packet__rosidl_typesupport_introspection_cpp.hpp
[1.114s] -- Up-to-date: /home/ros2/ws/install/rslidar_msg/lib/librslidar_msg__rosidl_typesupport_introspection_cpp.so
[1.114s] -- Up-to-date: /home/ros2/ws/install/rslidar_msg/lib/librslidar_msg__rosidl_typesupport_cpp.so
[1.114s] -- Up-to-date: /home/ros2/ws/install/rslidar_msg/share/rslidar_msg/environment/pythonpath.sh
[1.114s] -- Up-to-date: /home/ros2/ws/install/rslidar_msg/share/rslidar_msg/environment/pythonpath.dsv
[1.114s] -- Up-to-date: /home/ros2/ws/install/rslidar_msg/local/lib/python3.10/dist-packages/rslidar_msg-0.0.0-py3.10.egg-info
[1.115s] -- Installing: /home/ros2/ws/install/rslidar_msg/local/lib/python3.10/dist-packages/rslidar_msg-0.0.0-py3.10.egg-info/top_level.txt
[1.115s] -- Installing: /home/ros2/ws/install/rslidar_msg/local/lib/python3.10/dist-packages/rslidar_msg-0.0.0-py3.10.egg-info/SOURCES.txt
[1.115s] -- Installing: /home/ros2/ws/install/rslidar_msg/local/lib/python3.10/dist-packages/rslidar_msg-0.0.0-py3.10.egg-info/PKG-INFO
[1.134s] -- Installing: /home/ros2/ws/install/rslidar_msg/local/lib/python3.10/dist-packages/rslidar_msg-0.0.0-py3.10.egg-info/dependency_links.txt
[1.157s] -- Up-to-date: /home/ros2/ws/install/rslidar_msg/local/lib/python3.10/dist-packages/rslidar_msg
[1.157s] -- Up-to-date: /home/ros2/ws/install/rslidar_msg/local/lib/python3.10/dist-packages/rslidar_msg/rslidar_msg_s__rosidl_typesupport_c.cpython-310-x86_64-linux-gnu.so
[1.157s] -- Up-to-date: /home/ros2/ws/install/rslidar_msg/local/lib/python3.10/dist-packages/rslidar_msg/_rslidar_msg_s.ep.rosidl_typesupport_c.c
[1.157s] -- Up-to-date: /home/ros2/ws/install/rslidar_msg/local/lib/python3.10/dist-packages/rslidar_msg/librslidar_msg__rosidl_generator_py.so
[1.158s] -- Up-to-date: /home/ros2/ws/install/rslidar_msg/local/lib/python3.10/dist-packages/rslidar_msg/rslidar_msg_s__rosidl_typesupport_fastrtps_c.cpython-310-x86_64-linux-gnu.so
[1.158s] -- Up-to-date: /home/ros2/ws/install/rslidar_msg/local/lib/python3.10/dist-packages/rslidar_msg/msg
[1.158s] -- Up-to-date: /home/ros2/ws/install/rslidar_msg/local/lib/python3.10/dist-packages/rslidar_msg/msg/_rslidar_packet_s.c
[1.158s] -- Up-to-date: /home/ros2/ws/install/rslidar_msg/local/lib/python3.10/dist-packages/rslidar_msg/msg/_rslidar_packet.py
[1.158s] -- Up-to-date: /home/ros2/ws/install/rslidar_msg/local/lib/python3.10/dist-packages/rslidar_msg/msg/__init__.py
[1.158s] -- Up-to-date: /home/ros2/ws/install/rslidar_msg/local/lib/python3.10/dist-packages/rslidar_msg/_rslidar_msg_s.ep.rosidl_typesupport_fastrtps_c.c
[1.158s] -- Up-to-date: /home/ros2/ws/install/rslidar_msg/local/lib/python3.10/dist-packages/rslidar_msg/rslidar_msg_s__rosidl_typesupport_introspection_c.cpython-310-x86_64-linux-gnu.so
[1.158s] -- Up-to-date: /home/ros2/ws/install/rslidar_msg/local/lib/python3.10/dist-packages/rslidar_msg/_rslidar_msg_s.ep.rosidl_typesupport_introspection_c.c
[1.158s] -- Up-to-date: /home/ros2/ws/install/rslidar_msg/local/lib/python3.10/dist-packages/rslidar_msg/__init__.py
[1.195s] Listing '/home/ros2/ws/install/rslidar_msg/local/lib/python3.10/dist-packages/rslidar_msg'...
[1.195s] Listing '/home/ros2/ws/install/rslidar_msg/local/lib/python3.10/dist-packages/rslidar_msg/msg'...
[1.196s] -- Up-to-date: /home/ros2/ws/install/rslidar_msg/local/lib/python3.10/dist-packages/rslidar_msg/rslidar_msg_s__rosidl_typesupport_fastrtps_c.cpython-310-x86_64-linux-gnu.so
[1.196s] -- Up-to-date: /home/ros2/ws/install/rslidar_msg/local/lib/python3.10/dist-packages/rslidar_msg/rslidar_msg_s__rosidl_typesupport_introspection_c.cpython-310-x86_64-linux-gnu.so
[1.196s] -- Up-to-date: /home/ros2/ws/install/rslidar_msg/local/lib/python3.10/dist-packages/rslidar_msg/rslidar_msg_s__rosidl_typesupport_c.cpython-310-x86_64-linux-gnu.so
[1.196s] -- Up-to-date: /home/ros2/ws/install/rslidar_msg/lib/librslidar_msg__rosidl_generator_py.so
[1.196s] -- Up-to-date: /home/ros2/ws/install/rslidar_msg/share/ament_index/resource_index/rust_packages/rslidar_msg
[1.196s] -- Up-to-date: /home/ros2/ws/install/rslidar_msg/share/rslidar_msg/rust
[1.196s] -- Up-to-date: /home/ros2/ws/install/rslidar_msg/share/rslidar_msg/rust/build.rs
[1.196s] -- Up-to-date: /home/ros2/ws/install/rslidar_msg/share/rslidar_msg/rust/src
[1.196s] -- Up-to-date: /home/ros2/ws/install/rslidar_msg/share/rslidar_msg/rust/src/lib.rs
[1.197s] -- Up-to-date: /home/ros2/ws/install/rslidar_msg/share/rslidar_msg/rust/src/msg.rs
[1.197s] -- Up-to-date: /home/ros2/ws/install/rslidar_msg/share/rslidar_msg/rust/src/msg
[1.197s] -- Up-to-date: /home/ros2/ws/install/rslidar_msg/share/rslidar_msg/rust/src/msg/rmw.rs
[1.198s] -- Up-to-date: /home/ros2/ws/install/rslidar_msg/share/rslidar_msg/rust/Cargo.toml
[1.198s] -- Up-to-date: /home/ros2/ws/install/rslidar_msg/share/rslidar_msg/msg/RslidarPacket.idl
[1.198s] -- Up-to-date: /home/ros2/ws/install/rslidar_msg/share/rslidar_msg/msg/RslidarPacket.msg
[1.198s] -- Up-to-date: /home/ros2/ws/install/rslidar_msg/share/ament_index/resource_index/package_run_dependencies/rslidar_msg
[1.198s] -- Up-to-date: /home/ros2/ws/install/rslidar_msg/share/ament_index/resource_index/parent_prefix_path/rslidar_msg
[1.198s] -- Up-to-date: /home/ros2/ws/install/rslidar_msg/share/rslidar_msg/environment/ament_prefix_path.sh
[1.198s] -- Up-to-date: /home/ros2/ws/install/rslidar_msg/share/rslidar_msg/environment/ament_prefix_path.dsv
[1.198s] -- Up-to-date: /home/ros2/ws/install/rslidar_msg/share/rslidar_msg/environment/path.sh
[1.198s] -- Up-to-date: /home/ros2/ws/install/rslidar_msg/share/rslidar_msg/environment/path.dsv
[1.198s] -- Up-to-date: /home/ros2/ws/install/rslidar_msg/share/rslidar_msg/local_setup.bash
[1.198s] -- Up-to-date: /home/ros2/ws/install/rslidar_msg/share/rslidar_msg/local_setup.sh
[1.198s] -- Up-to-date: /home/ros2/ws/install/rslidar_msg/share/rslidar_msg/local_setup.zsh
[1.198s] -- Up-to-date: /home/ros2/ws/install/rslidar_msg/share/rslidar_msg/local_setup.dsv
[1.198s] -- Installing: /home/ros2/ws/install/rslidar_msg/share/rslidar_msg/package.dsv
[1.198s] -- Up-to-date: /home/ros2/ws/install/rslidar_msg/share/ament_index/resource_index/packages/rslidar_msg
[1.198s] -- Up-to-date: /home/ros2/ws/install/rslidar_msg/share/rslidar_msg/cmake/export_rslidar_msg__rosidl_generator_cExport.cmake
[1.198s] -- Up-to-date: /home/ros2/ws/install/rslidar_msg/share/rslidar_msg/cmake/export_rslidar_msg__rosidl_generator_cExport-noconfig.cmake
[1.199s] -- Up-to-date: /home/ros2/ws/install/rslidar_msg/share/rslidar_msg/cmake/export_rslidar_msg__rosidl_typesupport_fastrtps_cExport.cmake
[1.199s] -- Up-to-date: /home/ros2/ws/install/rslidar_msg/share/rslidar_msg/cmake/export_rslidar_msg__rosidl_typesupport_fastrtps_cExport-noconfig.cmake
[1.199s] -- Up-to-date: /home/ros2/ws/install/rslidar_msg/share/rslidar_msg/cmake/export_rslidar_msg__rosidl_generator_cppExport.cmake
[1.199s] -- Up-to-date: /home/ros2/ws/install/rslidar_msg/share/rslidar_msg/cmake/export_rslidar_msg__rosidl_typesupport_fastrtps_cppExport.cmake
[1.199s] -- Up-to-date: /home/ros2/ws/install/rslidar_msg/share/rslidar_msg/cmake/export_rslidar_msg__rosidl_typesupport_fastrtps_cppExport-noconfig.cmake
[1.199s] -- Up-to-date: /home/ros2/ws/install/rslidar_msg/share/rslidar_msg/cmake/rslidar_msg__rosidl_typesupport_introspection_cExport.cmake
[1.199s] -- Up-to-date: /home/ros2/ws/install/rslidar_msg/share/rslidar_msg/cmake/rslidar_msg__rosidl_typesupport_introspection_cExport-noconfig.cmake
[1.199s] -- Up-to-date: /home/ros2/ws/install/rslidar_msg/share/rslidar_msg/cmake/rslidar_msg__rosidl_typesupport_cExport.cmake
[1.199s] -- Up-to-date: /home/ros2/ws/install/rslidar_msg/share/rslidar_msg/cmake/rslidar_msg__rosidl_typesupport_cExport-noconfig.cmake
[1.199s] -- Up-to-date: /home/ros2/ws/install/rslidar_msg/share/rslidar_msg/cmake/rslidar_msg__rosidl_typesupport_introspection_cppExport.cmake
[1.199s] -- Up-to-date: /home/ros2/ws/install/rslidar_msg/share/rslidar_msg/cmake/rslidar_msg__rosidl_typesupport_introspection_cppExport-noconfig.cmake
[1.199s] -- Up-to-date: /home/ros2/ws/install/rslidar_msg/share/rslidar_msg/cmake/rslidar_msg__rosidl_typesupport_cppExport.cmake
[1.199s] -- Up-to-date: /home/ros2/ws/install/rslidar_msg/share/rslidar_msg/cmake/rslidar_msg__rosidl_typesupport_cppExport-noconfig.cmake
[1.200s] -- Up-to-date: /home/ros2/ws/install/rslidar_msg/share/rslidar_msg/cmake/export_rslidar_msg__rosidl_generator_pyExport.cmake
[1.200s] -- Up-to-date: /home/ros2/ws/install/rslidar_msg/share/rslidar_msg/cmake/export_rslidar_msg__rosidl_generator_pyExport-noconfig.cmake
[1.200s] -- Up-to-date: /home/ros2/ws/install/rslidar_msg/share/rslidar_msg/cmake/rosidl_cmake-extras.cmake
[1.200s] -- Up-to-date: /home/ros2/ws/install/rslidar_msg/share/rslidar_msg/cmake/ament_cmake_export_dependencies-extras.cmake
[1.200s] -- Up-to-date: /home/ros2/ws/install/rslidar_msg/share/rslidar_msg/cmake/ament_cmake_export_include_directories-extras.cmake
[1.200s] -- Up-to-date: /home/ros2/ws/install/rslidar_msg/share/rslidar_msg/cmake/ament_cmake_export_libraries-extras.cmake
[1.200s] -- Up-to-date: /home/ros2/ws/install/rslidar_msg/share/rslidar_msg/cmake/ament_cmake_export_targets-extras.cmake
[1.200s] -- Up-to-date: /home/ros2/ws/install/rslidar_msg/share/rslidar_msg/cmake/rosidl_cmake_export_typesupport_targets-extras.cmake
[1.200s] -- Up-to-date: /home/ros2/ws/install/rslidar_msg/share/rslidar_msg/cmake/rosidl_cmake_export_typesupport_libraries-extras.cmake
[1.200s] -- Up-to-date: /home/ros2/ws/install/rslidar_msg/share/rslidar_msg/cmake/rslidar_msgConfig.cmake
[1.200s] -- Up-to-date: /home/ros2/ws/install/rslidar_msg/share/rslidar_msg/cmake/rslidar_msgConfig-version.cmake
[1.200s] -- Up-to-date: /home/ros2/ws/install/rslidar_msg/share/rslidar_msg/package.xml
[1.203s] Invoked command in '/home/ros2/ws/build/rslidar_msg' returned '0': CMAKE_PREFIX_PATH=${CMAKE_PREFIX_PATH}:/home/ros2/ws/install/go2_cmd_processor:/home/ros2/ws/install/image_processing:/home/ros2/ws/install/go2_slam_nav:/home/ros2/ws/install/frontier:/opt/ros/humble /usr/bin/cmake --install /home/ros2/ws/build/rslidar_msg
