[1.614s] Invoking command in '/home/ros2/ws/src/image_processing': PYTHONPATH=/home/ros2/ws/build/image_processing/prefix_override:/usr/lib/python3/dist-packages/colcon_core/task/python/colcon_distutils_commands:/home/ros2/ws/install/image_processing/lib/python3.10/site-packages:${PYTHONPATH} /usr/bin/python3 -W ignore:setup.py install is deprecated -W ignore:easy_install command is deprecated setup.py egg_info --egg-base ../../build/image_processing build --build-base /home/ros2/ws/build/image_processing/build install --record /home/ros2/ws/build/image_processing/install.log --install-scripts $base/lib/image_processing --single-version-externally-managed install_data
[1.958s] /usr/lib/python3/dist-packages/setuptools/dist.py:723: UserWarning: Usage of dash-separated 'script-dir' will not be supported in future versions. Please use the underscore name 'script_dir' instead
[1.958s]   warnings.warn(
[1.966s] running egg_info
[1.967s] writing ../../build/image_processing/image_processing.egg-info/PKG-INFO
[1.968s] writing dependency_links to ../../build/image_processing/image_processing.egg-info/dependency_links.txt
[1.968s] writing entry points to ../../build/image_processing/image_processing.egg-info/entry_points.txt
[1.968s] writing requirements to ../../build/image_processing/image_processing.egg-info/requires.txt
[1.968s] writing top-level names to ../../build/image_processing/image_processing.egg-info/top_level.txt
[1.970s] reading manifest file '../../build/image_processing/image_processing.egg-info/SOURCES.txt'
[1.971s] writing manifest file '../../build/image_processing/image_processing.egg-info/SOURCES.txt'
[1.971s] running build
[1.971s] running build_py
[1.971s] running install
[1.971s] running install_lib
[1.973s] running install_data
[1.973s] running install_egg_info
[1.975s] removing '/home/ros2/ws/install/image_processing/lib/python3.10/site-packages/image_processing-0.0.0-py3.10.egg-info' (and everything under it)
[1.975s] Copying ../../build/image_processing/image_processing.egg-info to /home/ros2/ws/install/image_processing/lib/python3.10/site-packages/image_processing-0.0.0-py3.10.egg-info
[1.976s] running install_scripts
[1.998s] Installing image_subscriber script to /home/ros2/ws/install/image_processing/lib/image_processing
[1.998s] writing list of installed files to '/home/ros2/ws/build/image_processing/install.log'
[2.024s] Invoked command in '/home/ros2/ws/src/image_processing' returned '0': PYTHONPATH=/home/ros2/ws/build/image_processing/prefix_override:/usr/lib/python3/dist-packages/colcon_core/task/python/colcon_distutils_commands:/home/ros2/ws/install/image_processing/lib/python3.10/site-packages:${PYTHONPATH} /usr/bin/python3 -W ignore:setup.py install is deprecated -W ignore:easy_install command is deprecated setup.py egg_info --egg-base ../../build/image_processing build --build-base /home/ros2/ws/build/image_processing/build install --record /home/ros2/ws/build/image_processing/install.log --install-scripts $base/lib/image_processing --single-version-externally-managed install_data
