[0.031s] Invoking command in '/home/ros2/ws/build/unitree_api': CMAKE_PREFIX_PATH=${CMAKE_PREFIX_PATH}:/home/ros2/ws/install/go2_cmd_processor:/home/ros2/ws/install/image_processing:/home/ros2/ws/install/go2_slam_nav:/home/ros2/ws/install/frontier:/opt/ros/humble /usr/bin/cmake --build /home/ros2/ws/build/unitree_api -- -j8 -l8
[1.007s] [35m[1mConsolidate compiler generated dependencies of target unitree_api__rosidl_generator_c[0m
[1.008s] [  1%] Built target unitree_api__dds_connext_idl
[1.008s] [  2%] Built target unitree_api__cpp
[1.008s] [  3%] Built target unitree_api__rs
[1.008s] [ 14%] Built target unitree_api__rosidl_generator_c
[1.008s] [ 14%] Built target ament_cmake_python_copy_unitree_api
[1.008s] [35m[1mConsolidate compiler generated dependencies of target unitree_api__rosidl_typesupport_cpp[0m
[1.008s] [35m[1mConsolidate compiler generated dependencies of target unitree_api__rosidl_typesupport_c[0m
[1.008s] [35m[1mConsolidate compiler generated dependencies of target unitree_api__rosidl_typesupport_fastrtps_c[0m
[1.008s] [35m[1mConsolidate compiler generated dependencies of target unitree_api__rosidl_typesupport_introspection_cpp[0m
[1.009s] [35m[1mConsolidate compiler generated dependencies of target unitree_api__rosidl_typesupport_introspection_c[0m
[1.009s] [ 25%] Built target unitree_api__rosidl_typesupport_c
[1.009s] [35m[1mConsolidate compiler generated dependencies of target unitree_api__rosidl_typesupport_fastrtps_cpp[0m
[1.009s] [ 37%] Built target unitree_api__rosidl_typesupport_cpp
[1.009s] [ 48%] Built target unitree_api__rosidl_typesupport_fastrtps_c
[1.009s] [ 59%] Built target unitree_api__rosidl_typesupport_introspection_c
[1.009s] [ 70%] Built target unitree_api__rosidl_typesupport_introspection_cpp
[1.009s] [ 82%] Built target unitree_api__rosidl_typesupport_fastrtps_cpp
[1.009s] [ 82%] Built target unitree_api
[1.009s] [ 83%] Built target unitree_api__py
[1.009s] [35m[1mConsolidate compiler generated dependencies of target unitree_api__rosidl_generator_py[0m
[1.009s] [ 93%] Built target unitree_api__rosidl_generator_py
[1.009s] [35m[1mConsolidate compiler generated dependencies of target unitree_api__rosidl_typesupport_introspection_c__pyext[0m
[1.010s] [35m[1mConsolidate compiler generated dependencies of target unitree_api__rosidl_typesupport_fastrtps_c__pyext[0m
[1.010s] [35m[1mConsolidate compiler generated dependencies of target unitree_api__rosidl_typesupport_c__pyext[0m
[1.010s] [ 95%] Built target unitree_api__rosidl_typesupport_fastrtps_c__pyext
[1.010s] [ 97%] Built target unitree_api__rosidl_typesupport_introspection_c__pyext
[1.010s] [100%] Built target unitree_api__rosidl_typesupport_c__pyext
[1.010s] running egg_info
[1.010s] writing unitree_api.egg-info/PKG-INFO
[1.010s] writing dependency_links to unitree_api.egg-info/dependency_links.txt
[1.010s] writing top-level names to unitree_api.egg-info/top_level.txt
[1.010s] reading manifest file 'unitree_api.egg-info/SOURCES.txt'
[1.010s] writing manifest file 'unitree_api.egg-info/SOURCES.txt'
[1.010s] [100%] Built target ament_cmake_python_build_unitree_api_egg
[1.337s] Invoked command in '/home/ros2/ws/build/unitree_api' returned '0': CMAKE_PREFIX_PATH=${CMAKE_PREFIX_PATH}:/home/ros2/ws/install/go2_cmd_processor:/home/ros2/ws/install/image_processing:/home/ros2/ws/install/go2_slam_nav:/home/ros2/ws/install/frontier:/opt/ros/humble /usr/bin/cmake --build /home/ros2/ws/build/unitree_api -- -j8 -l8
[1.347s] Invoking command in '/home/ros2/ws/build/unitree_api': CMAKE_PREFIX_PATH=${CMAKE_PREFIX_PATH}:/home/ros2/ws/install/go2_cmd_processor:/home/ros2/ws/install/image_processing:/home/ros2/ws/install/go2_slam_nav:/home/ros2/ws/install/frontier:/opt/ros/humble /usr/bin/cmake --install /home/ros2/ws/build/unitree_api
[1.358s] -- Install configuration: ""
[1.358s] -- Up-to-date: /home/ros2/ws/install/unitree_api/share/ament_index/resource_index/rosidl_interfaces/unitree_api
[1.358s] -- Up-to-date: /home/ros2/ws/install/unitree_api/include/unitree_api/unitree_api
[1.358s] -- Up-to-date: /home/ros2/ws/install/unitree_api/include/unitree_api/unitree_api/msg
[1.358s] -- Up-to-date: /home/ros2/ws/install/unitree_api/include/unitree_api/unitree_api/msg/request_policy.h
[1.359s] -- Up-to-date: /home/ros2/ws/install/unitree_api/include/unitree_api/unitree_api/msg/detail
[1.359s] -- Up-to-date: /home/ros2/ws/install/unitree_api/include/unitree_api/unitree_api/msg/detail/response_header__functions.c
[1.359s] -- Up-to-date: /home/ros2/ws/install/unitree_api/include/unitree_api/unitree_api/msg/detail/request__functions.h
[1.359s] -- Up-to-date: /home/ros2/ws/install/unitree_api/include/unitree_api/unitree_api/msg/detail/request_identity__functions.c
[1.359s] -- Up-to-date: /home/ros2/ws/install/unitree_api/include/unitree_api/unitree_api/msg/detail/request_policy__functions.h
[1.359s] -- Up-to-date: /home/ros2/ws/install/unitree_api/include/unitree_api/unitree_api/msg/detail/request_header__struct.h
[1.359s] -- Up-to-date: /home/ros2/ws/install/unitree_api/include/unitree_api/unitree_api/msg/detail/response_header__struct.h
[1.360s] -- Up-to-date: /home/ros2/ws/install/unitree_api/include/unitree_api/unitree_api/msg/detail/request_lease__functions.c
[1.360s] -- Up-to-date: /home/ros2/ws/install/unitree_api/include/unitree_api/unitree_api/msg/detail/request_lease__type_support.h
[1.360s] -- Up-to-date: /home/ros2/ws/install/unitree_api/include/unitree_api/unitree_api/msg/detail/request_header__functions.c
[1.360s] -- Up-to-date: /home/ros2/ws/install/unitree_api/include/unitree_api/unitree_api/msg/detail/request_identity__struct.h
[1.361s] -- Up-to-date: /home/ros2/ws/install/unitree_api/include/unitree_api/unitree_api/msg/detail/request_identity__functions.h
[1.361s] -- Up-to-date: /home/ros2/ws/install/unitree_api/include/unitree_api/unitree_api/msg/detail/response_status__functions.c
[1.367s] -- Up-to-date: /home/ros2/ws/install/unitree_api/include/unitree_api/unitree_api/msg/detail/request_policy__struct.h
[1.367s] -- Up-to-date: /home/ros2/ws/install/unitree_api/include/unitree_api/unitree_api/msg/detail/response_header__type_support.h
[1.367s] -- Up-to-date: /home/ros2/ws/install/unitree_api/include/unitree_api/unitree_api/msg/detail/response__functions.h
[1.367s] -- Up-to-date: /home/ros2/ws/install/unitree_api/include/unitree_api/unitree_api/msg/detail/request__functions.c
[1.367s] -- Up-to-date: /home/ros2/ws/install/unitree_api/include/unitree_api/unitree_api/msg/detail/response_status__type_support.h
[1.368s] -- Up-to-date: /home/ros2/ws/install/unitree_api/include/unitree_api/unitree_api/msg/detail/request_policy__type_support.h
[1.368s] -- Up-to-date: /home/ros2/ws/install/unitree_api/include/unitree_api/unitree_api/msg/detail/response_header__functions.h
[1.368s] -- Up-to-date: /home/ros2/ws/install/unitree_api/include/unitree_api/unitree_api/msg/detail/request_lease__functions.h
[1.369s] -- Up-to-date: /home/ros2/ws/install/unitree_api/include/unitree_api/unitree_api/msg/detail/response__struct.h
[1.369s] -- Up-to-date: /home/ros2/ws/install/unitree_api/include/unitree_api/unitree_api/msg/detail/response_status__functions.h
[1.369s] -- Up-to-date: /home/ros2/ws/install/unitree_api/include/unitree_api/unitree_api/msg/detail/request_header__functions.h
[1.369s] -- Up-to-date: /home/ros2/ws/install/unitree_api/include/unitree_api/unitree_api/msg/detail/request__type_support.h
[1.369s] -- Up-to-date: /home/ros2/ws/install/unitree_api/include/unitree_api/unitree_api/msg/detail/request_identity__type_support.h
[1.369s] -- Up-to-date: /home/ros2/ws/install/unitree_api/include/unitree_api/unitree_api/msg/detail/request_lease__struct.h
[1.369s] -- Up-to-date: /home/ros2/ws/install/unitree_api/include/unitree_api/unitree_api/msg/detail/response__functions.c
[1.369s] -- Up-to-date: /home/ros2/ws/install/unitree_api/include/unitree_api/unitree_api/msg/detail/request_header__type_support.h
[1.369s] -- Up-to-date: /home/ros2/ws/install/unitree_api/include/unitree_api/unitree_api/msg/detail/response_status__struct.h
[1.369s] -- Up-to-date: /home/ros2/ws/install/unitree_api/include/unitree_api/unitree_api/msg/detail/request__struct.h
[1.370s] -- Up-to-date: /home/ros2/ws/install/unitree_api/include/unitree_api/unitree_api/msg/detail/request_policy__functions.c
[1.370s] -- Up-to-date: /home/ros2/ws/install/unitree_api/include/unitree_api/unitree_api/msg/detail/response__type_support.h
[1.370s] -- Up-to-date: /home/ros2/ws/install/unitree_api/include/unitree_api/unitree_api/msg/response.h
[1.370s] -- Up-to-date: /home/ros2/ws/install/unitree_api/include/unitree_api/unitree_api/msg/request.h
[1.372s] -- Up-to-date: /home/ros2/ws/install/unitree_api/include/unitree_api/unitree_api/msg/response_status.h
[1.372s] -- Up-to-date: /home/ros2/ws/install/unitree_api/include/unitree_api/unitree_api/msg/request_header.h
[1.373s] -- Up-to-date: /home/ros2/ws/install/unitree_api/include/unitree_api/unitree_api/msg/rosidl_generator_c__visibility_control.h
[1.373s] -- Up-to-date: /home/ros2/ws/install/unitree_api/include/unitree_api/unitree_api/msg/response_header.h
[1.373s] -- Up-to-date: /home/ros2/ws/install/unitree_api/include/unitree_api/unitree_api/msg/request_identity.h
[1.373s] -- Up-to-date: /home/ros2/ws/install/unitree_api/include/unitree_api/unitree_api/msg/request_lease.h
[1.373s] -- Up-to-date: /home/ros2/ws/install/unitree_api/share/unitree_api/environment/library_path.sh
[1.377s] -- Up-to-date: /home/ros2/ws/install/unitree_api/share/unitree_api/environment/library_path.dsv
[1.378s] -- Up-to-date: /home/ros2/ws/install/unitree_api/lib/libunitree_api__rosidl_generator_c.so
[1.378s] -- Up-to-date: /home/ros2/ws/install/unitree_api/include/unitree_api/unitree_api
[1.378s] -- Up-to-date: /home/ros2/ws/install/unitree_api/include/unitree_api/unitree_api/msg
[1.378s] -- Up-to-date: /home/ros2/ws/install/unitree_api/include/unitree_api/unitree_api/msg/detail
[1.378s] -- Up-to-date: /home/ros2/ws/install/unitree_api/include/unitree_api/unitree_api/msg/detail/request__rosidl_typesupport_fastrtps_c.h
[1.378s] -- Up-to-date: /home/ros2/ws/install/unitree_api/include/unitree_api/unitree_api/msg/detail/request_policy__rosidl_typesupport_fastrtps_c.h
[1.378s] -- Up-to-date: /home/ros2/ws/install/unitree_api/include/unitree_api/unitree_api/msg/detail/response__rosidl_typesupport_fastrtps_c.h
[1.378s] -- Up-to-date: /home/ros2/ws/install/unitree_api/include/unitree_api/unitree_api/msg/detail/request_header__rosidl_typesupport_fastrtps_c.h
[1.378s] -- Up-to-date: /home/ros2/ws/install/unitree_api/include/unitree_api/unitree_api/msg/detail/response_header__rosidl_typesupport_fastrtps_c.h
[1.378s] -- Up-to-date: /home/ros2/ws/install/unitree_api/include/unitree_api/unitree_api/msg/detail/request_lease__rosidl_typesupport_fastrtps_c.h
[1.379s] -- Up-to-date: /home/ros2/ws/install/unitree_api/include/unitree_api/unitree_api/msg/detail/request_identity__rosidl_typesupport_fastrtps_c.h
[1.379s] -- Up-to-date: /home/ros2/ws/install/unitree_api/include/unitree_api/unitree_api/msg/detail/response_status__rosidl_typesupport_fastrtps_c.h
[1.379s] -- Up-to-date: /home/ros2/ws/install/unitree_api/include/unitree_api/unitree_api/msg/rosidl_typesupport_fastrtps_c__visibility_control.h
[1.379s] -- Up-to-date: /home/ros2/ws/install/unitree_api/lib/libunitree_api__rosidl_typesupport_fastrtps_c.so
[1.379s] -- Up-to-date: /home/ros2/ws/install/unitree_api/include/unitree_api/unitree_api
[1.379s] -- Up-to-date: /home/ros2/ws/install/unitree_api/include/unitree_api/unitree_api/msg
[1.379s] -- Up-to-date: /home/ros2/ws/install/unitree_api/include/unitree_api/unitree_api/msg/request_header.hpp
[1.379s] -- Up-to-date: /home/ros2/ws/install/unitree_api/include/unitree_api/unitree_api/msg/request.hpp
[1.379s] -- Up-to-date: /home/ros2/ws/install/unitree_api/include/unitree_api/unitree_api/msg/request_lease.hpp
[1.380s] -- Up-to-date: /home/ros2/ws/install/unitree_api/include/unitree_api/unitree_api/msg/rosidl_generator_cpp__visibility_control.hpp
[1.381s] -- Up-to-date: /home/ros2/ws/install/unitree_api/include/unitree_api/unitree_api/msg/response.hpp
[1.381s] -- Up-to-date: /home/ros2/ws/install/unitree_api/include/unitree_api/unitree_api/msg/detail
[1.381s] -- Up-to-date: /home/ros2/ws/install/unitree_api/include/unitree_api/unitree_api/msg/detail/response_header__traits.hpp
[1.381s] -- Up-to-date: /home/ros2/ws/install/unitree_api/include/unitree_api/unitree_api/msg/detail/request_header__type_support.hpp
[1.381s] -- Up-to-date: /home/ros2/ws/install/unitree_api/include/unitree_api/unitree_api/msg/detail/request_header__traits.hpp
[1.381s] -- Up-to-date: /home/ros2/ws/install/unitree_api/include/unitree_api/unitree_api/msg/detail/request__struct.hpp
[1.381s] -- Up-to-date: /home/ros2/ws/install/unitree_api/include/unitree_api/unitree_api/msg/detail/response__type_support.hpp
[1.382s] -- Up-to-date: /home/ros2/ws/install/unitree_api/include/unitree_api/unitree_api/msg/detail/request_lease__traits.hpp
[1.382s] -- Up-to-date: /home/ros2/ws/install/unitree_api/include/unitree_api/unitree_api/msg/detail/response__traits.hpp
[1.382s] -- Up-to-date: /home/ros2/ws/install/unitree_api/include/unitree_api/unitree_api/msg/detail/response__builder.hpp
[1.382s] -- Up-to-date: /home/ros2/ws/install/unitree_api/include/unitree_api/unitree_api/msg/detail/response_header__struct.hpp
[1.383s] -- Up-to-date: /home/ros2/ws/install/unitree_api/include/unitree_api/unitree_api/msg/detail/request_identity__struct.hpp
[1.383s] -- Up-to-date: /home/ros2/ws/install/unitree_api/include/unitree_api/unitree_api/msg/detail/response_header__builder.hpp
[1.383s] -- Up-to-date: /home/ros2/ws/install/unitree_api/include/unitree_api/unitree_api/msg/detail/request_identity__traits.hpp
[1.383s] -- Up-to-date: /home/ros2/ws/install/unitree_api/include/unitree_api/unitree_api/msg/detail/request_lease__builder.hpp
[1.383s] -- Up-to-date: /home/ros2/ws/install/unitree_api/include/unitree_api/unitree_api/msg/detail/response_status__type_support.hpp
[1.384s] -- Up-to-date: /home/ros2/ws/install/unitree_api/include/unitree_api/unitree_api/msg/detail/response__struct.hpp
[1.384s] -- Up-to-date: /home/ros2/ws/install/unitree_api/include/unitree_api/unitree_api/msg/detail/response_status__struct.hpp
[1.384s] -- Up-to-date: /home/ros2/ws/install/unitree_api/include/unitree_api/unitree_api/msg/detail/request_lease__type_support.hpp
[1.384s] -- Up-to-date: /home/ros2/ws/install/unitree_api/include/unitree_api/unitree_api/msg/detail/response_status__traits.hpp
[1.384s] -- Up-to-date: /home/ros2/ws/install/unitree_api/include/unitree_api/unitree_api/msg/detail/request_policy__type_support.hpp
[1.384s] -- Up-to-date: /home/ros2/ws/install/unitree_api/include/unitree_api/unitree_api/msg/detail/request_policy__struct.hpp
[1.384s] -- Up-to-date: /home/ros2/ws/install/unitree_api/include/unitree_api/unitree_api/msg/detail/request_identity__type_support.hpp
[1.384s] -- Up-to-date: /home/ros2/ws/install/unitree_api/include/unitree_api/unitree_api/msg/detail/request__builder.hpp
[1.384s] -- Up-to-date: /home/ros2/ws/install/unitree_api/include/unitree_api/unitree_api/msg/detail/request_policy__builder.hpp
[1.384s] -- Up-to-date: /home/ros2/ws/install/unitree_api/include/unitree_api/unitree_api/msg/detail/request__traits.hpp
[1.387s] -- Up-to-date: /home/ros2/ws/install/unitree_api/include/unitree_api/unitree_api/msg/detail/request_header__struct.hpp
[1.388s] -- Up-to-date: /home/ros2/ws/install/unitree_api/include/unitree_api/unitree_api/msg/detail/request_lease__struct.hpp
[1.388s] -- Up-to-date: /home/ros2/ws/install/unitree_api/include/unitree_api/unitree_api/msg/detail/response_header__type_support.hpp
[1.388s] -- Up-to-date: /home/ros2/ws/install/unitree_api/include/unitree_api/unitree_api/msg/detail/response_status__builder.hpp
[1.388s] -- Up-to-date: /home/ros2/ws/install/unitree_api/include/unitree_api/unitree_api/msg/detail/request_header__builder.hpp
[1.388s] -- Up-to-date: /home/ros2/ws/install/unitree_api/include/unitree_api/unitree_api/msg/detail/request__type_support.hpp
[1.388s] -- Up-to-date: /home/ros2/ws/install/unitree_api/include/unitree_api/unitree_api/msg/detail/request_policy__traits.hpp
[1.388s] -- Up-to-date: /home/ros2/ws/install/unitree_api/include/unitree_api/unitree_api/msg/detail/request_identity__builder.hpp
[1.388s] -- Up-to-date: /home/ros2/ws/install/unitree_api/include/unitree_api/unitree_api/msg/request_identity.hpp
[1.391s] -- Up-to-date: /home/ros2/ws/install/unitree_api/include/unitree_api/unitree_api/msg/response_header.hpp
[1.391s] -- Up-to-date: /home/ros2/ws/install/unitree_api/include/unitree_api/unitree_api/msg/response_status.hpp
[1.391s] -- Up-to-date: /home/ros2/ws/install/unitree_api/include/unitree_api/unitree_api/msg/request_policy.hpp
[1.392s] -- Up-to-date: /home/ros2/ws/install/unitree_api/include/unitree_api/unitree_api
[1.392s] -- Up-to-date: /home/ros2/ws/install/unitree_api/include/unitree_api/unitree_api/msg
[1.392s] -- Up-to-date: /home/ros2/ws/install/unitree_api/include/unitree_api/unitree_api/msg/rosidl_typesupport_fastrtps_cpp__visibility_control.h
[1.392s] -- Up-to-date: /home/ros2/ws/install/unitree_api/include/unitree_api/unitree_api/msg/detail
[1.392s] -- Up-to-date: /home/ros2/ws/install/unitree_api/include/unitree_api/unitree_api/msg/detail/response_header__rosidl_typesupport_fastrtps_cpp.hpp
[1.392s] -- Up-to-date: /home/ros2/ws/install/unitree_api/include/unitree_api/unitree_api/msg/detail/response_status__rosidl_typesupport_fastrtps_cpp.hpp
[1.392s] -- Up-to-date: /home/ros2/ws/install/unitree_api/include/unitree_api/unitree_api/msg/detail/dds_fastrtps
[1.412s] -- Up-to-date: /home/ros2/ws/install/unitree_api/include/unitree_api/unitree_api/msg/detail/request_policy__rosidl_typesupport_fastrtps_cpp.hpp
[1.412s] -- Up-to-date: /home/ros2/ws/install/unitree_api/include/unitree_api/unitree_api/msg/detail/request__rosidl_typesupport_fastrtps_cpp.hpp
[1.415s] -- Up-to-date: /home/ros2/ws/install/unitree_api/include/unitree_api/unitree_api/msg/detail/response__rosidl_typesupport_fastrtps_cpp.hpp
[1.415s] -- Up-to-date: /home/ros2/ws/install/unitree_api/include/unitree_api/unitree_api/msg/detail/request_lease__rosidl_typesupport_fastrtps_cpp.hpp
[1.416s] -- Up-to-date: /home/ros2/ws/install/unitree_api/include/unitree_api/unitree_api/msg/detail/request_identity__rosidl_typesupport_fastrtps_cpp.hpp
[1.416s] -- Up-to-date: /home/ros2/ws/install/unitree_api/include/unitree_api/unitree_api/msg/detail/request_header__rosidl_typesupport_fastrtps_cpp.hpp
[1.416s] -- Up-to-date: /home/ros2/ws/install/unitree_api/lib/libunitree_api__rosidl_typesupport_fastrtps_cpp.so
[1.416s] -- Up-to-date: /home/ros2/ws/install/unitree_api/include/unitree_api/unitree_api
[1.416s] -- Up-to-date: /home/ros2/ws/install/unitree_api/include/unitree_api/unitree_api/msg
[1.416s] -- Up-to-date: /home/ros2/ws/install/unitree_api/include/unitree_api/unitree_api/msg/detail
[1.416s] -- Up-to-date: /home/ros2/ws/install/unitree_api/include/unitree_api/unitree_api/msg/detail/request_header__type_support.c
[1.416s] -- Up-to-date: /home/ros2/ws/install/unitree_api/include/unitree_api/unitree_api/msg/detail/response_header__type_support.c
[1.416s] -- Up-to-date: /home/ros2/ws/install/unitree_api/include/unitree_api/unitree_api/msg/detail/request_policy__type_support.c
[1.416s] -- Up-to-date: /home/ros2/ws/install/unitree_api/include/unitree_api/unitree_api/msg/detail/request__rosidl_typesupport_introspection_c.h
[1.417s] -- Up-to-date: /home/ros2/ws/install/unitree_api/include/unitree_api/unitree_api/msg/detail/request_lease__rosidl_typesupport_introspection_c.h
[1.417s] -- Up-to-date: /home/ros2/ws/install/unitree_api/include/unitree_api/unitree_api/msg/detail/response__type_support.c
[1.417s] -- Up-to-date: /home/ros2/ws/install/unitree_api/include/unitree_api/unitree_api/msg/detail/request_identity__rosidl_typesupport_introspection_c.h
[1.417s] -- Up-to-date: /home/ros2/ws/install/unitree_api/include/unitree_api/unitree_api/msg/detail/request_identity__type_support.c
[1.417s] -- Up-to-date: /home/ros2/ws/install/unitree_api/include/unitree_api/unitree_api/msg/detail/response_status__rosidl_typesupport_introspection_c.h
[1.417s] -- Up-to-date: /home/ros2/ws/install/unitree_api/include/unitree_api/unitree_api/msg/detail/request__type_support.c
[1.417s] -- Up-to-date: /home/ros2/ws/install/unitree_api/include/unitree_api/unitree_api/msg/detail/response_status__type_support.c
[1.417s] -- Up-to-date: /home/ros2/ws/install/unitree_api/include/unitree_api/unitree_api/msg/detail/request_lease__type_support.c
[1.417s] -- Up-to-date: /home/ros2/ws/install/unitree_api/include/unitree_api/unitree_api/msg/detail/request_policy__rosidl_typesupport_introspection_c.h
[1.421s] -- Up-to-date: /home/ros2/ws/install/unitree_api/include/unitree_api/unitree_api/msg/detail/request_header__rosidl_typesupport_introspection_c.h
[1.421s] -- Up-to-date: /home/ros2/ws/install/unitree_api/include/unitree_api/unitree_api/msg/detail/response_header__rosidl_typesupport_introspection_c.h
[1.421s] -- Up-to-date: /home/ros2/ws/install/unitree_api/include/unitree_api/unitree_api/msg/detail/response__rosidl_typesupport_introspection_c.h
[1.422s] -- Up-to-date: /home/ros2/ws/install/unitree_api/include/unitree_api/unitree_api/msg/rosidl_typesupport_introspection_c__visibility_control.h
[1.422s] -- Up-to-date: /home/ros2/ws/install/unitree_api/lib/libunitree_api__rosidl_typesupport_introspection_c.so
[1.422s] -- Up-to-date: /home/ros2/ws/install/unitree_api/lib/libunitree_api__rosidl_typesupport_c.so
[1.422s] -- Up-to-date: /home/ros2/ws/install/unitree_api/include/unitree_api/unitree_api
[1.422s] -- Up-to-date: /home/ros2/ws/install/unitree_api/include/unitree_api/unitree_api/msg
[1.422s] -- Up-to-date: /home/ros2/ws/install/unitree_api/include/unitree_api/unitree_api/msg/detail
[1.422s] -- Up-to-date: /home/ros2/ws/install/unitree_api/include/unitree_api/unitree_api/msg/detail/request_identity__rosidl_typesupport_introspection_cpp.hpp
[1.422s] -- Up-to-date: /home/ros2/ws/install/unitree_api/include/unitree_api/unitree_api/msg/detail/request_policy__rosidl_typesupport_introspection_cpp.hpp
[1.422s] -- Up-to-date: /home/ros2/ws/install/unitree_api/include/unitree_api/unitree_api/msg/detail/request__type_support.cpp
[1.422s] -- Up-to-date: /home/ros2/ws/install/unitree_api/include/unitree_api/unitree_api/msg/detail/request_header__type_support.cpp
[1.423s] -- Up-to-date: /home/ros2/ws/install/unitree_api/include/unitree_api/unitree_api/msg/detail/response_header__rosidl_typesupport_introspection_cpp.hpp
[1.423s] -- Up-to-date: /home/ros2/ws/install/unitree_api/include/unitree_api/unitree_api/msg/detail/request_policy__type_support.cpp
[1.423s] -- Up-to-date: /home/ros2/ws/install/unitree_api/include/unitree_api/unitree_api/msg/detail/request_lease__type_support.cpp
[1.423s] -- Up-to-date: /home/ros2/ws/install/unitree_api/include/unitree_api/unitree_api/msg/detail/response_header__type_support.cpp
[1.423s] -- Up-to-date: /home/ros2/ws/install/unitree_api/include/unitree_api/unitree_api/msg/detail/request_lease__rosidl_typesupport_introspection_cpp.hpp
[1.423s] -- Up-to-date: /home/ros2/ws/install/unitree_api/include/unitree_api/unitree_api/msg/detail/response_status__type_support.cpp
[1.423s] -- Up-to-date: /home/ros2/ws/install/unitree_api/include/unitree_api/unitree_api/msg/detail/response_status__rosidl_typesupport_introspection_cpp.hpp
[1.423s] -- Up-to-date: /home/ros2/ws/install/unitree_api/include/unitree_api/unitree_api/msg/detail/request__rosidl_typesupport_introspection_cpp.hpp
[1.423s] -- Up-to-date: /home/ros2/ws/install/unitree_api/include/unitree_api/unitree_api/msg/detail/request_header__rosidl_typesupport_introspection_cpp.hpp
[1.423s] -- Up-to-date: /home/ros2/ws/install/unitree_api/include/unitree_api/unitree_api/msg/detail/request_identity__type_support.cpp
[1.423s] -- Up-to-date: /home/ros2/ws/install/unitree_api/include/unitree_api/unitree_api/msg/detail/response__rosidl_typesupport_introspection_cpp.hpp
[1.424s] -- Up-to-date: /home/ros2/ws/install/unitree_api/include/unitree_api/unitree_api/msg/detail/response__type_support.cpp
[1.424s] -- Up-to-date: /home/ros2/ws/install/unitree_api/lib/libunitree_api__rosidl_typesupport_introspection_cpp.so
[1.424s] -- Up-to-date: /home/ros2/ws/install/unitree_api/lib/libunitree_api__rosidl_typesupport_cpp.so
[1.424s] -- Up-to-date: /home/ros2/ws/install/unitree_api/share/unitree_api/environment/pythonpath.sh
[1.424s] -- Up-to-date: /home/ros2/ws/install/unitree_api/share/unitree_api/environment/pythonpath.dsv
[1.424s] -- Up-to-date: /home/ros2/ws/install/unitree_api/local/lib/python3.10/dist-packages/unitree_api-0.0.0-py3.10.egg-info
[1.424s] -- Installing: /home/ros2/ws/install/unitree_api/local/lib/python3.10/dist-packages/unitree_api-0.0.0-py3.10.egg-info/top_level.txt
[1.424s] -- Installing: /home/ros2/ws/install/unitree_api/local/lib/python3.10/dist-packages/unitree_api-0.0.0-py3.10.egg-info/SOURCES.txt
[1.424s] -- Installing: /home/ros2/ws/install/unitree_api/local/lib/python3.10/dist-packages/unitree_api-0.0.0-py3.10.egg-info/PKG-INFO
[1.424s] -- Installing: /home/ros2/ws/install/unitree_api/local/lib/python3.10/dist-packages/unitree_api-0.0.0-py3.10.egg-info/dependency_links.txt
[1.424s] -- Up-to-date: /home/ros2/ws/install/unitree_api/local/lib/python3.10/dist-packages/unitree_api
[1.425s] -- Up-to-date: /home/ros2/ws/install/unitree_api/local/lib/python3.10/dist-packages/unitree_api/_unitree_api_s.ep.rosidl_typesupport_c.c
[1.425s] -- Up-to-date: /home/ros2/ws/install/unitree_api/local/lib/python3.10/dist-packages/unitree_api/unitree_api_s__rosidl_typesupport_fastrtps_c.cpython-310-x86_64-linux-gnu.so
[1.425s] -- Up-to-date: /home/ros2/ws/install/unitree_api/local/lib/python3.10/dist-packages/unitree_api/libunitree_api__rosidl_generator_py.so
[1.425s] -- Up-to-date: /home/ros2/ws/install/unitree_api/local/lib/python3.10/dist-packages/unitree_api/unitree_api_s__rosidl_typesupport_introspection_c.cpython-310-x86_64-linux-gnu.so
[1.425s] -- Up-to-date: /home/ros2/ws/install/unitree_api/local/lib/python3.10/dist-packages/unitree_api/msg
[1.425s] -- Up-to-date: /home/ros2/ws/install/unitree_api/local/lib/python3.10/dist-packages/unitree_api/msg/_response_status.py
[1.425s] -- Up-to-date: /home/ros2/ws/install/unitree_api/local/lib/python3.10/dist-packages/unitree_api/msg/_request.py
[1.425s] -- Up-to-date: /home/ros2/ws/install/unitree_api/local/lib/python3.10/dist-packages/unitree_api/msg/_request_policy.py
[1.425s] -- Up-to-date: /home/ros2/ws/install/unitree_api/local/lib/python3.10/dist-packages/unitree_api/msg/_request_policy_s.c
[1.425s] -- Up-to-date: /home/ros2/ws/install/unitree_api/local/lib/python3.10/dist-packages/unitree_api/msg/_response_s.c
[1.425s] -- Up-to-date: /home/ros2/ws/install/unitree_api/local/lib/python3.10/dist-packages/unitree_api/msg/_response.py
[1.426s] -- Up-to-date: /home/ros2/ws/install/unitree_api/local/lib/python3.10/dist-packages/unitree_api/msg/_response_header_s.c
[1.426s] -- Up-to-date: /home/ros2/ws/install/unitree_api/local/lib/python3.10/dist-packages/unitree_api/msg/_response_status_s.c
[1.426s] -- Up-to-date: /home/ros2/ws/install/unitree_api/local/lib/python3.10/dist-packages/unitree_api/msg/_request_identity_s.c
[1.426s] -- Up-to-date: /home/ros2/ws/install/unitree_api/local/lib/python3.10/dist-packages/unitree_api/msg/_request_s.c
[1.426s] -- Up-to-date: /home/ros2/ws/install/unitree_api/local/lib/python3.10/dist-packages/unitree_api/msg/_request_lease.py
[1.426s] -- Up-to-date: /home/ros2/ws/install/unitree_api/local/lib/python3.10/dist-packages/unitree_api/msg/_response_header.py
[1.429s] -- Up-to-date: /home/ros2/ws/install/unitree_api/local/lib/python3.10/dist-packages/unitree_api/msg/_request_identity.py
[1.429s] -- Up-to-date: /home/ros2/ws/install/unitree_api/local/lib/python3.10/dist-packages/unitree_api/msg/_request_header_s.c
[1.429s] -- Up-to-date: /home/ros2/ws/install/unitree_api/local/lib/python3.10/dist-packages/unitree_api/msg/_request_header.py
[1.430s] -- Up-to-date: /home/ros2/ws/install/unitree_api/local/lib/python3.10/dist-packages/unitree_api/msg/_request_lease_s.c
[1.430s] -- Up-to-date: /home/ros2/ws/install/unitree_api/local/lib/python3.10/dist-packages/unitree_api/msg/__init__.py
[1.430s] -- Up-to-date: /home/ros2/ws/install/unitree_api/local/lib/python3.10/dist-packages/unitree_api/_unitree_api_s.ep.rosidl_typesupport_introspection_c.c
[1.430s] -- Up-to-date: /home/ros2/ws/install/unitree_api/local/lib/python3.10/dist-packages/unitree_api/unitree_api_s__rosidl_typesupport_c.cpython-310-x86_64-linux-gnu.so
[1.430s] -- Up-to-date: /home/ros2/ws/install/unitree_api/local/lib/python3.10/dist-packages/unitree_api/_unitree_api_s.ep.rosidl_typesupport_fastrtps_c.c
[1.430s] -- Up-to-date: /home/ros2/ws/install/unitree_api/local/lib/python3.10/dist-packages/unitree_api/__init__.py
[1.531s] Listing '/home/ros2/ws/install/unitree_api/local/lib/python3.10/dist-packages/unitree_api'...
[1.531s] Listing '/home/ros2/ws/install/unitree_api/local/lib/python3.10/dist-packages/unitree_api/msg'...
[1.537s] -- Up-to-date: /home/ros2/ws/install/unitree_api/local/lib/python3.10/dist-packages/unitree_api/unitree_api_s__rosidl_typesupport_fastrtps_c.cpython-310-x86_64-linux-gnu.so
[1.537s] -- Up-to-date: /home/ros2/ws/install/unitree_api/local/lib/python3.10/dist-packages/unitree_api/unitree_api_s__rosidl_typesupport_introspection_c.cpython-310-x86_64-linux-gnu.so
[1.537s] -- Up-to-date: /home/ros2/ws/install/unitree_api/local/lib/python3.10/dist-packages/unitree_api/unitree_api_s__rosidl_typesupport_c.cpython-310-x86_64-linux-gnu.so
[1.540s] -- Up-to-date: /home/ros2/ws/install/unitree_api/lib/libunitree_api__rosidl_generator_py.so
[1.540s] -- Up-to-date: /home/ros2/ws/install/unitree_api/share/ament_index/resource_index/rust_packages/unitree_api
[1.540s] -- Up-to-date: /home/ros2/ws/install/unitree_api/share/unitree_api/rust
[1.540s] -- Up-to-date: /home/ros2/ws/install/unitree_api/share/unitree_api/rust/build.rs
[1.540s] -- Up-to-date: /home/ros2/ws/install/unitree_api/share/unitree_api/rust/src
[1.540s] -- Up-to-date: /home/ros2/ws/install/unitree_api/share/unitree_api/rust/src/lib.rs
[1.540s] -- Up-to-date: /home/ros2/ws/install/unitree_api/share/unitree_api/rust/src/msg.rs
[1.540s] -- Up-to-date: /home/ros2/ws/install/unitree_api/share/unitree_api/rust/src/msg
[1.540s] -- Up-to-date: /home/ros2/ws/install/unitree_api/share/unitree_api/rust/src/msg/rmw.rs
[1.540s] -- Up-to-date: /home/ros2/ws/install/unitree_api/share/unitree_api/rust/Cargo.toml
[1.541s] -- Up-to-date: /home/ros2/ws/install/unitree_api/share/unitree_api/msg/Request.idl
[1.541s] -- Up-to-date: /home/ros2/ws/install/unitree_api/share/unitree_api/msg/RequestHeader.idl
[1.541s] -- Up-to-date: /home/ros2/ws/install/unitree_api/share/unitree_api/msg/RequestIdentity.idl
[1.541s] -- Up-to-date: /home/ros2/ws/install/unitree_api/share/unitree_api/msg/RequestLease.idl
[1.541s] -- Up-to-date: /home/ros2/ws/install/unitree_api/share/unitree_api/msg/RequestPolicy.idl
[1.541s] -- Up-to-date: /home/ros2/ws/install/unitree_api/share/unitree_api/msg/Response.idl
[1.541s] -- Up-to-date: /home/ros2/ws/install/unitree_api/share/unitree_api/msg/ResponseHeader.idl
[1.541s] -- Up-to-date: /home/ros2/ws/install/unitree_api/share/unitree_api/msg/ResponseStatus.idl
[1.541s] -- Up-to-date: /home/ros2/ws/install/unitree_api/share/unitree_api/msg/Request.msg
[1.541s] -- Up-to-date: /home/ros2/ws/install/unitree_api/share/unitree_api/msg/RequestHeader.msg
[1.542s] -- Up-to-date: /home/ros2/ws/install/unitree_api/share/unitree_api/msg/RequestIdentity.msg
[1.542s] -- Up-to-date: /home/ros2/ws/install/unitree_api/share/unitree_api/msg/RequestLease.msg
[1.542s] -- Up-to-date: /home/ros2/ws/install/unitree_api/share/unitree_api/msg/RequestPolicy.msg
[1.542s] -- Up-to-date: /home/ros2/ws/install/unitree_api/share/unitree_api/msg/Response.msg
[1.542s] -- Up-to-date: /home/ros2/ws/install/unitree_api/share/unitree_api/msg/ResponseHeader.msg
[1.542s] -- Up-to-date: /home/ros2/ws/install/unitree_api/share/unitree_api/msg/ResponseStatus.msg
[1.542s] -- Up-to-date: /home/ros2/ws/install/unitree_api/share/unitree_api/msg/dds_connext
[1.542s] -- Up-to-date: /home/ros2/ws/install/unitree_api/share/unitree_api/msg/dds_connext/RequestLease_.idl
[1.542s] -- Up-to-date: /home/ros2/ws/install/unitree_api/share/unitree_api/msg/dds_connext/ResponseHeader_.idl
[1.542s] -- Up-to-date: /home/ros2/ws/install/unitree_api/share/unitree_api/msg/dds_connext/RequestHeader_.idl
[1.543s] -- Up-to-date: /home/ros2/ws/install/unitree_api/share/unitree_api/msg/dds_connext/RequestPolicy_.idl
[1.543s] -- Up-to-date: /home/ros2/ws/install/unitree_api/share/unitree_api/msg/dds_connext/RequestIdentity_.idl
[1.543s] -- Up-to-date: /home/ros2/ws/install/unitree_api/share/unitree_api/msg/dds_connext/ResponseStatus_.idl
[1.543s] -- Up-to-date: /home/ros2/ws/install/unitree_api/share/unitree_api/msg/dds_connext/Request_.idl
[1.543s] -- Up-to-date: /home/ros2/ws/install/unitree_api/share/unitree_api/msg/dds_connext/Response_.idl
[1.543s] -- Up-to-date: /home/ros2/ws/install/unitree_api/share/ament_index/resource_index/package_run_dependencies/unitree_api
[1.543s] -- Up-to-date: /home/ros2/ws/install/unitree_api/share/ament_index/resource_index/parent_prefix_path/unitree_api
[1.543s] -- Up-to-date: /home/ros2/ws/install/unitree_api/share/unitree_api/environment/ament_prefix_path.sh
[1.543s] -- Up-to-date: /home/ros2/ws/install/unitree_api/share/unitree_api/environment/ament_prefix_path.dsv
[1.543s] -- Up-to-date: /home/ros2/ws/install/unitree_api/share/unitree_api/environment/path.sh
[1.544s] -- Up-to-date: /home/ros2/ws/install/unitree_api/share/unitree_api/environment/path.dsv
[1.544s] -- Up-to-date: /home/ros2/ws/install/unitree_api/share/unitree_api/local_setup.bash
[1.544s] -- Up-to-date: /home/ros2/ws/install/unitree_api/share/unitree_api/local_setup.sh
[1.544s] -- Up-to-date: /home/ros2/ws/install/unitree_api/share/unitree_api/local_setup.zsh
[1.544s] -- Up-to-date: /home/ros2/ws/install/unitree_api/share/unitree_api/local_setup.dsv
[1.544s] -- Installing: /home/ros2/ws/install/unitree_api/share/unitree_api/package.dsv
[1.544s] -- Up-to-date: /home/ros2/ws/install/unitree_api/share/ament_index/resource_index/packages/unitree_api
[1.544s] -- Up-to-date: /home/ros2/ws/install/unitree_api/share/unitree_api/cmake/export_unitree_api__rosidl_generator_cExport.cmake
[1.544s] -- Up-to-date: /home/ros2/ws/install/unitree_api/share/unitree_api/cmake/export_unitree_api__rosidl_generator_cExport-noconfig.cmake
[1.544s] -- Up-to-date: /home/ros2/ws/install/unitree_api/share/unitree_api/cmake/export_unitree_api__rosidl_typesupport_fastrtps_cExport.cmake
[1.544s] -- Up-to-date: /home/ros2/ws/install/unitree_api/share/unitree_api/cmake/export_unitree_api__rosidl_typesupport_fastrtps_cExport-noconfig.cmake
[1.544s] -- Up-to-date: /home/ros2/ws/install/unitree_api/share/unitree_api/cmake/export_unitree_api__rosidl_generator_cppExport.cmake
[1.544s] -- Up-to-date: /home/ros2/ws/install/unitree_api/share/unitree_api/cmake/export_unitree_api__rosidl_typesupport_fastrtps_cppExport.cmake
[1.545s] -- Up-to-date: /home/ros2/ws/install/unitree_api/share/unitree_api/cmake/export_unitree_api__rosidl_typesupport_fastrtps_cppExport-noconfig.cmake
[1.545s] -- Up-to-date: /home/ros2/ws/install/unitree_api/share/unitree_api/cmake/unitree_api__rosidl_typesupport_introspection_cExport.cmake
[1.545s] -- Up-to-date: /home/ros2/ws/install/unitree_api/share/unitree_api/cmake/unitree_api__rosidl_typesupport_introspection_cExport-noconfig.cmake
[1.545s] -- Up-to-date: /home/ros2/ws/install/unitree_api/share/unitree_api/cmake/unitree_api__rosidl_typesupport_cExport.cmake
[1.545s] -- Up-to-date: /home/ros2/ws/install/unitree_api/share/unitree_api/cmake/unitree_api__rosidl_typesupport_cExport-noconfig.cmake
[1.545s] -- Up-to-date: /home/ros2/ws/install/unitree_api/share/unitree_api/cmake/unitree_api__rosidl_typesupport_introspection_cppExport.cmake
[1.545s] -- Up-to-date: /home/ros2/ws/install/unitree_api/share/unitree_api/cmake/unitree_api__rosidl_typesupport_introspection_cppExport-noconfig.cmake
[1.545s] -- Up-to-date: /home/ros2/ws/install/unitree_api/share/unitree_api/cmake/unitree_api__rosidl_typesupport_cppExport.cmake
[1.545s] -- Up-to-date: /home/ros2/ws/install/unitree_api/share/unitree_api/cmake/unitree_api__rosidl_typesupport_cppExport-noconfig.cmake
[1.545s] -- Up-to-date: /home/ros2/ws/install/unitree_api/share/unitree_api/cmake/export_unitree_api__rosidl_generator_pyExport.cmake
[1.545s] -- Up-to-date: /home/ros2/ws/install/unitree_api/share/unitree_api/cmake/export_unitree_api__rosidl_generator_pyExport-noconfig.cmake
[1.545s] -- Up-to-date: /home/ros2/ws/install/unitree_api/share/unitree_api/cmake/rosidl_cmake-extras.cmake
[1.546s] -- Up-to-date: /home/ros2/ws/install/unitree_api/share/unitree_api/cmake/ament_cmake_export_dependencies-extras.cmake
[1.546s] -- Up-to-date: /home/ros2/ws/install/unitree_api/share/unitree_api/cmake/ament_cmake_export_include_directories-extras.cmake
[1.546s] -- Up-to-date: /home/ros2/ws/install/unitree_api/share/unitree_api/cmake/ament_cmake_export_libraries-extras.cmake
[1.546s] -- Up-to-date: /home/ros2/ws/install/unitree_api/share/unitree_api/cmake/ament_cmake_export_targets-extras.cmake
[1.546s] -- Up-to-date: /home/ros2/ws/install/unitree_api/share/unitree_api/cmake/rosidl_cmake_export_typesupport_targets-extras.cmake
[1.546s] -- Up-to-date: /home/ros2/ws/install/unitree_api/share/unitree_api/cmake/rosidl_cmake_export_typesupport_libraries-extras.cmake
[1.546s] -- Up-to-date: /home/ros2/ws/install/unitree_api/share/unitree_api/cmake/unitree_apiConfig.cmake
[1.546s] -- Up-to-date: /home/ros2/ws/install/unitree_api/share/unitree_api/cmake/unitree_apiConfig-version.cmake
[1.546s] -- Up-to-date: /home/ros2/ws/install/unitree_api/share/unitree_api/package.xml
[1.566s] Invoked command in '/home/ros2/ws/build/unitree_api' returned '0': CMAKE_PREFIX_PATH=${CMAKE_PREFIX_PATH}:/home/ros2/ws/install/go2_cmd_processor:/home/ros2/ws/install/image_processing:/home/ros2/ws/install/go2_slam_nav:/home/ros2/ws/install/frontier:/opt/ros/humble /usr/bin/cmake --install /home/ros2/ws/build/unitree_api
