[1.171s] Invoking command in '/home/ros2/ws/src/frontier': PYTHONPATH=/home/ros2/ws/build/frontier/prefix_override:/usr/lib/python3/dist-packages/colcon_core/task/python/colcon_distutils_commands:/home/ros2/ws/install/frontier/lib/python3.10/site-packages:${PYTHONPATH} /usr/bin/python3 -W ignore:setup.py install is deprecated -W ignore:easy_install command is deprecated setup.py egg_info --egg-base ../../build/frontier build --build-base /home/ros2/ws/build/frontier/build install --record /home/ros2/ws/build/frontier/install.log --install-scripts $base/lib/frontier --single-version-externally-managed install_data
[1.589s] running egg_info
[1.589s] creating ../../build/frontier/frontier.egg-info
[1.589s] writing ../../build/frontier/frontier.egg-info/PKG-INFO
[1.589s] writing dependency_links to ../../build/frontier/frontier.egg-info/dependency_links.txt
[1.589s] writing entry points to ../../build/frontier/frontier.egg-info/entry_points.txt
[1.589s] writing requirements to ../../build/frontier/frontier.egg-info/requires.txt
[1.589s] writing top-level names to ../../build/frontier/frontier.egg-info/top_level.txt
[1.589s] writing manifest file '../../build/frontier/frontier.egg-info/SOURCES.txt'
[1.589s] reading manifest file '../../build/frontier/frontier.egg-info/SOURCES.txt'
[1.589s] writing manifest file '../../build/frontier/frontier.egg-info/SOURCES.txt'
[1.589s] running build
[1.589s] running build_py
[1.589s] creating /home/ros2/ws/build/frontier/build
[1.589s] creating /home/ros2/ws/build/frontier/build/lib
[1.590s] creating /home/ros2/ws/build/frontier/build/lib/frontier
[1.590s] copying frontier/frontier_update2.py -> /home/ros2/ws/build/frontier/build/lib/frontier
[1.590s] copying frontier/frontier.py -> /home/ros2/ws/build/frontier/build/lib/frontier
[1.590s] copying frontier/frontier_update1.py -> /home/ros2/ws/build/frontier/build/lib/frontier
[1.590s] copying frontier/__init__.py -> /home/ros2/ws/build/frontier/build/lib/frontier
[1.590s] running install
[1.590s] running install_lib
[1.590s] creating /home/ros2/ws/install/frontier/lib/python3.10/site-packages/frontier
[1.590s] copying /home/ros2/ws/build/frontier/build/lib/frontier/frontier_update2.py -> /home/ros2/ws/install/frontier/lib/python3.10/site-packages/frontier
[1.590s] copying /home/ros2/ws/build/frontier/build/lib/frontier/frontier.py -> /home/ros2/ws/install/frontier/lib/python3.10/site-packages/frontier
[1.590s] copying /home/ros2/ws/build/frontier/build/lib/frontier/frontier_update1.py -> /home/ros2/ws/install/frontier/lib/python3.10/site-packages/frontier
[1.593s] copying /home/ros2/ws/build/frontier/build/lib/frontier/__init__.py -> /home/ros2/ws/install/frontier/lib/python3.10/site-packages/frontier
[1.594s] byte-compiling /home/ros2/ws/install/frontier/lib/python3.10/site-packages/frontier/frontier_update2.py to frontier_update2.cpython-310.pyc
[1.594s] byte-compiling /home/ros2/ws/install/frontier/lib/python3.10/site-packages/frontier/frontier.py to frontier.cpython-310.pyc
[1.594s] byte-compiling /home/ros2/ws/install/frontier/lib/python3.10/site-packages/frontier/frontier_update1.py to frontier_update1.cpython-310.pyc
[1.594s] byte-compiling /home/ros2/ws/install/frontier/lib/python3.10/site-packages/frontier/__init__.py to __init__.cpython-310.pyc
[1.594s] running install_data
[1.594s] creating /home/ros2/ws/install/frontier/share/ament_index
[1.594s] creating /home/ros2/ws/install/frontier/share/ament_index/resource_index
[1.594s] creating /home/ros2/ws/install/frontier/share/ament_index/resource_index/packages
[1.594s] copying resource/frontier -> /home/ros2/ws/install/frontier/share/ament_index/resource_index/packages
[1.594s] copying package.xml -> /home/ros2/ws/install/frontier/share/frontier
[1.594s] creating /home/ros2/ws/install/frontier/share/frontier/launch
[1.595s] copying launch/frontier.launch.xml -> /home/ros2/ws/install/frontier/share/frontier/launch
[1.595s] copying launch/frontier_update.launch.xml -> /home/ros2/ws/install/frontier/share/frontier/launch
[1.595s] creating /home/ros2/ws/install/frontier/share/frontier/config
[1.597s] copying config/frontier_only.rviz -> /home/ros2/ws/install/frontier/share/frontier/config
[1.597s] running install_egg_info
[1.597s] Copying ../../build/frontier/frontier.egg-info to /home/ros2/ws/install/frontier/lib/python3.10/site-packages/frontier-0.0.0-py3.10.egg-info
[1.597s] running install_scripts
[1.597s] Installing explore script to /home/ros2/ws/install/frontier/lib/frontier
[1.598s] Installing explore_detect script to /home/ros2/ws/install/frontier/lib/frontier
[1.598s] Installing explore_update script to /home/ros2/ws/install/frontier/lib/frontier
[1.598s] Installing explore_update2 script to /home/ros2/ws/install/frontier/lib/frontier
[1.598s] writing list of installed files to '/home/ros2/ws/build/frontier/install.log'
[1.598s] /usr/lib/python3/dist-packages/setuptools/dist.py:723: UserWarning: Usage of dash-separated 'script-dir' will not be supported in future versions. Please use the underscore name 'script_dir' instead
[1.598s]   warnings.warn(
[1.601s] Invoked command in '/home/ros2/ws/src/frontier' returned '0': PYTHONPATH=/home/ros2/ws/build/frontier/prefix_override:/usr/lib/python3/dist-packages/colcon_core/task/python/colcon_distutils_commands:/home/ros2/ws/install/frontier/lib/python3.10/site-packages:${PYTHONPATH} /usr/bin/python3 -W ignore:setup.py install is deprecated -W ignore:easy_install command is deprecated setup.py egg_info --egg-base ../../build/frontier build --build-base /home/ros2/ws/build/frontier/build install --record /home/ros2/ws/build/frontier/install.log --install-scripts $base/lib/frontier --single-version-externally-managed install_data
