[1.485s] Invoking command in '/home/ros2/ws/src/frontier': PYTHONPATH=/home/ros2/ws/build/frontier/prefix_override:/usr/lib/python3/dist-packages/colcon_core/task/python/colcon_distutils_commands:/home/ros2/ws/install/frontier/lib/python3.10/site-packages:${PYTHONPATH} /usr/bin/python3 -W ignore:setup.py install is deprecated -W ignore:easy_install command is deprecated setup.py egg_info --egg-base ../../build/frontier build --build-base /home/ros2/ws/build/frontier/build install --record /home/ros2/ws/build/frontier/install.log --install-scripts $base/lib/frontier --single-version-externally-managed install_data
[1.815s] /usr/lib/python3/dist-packages/setuptools/dist.py:723: UserWarning: Usage of dash-separated 'script-dir' will not be supported in future versions. Please use the underscore name 'script_dir' instead
[1.815s]   warnings.warn(
[1.822s] running egg_info
[1.822s] writing ../../build/frontier/frontier.egg-info/PKG-INFO
[1.822s] writing dependency_links to ../../build/frontier/frontier.egg-info/dependency_links.txt
[1.823s] writing entry points to ../../build/frontier/frontier.egg-info/entry_points.txt
[1.823s] writing requirements to ../../build/frontier/frontier.egg-info/requires.txt
[1.823s] writing top-level names to ../../build/frontier/frontier.egg-info/top_level.txt
[1.824s] reading manifest file '../../build/frontier/frontier.egg-info/SOURCES.txt'
[1.825s] writing manifest file '../../build/frontier/frontier.egg-info/SOURCES.txt'
[1.825s] running build
[1.825s] running build_py
[1.825s] running install
[1.825s] running install_lib
[1.827s] running install_data
[1.827s] running install_egg_info
[1.830s] removing '/home/ros2/ws/install/frontier/lib/python3.10/site-packages/frontier-0.0.0-py3.10.egg-info' (and everything under it)
[1.830s] Copying ../../build/frontier/frontier.egg-info to /home/ros2/ws/install/frontier/lib/python3.10/site-packages/frontier-0.0.0-py3.10.egg-info
[1.830s] running install_scripts
[1.848s] Installing explore script to /home/ros2/ws/install/frontier/lib/frontier
[1.848s] Installing explore_detect script to /home/ros2/ws/install/frontier/lib/frontier
[1.848s] Installing explore_update script to /home/ros2/ws/install/frontier/lib/frontier
[1.848s] Installing explore_update2 script to /home/ros2/ws/install/frontier/lib/frontier
[1.848s] writing list of installed files to '/home/ros2/ws/build/frontier/install.log'
[1.867s] Invoked command in '/home/ros2/ws/src/frontier' returned '0': PYTHONPATH=/home/ros2/ws/build/frontier/prefix_override:/usr/lib/python3/dist-packages/colcon_core/task/python/colcon_distutils_commands:/home/ros2/ws/install/frontier/lib/python3.10/site-packages:${PYTHONPATH} /usr/bin/python3 -W ignore:setup.py install is deprecated -W ignore:easy_install command is deprecated setup.py egg_info --egg-base ../../build/frontier build --build-base /home/ros2/ws/build/frontier/build install --record /home/ros2/ws/build/frontier/install.log --install-scripts $base/lib/frontier --single-version-externally-managed install_data
