[1.154s] Invoking command in '/home/ros2/ws/src/image_processing': PYTHONPATH=/home/ros2/ws/build/image_processing/prefix_override:/usr/lib/python3/dist-packages/colcon_core/task/python/colcon_distutils_commands:/home/ros2/ws/install/image_processing/lib/python3.10/site-packages:${PYTHONPATH} /usr/bin/python3 -W ignore:setup.py install is deprecated -W ignore:easy_install command is deprecated setup.py egg_info --egg-base ../../build/image_processing build --build-base /home/ros2/ws/build/image_processing/build install --record /home/ros2/ws/build/image_processing/install.log --install-scripts $base/lib/image_processing --single-version-externally-managed install_data
[1.480s] /usr/lib/python3/dist-packages/setuptools/dist.py:723: UserWarning: Usage of dash-separated 'script-dir' will not be supported in future versions. Please use the underscore name 'script_dir' instead
[1.481s]   warnings.warn(
[1.489s] running egg_info
[1.490s] creating ../../build/image_processing/image_processing.egg-info
[1.490s] writing ../../build/image_processing/image_processing.egg-info/PKG-INFO
[1.491s] writing dependency_links to ../../build/image_processing/image_processing.egg-info/dependency_links.txt
[1.491s] writing entry points to ../../build/image_processing/image_processing.egg-info/entry_points.txt
[1.491s] writing requirements to ../../build/image_processing/image_processing.egg-info/requires.txt
[1.491s] writing top-level names to ../../build/image_processing/image_processing.egg-info/top_level.txt
[1.491s] writing manifest file '../../build/image_processing/image_processing.egg-info/SOURCES.txt'
[1.494s] reading manifest file '../../build/image_processing/image_processing.egg-info/SOURCES.txt'
[1.495s] writing manifest file '../../build/image_processing/image_processing.egg-info/SOURCES.txt'
[1.495s] running build
[1.495s] running build_py
[1.495s] creating /home/ros2/ws/build/image_processing/build
[1.495s] creating /home/ros2/ws/build/image_processing/build/lib
[1.495s] creating /home/ros2/ws/build/image_processing/build/lib/image_processing
[1.495s] copying image_processing/image_subscriber.py -> /home/ros2/ws/build/image_processing/build/lib/image_processing
[1.496s] copying image_processing/__init__.py -> /home/ros2/ws/build/image_processing/build/lib/image_processing
[1.496s] running install
[1.496s] running install_lib
[1.499s] creating /home/ros2/ws/install/image_processing/lib/python3.10/site-packages/image_processing
[1.499s] copying /home/ros2/ws/build/image_processing/build/lib/image_processing/image_subscriber.py -> /home/ros2/ws/install/image_processing/lib/python3.10/site-packages/image_processing
[1.500s] copying /home/ros2/ws/build/image_processing/build/lib/image_processing/__init__.py -> /home/ros2/ws/install/image_processing/lib/python3.10/site-packages/image_processing
[1.500s] byte-compiling /home/ros2/ws/install/image_processing/lib/python3.10/site-packages/image_processing/image_subscriber.py to image_subscriber.cpython-310.pyc
[1.500s] byte-compiling /home/ros2/ws/install/image_processing/lib/python3.10/site-packages/image_processing/__init__.py to __init__.cpython-310.pyc
[1.500s] running install_data
[1.500s] creating /home/ros2/ws/install/image_processing/share/ament_index
[1.500s] creating /home/ros2/ws/install/image_processing/share/ament_index/resource_index
[1.500s] creating /home/ros2/ws/install/image_processing/share/ament_index/resource_index/packages
[1.500s] copying resource/image_processing -> /home/ros2/ws/install/image_processing/share/ament_index/resource_index/packages
[1.500s] copying package.xml -> /home/ros2/ws/install/image_processing/share/image_processing
[1.500s] running install_egg_info
[1.501s] Copying ../../build/image_processing/image_processing.egg-info to /home/ros2/ws/install/image_processing/lib/python3.10/site-packages/image_processing-0.0.0-py3.10.egg-info
[1.502s] running install_scripts
[1.530s] Installing image_subscriber script to /home/ros2/ws/install/image_processing/lib/image_processing
[1.531s] writing list of installed files to '/home/ros2/ws/build/image_processing/install.log'
[1.566s] Invoked command in '/home/ros2/ws/src/image_processing' returned '0': PYTHONPATH=/home/ros2/ws/build/image_processing/prefix_override:/usr/lib/python3/dist-packages/colcon_core/task/python/colcon_distutils_commands:/home/ros2/ws/install/image_processing/lib/python3.10/site-packages:${PYTHONPATH} /usr/bin/python3 -W ignore:setup.py install is deprecated -W ignore:easy_install command is deprecated setup.py egg_info --egg-base ../../build/image_processing build --build-base /home/ros2/ws/build/image_processing/build install --record /home/ros2/ws/build/image_processing/install.log --install-scripts $base/lib/image_processing --single-version-externally-managed install_data
