[0.225s] Invoking command in '/home/ros2/ws/build/unitree_ros2_example': CMAKE_PREFIX_PATH=/home/ros2/ws/install/unitree_hg:/home/ros2/ws/install/unitree_go:/home/ros2/ws/install/unitree_api:/home/ros2/ws/install/unitree_ros2_example:/home/ros2/ws/install/rslidar_sdk:/home/ros2/ws/install/rslidar_msg:/home/ros2/ws/install/hesai_ros_driver:/home/ros2/ws/install/go2_cmd_processor:/home/ros2/ws/install/image_processing:/home/ros2/ws/install/go2_slam_nav:/home/ros2/ws/install/frontier:/opt/ros/humble /usr/bin/cmake --build /home/ros2/ws/build/unitree_ros2_example -- -j8 -l8
[0.311s] [  7%] Built target read_low_state
[0.311s] [  7%] Built target low_level_ctrl
[0.311s] [ 11%] Built target read_wireless_controller
[0.318s] [ 15%] Built target go2_sport_client
[0.318s] [ 20%] Built target low_level_ctrl_hg
[0.328s] [ 25%] Built target g1_low_level_example
[0.333s] [ 28%] Built target read_motion_state
[0.334s] [ 31%] Built target read_low_state_hg
[0.367s] [ 36%] Built target go2_robot_state_client
[0.376s] [ 41%] Built target g1_arm_action_example
[0.380s] [ 46%] Built target go2_stand_example
[0.385s] [ 50%] Built target g1_loco_client_example
[0.392s] [ 55%] Built target g1_dex3_example
[0.394s] [ 63%] Built target g1_audio_client_example
[0.399s] [ 60%] Built target g1_arm_sdk_dds_example
[0.403s] [ 68%] Built target g1_ankle_swing_example
[0.432s] [ 73%] Built target b2w_sport_client
[0.434s] [ 77%] Built target b2w_stand_example
[0.440s] [ 82%] Built target b2_sport_client
[0.441s] [ 87%] Built target b2_stand_example
[0.447s] [ 92%] Built target h2_ankle_swing_example
[0.451s] [ 95%] Built target h2_loco_client
[0.453s] [100%] Built target g1_dual_arm_example
[0.468s] Invoked command in '/home/ros2/ws/build/unitree_ros2_example' returned '0': CMAKE_PREFIX_PATH=/home/ros2/ws/install/unitree_hg:/home/ros2/ws/install/unitree_go:/home/ros2/ws/install/unitree_api:/home/ros2/ws/install/unitree_ros2_example:/home/ros2/ws/install/rslidar_sdk:/home/ros2/ws/install/rslidar_msg:/home/ros2/ws/install/hesai_ros_driver:/home/ros2/ws/install/go2_cmd_processor:/home/ros2/ws/install/image_processing:/home/ros2/ws/install/go2_slam_nav:/home/ros2/ws/install/frontier:/opt/ros/humble /usr/bin/cmake --build /home/ros2/ws/build/unitree_ros2_example -- -j8 -l8
[0.470s] Invoking command in '/home/ros2/ws/build/unitree_ros2_example': CMAKE_PREFIX_PATH=/home/ros2/ws/install/unitree_hg:/home/ros2/ws/install/unitree_go:/home/ros2/ws/install/unitree_api:/home/ros2/ws/install/unitree_ros2_example:/home/ros2/ws/install/rslidar_sdk:/home/ros2/ws/install/rslidar_msg:/home/ros2/ws/install/hesai_ros_driver:/home/ros2/ws/install/go2_cmd_processor:/home/ros2/ws/install/image_processing:/home/ros2/ws/install/go2_slam_nav:/home/ros2/ws/install/frontier:/opt/ros/humble /usr/bin/cmake --install /home/ros2/ws/build/unitree_ros2_example
[0.479s] -- Install configuration: ""
[0.480s] -- Up-to-date: /home/ros2/ws/install/unitree_ros2_example/bin/low_level_ctrl
[0.480s] -- Up-to-date: /home/ros2/ws/install/unitree_ros2_example/bin/low_level_ctrl_hg
[0.480s] -- Up-to-date: /home/ros2/ws/install/unitree_ros2_example/bin/g1_low_level_example
[0.480s] -- Up-to-date: /home/ros2/ws/install/unitree_ros2_example/bin/read_low_state
[0.481s] -- Up-to-date: /home/ros2/ws/install/unitree_ros2_example/bin/read_low_state_hg
[0.481s] -- Up-to-date: /home/ros2/ws/install/unitree_ros2_example/bin/read_motion_state
[0.481s] -- Up-to-date: /home/ros2/ws/install/unitree_ros2_example/bin/read_wireless_controller
[0.482s] -- Up-to-date: /home/ros2/ws/install/unitree_ros2_example/bin/go2_sport_client
[0.482s] -- Up-to-date: /home/ros2/ws/install/unitree_ros2_example/bin/go2_stand_example
[0.482s] -- Up-to-date: /home/ros2/ws/install/unitree_ros2_example/bin/go2_robot_state_client
[0.483s] -- Up-to-date: /home/ros2/ws/install/unitree_ros2_example/bin/g1_arm_sdk_dds_example
[0.483s] -- Up-to-date: /home/ros2/ws/install/unitree_ros2_example/bin/g1_arm_action_example
[0.483s] -- Up-to-date: /home/ros2/ws/install/unitree_ros2_example/bin/g1_dex3_example
[0.484s] -- Up-to-date: /home/ros2/ws/install/unitree_ros2_example/bin/g1_loco_client_example
[0.484s] -- Up-to-date: /home/ros2/ws/install/unitree_ros2_example/bin/g1_ankle_swing_example
[0.484s] -- Up-to-date: /home/ros2/ws/install/unitree_ros2_example/bin/g1_dual_arm_example
[0.485s] -- Up-to-date: /home/ros2/ws/install/unitree_ros2_example/bin/g1_audio_client_example
[0.485s] -- Up-to-date: /home/ros2/ws/install/unitree_ros2_example/bin/h2_loco_client
[0.485s] -- Up-to-date: /home/ros2/ws/install/unitree_ros2_example/bin/h2_ankle_swing_example
[0.485s] -- Up-to-date: /home/ros2/ws/install/unitree_ros2_example/share/ament_index/resource_index/package_run_dependencies/unitree_ros2_example
[0.486s] -- Up-to-date: /home/ros2/ws/install/unitree_ros2_example/share/ament_index/resource_index/parent_prefix_path/unitree_ros2_example
[0.486s] -- Up-to-date: /home/ros2/ws/install/unitree_ros2_example/share/unitree_ros2_example/environment/ament_prefix_path.sh
[0.486s] -- Up-to-date: /home/ros2/ws/install/unitree_ros2_example/share/unitree_ros2_example/environment/ament_prefix_path.dsv
[0.486s] -- Up-to-date: /home/ros2/ws/install/unitree_ros2_example/share/unitree_ros2_example/environment/path.sh
[0.486s] -- Up-to-date: /home/ros2/ws/install/unitree_ros2_example/share/unitree_ros2_example/environment/path.dsv
[0.486s] -- Up-to-date: /home/ros2/ws/install/unitree_ros2_example/share/unitree_ros2_example/local_setup.bash
[0.486s] -- Up-to-date: /home/ros2/ws/install/unitree_ros2_example/share/unitree_ros2_example/local_setup.sh
[0.486s] -- Up-to-date: /home/ros2/ws/install/unitree_ros2_example/share/unitree_ros2_example/local_setup.zsh
[0.486s] -- Up-to-date: /home/ros2/ws/install/unitree_ros2_example/share/unitree_ros2_example/local_setup.dsv
[0.486s] -- Installing: /home/ros2/ws/install/unitree_ros2_example/share/unitree_ros2_example/package.dsv
[0.487s] -- Up-to-date: /home/ros2/ws/install/unitree_ros2_example/share/ament_index/resource_index/packages/unitree_ros2_example
[0.487s] -- Up-to-date: /home/ros2/ws/install/unitree_ros2_example/share/unitree_ros2_example/cmake/unitree_ros2_exampleConfig.cmake
[0.487s] -- Up-to-date: /home/ros2/ws/install/unitree_ros2_example/share/unitree_ros2_example/cmake/unitree_ros2_exampleConfig-version.cmake
[0.487s] -- Up-to-date: /home/ros2/ws/install/unitree_ros2_example/share/unitree_ros2_example/package.xml
[0.489s] Invoked command in '/home/ros2/ws/build/unitree_ros2_example' returned '0': CMAKE_PREFIX_PATH=/home/ros2/ws/install/unitree_hg:/home/ros2/ws/install/unitree_go:/home/ros2/ws/install/unitree_api:/home/ros2/ws/install/unitree_ros2_example:/home/ros2/ws/install/rslidar_sdk:/home/ros2/ws/install/rslidar_msg:/home/ros2/ws/install/hesai_ros_driver:/home/ros2/ws/install/go2_cmd_processor:/home/ros2/ws/install/image_processing:/home/ros2/ws/install/go2_slam_nav:/home/ros2/ws/install/frontier:/opt/ros/humble /usr/bin/cmake --install /home/ros2/ws/build/unitree_ros2_example
