[1.594s] Invoking command in '/home/ros2/ws/src/go2_slam_nav': PYTHONPATH=/home/ros2/ws/build/go2_slam_nav/prefix_override:/usr/lib/python3/dist-packages/colcon_core/task/python/colcon_distutils_commands:/home/ros2/ws/install/go2_slam_nav/lib/python3.10/site-packages:${PYTHONPATH} /usr/bin/python3 -W ignore:setup.py install is deprecated -W ignore:easy_install command is deprecated setup.py egg_info --egg-base ../../build/go2_slam_nav build --build-base /home/ros2/ws/build/go2_slam_nav/build install --record /home/ros2/ws/build/go2_slam_nav/install.log --install-scripts $base/lib/go2_slam_nav --single-version-externally-managed install_data
[1.957s] /usr/lib/python3/dist-packages/setuptools/dist.py:723: UserWarning: Usage of dash-separated 'script-dir' will not be supported in future versions. Please use the underscore name 'script_dir' instead
[1.957s]   warnings.warn(
[1.965s] running egg_info
[1.965s] writing ../../build/go2_slam_nav/go2_slam_nav.egg-info/PKG-INFO
[1.966s] writing dependency_links to ../../build/go2_slam_nav/go2_slam_nav.egg-info/dependency_links.txt
[1.966s] writing entry points to ../../build/go2_slam_nav/go2_slam_nav.egg-info/entry_points.txt
[1.966s] writing requirements to ../../build/go2_slam_nav/go2_slam_nav.egg-info/requires.txt
[1.966s] writing top-level names to ../../build/go2_slam_nav/go2_slam_nav.egg-info/top_level.txt
[1.967s] reading manifest file '../../build/go2_slam_nav/go2_slam_nav.egg-info/SOURCES.txt'
[1.968s] writing manifest file '../../build/go2_slam_nav/go2_slam_nav.egg-info/SOURCES.txt'
[1.968s] running build
[1.969s] running build_py
[1.969s] running install
[1.969s] running install_lib
[1.970s] running install_data
[1.970s] copying launch/nav.launch.py -> /home/ros2/ws/install/go2_slam_nav/share/go2_slam_nav/launch
[1.970s] running install_egg_info
[1.972s] removing '/home/ros2/ws/install/go2_slam_nav/lib/python3.10/site-packages/go2_slam_nav-0.0.0-py3.10.egg-info' (and everything under it)
[1.972s] Copying ../../build/go2_slam_nav/go2_slam_nav.egg-info to /home/ros2/ws/install/go2_slam_nav/lib/python3.10/site-packages/go2_slam_nav-0.0.0-py3.10.egg-info
[1.972s] running install_scripts
[1.991s] writing list of installed files to '/home/ros2/ws/build/go2_slam_nav/install.log'
[2.020s] Invoked command in '/home/ros2/ws/src/go2_slam_nav' returned '0': PYTHONPATH=/home/ros2/ws/build/go2_slam_nav/prefix_override:/usr/lib/python3/dist-packages/colcon_core/task/python/colcon_distutils_commands:/home/ros2/ws/install/go2_slam_nav/lib/python3.10/site-packages:${PYTHONPATH} /usr/bin/python3 -W ignore:setup.py install is deprecated -W ignore:easy_install command is deprecated setup.py egg_info --egg-base ../../build/go2_slam_nav build --build-base /home/ros2/ws/build/go2_slam_nav/build install --record /home/ros2/ws/build/go2_slam_nav/install.log --install-scripts $base/lib/go2_slam_nav --single-version-externally-managed install_data
