-- The C compiler identification is GNU 11.4.0
-- The CXX compiler identification is GNU 11.4.0
-- Detecting C compiler ABI info
-- Detecting C compiler ABI info - done
-- Check for working C compiler: /usr/bin/cc - skipped
-- Detecting C compile features
-- Detecting C compile features - done
-- Detecting CXX compiler ABI info
-- Detecting CXX compiler ABI info - done
-- Check for working CXX compiler: /usr/bin/c++ - skipped
-- Detecting CXX compile features
-- Detecting CXX compile features - done
-- cuda not found!
-- Found Python3: /usr/bin/python3 (found version "3.10.12") found components: Interpreter 
-- Found rosidl_generator_c: 3.1.8 (/opt/ros/humble/share/rosidl_generator_c/cmake)
-- Found rosidl_adapter: 3.1.8 (/opt/ros/humble/share/rosidl_adapter/cmake)
-- Found rosidl_generator_cpp: 3.1.8 (/opt/ros/humble/share/rosidl_generator_cpp/cmake)
-- Using all available rosidl_typesupport_c: rosidl_typesupport_fastrtps_c;rosidl_typesupport_introspection_c
-- Using all available rosidl_typesupport_cpp: rosidl_typesupport_fastrtps_cpp;rosidl_typesupport_introspection_cpp
-- Found rmw_implementation_cmake: 6.1.2 (/opt/ros/humble/share/rmw_implementation_cmake/cmake)
-- Found rmw_fastrtps_cpp: 6.2.10 (/opt/ros/humble/share/rmw_fastrtps_cpp/cmake)
-- Found OpenSSL: /usr/lib/x86_64-linux-gnu/libcrypto.so (found version "3.0.2")  
-- Found FastRTPS: /opt/ros/humble/include  
-- Using RMW implementation 'rmw_fastrtps_cpp' as default
-- Looking for pthread.h
-- Looking for pthread.h - found
-- Performing Test CMAKE_HAVE_LIBC_PTHREAD
-- Performing Test CMAKE_HAVE_LIBC_PTHREAD - Success
-- Found Threads: TRUE  
-- Found sensor_msgs: 4.9.1 (/opt/ros/humble/share/sensor_msgs/cmake)
-- Found rclcpp_action: 16.0.19 (/opt/ros/humble/share/rclcpp_action/cmake)
-- Found rosidl_default_generators: 1.2.1 (/opt/ros/humble/share/rosidl_default_generators/cmake)
-- Found ament_cmake_ros: 0.10.0 (/opt/ros/humble/share/ament_cmake_ros/cmake)
-- Using all available rosidl_typesupport_c: rosidl_typesupport_fastrtps_c;rosidl_typesupport_introspection_c
-- Using all available rosidl_typesupport_cpp: rosidl_typesupport_fastrtps_cpp;rosidl_typesupport_introspection_cpp
-- Found PythonInterp: /usr/bin/python3 (found suitable version "3.10.12", minimum required is "3.6") 
-- Found python_cmake_module: 0.10.0 (/opt/ros/humble/share/python_cmake_module/cmake)
-- Found PythonLibs: /usr/lib/x86_64-linux-gnu/libpython3.10.so (found suitable version "3.10.12", minimum required is "3.5") 
-- Using PYTHON_EXECUTABLE: /usr/bin/python3
-- Using PYTHON_INCLUDE_DIRS: /usr/include/python3.10
-- Using PYTHON_LIBRARIES: /usr/lib/x86_64-linux-gnu/libpython3.10.so
-- Found PythonExtra: .so  
-- Adding Logger module...
-- Adding Common module...
-- Adding UdpParser module...
-- Adding PtcClient module...
-- Adding Source module...
-- Adding SerialClient module...
-- Adding Lidar module...
-- 
-- === Build Configuration ===
--   WITH_LIDARBOARD:    ON
--   WITH_UDPPARSER:     ON
--   WITH_UDPPARSERGPU:  OFF
--   WITH_PTCCLIENT:     ON
--   WITH_PTCS_USE:      ON
--   WITH_SERIALCLIENT:  ON
--   WITH_LIDARLIB:      ON
-- ===========================
-- 
-- 
-- === HesaiLidarSDK Build Configuration ===
--   CMAKE_BUILD_TYPE:       Release
--   WITH_PTCS_USE:          ON
--   FIND_CUDA:              
-- =========================================
-- 
-- Found Boost: /usr/lib/x86_64-linux-gnu/cmake/Boost-1.74.0/BoostConfig.cmake (found version "1.74.0") found components: thread 
-- Configuring done
-- Generating done
-- Build files have been written to: /home/ros2/ws/build/hesai_ros_driver
[  1%] [34m[1mGenerating C code for ROS interfaces[0m
[  2%] [34m[1mGenerating Rust code for ROS interfaces[0m
[  3%] [34m[1mGenerating C++ code for ROS interfaces[0m
[  4%] [32mBuilding CXX object src/driver/HesaiLidar_SDK_2.0/libhesai/Logger/CMakeFiles/log_lib.dir/src/logger.cc.o[0m
[  4%] Built target ament_cmake_python_copy_hesai_ros_driver
running egg_info
creating hesai_ros_driver.egg-info
writing hesai_ros_driver.egg-info/PKG-INFO
writing dependency_links to hesai_ros_driver.egg-info/dependency_links.txt
writing top-level names to hesai_ros_driver.egg-info/top_level.txt
writing manifest file 'hesai_ros_driver.egg-info/SOURCES.txt'
reading manifest file 'hesai_ros_driver.egg-info/SOURCES.txt'
writing manifest file 'hesai_ros_driver.egg-info/SOURCES.txt'
[  4%] Built target ament_cmake_python_build_hesai_ros_driver_egg
[  4%] Built target hesai_ros_driver__rs
[  6%] [32mBuilding C object CMakeFiles/hesai_ros_driver__rosidl_generator_c.dir/rosidl_generator_c/hesai_ros_driver/msg/detail/udp_packet__functions.c.o[0m
[  7%] [32mBuilding C object CMakeFiles/hesai_ros_driver__rosidl_generator_c.dir/rosidl_generator_c/hesai_ros_driver/msg/detail/udp_frame__functions.c.o[0m
[  8%] [32mBuilding C object CMakeFiles/hesai_ros_driver__rosidl_generator_c.dir/rosidl_generator_c/hesai_ros_driver/msg/detail/loss_packet__functions.c.o[0m
[  6%] [32mBuilding C object CMakeFiles/hesai_ros_driver__rosidl_generator_c.dir/rosidl_generator_c/hesai_ros_driver/msg/detail/firetime__functions.c.o[0m
[ 10%] [32mBuilding C object CMakeFiles/hesai_ros_driver__rosidl_generator_c.dir/rosidl_generator_c/hesai_ros_driver/msg/detail/ptp__functions.c.o[0m
[ 11%] [32m[1mLinking CXX static library liblog_lib.a[0m
[ 11%] Built target hesai_ros_driver__cpp
[ 12%] [32m[1mLinking C shared library libhesai_ros_driver__rosidl_generator_c.so[0m
[ 13%] [34m[1mGenerating C++ type support dispatch for ROS interfaces[0m
[ 14%] [34m[1mGenerating C++ introspection for ROS interfaces[0m
[ 15%] [34m[1mGenerating C++ type support for eProsima Fast-RTPS[0m
[ 15%] Built target hesai_ros_driver__rosidl_generator_c
[ 16%] [34m[1mGenerating C introspection for ROS interfaces[0m
[ 17%] [34m[1mGenerating C type support dispatch for ROS interfaces[0m
[ 19%] [34m[1mGenerating C type support for eProsima Fast-RTPS[0m
[ 19%] Built target log_lib
[ 20%] [32mBuilding CXX object src/driver/HesaiLidar_SDK_2.0/libhesai/Common/CMakeFiles/platutils_lib.dir/src/auto_tick_count.cc.o[0m
[ 21%] [32mBuilding CXX object src/driver/HesaiLidar_SDK_2.0/libhesai/Common/CMakeFiles/platutils_lib.dir/src/plat_utils.cc.o[0m
[ 22%] [32mBuilding C object CMakeFiles/hesai_ros_driver__rosidl_typesupport_introspection_c.dir/rosidl_typesupport_introspection_c/hesai_ros_driver/msg/detail/udp_packet__type_support.c.o[0m
[ 23%] [32mBuilding C object CMakeFiles/hesai_ros_driver__rosidl_typesupport_introspection_c.dir/rosidl_typesupport_introspection_c/hesai_ros_driver/msg/detail/udp_frame__type_support.c.o[0m
[ 24%] [32mBuilding C object CMakeFiles/hesai_ros_driver__rosidl_typesupport_introspection_c.dir/rosidl_typesupport_introspection_c/hesai_ros_driver/msg/detail/firetime__type_support.c.o[0m
[ 25%] [32mBuilding C object CMakeFiles/hesai_ros_driver__rosidl_typesupport_introspection_c.dir/rosidl_typesupport_introspection_c/hesai_ros_driver/msg/detail/ptp__type_support.c.o[0m
[ 26%] [32mBuilding CXX object CMakeFiles/hesai_ros_driver__rosidl_typesupport_cpp.dir/rosidl_typesupport_cpp/hesai_ros_driver/msg/udp_packet__type_support.cpp.o[0m
[ 28%] [32mBuilding C object CMakeFiles/hesai_ros_driver__rosidl_typesupport_introspection_c.dir/rosidl_typesupport_introspection_c/hesai_ros_driver/msg/detail/loss_packet__type_support.c.o[0m
[ 29%] [32mBuilding CXX object CMakeFiles/hesai_ros_driver__rosidl_typesupport_c.dir/rosidl_typesupport_c/hesai_ros_driver/msg/udp_packet__type_support.cpp.o[0m
[ 30%] [32mBuilding CXX object CMakeFiles/hesai_ros_driver__rosidl_typesupport_c.dir/rosidl_typesupport_c/hesai_ros_driver/msg/udp_frame__type_support.cpp.o[0m
[ 31%] [32m[1mLinking C shared library libhesai_ros_driver__rosidl_typesupport_introspection_c.so[0m
[ 32%] [32mBuilding CXX object CMakeFiles/hesai_ros_driver__rosidl_typesupport_c.dir/rosidl_typesupport_c/hesai_ros_driver/msg/firetime__type_support.cpp.o[0m
[ 32%] Built target hesai_ros_driver__rosidl_typesupport_introspection_c
[ 33%] [32mBuilding CXX object CMakeFiles/hesai_ros_driver__rosidl_typesupport_c.dir/rosidl_typesupport_c/hesai_ros_driver/msg/ptp__type_support.cpp.o[0m
[ 34%] [32mBuilding CXX object CMakeFiles/hesai_ros_driver__rosidl_typesupport_fastrtps_cpp.dir/rosidl_typesupport_fastrtps_cpp/hesai_ros_driver/msg/detail/dds_fastrtps/udp_packet__type_support.cpp.o[0m
[ 35%] [32mBuilding CXX object CMakeFiles/hesai_ros_driver__rosidl_typesupport_introspection_cpp.dir/rosidl_typesupport_introspection_cpp/hesai_ros_driver/msg/detail/udp_packet__type_support.cpp.o[0m
[ 37%] [32mBuilding CXX object CMakeFiles/hesai_ros_driver__rosidl_typesupport_cpp.dir/rosidl_typesupport_cpp/hesai_ros_driver/msg/udp_frame__type_support.cpp.o[0m
[ 38%] [32mBuilding CXX object CMakeFiles/hesai_ros_driver__rosidl_typesupport_c.dir/rosidl_typesupport_c/hesai_ros_driver/msg/loss_packet__type_support.cpp.o[0m
[ 39%] [32m[1mLinking CXX shared library libhesai_ros_driver__rosidl_typesupport_c.so[0m
[ 40%] [32mBuilding CXX object CMakeFiles/hesai_ros_driver__rosidl_typesupport_fastrtps_c.dir/rosidl_typesupport_fastrtps_c/hesai_ros_driver/msg/detail/udp_packet__type_support_c.cpp.o[0m
[ 40%] Built target hesai_ros_driver__rosidl_typesupport_c
[ 41%] [32mBuilding CXX object CMakeFiles/hesai_ros_driver__rosidl_typesupport_cpp.dir/rosidl_typesupport_cpp/hesai_ros_driver/msg/firetime__type_support.cpp.o[0m
[ 42%] [32mBuilding CXX object CMakeFiles/hesai_ros_driver__rosidl_typesupport_fastrtps_cpp.dir/rosidl_typesupport_fastrtps_cpp/hesai_ros_driver/msg/detail/dds_fastrtps/udp_frame__type_support.cpp.o[0m
[ 43%] [32mBuilding CXX object CMakeFiles/hesai_ros_driver__rosidl_typesupport_fastrtps_c.dir/rosidl_typesupport_fastrtps_c/hesai_ros_driver/msg/detail/udp_frame__type_support_c.cpp.o[0m
[ 44%] [32mBuilding CXX object CMakeFiles/hesai_ros_driver__rosidl_typesupport_cpp.dir/rosidl_typesupport_cpp/hesai_ros_driver/msg/ptp__type_support.cpp.o[0m
[ 46%] [32mBuilding CXX object CMakeFiles/hesai_ros_driver__rosidl_typesupport_fastrtps_c.dir/rosidl_typesupport_fastrtps_c/hesai_ros_driver/msg/detail/firetime__type_support_c.cpp.o[0m
[ 47%] [32mBuilding CXX object CMakeFiles/hesai_ros_driver__rosidl_typesupport_fastrtps_c.dir/rosidl_typesupport_fastrtps_c/hesai_ros_driver/msg/detail/ptp__type_support_c.cpp.o[0m
[ 48%] [32mBuilding CXX object CMakeFiles/hesai_ros_driver__rosidl_typesupport_introspection_cpp.dir/rosidl_typesupport_introspection_cpp/hesai_ros_driver/msg/detail/udp_frame__type_support.cpp.o[0m
[ 49%] [32mBuilding CXX object CMakeFiles/hesai_ros_driver__rosidl_typesupport_fastrtps_cpp.dir/rosidl_typesupport_fastrtps_cpp/hesai_ros_driver/msg/detail/dds_fastrtps/firetime__type_support.cpp.o[0m
[ 50%] [32mBuilding CXX object CMakeFiles/hesai_ros_driver__rosidl_typesupport_fastrtps_cpp.dir/rosidl_typesupport_fastrtps_cpp/hesai_ros_driver/msg/detail/dds_fastrtps/ptp__type_support.cpp.o[0m
[ 51%] [32m[1mLinking CXX static library libplatutils_lib.a[0m
[ 52%] [32mBuilding CXX object CMakeFiles/hesai_ros_driver__rosidl_typesupport_cpp.dir/rosidl_typesupport_cpp/hesai_ros_driver/msg/loss_packet__type_support.cpp.o[0m
[ 52%] Built target platutils_lib
[ 53%] [32mBuilding CXX object CMakeFiles/hesai_ros_driver__rosidl_typesupport_introspection_cpp.dir/rosidl_typesupport_introspection_cpp/hesai_ros_driver/msg/detail/firetime__type_support.cpp.o[0m
[ 55%] [32mBuilding CXX object CMakeFiles/hesai_ros_driver__rosidl_typesupport_fastrtps_cpp.dir/rosidl_typesupport_fastrtps_cpp/hesai_ros_driver/msg/detail/dds_fastrtps/loss_packet__type_support.cpp.o[0m
[ 56%] [32mBuilding CXX object CMakeFiles/hesai_ros_driver__rosidl_typesupport_introspection_cpp.dir/rosidl_typesupport_introspection_cpp/hesai_ros_driver/msg/detail/ptp__type_support.cpp.o[0m
[ 57%] [32mBuilding CXX object CMakeFiles/hesai_ros_driver__rosidl_typesupport_introspection_cpp.dir/rosidl_typesupport_introspection_cpp/hesai_ros_driver/msg/detail/loss_packet__type_support.cpp.o[0m
[ 58%] [32mBuilding CXX object CMakeFiles/hesai_ros_driver__rosidl_typesupport_fastrtps_c.dir/rosidl_typesupport_fastrtps_c/hesai_ros_driver/msg/detail/loss_packet__type_support_c.cpp.o[0m
[ 59%] [32m[1mLinking CXX shared library libhesai_ros_driver__rosidl_typesupport_cpp.so[0m
[ 59%] Built target hesai_ros_driver__rosidl_typesupport_cpp
[ 60%] [32mBuilding CXX object src/driver/HesaiLidar_SDK_2.0/libhesai/Source/CMakeFiles/source_lib.dir/src/source.cc.o[0m
[ 61%] [32mBuilding CXX object src/driver/HesaiLidar_SDK_2.0/libhesai/PtcClient/CMakeFiles/ptcClient_lib.dir/src/ptc_client.cc.o[0m
[ 62%] [32m[1mLinking CXX shared library libhesai_ros_driver__rosidl_typesupport_fastrtps_cpp.so[0m
[ 62%] Built target hesai_ros_driver__rosidl_typesupport_fastrtps_cpp
[ 64%] [32mBuilding CXX object src/driver/HesaiLidar_SDK_2.0/libhesai/Source/CMakeFiles/source_lib.dir/src/socket_source.cc.o[0m
[ 65%] [32mBuilding CXX object src/driver/HesaiLidar_SDK_2.0/libhesai/PtcClient/CMakeFiles/ptcClient_lib.dir/src/tcp_client.cc.o[0m
[ 66%] [32mBuilding CXX object src/driver/HesaiLidar_SDK_2.0/libhesai/Source/CMakeFiles/source_lib.dir/src/pcap_source.cc.o[0m
[ 67%] [32m[1mLinking CXX shared library libhesai_ros_driver__rosidl_typesupport_introspection_cpp.so[0m
[ 68%] [32m[1mLinking CXX shared library libhesai_ros_driver__rosidl_typesupport_fastrtps_c.so[0m
[ 68%] Built target hesai_ros_driver__rosidl_typesupport_introspection_cpp
[ 69%] [32mBuilding CXX object src/driver/HesaiLidar_SDK_2.0/libhesai/PtcClient/CMakeFiles/ptcClient_lib.dir/__/PtcParser/src/general_ptc_parser.cc.o[0m
[ 69%] Built target hesai_ros_driver__rosidl_typesupport_fastrtps_c
[ 70%] [32mBuilding CXX object src/driver/HesaiLidar_SDK_2.0/libhesai/Source/CMakeFiles/source_lib.dir/src/serial_source.cc.o[0m
[ 70%] Built target hesai_ros_driver
[ 71%] [32mBuilding CXX object src/driver/HesaiLidar_SDK_2.0/libhesai/PtcClient/CMakeFiles/ptcClient_lib.dir/__/PtcParser/src/ptc_1_0_parser.cc.o[0m
[ 73%] [32mBuilding CXX object src/driver/HesaiLidar_SDK_2.0/libhesai/Source/CMakeFiles/source_lib.dir/src/pcap_saver.cc.o[0m
[ 74%] [32mBuilding CXX object src/driver/HesaiLidar_SDK_2.0/libhesai/PtcClient/CMakeFiles/ptcClient_lib.dir/__/PtcParser/src/ptc_2_0_parser.cc.o[0m
[ 75%] [32mBuilding CXX object src/driver/HesaiLidar_SDK_2.0/libhesai/PtcClient/CMakeFiles/ptcClient_lib.dir/__/PtcParser/ptc_parser.cc.o[0m
[ 76%] [32mBuilding CXX object src/driver/HesaiLidar_SDK_2.0/libhesai/Source/CMakeFiles/source_lib.dir/src/tcp_source.cc.o[0m
[ 77%] [32mBuilding CXX object src/driver/HesaiLidar_SDK_2.0/libhesai/PtcClient/CMakeFiles/ptcClient_lib.dir/src/tcp_ssl_client.cc.o[0m
[ 78%] [32m[1mLinking CXX static library libsource_lib.a[0m
[ 78%] Built target source_lib
[ 79%] [32m[1mLinking CXX static library libptcClient_lib.a[0m
[ 79%] Built target ptcClient_lib
[ 80%] [32mBuilding CXX object src/driver/HesaiLidar_SDK_2.0/libhesai/SerialClient/CMakeFiles/serialClient_lib.dir/src/serial_client.cc.o[0m
[ 82%] [32m[1mLinking CXX static library libserialClient_lib.a[0m
[ 82%] Built target serialClient_lib
[ 83%] [34m[1mGenerating Python code for ROS interfaces[0m
[ 83%] Built target hesai_ros_driver__py
[ 84%] [32mBuilding CXX object CMakeFiles/hesai_ros_driver_node.dir/node/hesai_ros_driver_node.cc.o[0m
[ 85%] [32mBuilding CXX object CMakeFiles/hesai_ros_driver_node.dir/src/manager/node_manager.cc.o[0m
[ 86%] [32m[1mLinking CXX executable hesai_ros_driver_node[0m
[ 86%] Built target hesai_ros_driver_node
[ 89%] [32mBuilding C object CMakeFiles/hesai_ros_driver__rosidl_generator_py.dir/rosidl_generator_py/hesai_ros_driver/msg/_firetime_s.c.o[0m
[ 89%] [32mBuilding C object CMakeFiles/hesai_ros_driver__rosidl_generator_py.dir/rosidl_generator_py/hesai_ros_driver/msg/_udp_frame_s.c.o[0m
[ 89%] [32mBuilding C object CMakeFiles/hesai_ros_driver__rosidl_generator_py.dir/rosidl_generator_py/hesai_ros_driver/msg/_udp_packet_s.c.o[0m
[ 91%] [32mBuilding C object CMakeFiles/hesai_ros_driver__rosidl_generator_py.dir/rosidl_generator_py/hesai_ros_driver/msg/_loss_packet_s.c.o[0m
[ 92%] [32mBuilding C object CMakeFiles/hesai_ros_driver__rosidl_generator_py.dir/rosidl_generator_py/hesai_ros_driver/msg/_ptp_s.c.o[0m
[ 93%] [32m[1mLinking C shared library rosidl_generator_py/hesai_ros_driver/libhesai_ros_driver__rosidl_generator_py.so[0m
[ 93%] Built target hesai_ros_driver__rosidl_generator_py
[ 94%] [32mBuilding C object CMakeFiles/hesai_ros_driver__rosidl_typesupport_c__pyext.dir/rosidl_generator_py/hesai_ros_driver/_hesai_ros_driver_s.ep.rosidl_typesupport_c.c.o[0m
[ 95%] [32mBuilding C object CMakeFiles/hesai_ros_driver__rosidl_typesupport_fastrtps_c__pyext.dir/rosidl_generator_py/hesai_ros_driver/_hesai_ros_driver_s.ep.rosidl_typesupport_fastrtps_c.c.o[0m
[ 96%] [32mBuilding C object CMakeFiles/hesai_ros_driver__rosidl_typesupport_introspection_c__pyext.dir/rosidl_generator_py/hesai_ros_driver/_hesai_ros_driver_s.ep.rosidl_typesupport_introspection_c.c.o[0m
[ 97%] [32m[1mLinking C shared library rosidl_generator_py/hesai_ros_driver/hesai_ros_driver_s__rosidl_typesupport_c.cpython-310-x86_64-linux-gnu.so[0m
[ 98%] [32m[1mLinking C shared library rosidl_generator_py/hesai_ros_driver/hesai_ros_driver_s__rosidl_typesupport_introspection_c.cpython-310-x86_64-linux-gnu.so[0m
[100%] [32m[1mLinking C shared library rosidl_generator_py/hesai_ros_driver/hesai_ros_driver_s__rosidl_typesupport_fastrtps_c.cpython-310-x86_64-linux-gnu.so[0m
[100%] Built target hesai_ros_driver__rosidl_typesupport_c__pyext
[100%] Built target hesai_ros_driver__rosidl_typesupport_introspection_c__pyext
[100%] Built target hesai_ros_driver__rosidl_typesupport_fastrtps_c__pyext
-- Install configuration: "Release"
-- Installing: /home/ros2/ws/install/hesai_ros_driver/share/ament_index/resource_index/rosidl_interfaces/hesai_ros_driver
-- Installing: /home/ros2/ws/install/hesai_ros_driver/include/hesai_ros_driver/hesai_ros_driver
-- Installing: /home/ros2/ws/install/hesai_ros_driver/include/hesai_ros_driver/hesai_ros_driver/msg
-- Installing: /home/ros2/ws/install/hesai_ros_driver/include/hesai_ros_driver/hesai_ros_driver/msg/ptp.h
-- Installing: /home/ros2/ws/install/hesai_ros_driver/include/hesai_ros_driver/hesai_ros_driver/msg/detail
-- Installing: /home/ros2/ws/install/hesai_ros_driver/include/hesai_ros_driver/hesai_ros_driver/msg/detail/firetime__functions.h
-- Installing: /home/ros2/ws/install/hesai_ros_driver/include/hesai_ros_driver/hesai_ros_driver/msg/detail/loss_packet__functions.h
-- Installing: /home/ros2/ws/install/hesai_ros_driver/include/hesai_ros_driver/hesai_ros_driver/msg/detail/udp_packet__functions.c
-- Installing: /home/ros2/ws/install/hesai_ros_driver/include/hesai_ros_driver/hesai_ros_driver/msg/detail/firetime__struct.h
-- Installing: /home/ros2/ws/install/hesai_ros_driver/include/hesai_ros_driver/hesai_ros_driver/msg/detail/loss_packet__struct.h
-- Installing: /home/ros2/ws/install/hesai_ros_driver/include/hesai_ros_driver/hesai_ros_driver/msg/detail/ptp__type_support.h
-- Installing: /home/ros2/ws/install/hesai_ros_driver/include/hesai_ros_driver/hesai_ros_driver/msg/detail/ptp__functions.h
-- Installing: /home/ros2/ws/install/hesai_ros_driver/include/hesai_ros_driver/hesai_ros_driver/msg/detail/loss_packet__type_support.h
-- Installing: /home/ros2/ws/install/hesai_ros_driver/include/hesai_ros_driver/hesai_ros_driver/msg/detail/ptp__struct.h
-- Installing: /home/ros2/ws/install/hesai_ros_driver/include/hesai_ros_driver/hesai_ros_driver/msg/detail/loss_packet__functions.c
-- Installing: /home/ros2/ws/install/hesai_ros_driver/include/hesai_ros_driver/hesai_ros_driver/msg/detail/udp_frame__type_support.h
-- Installing: /home/ros2/ws/install/hesai_ros_driver/include/hesai_ros_driver/hesai_ros_driver/msg/detail/udp_packet__functions.h
-- Installing: /home/ros2/ws/install/hesai_ros_driver/include/hesai_ros_driver/hesai_ros_driver/msg/detail/firetime__type_support.h
-- Installing: /home/ros2/ws/install/hesai_ros_driver/include/hesai_ros_driver/hesai_ros_driver/msg/detail/udp_frame__struct.h
-- Installing: /home/ros2/ws/install/hesai_ros_driver/include/hesai_ros_driver/hesai_ros_driver/msg/detail/udp_packet__struct.h
-- Installing: /home/ros2/ws/install/hesai_ros_driver/include/hesai_ros_driver/hesai_ros_driver/msg/detail/udp_frame__functions.c
-- Installing: /home/ros2/ws/install/hesai_ros_driver/include/hesai_ros_driver/hesai_ros_driver/msg/detail/udp_frame__functions.h
-- Installing: /home/ros2/ws/install/hesai_ros_driver/include/hesai_ros_driver/hesai_ros_driver/msg/detail/ptp__functions.c
-- Installing: /home/ros2/ws/install/hesai_ros_driver/include/hesai_ros_driver/hesai_ros_driver/msg/detail/udp_packet__type_support.h
-- Installing: /home/ros2/ws/install/hesai_ros_driver/include/hesai_ros_driver/hesai_ros_driver/msg/detail/firetime__functions.c
-- Installing: /home/ros2/ws/install/hesai_ros_driver/include/hesai_ros_driver/hesai_ros_driver/msg/firetime.h
-- Installing: /home/ros2/ws/install/hesai_ros_driver/include/hesai_ros_driver/hesai_ros_driver/msg/udp_frame.h
-- Installing: /home/ros2/ws/install/hesai_ros_driver/include/hesai_ros_driver/hesai_ros_driver/msg/loss_packet.h
-- Installing: /home/ros2/ws/install/hesai_ros_driver/include/hesai_ros_driver/hesai_ros_driver/msg/rosidl_generator_c__visibility_control.h
-- Installing: /home/ros2/ws/install/hesai_ros_driver/include/hesai_ros_driver/hesai_ros_driver/msg/udp_packet.h
-- Installing: /home/ros2/ws/install/hesai_ros_driver/share/hesai_ros_driver/environment/library_path.sh
-- Installing: /home/ros2/ws/install/hesai_ros_driver/share/hesai_ros_driver/environment/library_path.dsv
-- Installing: /home/ros2/ws/install/hesai_ros_driver/lib/libhesai_ros_driver__rosidl_generator_c.so
-- Set runtime path of "/home/ros2/ws/install/hesai_ros_driver/lib/libhesai_ros_driver__rosidl_generator_c.so" to ""
-- Up-to-date: /home/ros2/ws/install/hesai_ros_driver/include/hesai_ros_driver/hesai_ros_driver
-- Up-to-date: /home/ros2/ws/install/hesai_ros_driver/include/hesai_ros_driver/hesai_ros_driver/msg
-- Up-to-date: /home/ros2/ws/install/hesai_ros_driver/include/hesai_ros_driver/hesai_ros_driver/msg/detail
-- Installing: /home/ros2/ws/install/hesai_ros_driver/include/hesai_ros_driver/hesai_ros_driver/msg/detail/udp_frame__rosidl_typesupport_fastrtps_c.h
-- Installing: /home/ros2/ws/install/hesai_ros_driver/include/hesai_ros_driver/hesai_ros_driver/msg/detail/firetime__rosidl_typesupport_fastrtps_c.h
-- Installing: /home/ros2/ws/install/hesai_ros_driver/include/hesai_ros_driver/hesai_ros_driver/msg/detail/loss_packet__rosidl_typesupport_fastrtps_c.h
-- Installing: /home/ros2/ws/install/hesai_ros_driver/include/hesai_ros_driver/hesai_ros_driver/msg/detail/udp_packet__rosidl_typesupport_fastrtps_c.h
-- Installing: /home/ros2/ws/install/hesai_ros_driver/include/hesai_ros_driver/hesai_ros_driver/msg/detail/ptp__rosidl_typesupport_fastrtps_c.h
-- Installing: /home/ros2/ws/install/hesai_ros_driver/include/hesai_ros_driver/hesai_ros_driver/msg/rosidl_typesupport_fastrtps_c__visibility_control.h
-- Installing: /home/ros2/ws/install/hesai_ros_driver/lib/libhesai_ros_driver__rosidl_typesupport_fastrtps_c.so
-- Set runtime path of "/home/ros2/ws/install/hesai_ros_driver/lib/libhesai_ros_driver__rosidl_typesupport_fastrtps_c.so" to ""
-- Up-to-date: /home/ros2/ws/install/hesai_ros_driver/include/hesai_ros_driver/hesai_ros_driver
-- Up-to-date: /home/ros2/ws/install/hesai_ros_driver/include/hesai_ros_driver/hesai_ros_driver/msg
-- Installing: /home/ros2/ws/install/hesai_ros_driver/include/hesai_ros_driver/hesai_ros_driver/msg/rosidl_generator_cpp__visibility_control.hpp
-- Up-to-date: /home/ros2/ws/install/hesai_ros_driver/include/hesai_ros_driver/hesai_ros_driver/msg/detail
-- Installing: /home/ros2/ws/install/hesai_ros_driver/include/hesai_ros_driver/hesai_ros_driver/msg/detail/ptp__struct.hpp
-- Installing: /home/ros2/ws/install/hesai_ros_driver/include/hesai_ros_driver/hesai_ros_driver/msg/detail/firetime__traits.hpp
-- Installing: /home/ros2/ws/install/hesai_ros_driver/include/hesai_ros_driver/hesai_ros_driver/msg/detail/loss_packet__struct.hpp
-- Installing: /home/ros2/ws/install/hesai_ros_driver/include/hesai_ros_driver/hesai_ros_driver/msg/detail/firetime__type_support.hpp
-- Installing: /home/ros2/ws/install/hesai_ros_driver/include/hesai_ros_driver/hesai_ros_driver/msg/detail/udp_packet__traits.hpp
-- Installing: /home/ros2/ws/install/hesai_ros_driver/include/hesai_ros_driver/hesai_ros_driver/msg/detail/loss_packet__type_support.hpp
-- Installing: /home/ros2/ws/install/hesai_ros_driver/include/hesai_ros_driver/hesai_ros_driver/msg/detail/udp_packet__struct.hpp
-- Installing: /home/ros2/ws/install/hesai_ros_driver/include/hesai_ros_driver/hesai_ros_driver/msg/detail/firetime__struct.hpp
-- Installing: /home/ros2/ws/install/hesai_ros_driver/include/hesai_ros_driver/hesai_ros_driver/msg/detail/udp_frame__struct.hpp
-- Installing: /home/ros2/ws/install/hesai_ros_driver/include/hesai_ros_driver/hesai_ros_driver/msg/detail/udp_frame__traits.hpp
-- Installing: /home/ros2/ws/install/hesai_ros_driver/include/hesai_ros_driver/hesai_ros_driver/msg/detail/udp_packet__type_support.hpp
-- Installing: /home/ros2/ws/install/hesai_ros_driver/include/hesai_ros_driver/hesai_ros_driver/msg/detail/loss_packet__traits.hpp
-- Installing: /home/ros2/ws/install/hesai_ros_driver/include/hesai_ros_driver/hesai_ros_driver/msg/detail/udp_frame__builder.hpp
-- Installing: /home/ros2/ws/install/hesai_ros_driver/include/hesai_ros_driver/hesai_ros_driver/msg/detail/ptp__traits.hpp
-- Installing: /home/ros2/ws/install/hesai_ros_driver/include/hesai_ros_driver/hesai_ros_driver/msg/detail/udp_frame__type_support.hpp
-- Installing: /home/ros2/ws/install/hesai_ros_driver/include/hesai_ros_driver/hesai_ros_driver/msg/detail/loss_packet__builder.hpp
-- Installing: /home/ros2/ws/install/hesai_ros_driver/include/hesai_ros_driver/hesai_ros_driver/msg/detail/firetime__builder.hpp
-- Installing: /home/ros2/ws/install/hesai_ros_driver/include/hesai_ros_driver/hesai_ros_driver/msg/detail/ptp__builder.hpp
-- Installing: /home/ros2/ws/install/hesai_ros_driver/include/hesai_ros_driver/hesai_ros_driver/msg/detail/ptp__type_support.hpp
-- Installing: /home/ros2/ws/install/hesai_ros_driver/include/hesai_ros_driver/hesai_ros_driver/msg/detail/udp_packet__builder.hpp
-- Installing: /home/ros2/ws/install/hesai_ros_driver/include/hesai_ros_driver/hesai_ros_driver/msg/udp_frame.hpp
-- Installing: /home/ros2/ws/install/hesai_ros_driver/include/hesai_ros_driver/hesai_ros_driver/msg/loss_packet.hpp
-- Installing: /home/ros2/ws/install/hesai_ros_driver/include/hesai_ros_driver/hesai_ros_driver/msg/udp_packet.hpp
-- Installing: /home/ros2/ws/install/hesai_ros_driver/include/hesai_ros_driver/hesai_ros_driver/msg/firetime.hpp
-- Installing: /home/ros2/ws/install/hesai_ros_driver/include/hesai_ros_driver/hesai_ros_driver/msg/ptp.hpp
-- Up-to-date: /home/ros2/ws/install/hesai_ros_driver/include/hesai_ros_driver/hesai_ros_driver
-- Up-to-date: /home/ros2/ws/install/hesai_ros_driver/include/hesai_ros_driver/hesai_ros_driver/msg
-- Installing: /home/ros2/ws/install/hesai_ros_driver/include/hesai_ros_driver/hesai_ros_driver/msg/rosidl_typesupport_fastrtps_cpp__visibility_control.h
-- Up-to-date: /home/ros2/ws/install/hesai_ros_driver/include/hesai_ros_driver/hesai_ros_driver/msg/detail
-- Installing: /home/ros2/ws/install/hesai_ros_driver/include/hesai_ros_driver/hesai_ros_driver/msg/detail/udp_frame__rosidl_typesupport_fastrtps_cpp.hpp
-- Installing: /home/ros2/ws/install/hesai_ros_driver/include/hesai_ros_driver/hesai_ros_driver/msg/detail/ptp__rosidl_typesupport_fastrtps_cpp.hpp
-- Installing: /home/ros2/ws/install/hesai_ros_driver/include/hesai_ros_driver/hesai_ros_driver/msg/detail/dds_fastrtps
-- Installing: /home/ros2/ws/install/hesai_ros_driver/include/hesai_ros_driver/hesai_ros_driver/msg/detail/firetime__rosidl_typesupport_fastrtps_cpp.hpp
-- Installing: /home/ros2/ws/install/hesai_ros_driver/include/hesai_ros_driver/hesai_ros_driver/msg/detail/loss_packet__rosidl_typesupport_fastrtps_cpp.hpp
-- Installing: /home/ros2/ws/install/hesai_ros_driver/include/hesai_ros_driver/hesai_ros_driver/msg/detail/udp_packet__rosidl_typesupport_fastrtps_cpp.hpp
-- Installing: /home/ros2/ws/install/hesai_ros_driver/lib/libhesai_ros_driver__rosidl_typesupport_fastrtps_cpp.so
-- Set runtime path of "/home/ros2/ws/install/hesai_ros_driver/lib/libhesai_ros_driver__rosidl_typesupport_fastrtps_cpp.so" to ""
-- Up-to-date: /home/ros2/ws/install/hesai_ros_driver/include/hesai_ros_driver/hesai_ros_driver
-- Up-to-date: /home/ros2/ws/install/hesai_ros_driver/include/hesai_ros_driver/hesai_ros_driver/msg
-- Up-to-date: /home/ros2/ws/install/hesai_ros_driver/include/hesai_ros_driver/hesai_ros_driver/msg/detail
-- Installing: /home/ros2/ws/install/hesai_ros_driver/include/hesai_ros_driver/hesai_ros_driver/msg/detail/ptp__rosidl_typesupport_introspection_c.h
-- Installing: /home/ros2/ws/install/hesai_ros_driver/include/hesai_ros_driver/hesai_ros_driver/msg/detail/loss_packet__rosidl_typesupport_introspection_c.h
-- Installing: /home/ros2/ws/install/hesai_ros_driver/include/hesai_ros_driver/hesai_ros_driver/msg/detail/udp_packet__rosidl_typesupport_introspection_c.h
-- Installing: /home/ros2/ws/install/hesai_ros_driver/include/hesai_ros_driver/hesai_ros_driver/msg/detail/firetime__type_support.c
-- Installing: /home/ros2/ws/install/hesai_ros_driver/include/hesai_ros_driver/hesai_ros_driver/msg/detail/ptp__type_support.c
-- Installing: /home/ros2/ws/install/hesai_ros_driver/include/hesai_ros_driver/hesai_ros_driver/msg/detail/firetime__rosidl_typesupport_introspection_c.h
-- Installing: /home/ros2/ws/install/hesai_ros_driver/include/hesai_ros_driver/hesai_ros_driver/msg/detail/udp_packet__type_support.c
-- Installing: /home/ros2/ws/install/hesai_ros_driver/include/hesai_ros_driver/hesai_ros_driver/msg/detail/loss_packet__type_support.c
-- Installing: /home/ros2/ws/install/hesai_ros_driver/include/hesai_ros_driver/hesai_ros_driver/msg/detail/udp_frame__type_support.c
-- Installing: /home/ros2/ws/install/hesai_ros_driver/include/hesai_ros_driver/hesai_ros_driver/msg/detail/udp_frame__rosidl_typesupport_introspection_c.h
-- Installing: /home/ros2/ws/install/hesai_ros_driver/include/hesai_ros_driver/hesai_ros_driver/msg/rosidl_typesupport_introspection_c__visibility_control.h
-- Installing: /home/ros2/ws/install/hesai_ros_driver/lib/libhesai_ros_driver__rosidl_typesupport_introspection_c.so
-- Set runtime path of "/home/ros2/ws/install/hesai_ros_driver/lib/libhesai_ros_driver__rosidl_typesupport_introspection_c.so" to ""
-- Installing: /home/ros2/ws/install/hesai_ros_driver/lib/libhesai_ros_driver__rosidl_typesupport_c.so
-- Set runtime path of "/home/ros2/ws/install/hesai_ros_driver/lib/libhesai_ros_driver__rosidl_typesupport_c.so" to ""
-- Up-to-date: /home/ros2/ws/install/hesai_ros_driver/include/hesai_ros_driver/hesai_ros_driver
-- Up-to-date: /home/ros2/ws/install/hesai_ros_driver/include/hesai_ros_driver/hesai_ros_driver/msg
-- Up-to-date: /home/ros2/ws/install/hesai_ros_driver/include/hesai_ros_driver/hesai_ros_driver/msg/detail
-- Installing: /home/ros2/ws/install/hesai_ros_driver/include/hesai_ros_driver/hesai_ros_driver/msg/detail/udp_frame__rosidl_typesupport_introspection_cpp.hpp
-- Installing: /home/ros2/ws/install/hesai_ros_driver/include/hesai_ros_driver/hesai_ros_driver/msg/detail/firetime__type_support.cpp
-- Installing: /home/ros2/ws/install/hesai_ros_driver/include/hesai_ros_driver/hesai_ros_driver/msg/detail/ptp__type_support.cpp
-- Installing: /home/ros2/ws/install/hesai_ros_driver/include/hesai_ros_driver/hesai_ros_driver/msg/detail/ptp__rosidl_typesupport_introspection_cpp.hpp
-- Installing: /home/ros2/ws/install/hesai_ros_driver/include/hesai_ros_driver/hesai_ros_driver/msg/detail/udp_frame__type_support.cpp
-- Installing: /home/ros2/ws/install/hesai_ros_driver/include/hesai_ros_driver/hesai_ros_driver/msg/detail/udp_packet__type_support.cpp
-- Installing: /home/ros2/ws/install/hesai_ros_driver/include/hesai_ros_driver/hesai_ros_driver/msg/detail/loss_packet__type_support.cpp
-- Installing: /home/ros2/ws/install/hesai_ros_driver/include/hesai_ros_driver/hesai_ros_driver/msg/detail/udp_packet__rosidl_typesupport_introspection_cpp.hpp
-- Installing: /home/ros2/ws/install/hesai_ros_driver/include/hesai_ros_driver/hesai_ros_driver/msg/detail/loss_packet__rosidl_typesupport_introspection_cpp.hpp
-- Installing: /home/ros2/ws/install/hesai_ros_driver/include/hesai_ros_driver/hesai_ros_driver/msg/detail/firetime__rosidl_typesupport_introspection_cpp.hpp
-- Installing: /home/ros2/ws/install/hesai_ros_driver/lib/libhesai_ros_driver__rosidl_typesupport_introspection_cpp.so
-- Set runtime path of "/home/ros2/ws/install/hesai_ros_driver/lib/libhesai_ros_driver__rosidl_typesupport_introspection_cpp.so" to ""
-- Installing: /home/ros2/ws/install/hesai_ros_driver/lib/libhesai_ros_driver__rosidl_typesupport_cpp.so
-- Set runtime path of "/home/ros2/ws/install/hesai_ros_driver/lib/libhesai_ros_driver__rosidl_typesupport_cpp.so" to ""
-- Installing: /home/ros2/ws/install/hesai_ros_driver/share/hesai_ros_driver/environment/pythonpath.sh
-- Installing: /home/ros2/ws/install/hesai_ros_driver/share/hesai_ros_driver/environment/pythonpath.dsv
-- Installing: /home/ros2/ws/install/hesai_ros_driver/local/lib/python3.10/dist-packages/hesai_ros_driver-1.5.0-py3.10.egg-info
-- Installing: /home/ros2/ws/install/hesai_ros_driver/local/lib/python3.10/dist-packages/hesai_ros_driver-1.5.0-py3.10.egg-info/top_level.txt
-- Installing: /home/ros2/ws/install/hesai_ros_driver/local/lib/python3.10/dist-packages/hesai_ros_driver-1.5.0-py3.10.egg-info/SOURCES.txt
-- Installing: /home/ros2/ws/install/hesai_ros_driver/local/lib/python3.10/dist-packages/hesai_ros_driver-1.5.0-py3.10.egg-info/PKG-INFO
-- Installing: /home/ros2/ws/install/hesai_ros_driver/local/lib/python3.10/dist-packages/hesai_ros_driver-1.5.0-py3.10.egg-info/dependency_links.txt
-- Installing: /home/ros2/ws/install/hesai_ros_driver/local/lib/python3.10/dist-packages/hesai_ros_driver
-- Installing: /home/ros2/ws/install/hesai_ros_driver/local/lib/python3.10/dist-packages/hesai_ros_driver/_hesai_ros_driver_s.ep.rosidl_typesupport_fastrtps_c.c
-- Installing: /home/ros2/ws/install/hesai_ros_driver/local/lib/python3.10/dist-packages/hesai_ros_driver/hesai_ros_driver_s__rosidl_typesupport_introspection_c.cpython-310-x86_64-linux-gnu.so
-- Installing: /home/ros2/ws/install/hesai_ros_driver/local/lib/python3.10/dist-packages/hesai_ros_driver/hesai_ros_driver_s__rosidl_typesupport_fastrtps_c.cpython-310-x86_64-linux-gnu.so
-- Installing: /home/ros2/ws/install/hesai_ros_driver/local/lib/python3.10/dist-packages/hesai_ros_driver/msg
-- Installing: /home/ros2/ws/install/hesai_ros_driver/local/lib/python3.10/dist-packages/hesai_ros_driver/msg/_firetime_s.c
-- Installing: /home/ros2/ws/install/hesai_ros_driver/local/lib/python3.10/dist-packages/hesai_ros_driver/msg/_ptp_s.c
-- Installing: /home/ros2/ws/install/hesai_ros_driver/local/lib/python3.10/dist-packages/hesai_ros_driver/msg/_ptp.py
-- Installing: /home/ros2/ws/install/hesai_ros_driver/local/lib/python3.10/dist-packages/hesai_ros_driver/msg/_udp_frame.py
-- Installing: /home/ros2/ws/install/hesai_ros_driver/local/lib/python3.10/dist-packages/hesai_ros_driver/msg/_udp_packet.py
-- Installing: /home/ros2/ws/install/hesai_ros_driver/local/lib/python3.10/dist-packages/hesai_ros_driver/msg/_loss_packet_s.c
-- Installing: /home/ros2/ws/install/hesai_ros_driver/local/lib/python3.10/dist-packages/hesai_ros_driver/msg/_loss_packet.py
-- Installing: /home/ros2/ws/install/hesai_ros_driver/local/lib/python3.10/dist-packages/hesai_ros_driver/msg/_firetime.py
-- Installing: /home/ros2/ws/install/hesai_ros_driver/local/lib/python3.10/dist-packages/hesai_ros_driver/msg/_udp_packet_s.c
-- Installing: /home/ros2/ws/install/hesai_ros_driver/local/lib/python3.10/dist-packages/hesai_ros_driver/msg/_udp_frame_s.c
-- Installing: /home/ros2/ws/install/hesai_ros_driver/local/lib/python3.10/dist-packages/hesai_ros_driver/msg/__init__.py
-- Installing: /home/ros2/ws/install/hesai_ros_driver/local/lib/python3.10/dist-packages/hesai_ros_driver/_hesai_ros_driver_s.ep.rosidl_typesupport_introspection_c.c
-- Installing: /home/ros2/ws/install/hesai_ros_driver/local/lib/python3.10/dist-packages/hesai_ros_driver/hesai_ros_driver_s__rosidl_typesupport_c.cpython-310-x86_64-linux-gnu.so
-- Installing: /home/ros2/ws/install/hesai_ros_driver/local/lib/python3.10/dist-packages/hesai_ros_driver/libhesai_ros_driver__rosidl_generator_py.so
-- Installing: /home/ros2/ws/install/hesai_ros_driver/local/lib/python3.10/dist-packages/hesai_ros_driver/_hesai_ros_driver_s.ep.rosidl_typesupport_c.c
-- Installing: /home/ros2/ws/install/hesai_ros_driver/local/lib/python3.10/dist-packages/hesai_ros_driver/__init__.py
Listing '/home/ros2/ws/install/hesai_ros_driver/local/lib/python3.10/dist-packages/hesai_ros_driver'...
Compiling '/home/ros2/ws/install/hesai_ros_driver/local/lib/python3.10/dist-packages/hesai_ros_driver/__init__.py'...
Listing '/home/ros2/ws/install/hesai_ros_driver/local/lib/python3.10/dist-packages/hesai_ros_driver/msg'...
Compiling '/home/ros2/ws/install/hesai_ros_driver/local/lib/python3.10/dist-packages/hesai_ros_driver/msg/__init__.py'...
Compiling '/home/ros2/ws/install/hesai_ros_driver/local/lib/python3.10/dist-packages/hesai_ros_driver/msg/_firetime.py'...
Compiling '/home/ros2/ws/install/hesai_ros_driver/local/lib/python3.10/dist-packages/hesai_ros_driver/msg/_loss_packet.py'...
Compiling '/home/ros2/ws/install/hesai_ros_driver/local/lib/python3.10/dist-packages/hesai_ros_driver/msg/_ptp.py'...
Compiling '/home/ros2/ws/install/hesai_ros_driver/local/lib/python3.10/dist-packages/hesai_ros_driver/msg/_udp_frame.py'...
Compiling '/home/ros2/ws/install/hesai_ros_driver/local/lib/python3.10/dist-packages/hesai_ros_driver/msg/_udp_packet.py'...
-- Installing: /home/ros2/ws/install/hesai_ros_driver/local/lib/python3.10/dist-packages/hesai_ros_driver/hesai_ros_driver_s__rosidl_typesupport_fastrtps_c.cpython-310-x86_64-linux-gnu.so
-- Set runtime path of "/home/ros2/ws/install/hesai_ros_driver/local/lib/python3.10/dist-packages/hesai_ros_driver/hesai_ros_driver_s__rosidl_typesupport_fastrtps_c.cpython-310-x86_64-linux-gnu.so" to ""
-- Installing: /home/ros2/ws/install/hesai_ros_driver/local/lib/python3.10/dist-packages/hesai_ros_driver/hesai_ros_driver_s__rosidl_typesupport_introspection_c.cpython-310-x86_64-linux-gnu.so
-- Set runtime path of "/home/ros2/ws/install/hesai_ros_driver/local/lib/python3.10/dist-packages/hesai_ros_driver/hesai_ros_driver_s__rosidl_typesupport_introspection_c.cpython-310-x86_64-linux-gnu.so" to ""
-- Installing: /home/ros2/ws/install/hesai_ros_driver/local/lib/python3.10/dist-packages/hesai_ros_driver/hesai_ros_driver_s__rosidl_typesupport_c.cpython-310-x86_64-linux-gnu.so
-- Set runtime path of "/home/ros2/ws/install/hesai_ros_driver/local/lib/python3.10/dist-packages/hesai_ros_driver/hesai_ros_driver_s__rosidl_typesupport_c.cpython-310-x86_64-linux-gnu.so" to ""
-- Installing: /home/ros2/ws/install/hesai_ros_driver/lib/libhesai_ros_driver__rosidl_generator_py.so
-- Set runtime path of "/home/ros2/ws/install/hesai_ros_driver/lib/libhesai_ros_driver__rosidl_generator_py.so" to ""
-- Installing: /home/ros2/ws/install/hesai_ros_driver/share/ament_index/resource_index/rust_packages/hesai_ros_driver
-- Installing: /home/ros2/ws/install/hesai_ros_driver/share/hesai_ros_driver/rust
-- Installing: /home/ros2/ws/install/hesai_ros_driver/share/hesai_ros_driver/rust/build.rs
-- Installing: /home/ros2/ws/install/hesai_ros_driver/share/hesai_ros_driver/rust/src
-- Installing: /home/ros2/ws/install/hesai_ros_driver/share/hesai_ros_driver/rust/src/lib.rs
-- Installing: /home/ros2/ws/install/hesai_ros_driver/share/hesai_ros_driver/rust/src/msg.rs
-- Installing: /home/ros2/ws/install/hesai_ros_driver/share/hesai_ros_driver/rust/src/msg
-- Installing: /home/ros2/ws/install/hesai_ros_driver/share/hesai_ros_driver/rust/src/msg/rmw.rs
-- Installing: /home/ros2/ws/install/hesai_ros_driver/share/hesai_ros_driver/rust/Cargo.toml
-- Installing: /home/ros2/ws/install/hesai_ros_driver/share/hesai_ros_driver/msg/UdpPacket.idl
-- Installing: /home/ros2/ws/install/hesai_ros_driver/share/hesai_ros_driver/msg/UdpFrame.idl
-- Installing: /home/ros2/ws/install/hesai_ros_driver/share/hesai_ros_driver/msg/Firetime.idl
-- Installing: /home/ros2/ws/install/hesai_ros_driver/share/hesai_ros_driver/msg/Ptp.idl
-- Installing: /home/ros2/ws/install/hesai_ros_driver/share/hesai_ros_driver/msg/LossPacket.idl
-- Installing: /home/ros2/ws/install/hesai_ros_driver/share/hesai_ros_driver/msg_ros2/UdpPacket.msg
-- Installing: /home/ros2/ws/install/hesai_ros_driver/share/hesai_ros_driver/msg_ros2/UdpFrame.msg
-- Installing: /home/ros2/ws/install/hesai_ros_driver/share/hesai_ros_driver/msg_ros2/Firetime.msg
-- Installing: /home/ros2/ws/install/hesai_ros_driver/share/hesai_ros_driver/msg_ros2/Ptp.msg
-- Installing: /home/ros2/ws/install/hesai_ros_driver/share/hesai_ros_driver/msg_ros2/LossPacket.msg
-- Installing: /home/ros2/ws/install/hesai_ros_driver/lib/hesai_ros_driver/hesai_ros_driver_node
-- Set runtime path of "/home/ros2/ws/install/hesai_ros_driver/lib/hesai_ros_driver/hesai_ros_driver_node" to ""
-- Installing: /home/ros2/ws/install/hesai_ros_driver/lib/liblog_lib.a
-- Installing: /home/ros2/ws/install/hesai_ros_driver/lib/libptcClient_lib.a
-- Installing: /home/ros2/ws/install/hesai_ros_driver/lib/libsource_lib.a
-- Installing: /home/ros2/ws/install/hesai_ros_driver/lib/libplatutils_lib.a
-- Installing: /home/ros2/ws/install/hesai_ros_driver/lib/libserialClient_lib.a
-- Installing: /home/ros2/ws/install/hesai_ros_driver/share/hesai_ros_driver/launch
-- Installing: /home/ros2/ws/install/hesai_ros_driver/share/hesai_ros_driver/launch/dashing_start.py
-- Installing: /home/ros2/ws/install/hesai_ros_driver/share/hesai_ros_driver/launch/start.py
-- Installing: /home/ros2/ws/install/hesai_ros_driver/share/hesai_ros_driver/launch/start.launch
-- Installing: /home/ros2/ws/install/hesai_ros_driver/share/hesai_ros_driver/rviz
-- Installing: /home/ros2/ws/install/hesai_ros_driver/share/hesai_ros_driver/rviz/rviz.rviz
-- Installing: /home/ros2/ws/install/hesai_ros_driver/share/hesai_ros_driver/rviz/rviz2.rviz
-- Installing: /home/ros2/ws/install/hesai_ros_driver/share/hesai_ros_driver/config
-- Installing: /home/ros2/ws/install/hesai_ros_driver/share/hesai_ros_driver/config/config.yaml
-- Installing: /home/ros2/ws/install/hesai_ros_driver/share/ament_index/resource_index/package_run_dependencies/hesai_ros_driver
-- Installing: /home/ros2/ws/install/hesai_ros_driver/share/ament_index/resource_index/parent_prefix_path/hesai_ros_driver
-- Installing: /home/ros2/ws/install/hesai_ros_driver/share/hesai_ros_driver/environment/ament_prefix_path.sh
-- Installing: /home/ros2/ws/install/hesai_ros_driver/share/hesai_ros_driver/environment/ament_prefix_path.dsv
-- Installing: /home/ros2/ws/install/hesai_ros_driver/share/hesai_ros_driver/environment/path.sh
-- Installing: /home/ros2/ws/install/hesai_ros_driver/share/hesai_ros_driver/environment/path.dsv
-- Installing: /home/ros2/ws/install/hesai_ros_driver/share/hesai_ros_driver/local_setup.bash
-- Installing: /home/ros2/ws/install/hesai_ros_driver/share/hesai_ros_driver/local_setup.sh
-- Installing: /home/ros2/ws/install/hesai_ros_driver/share/hesai_ros_driver/local_setup.zsh
-- Installing: /home/ros2/ws/install/hesai_ros_driver/share/hesai_ros_driver/local_setup.dsv
-- Installing: /home/ros2/ws/install/hesai_ros_driver/share/hesai_ros_driver/package.dsv
-- Installing: /home/ros2/ws/install/hesai_ros_driver/share/ament_index/resource_index/packages/hesai_ros_driver
-- Installing: /home/ros2/ws/install/hesai_ros_driver/share/hesai_ros_driver/cmake/export_hesai_ros_driver__rosidl_generator_cExport.cmake
-- Installing: /home/ros2/ws/install/hesai_ros_driver/share/hesai_ros_driver/cmake/export_hesai_ros_driver__rosidl_generator_cExport-release.cmake
-- Installing: /home/ros2/ws/install/hesai_ros_driver/share/hesai_ros_driver/cmake/export_hesai_ros_driver__rosidl_typesupport_fastrtps_cExport.cmake
-- Installing: /home/ros2/ws/install/hesai_ros_driver/share/hesai_ros_driver/cmake/export_hesai_ros_driver__rosidl_typesupport_fastrtps_cExport-release.cmake
-- Installing: /home/ros2/ws/install/hesai_ros_driver/share/hesai_ros_driver/cmake/export_hesai_ros_driver__rosidl_generator_cppExport.cmake
-- Installing: /home/ros2/ws/install/hesai_ros_driver/share/hesai_ros_driver/cmake/export_hesai_ros_driver__rosidl_typesupport_fastrtps_cppExport.cmake
-- Installing: /home/ros2/ws/install/hesai_ros_driver/share/hesai_ros_driver/cmake/export_hesai_ros_driver__rosidl_typesupport_fastrtps_cppExport-release.cmake
-- Installing: /home/ros2/ws/install/hesai_ros_driver/share/hesai_ros_driver/cmake/hesai_ros_driver__rosidl_typesupport_introspection_cExport.cmake
-- Installing: /home/ros2/ws/install/hesai_ros_driver/share/hesai_ros_driver/cmake/hesai_ros_driver__rosidl_typesupport_introspection_cExport-release.cmake
-- Installing: /home/ros2/ws/install/hesai_ros_driver/share/hesai_ros_driver/cmake/hesai_ros_driver__rosidl_typesupport_cExport.cmake
-- Installing: /home/ros2/ws/install/hesai_ros_driver/share/hesai_ros_driver/cmake/hesai_ros_driver__rosidl_typesupport_cExport-release.cmake
-- Installing: /home/ros2/ws/install/hesai_ros_driver/share/hesai_ros_driver/cmake/hesai_ros_driver__rosidl_typesupport_introspection_cppExport.cmake
-- Installing: /home/ros2/ws/install/hesai_ros_driver/share/hesai_ros_driver/cmake/hesai_ros_driver__rosidl_typesupport_introspection_cppExport-release.cmake
-- Installing: /home/ros2/ws/install/hesai_ros_driver/share/hesai_ros_driver/cmake/hesai_ros_driver__rosidl_typesupport_cppExport.cmake
-- Installing: /home/ros2/ws/install/hesai_ros_driver/share/hesai_ros_driver/cmake/hesai_ros_driver__rosidl_typesupport_cppExport-release.cmake
-- Installing: /home/ros2/ws/install/hesai_ros_driver/share/hesai_ros_driver/cmake/export_hesai_ros_driver__rosidl_generator_pyExport.cmake
-- Installing: /home/ros2/ws/install/hesai_ros_driver/share/hesai_ros_driver/cmake/export_hesai_ros_driver__rosidl_generator_pyExport-release.cmake
-- Installing: /home/ros2/ws/install/hesai_ros_driver/share/hesai_ros_driver/cmake/rosidl_cmake-extras.cmake
-- Installing: /home/ros2/ws/install/hesai_ros_driver/share/hesai_ros_driver/cmake/ament_cmake_export_dependencies-extras.cmake
-- Installing: /home/ros2/ws/install/hesai_ros_driver/share/hesai_ros_driver/cmake/ament_cmake_export_include_directories-extras.cmake
-- Installing: /home/ros2/ws/install/hesai_ros_driver/share/hesai_ros_driver/cmake/ament_cmake_export_libraries-extras.cmake
-- Installing: /home/ros2/ws/install/hesai_ros_driver/share/hesai_ros_driver/cmake/ament_cmake_export_targets-extras.cmake
-- Installing: /home/ros2/ws/install/hesai_ros_driver/share/hesai_ros_driver/cmake/rosidl_cmake_export_typesupport_targets-extras.cmake
-- Installing: /home/ros2/ws/install/hesai_ros_driver/share/hesai_ros_driver/cmake/rosidl_cmake_export_typesupport_libraries-extras.cmake
-- Installing: /home/ros2/ws/install/hesai_ros_driver/share/hesai_ros_driver/cmake/hesai_ros_driverConfig.cmake
-- Installing: /home/ros2/ws/install/hesai_ros_driver/share/hesai_ros_driver/cmake/hesai_ros_driverConfig-version.cmake
-- Installing: /home/ros2/ws/install/hesai_ros_driver/share/hesai_ros_driver/package.xml
