[0.276s] Invoking command in '/home/ros2/ws/build/unitree_ros2_example': CMAKE_PREFIX_PATH=/home/ros2/ws/install/unitree_hg:/home/ros2/ws/install/unitree_go:/home/ros2/ws/install/unitree_api:/home/ros2/ws/install/unitree_ros2_example:/home/ros2/ws/install/rslidar_sdk:/home/ros2/ws/install/rslidar_msg:/home/ros2/ws/install/hesai_ros_driver:/home/ros2/ws/install/go2_cmd_processor:/home/ros2/ws/install/image_processing:/home/ros2/ws/install/go2_slam_nav:/home/ros2/ws/install/frontier:/opt/ros/humble /usr/bin/cmake --build /home/ros2/ws/build/unitree_ros2_example -- -j8 -l8
[0.357s] [  4%] Built target g1_low_level_example
[0.367s] [  7%] Built target read_low_state
[0.372s] [ 11%] Built target read_motion_state
[0.372s] [ 15%] Built target low_level_ctrl
[0.376s] [ 20%] Built target go2_sport_client
[0.376s] [ 25%] Built target low_level_ctrl_hg
[0.382s] [ 28%] Built target read_low_state_hg
[0.386s] [ 31%] Built target read_wireless_controller
[0.437s] [ 36%] Built target g1_arm_sdk_dds_example
[0.445s] [ 41%] Built target g1_ankle_swing_example
[0.445s] [ 46%] Built target go2_stand_example
[0.461s] [ 50%] Built target g1_dex3_example
[0.461s] [ 53%] Built target g1_audio_client_example
[0.461s] [ 63%] Built target go2_robot_state_client
[0.462s] [ 58%] Built target g1_arm_action_example
[0.464s] [ 68%] Built target g1_loco_client_example
[0.511s] [ 73%] Built target b2w_stand_example
[0.516s] [ 77%] Built target b2w_sport_client
[0.525s] [ 82%] Built target b2_stand_example
[0.526s] [ 85%] Built target h2_loco_client
[0.532s] [ 90%] Built target g1_dual_arm_example
[0.536s] [ 95%] Built target b2_sport_client
[0.539s] [100%] Built target h2_ankle_swing_example
[0.552s] Invoked command in '/home/ros2/ws/build/unitree_ros2_example' returned '0': CMAKE_PREFIX_PATH=/home/ros2/ws/install/unitree_hg:/home/ros2/ws/install/unitree_go:/home/ros2/ws/install/unitree_api:/home/ros2/ws/install/unitree_ros2_example:/home/ros2/ws/install/rslidar_sdk:/home/ros2/ws/install/rslidar_msg:/home/ros2/ws/install/hesai_ros_driver:/home/ros2/ws/install/go2_cmd_processor:/home/ros2/ws/install/image_processing:/home/ros2/ws/install/go2_slam_nav:/home/ros2/ws/install/frontier:/opt/ros/humble /usr/bin/cmake --build /home/ros2/ws/build/unitree_ros2_example -- -j8 -l8
[0.554s] Invoking command in '/home/ros2/ws/build/unitree_ros2_example': CMAKE_PREFIX_PATH=/home/ros2/ws/install/unitree_hg:/home/ros2/ws/install/unitree_go:/home/ros2/ws/install/unitree_api:/home/ros2/ws/install/unitree_ros2_example:/home/ros2/ws/install/rslidar_sdk:/home/ros2/ws/install/rslidar_msg:/home/ros2/ws/install/hesai_ros_driver:/home/ros2/ws/install/go2_cmd_processor:/home/ros2/ws/install/image_processing:/home/ros2/ws/install/go2_slam_nav:/home/ros2/ws/install/frontier:/opt/ros/humble /usr/bin/cmake --install /home/ros2/ws/build/unitree_ros2_example
[0.561s] -- Install configuration: ""
[0.561s] -- Up-to-date: /home/ros2/ws/install/unitree_ros2_example/bin/low_level_ctrl
[0.562s] -- Up-to-date: /home/ros2/ws/install/unitree_ros2_example/bin/low_level_ctrl_hg
[0.562s] -- Up-to-date: /home/ros2/ws/install/unitree_ros2_example/bin/g1_low_level_example
[0.562s] -- Up-to-date: /home/ros2/ws/install/unitree_ros2_example/bin/read_low_state
[0.562s] -- Up-to-date: /home/ros2/ws/install/unitree_ros2_example/bin/read_low_state_hg
[0.563s] -- Up-to-date: /home/ros2/ws/install/unitree_ros2_example/bin/read_motion_state
[0.563s] -- Up-to-date: /home/ros2/ws/install/unitree_ros2_example/bin/read_wireless_controller
[0.564s] -- Up-to-date: /home/ros2/ws/install/unitree_ros2_example/bin/go2_sport_client
[0.564s] -- Up-to-date: /home/ros2/ws/install/unitree_ros2_example/bin/go2_stand_example
[0.565s] -- Up-to-date: /home/ros2/ws/install/unitree_ros2_example/bin/go2_robot_state_client
[0.565s] -- Up-to-date: /home/ros2/ws/install/unitree_ros2_example/bin/g1_arm_sdk_dds_example
[0.565s] -- Up-to-date: /home/ros2/ws/install/unitree_ros2_example/bin/g1_arm_action_example
[0.565s] -- Up-to-date: /home/ros2/ws/install/unitree_ros2_example/bin/g1_dex3_example
[0.565s] -- Up-to-date: /home/ros2/ws/install/unitree_ros2_example/bin/g1_loco_client_example
[0.566s] -- Up-to-date: /home/ros2/ws/install/unitree_ros2_example/bin/g1_ankle_swing_example
[0.566s] -- Up-to-date: /home/ros2/ws/install/unitree_ros2_example/bin/g1_dual_arm_example
[0.566s] -- Up-to-date: /home/ros2/ws/install/unitree_ros2_example/bin/g1_audio_client_example
[0.569s] -- Up-to-date: /home/ros2/ws/install/unitree_ros2_example/bin/h2_loco_client
[0.569s] -- Up-to-date: /home/ros2/ws/install/unitree_ros2_example/bin/h2_ankle_swing_example
[0.569s] -- Up-to-date: /home/ros2/ws/install/unitree_ros2_example/share/ament_index/resource_index/package_run_dependencies/unitree_ros2_example
[0.569s] -- Up-to-date: /home/ros2/ws/install/unitree_ros2_example/share/ament_index/resource_index/parent_prefix_path/unitree_ros2_example
[0.569s] -- Up-to-date: /home/ros2/ws/install/unitree_ros2_example/share/unitree_ros2_example/environment/ament_prefix_path.sh
[0.570s] -- Up-to-date: /home/ros2/ws/install/unitree_ros2_example/share/unitree_ros2_example/environment/ament_prefix_path.dsv
[0.570s] -- Up-to-date: /home/ros2/ws/install/unitree_ros2_example/share/unitree_ros2_example/environment/path.sh
[0.570s] -- Up-to-date: /home/ros2/ws/install/unitree_ros2_example/share/unitree_ros2_example/environment/path.dsv
[0.570s] -- Up-to-date: /home/ros2/ws/install/unitree_ros2_example/share/unitree_ros2_example/local_setup.bash
[0.570s] -- Up-to-date: /home/ros2/ws/install/unitree_ros2_example/share/unitree_ros2_example/local_setup.sh
[0.570s] -- Up-to-date: /home/ros2/ws/install/unitree_ros2_example/share/unitree_ros2_example/local_setup.zsh
[0.570s] -- Up-to-date: /home/ros2/ws/install/unitree_ros2_example/share/unitree_ros2_example/local_setup.dsv
[0.570s] -- Installing: /home/ros2/ws/install/unitree_ros2_example/share/unitree_ros2_example/package.dsv
[0.570s] -- Up-to-date: /home/ros2/ws/install/unitree_ros2_example/share/ament_index/resource_index/packages/unitree_ros2_example
[0.570s] -- Up-to-date: /home/ros2/ws/install/unitree_ros2_example/share/unitree_ros2_example/cmake/unitree_ros2_exampleConfig.cmake
[0.571s] -- Up-to-date: /home/ros2/ws/install/unitree_ros2_example/share/unitree_ros2_example/cmake/unitree_ros2_exampleConfig-version.cmake
[0.571s] -- Up-to-date: /home/ros2/ws/install/unitree_ros2_example/share/unitree_ros2_example/package.xml
[0.572s] Invoked command in '/home/ros2/ws/build/unitree_ros2_example' returned '0': CMAKE_PREFIX_PATH=/home/ros2/ws/install/unitree_hg:/home/ros2/ws/install/unitree_go:/home/ros2/ws/install/unitree_api:/home/ros2/ws/install/unitree_ros2_example:/home/ros2/ws/install/rslidar_sdk:/home/ros2/ws/install/rslidar_msg:/home/ros2/ws/install/hesai_ros_driver:/home/ros2/ws/install/go2_cmd_processor:/home/ros2/ws/install/image_processing:/home/ros2/ws/install/go2_slam_nav:/home/ros2/ws/install/frontier:/opt/ros/humble /usr/bin/cmake --install /home/ros2/ws/build/unitree_ros2_example
