[0.023s] Invoking command in '/home/ros2/ws/build/unitree_api': CMAKE_PREFIX_PATH=/opt/ros/humble /usr/bin/cmake /home/ros2/ws/src/unitree_sdk/cyclonedds_ws/src/unitree/unitree_api -DCMAKE_INSTALL_PREFIX=/home/ros2/ws/install/unitree_api
[0.708s] -- The C compiler identification is GNU 11.4.0
[0.708s] -- The CXX compiler identification is GNU 11.4.0
[0.708s] -- Detecting C compiler ABI info
[0.708s] -- Detecting C compiler ABI info - done
[0.708s] -- Check for working C compiler: /usr/bin/cc - skipped
[0.708s] -- Detecting C compile features
[0.708s] -- Detecting C compile features - done
[0.708s] -- Detecting CXX compiler ABI info
[0.708s] -- Detecting CXX compiler ABI info - done
[0.708s] -- Check for working CXX compiler: /usr/bin/c++ - skipped
[0.708s] -- Detecting CXX compile features
[0.709s] -- Detecting CXX compile features - done
[0.709s] -- Found ament_cmake: 1.3.14 (/opt/ros/humble/share/ament_cmake/cmake)
[0.709s] -- Found Python3: /usr/bin/python3 (found version "3.10.12") found components: Interpreter 
[0.709s] -- Found geometry_msgs: 4.9.1 (/opt/ros/humble/share/geometry_msgs/cmake)
[0.711s] -- Found rosidl_generator_c: 3.1.8 (/opt/ros/humble/share/rosidl_generator_c/cmake)
[0.711s] -- Found rosidl_adapter: 3.1.8 (/opt/ros/humble/share/rosidl_adapter/cmake)
[0.711s] -- Found rosidl_generator_cpp: 3.1.8 (/opt/ros/humble/share/rosidl_generator_cpp/cmake)
[0.711s] -- Using all available rosidl_typesupport_c: rosidl_typesupport_fastrtps_c;rosidl_typesupport_introspection_c
[0.711s] -- Using all available rosidl_typesupport_cpp: rosidl_typesupport_fastrtps_cpp;rosidl_typesupport_introspection_cpp
[0.712s] -- Found rosidl_default_generators: 1.2.1 (/opt/ros/humble/share/rosidl_default_generators/cmake)
[0.712s] -- Found rosidl_generator_dds_idl: 0.8.1 (/opt/ros/humble/share/rosidl_generator_dds_idl/cmake)
[1.038s] -- Found ament_cmake_ros: 0.10.0 (/opt/ros/humble/share/ament_cmake_ros/cmake)
[1.566s] -- Using all available rosidl_typesupport_c: rosidl_typesupport_fastrtps_c;rosidl_typesupport_introspection_c
[1.756s] -- Using all available rosidl_typesupport_cpp: rosidl_typesupport_fastrtps_cpp;rosidl_typesupport_introspection_cpp
[1.781s] -- Found PythonInterp: /usr/bin/python3 (found suitable version "3.10.12", minimum required is "3.6") 
[1.783s] -- Found python_cmake_module: 0.10.0 (/opt/ros/humble/share/python_cmake_module/cmake)
[1.815s] -- Found PythonLibs: /usr/lib/x86_64-linux-gnu/libpython3.10.so (found suitable version "3.10.12", minimum required is "3.5") 
[1.815s] -- Using PYTHON_EXECUTABLE: /usr/bin/python3
[1.815s] -- Using PYTHON_INCLUDE_DIRS: /usr/include/python3.10
[1.815s] -- Using PYTHON_LIBRARIES: /usr/lib/x86_64-linux-gnu/libpython3.10.so
[1.837s] -- Found PythonExtra: .so  
[2.032s] -- Found ament_lint_auto: 0.12.15 (/opt/ros/humble/share/ament_lint_auto/cmake)
[2.055s] -- Added test 'copyright' to check source files copyright and LICENSE
[2.057s] -- Added test 'lint_cmake' to check CMake code style
[2.058s] -- Added test 'xmllint' to check XML markup files
[2.061s] -- Configuring done
[2.115s] -- Generating done
[2.132s] -- Build files have been written to: /home/ros2/ws/build/unitree_api
[2.145s] Invoked command in '/home/ros2/ws/build/unitree_api' returned '0': CMAKE_PREFIX_PATH=/opt/ros/humble /usr/bin/cmake /home/ros2/ws/src/unitree_sdk/cyclonedds_ws/src/unitree/unitree_api -DCMAKE_INSTALL_PREFIX=/home/ros2/ws/install/unitree_api
[2.147s] Invoking command in '/home/ros2/ws/build/unitree_api': CMAKE_PREFIX_PATH=/opt/ros/humble /usr/bin/cmake --build /home/ros2/ws/build/unitree_api -- -j8 -l8
[2.193s] [  1%] [34m[1mGenerating C code for ROS interfaces[0m
[2.215s] [  2%] [34m[1mGenerating Rust code for ROS interfaces[0m
[2.223s] [  3%] [34m[1mGenerating DDS interfaces[0m
[2.249s] [  4%] [34m[1mGenerating C++ code for ROS interfaces[0m
[2.275s] [  4%] Built target ament_cmake_python_copy_unitree_api
[3.201s] [  4%] Built target unitree_api__dds_connext_idl
[3.494s] running egg_info
[3.498s] creating unitree_api.egg-info
[3.505s] writing unitree_api.egg-info/PKG-INFO
[3.505s] writing dependency_links to unitree_api.egg-info/dependency_links.txt
[3.505s] writing top-level names to unitree_api.egg-info/top_level.txt
[3.505s] writing manifest file 'unitree_api.egg-info/SOURCES.txt'
[3.512s] reading manifest file 'unitree_api.egg-info/SOURCES.txt'
[3.519s] writing manifest file 'unitree_api.egg-info/SOURCES.txt'
[3.628s] [  4%] Built target ament_cmake_python_build_unitree_api_egg
[3.689s] [  4%] Built target unitree_api__rs
[4.404s] [  5%] [32mBuilding C object CMakeFiles/unitree_api__rosidl_generator_c.dir/rosidl_generator_c/unitree_api/msg/detail/request__functions.c.o[0m
[4.404s] [  6%] [32mBuilding C object CMakeFiles/unitree_api__rosidl_generator_c.dir/rosidl_generator_c/unitree_api/msg/detail/request_identity__functions.c.o[0m
[4.407s] [ 10%] [32mBuilding C object CMakeFiles/unitree_api__rosidl_generator_c.dir/rosidl_generator_c/unitree_api/msg/detail/request_lease__functions.c.o[0m
[4.408s] [  7%] [32mBuilding C object CMakeFiles/unitree_api__rosidl_generator_c.dir/rosidl_generator_c/unitree_api/msg/detail/request_policy__functions.c.o[0m
[4.413s] [ 12%] [32mBuilding C object CMakeFiles/unitree_api__rosidl_generator_c.dir/rosidl_generator_c/unitree_api/msg/detail/response_header__functions.c.o[0m
[4.415s] [  8%] [32mBuilding C object CMakeFiles/unitree_api__rosidl_generator_c.dir/rosidl_generator_c/unitree_api/msg/detail/request_header__functions.c.o[0m
[4.425s] [ 11%] [32mBuilding C object CMakeFiles/unitree_api__rosidl_generator_c.dir/rosidl_generator_c/unitree_api/msg/detail/response__functions.c.o[0m
[4.557s] [ 13%] [32mBuilding C object CMakeFiles/unitree_api__rosidl_generator_c.dir/rosidl_generator_c/unitree_api/msg/detail/response_status__functions.c.o[0m
[4.746s] [ 14%] [32m[1mLinking C shared library libunitree_api__rosidl_generator_c.so[0m
[4.890s] [ 14%] Built target unitree_api__rosidl_generator_c
[4.921s] [ 15%] [34m[1mGenerating C type support for eProsima Fast-RTPS[0m
[4.929s] [ 17%] [34m[1mGenerating C introspection for ROS interfaces[0m
[4.929s] [ 16%] [34m[1mGenerating C type support dispatch for ROS interfaces[0m
[5.257s] [ 17%] Built target unitree_api__cpp
[5.285s] [ 19%] [34m[1mGenerating C++ type support for eProsima Fast-RTPS[0m
[5.290s] [ 20%] [34m[1mGenerating C++ introspection for ROS interfaces[0m
[5.314s] [ 21%] [34m[1mGenerating C++ type support dispatch for ROS interfaces[0m
[6.303s] [ 22%] [32mBuilding CXX object CMakeFiles/unitree_api__rosidl_typesupport_introspection_cpp.dir/rosidl_typesupport_introspection_cpp/unitree_api/msg/detail/request__type_support.cpp.o[0m
[6.334s] [ 23%] [32mBuilding CXX object CMakeFiles/unitree_api__rosidl_typesupport_introspection_cpp.dir/rosidl_typesupport_introspection_cpp/unitree_api/msg/detail/request_header__type_support.cpp.o[0m
[6.334s] [ 24%] [32mBuilding CXX object CMakeFiles/unitree_api__rosidl_typesupport_introspection_cpp.dir/rosidl_typesupport_introspection_cpp/unitree_api/msg/detail/request_identity__type_support.cpp.o[0m
[6.940s] [ 25%] [32mBuilding CXX object CMakeFiles/unitree_api__rosidl_typesupport_c.dir/rosidl_typesupport_c/unitree_api/msg/request__type_support.cpp.o[0m
[7.076s] [ 26%] [32mBuilding CXX object CMakeFiles/unitree_api__rosidl_typesupport_c.dir/rosidl_typesupport_c/unitree_api/msg/request_header__type_support.cpp.o[0m
[7.169s] [ 28%] [32mBuilding CXX object CMakeFiles/unitree_api__rosidl_typesupport_c.dir/rosidl_typesupport_c/unitree_api/msg/request_identity__type_support.cpp.o[0m
[7.243s] [ 29%] [32mBuilding CXX object CMakeFiles/unitree_api__rosidl_typesupport_cpp.dir/rosidl_typesupport_cpp/unitree_api/msg/request__type_support.cpp.o[0m
[7.310s] [ 30%] [32mBuilding CXX object CMakeFiles/unitree_api__rosidl_typesupport_c.dir/rosidl_typesupport_c/unitree_api/msg/request_lease__type_support.cpp.o[0m
[7.414s] [ 31%] [32mBuilding CXX object CMakeFiles/unitree_api__rosidl_typesupport_c.dir/rosidl_typesupport_c/unitree_api/msg/request_policy__type_support.cpp.o[0m
[7.539s] [ 32%] [32mBuilding CXX object CMakeFiles/unitree_api__rosidl_typesupport_c.dir/rosidl_typesupport_c/unitree_api/msg/response__type_support.cpp.o[0m
[7.572s] [ 33%] [32mBuilding C object CMakeFiles/unitree_api__rosidl_typesupport_introspection_c.dir/rosidl_typesupport_introspection_c/unitree_api/msg/detail/request__type_support.c.o[0m
[7.683s] [ 34%] [32mBuilding CXX object CMakeFiles/unitree_api__rosidl_typesupport_c.dir/rosidl_typesupport_c/unitree_api/msg/response_header__type_support.cpp.o[0m
[7.775s] [ 35%] [32mBuilding CXX object CMakeFiles/unitree_api__rosidl_typesupport_c.dir/rosidl_typesupport_c/unitree_api/msg/response_status__type_support.cpp.o[0m
[7.792s] [ 37%] [32mBuilding C object CMakeFiles/unitree_api__rosidl_typesupport_introspection_c.dir/rosidl_typesupport_introspection_c/unitree_api/msg/detail/request_header__type_support.c.o[0m
[7.880s] [ 38%] [32m[1mLinking CXX shared library libunitree_api__rosidl_typesupport_c.so[0m
[7.897s] [ 39%] [32mBuilding C object CMakeFiles/unitree_api__rosidl_typesupport_introspection_c.dir/rosidl_typesupport_introspection_c/unitree_api/msg/detail/request_identity__type_support.c.o[0m
[7.949s] [ 40%] [32mBuilding C object CMakeFiles/unitree_api__rosidl_typesupport_introspection_c.dir/rosidl_typesupport_introspection_c/unitree_api/msg/detail/request_lease__type_support.c.o[0m
[8.002s] [ 41%] [32mBuilding C object CMakeFiles/unitree_api__rosidl_typesupport_introspection_c.dir/rosidl_typesupport_introspection_c/unitree_api/msg/detail/request_policy__type_support.c.o[0m
[8.061s] [ 42%] [32mBuilding C object CMakeFiles/unitree_api__rosidl_typesupport_introspection_c.dir/rosidl_typesupport_introspection_c/unitree_api/msg/detail/response__type_support.c.o[0m
[8.077s] [ 42%] Built target unitree_api__rosidl_typesupport_c
[8.101s] [ 43%] [32mBuilding CXX object CMakeFiles/unitree_api__rosidl_typesupport_fastrtps_c.dir/rosidl_typesupport_fastrtps_c/unitree_api/msg/detail/request__type_support_c.cpp.o[0m
[8.101s] [ 44%] [32mBuilding C object CMakeFiles/unitree_api__rosidl_typesupport_introspection_c.dir/rosidl_typesupport_introspection_c/unitree_api/msg/detail/response_header__type_support.c.o[0m
[8.115s] [ 46%] [32mBuilding CXX object CMakeFiles/unitree_api__rosidl_typesupport_introspection_cpp.dir/rosidl_typesupport_introspection_cpp/unitree_api/msg/detail/request_lease__type_support.cpp.o[0m
[8.187s] [ 47%] [32mBuilding CXX object CMakeFiles/unitree_api__rosidl_typesupport_introspection_cpp.dir/rosidl_typesupport_introspection_cpp/unitree_api/msg/detail/request_policy__type_support.cpp.o[0m
[8.227s] [ 48%] [32mBuilding CXX object CMakeFiles/unitree_api__rosidl_typesupport_introspection_cpp.dir/rosidl_typesupport_introspection_cpp/unitree_api/msg/detail/response__type_support.cpp.o[0m
[8.235s] [ 49%] [32mBuilding C object CMakeFiles/unitree_api__rosidl_typesupport_introspection_c.dir/rosidl_typesupport_introspection_c/unitree_api/msg/detail/response_status__type_support.c.o[0m
[8.244s] [ 50%] [32mBuilding CXX object CMakeFiles/unitree_api__rosidl_typesupport_cpp.dir/rosidl_typesupport_cpp/unitree_api/msg/request_header__type_support.cpp.o[0m
[8.344s] [ 51%] [32m[1mLinking C shared library libunitree_api__rosidl_typesupport_introspection_c.so[0m
[8.466s] [ 51%] Built target unitree_api__rosidl_typesupport_introspection_c
[8.512s] [ 52%] [32mBuilding CXX object CMakeFiles/unitree_api__rosidl_typesupport_fastrtps_c.dir/rosidl_typesupport_fastrtps_c/unitree_api/msg/detail/request_header__type_support_c.cpp.o[0m
[8.544s] [ 53%] [32mBuilding CXX object CMakeFiles/unitree_api__rosidl_typesupport_fastrtps_cpp.dir/rosidl_typesupport_fastrtps_cpp/unitree_api/msg/detail/dds_fastrtps/request__type_support.cpp.o[0m
[8.698s] [ 55%] [32mBuilding CXX object CMakeFiles/unitree_api__rosidl_typesupport_fastrtps_cpp.dir/rosidl_typesupport_fastrtps_cpp/unitree_api/msg/detail/dds_fastrtps/request_header__type_support.cpp.o[0m
[8.954s] [ 56%] [32mBuilding CXX object CMakeFiles/unitree_api__rosidl_typesupport_fastrtps_c.dir/rosidl_typesupport_fastrtps_c/unitree_api/msg/detail/request_identity__type_support_c.cpp.o[0m
[9.469s] [ 57%] [32mBuilding CXX object CMakeFiles/unitree_api__rosidl_typesupport_fastrtps_cpp.dir/rosidl_typesupport_fastrtps_cpp/unitree_api/msg/detail/dds_fastrtps/request_identity__type_support.cpp.o[0m
[9.543s] [ 58%] [32mBuilding CXX object CMakeFiles/unitree_api__rosidl_typesupport_cpp.dir/rosidl_typesupport_cpp/unitree_api/msg/request_identity__type_support.cpp.o[0m
[9.937s] [ 59%] [32mBuilding CXX object CMakeFiles/unitree_api__rosidl_typesupport_introspection_cpp.dir/rosidl_typesupport_introspection_cpp/unitree_api/msg/detail/response_header__type_support.cpp.o[0m
[10.052s] [ 60%] [32mBuilding CXX object CMakeFiles/unitree_api__rosidl_typesupport_fastrtps_c.dir/rosidl_typesupport_fastrtps_c/unitree_api/msg/detail/request_lease__type_support_c.cpp.o[0m
[10.279s] [ 61%] [32mBuilding CXX object CMakeFiles/unitree_api__rosidl_typesupport_introspection_cpp.dir/rosidl_typesupport_introspection_cpp/unitree_api/msg/detail/response_status__type_support.cpp.o[0m
[10.379s] [ 62%] [32mBuilding CXX object CMakeFiles/unitree_api__rosidl_typesupport_fastrtps_c.dir/rosidl_typesupport_fastrtps_c/unitree_api/msg/detail/request_policy__type_support_c.cpp.o[0m
[11.025s] [ 64%] [32mBuilding CXX object CMakeFiles/unitree_api__rosidl_typesupport_fastrtps_cpp.dir/rosidl_typesupport_fastrtps_cpp/unitree_api/msg/detail/dds_fastrtps/request_lease__type_support.cpp.o[0m
[11.051s] [ 65%] [32mBuilding CXX object CMakeFiles/unitree_api__rosidl_typesupport_fastrtps_cpp.dir/rosidl_typesupport_fastrtps_cpp/unitree_api/msg/detail/dds_fastrtps/request_policy__type_support.cpp.o[0m
[11.163s] [ 66%] [32mBuilding CXX object CMakeFiles/unitree_api__rosidl_typesupport_fastrtps_cpp.dir/rosidl_typesupport_fastrtps_cpp/unitree_api/msg/detail/dds_fastrtps/response__type_support.cpp.o[0m
[11.303s] [ 67%] [32mBuilding CXX object CMakeFiles/unitree_api__rosidl_typesupport_cpp.dir/rosidl_typesupport_cpp/unitree_api/msg/request_lease__type_support.cpp.o[0m
[11.385s] [ 68%] [32mBuilding CXX object CMakeFiles/unitree_api__rosidl_typesupport_fastrtps_c.dir/rosidl_typesupport_fastrtps_c/unitree_api/msg/detail/response__type_support_c.cpp.o[0m
[12.265s] [ 69%] [32mBuilding CXX object CMakeFiles/unitree_api__rosidl_typesupport_fastrtps_c.dir/rosidl_typesupport_fastrtps_c/unitree_api/msg/detail/response_header__type_support_c.cpp.o[0m
[12.405s] [ 70%] [32mBuilding CXX object CMakeFiles/unitree_api__rosidl_typesupport_fastrtps_cpp.dir/rosidl_typesupport_fastrtps_cpp/unitree_api/msg/detail/dds_fastrtps/response_header__type_support.cpp.o[0m
[12.726s] [ 71%] [32m[1mLinking CXX shared library libunitree_api__rosidl_typesupport_introspection_cpp.so[0m
[12.886s] [ 73%] [32mBuilding CXX object CMakeFiles/unitree_api__rosidl_typesupport_fastrtps_cpp.dir/rosidl_typesupport_fastrtps_cpp/unitree_api/msg/detail/dds_fastrtps/response_status__type_support.cpp.o[0m
[12.998s] [ 74%] [32mBuilding CXX object CMakeFiles/unitree_api__rosidl_typesupport_cpp.dir/rosidl_typesupport_cpp/unitree_api/msg/request_policy__type_support.cpp.o[0m
[13.336s] [ 74%] Built target unitree_api__rosidl_typesupport_introspection_cpp
[13.363s] [ 75%] [32mBuilding CXX object CMakeFiles/unitree_api__rosidl_typesupport_cpp.dir/rosidl_typesupport_cpp/unitree_api/msg/response__type_support.cpp.o[0m
[13.518s] [ 76%] [32mBuilding CXX object CMakeFiles/unitree_api__rosidl_typesupport_fastrtps_c.dir/rosidl_typesupport_fastrtps_c/unitree_api/msg/detail/response_status__type_support_c.cpp.o[0m
[13.546s] [ 77%] [32mBuilding CXX object CMakeFiles/unitree_api__rosidl_typesupport_cpp.dir/rosidl_typesupport_cpp/unitree_api/msg/response_header__type_support.cpp.o[0m
[13.563s] [ 78%] [32mBuilding CXX object CMakeFiles/unitree_api__rosidl_typesupport_cpp.dir/rosidl_typesupport_cpp/unitree_api/msg/response_status__type_support.cpp.o[0m
[15.101s] [ 79%] [32m[1mLinking CXX shared library libunitree_api__rosidl_typesupport_fastrtps_cpp.so[0m
[15.390s] [ 80%] [32m[1mLinking CXX shared library libunitree_api__rosidl_typesupport_cpp.so[0m
[15.517s] [ 80%] Built target unitree_api__rosidl_typesupport_fastrtps_cpp
[15.584s] [ 82%] [32m[1mLinking CXX shared library libunitree_api__rosidl_typesupport_fastrtps_c.so[0m
[15.638s] [ 82%] Built target unitree_api__rosidl_typesupport_cpp
[15.970s] [ 82%] Built target unitree_api__rosidl_typesupport_fastrtps_c
[16.062s] [ 82%] Built target unitree_api
[16.174s] [ 83%] [34m[1mGenerating Python code for ROS interfaces[0m
[22.713s] [ 83%] Built target unitree_api__py
[22.779s] [ 84%] [32mBuilding C object CMakeFiles/unitree_api__rosidl_generator_py.dir/rosidl_generator_py/unitree_api/msg/_request_s.c.o[0m
[23.050s] [ 85%] [32mBuilding C object CMakeFiles/unitree_api__rosidl_generator_py.dir/rosidl_generator_py/unitree_api/msg/_response_status_s.c.o[0m
[23.330s] [ 86%] [32mBuilding C object CMakeFiles/unitree_api__rosidl_generator_py.dir/rosidl_generator_py/unitree_api/msg/_response_header_s.c.o[0m
[23.599s] [ 87%] [32mBuilding C object CMakeFiles/unitree_api__rosidl_generator_py.dir/rosidl_generator_py/unitree_api/msg/_response_s.c.o[0m
[23.848s] [ 88%] [32mBuilding C object CMakeFiles/unitree_api__rosidl_generator_py.dir/rosidl_generator_py/unitree_api/msg/_request_policy_s.c.o[0m
[24.081s] [ 89%] [32mBuilding C object CMakeFiles/unitree_api__rosidl_generator_py.dir/rosidl_generator_py/unitree_api/msg/_request_lease_s.c.o[0m
[24.351s] [ 91%] [32mBuilding C object CMakeFiles/unitree_api__rosidl_generator_py.dir/rosidl_generator_py/unitree_api/msg/_request_identity_s.c.o[0m
[24.615s] [ 92%] [32mBuilding C object CMakeFiles/unitree_api__rosidl_generator_py.dir/rosidl_generator_py/unitree_api/msg/_request_header_s.c.o[0m
[24.855s] [ 93%] [32m[1mLinking C shared library rosidl_generator_py/unitree_api/libunitree_api__rosidl_generator_py.so[0m
[24.988s] [ 93%] Built target unitree_api__rosidl_generator_py
[25.040s] [ 94%] [32mBuilding C object CMakeFiles/unitree_api__rosidl_typesupport_fastrtps_c__pyext.dir/rosidl_generator_py/unitree_api/_unitree_api_s.ep.rosidl_typesupport_fastrtps_c.c.o[0m
[25.249s] [ 95%] [32m[1mLinking C shared library rosidl_generator_py/unitree_api/unitree_api_s__rosidl_typesupport_fastrtps_c.cpython-310-x86_64-linux-gnu.so[0m
[25.349s] [ 95%] Built target unitree_api__rosidl_typesupport_fastrtps_c__pyext
[25.403s] [ 96%] [32mBuilding C object CMakeFiles/unitree_api__rosidl_typesupport_c__pyext.dir/rosidl_generator_py/unitree_api/_unitree_api_s.ep.rosidl_typesupport_c.c.o[0m
[25.798s] [ 97%] [32m[1mLinking C shared library rosidl_generator_py/unitree_api/unitree_api_s__rosidl_typesupport_c.cpython-310-x86_64-linux-gnu.so[0m
[25.914s] [ 97%] Built target unitree_api__rosidl_typesupport_c__pyext
[25.962s] [ 98%] [32mBuilding C object CMakeFiles/unitree_api__rosidl_typesupport_introspection_c__pyext.dir/rosidl_generator_py/unitree_api/_unitree_api_s.ep.rosidl_typesupport_introspection_c.c.o[0m
[26.240s] [100%] [32m[1mLinking C shared library rosidl_generator_py/unitree_api/unitree_api_s__rosidl_typesupport_introspection_c.cpython-310-x86_64-linux-gnu.so[0m
[26.312s] [100%] Built target unitree_api__rosidl_typesupport_introspection_c__pyext
[26.351s] Invoked command in '/home/ros2/ws/build/unitree_api' returned '0': CMAKE_PREFIX_PATH=/opt/ros/humble /usr/bin/cmake --build /home/ros2/ws/build/unitree_api -- -j8 -l8
[26.356s] Invoking command in '/home/ros2/ws/build/unitree_api': CMAKE_PREFIX_PATH=/opt/ros/humble /usr/bin/cmake --install /home/ros2/ws/build/unitree_api
[26.368s] -- Install configuration: ""
[26.372s] -- Installing: /home/ros2/ws/install/unitree_api/share/ament_index/resource_index/rosidl_interfaces/unitree_api
[26.372s] -- Installing: /home/ros2/ws/install/unitree_api/include/unitree_api/unitree_api
[26.373s] -- Installing: /home/ros2/ws/install/unitree_api/include/unitree_api/unitree_api/msg
[26.373s] -- Installing: /home/ros2/ws/install/unitree_api/include/unitree_api/unitree_api/msg/request_policy.h
[26.373s] -- Installing: /home/ros2/ws/install/unitree_api/include/unitree_api/unitree_api/msg/detail
[26.373s] -- Installing: /home/ros2/ws/install/unitree_api/include/unitree_api/unitree_api/msg/detail/response_header__functions.c
[26.373s] -- Installing: /home/ros2/ws/install/unitree_api/include/unitree_api/unitree_api/msg/detail/request__functions.h
[26.374s] -- Installing: /home/ros2/ws/install/unitree_api/include/unitree_api/unitree_api/msg/detail/request_identity__functions.c
[26.374s] -- Installing: /home/ros2/ws/install/unitree_api/include/unitree_api/unitree_api/msg/detail/request_policy__functions.h
[26.374s] -- Installing: /home/ros2/ws/install/unitree_api/include/unitree_api/unitree_api/msg/detail/request_header__struct.h
[26.375s] -- Installing: /home/ros2/ws/install/unitree_api/include/unitree_api/unitree_api/msg/detail/response_header__struct.h
[26.375s] -- Installing: /home/ros2/ws/install/unitree_api/include/unitree_api/unitree_api/msg/detail/request_lease__functions.c
[26.377s] -- Installing: /home/ros2/ws/install/unitree_api/include/unitree_api/unitree_api/msg/detail/request_lease__type_support.h
[26.377s] -- Installing: /home/ros2/ws/install/unitree_api/include/unitree_api/unitree_api/msg/detail/request_header__functions.c
[26.377s] -- Installing: /home/ros2/ws/install/unitree_api/include/unitree_api/unitree_api/msg/detail/request_identity__struct.h
[26.379s] -- Installing: /home/ros2/ws/install/unitree_api/include/unitree_api/unitree_api/msg/detail/request_identity__functions.h
[26.379s] -- Installing: /home/ros2/ws/install/unitree_api/include/unitree_api/unitree_api/msg/detail/response_status__functions.c
[26.379s] -- Installing: /home/ros2/ws/install/unitree_api/include/unitree_api/unitree_api/msg/detail/request_policy__struct.h
[26.379s] -- Installing: /home/ros2/ws/install/unitree_api/include/unitree_api/unitree_api/msg/detail/response_header__type_support.h
[26.379s] -- Installing: /home/ros2/ws/install/unitree_api/include/unitree_api/unitree_api/msg/detail/response__functions.h
[26.379s] -- Installing: /home/ros2/ws/install/unitree_api/include/unitree_api/unitree_api/msg/detail/request__functions.c
[26.379s] -- Installing: /home/ros2/ws/install/unitree_api/include/unitree_api/unitree_api/msg/detail/response_status__type_support.h
[26.380s] -- Installing: /home/ros2/ws/install/unitree_api/include/unitree_api/unitree_api/msg/detail/request_policy__type_support.h
[26.380s] -- Installing: /home/ros2/ws/install/unitree_api/include/unitree_api/unitree_api/msg/detail/response_header__functions.h
[26.380s] -- Installing: /home/ros2/ws/install/unitree_api/include/unitree_api/unitree_api/msg/detail/request_lease__functions.h
[26.380s] -- Installing: /home/ros2/ws/install/unitree_api/include/unitree_api/unitree_api/msg/detail/response__struct.h
[26.380s] -- Installing: /home/ros2/ws/install/unitree_api/include/unitree_api/unitree_api/msg/detail/response_status__functions.h
[26.380s] -- Installing: /home/ros2/ws/install/unitree_api/include/unitree_api/unitree_api/msg/detail/request_header__functions.h
[26.380s] -- Installing: /home/ros2/ws/install/unitree_api/include/unitree_api/unitree_api/msg/detail/request__type_support.h
[26.380s] -- Installing: /home/ros2/ws/install/unitree_api/include/unitree_api/unitree_api/msg/detail/request_identity__type_support.h
[26.382s] -- Installing: /home/ros2/ws/install/unitree_api/include/unitree_api/unitree_api/msg/detail/request_lease__struct.h
[26.382s] -- Installing: /home/ros2/ws/install/unitree_api/include/unitree_api/unitree_api/msg/detail/response__functions.c
[26.382s] -- Installing: /home/ros2/ws/install/unitree_api/include/unitree_api/unitree_api/msg/detail/request_header__type_support.h
[26.382s] -- Installing: /home/ros2/ws/install/unitree_api/include/unitree_api/unitree_api/msg/detail/response_status__struct.h
[26.384s] -- Installing: /home/ros2/ws/install/unitree_api/include/unitree_api/unitree_api/msg/detail/request__struct.h
[26.384s] -- Installing: /home/ros2/ws/install/unitree_api/include/unitree_api/unitree_api/msg/detail/request_policy__functions.c
[26.384s] -- Installing: /home/ros2/ws/install/unitree_api/include/unitree_api/unitree_api/msg/detail/response__type_support.h
[26.384s] -- Installing: /home/ros2/ws/install/unitree_api/include/unitree_api/unitree_api/msg/response.h
[26.385s] -- Installing: /home/ros2/ws/install/unitree_api/include/unitree_api/unitree_api/msg/request.h
[26.388s] -- Installing: /home/ros2/ws/install/unitree_api/include/unitree_api/unitree_api/msg/response_status.h
[26.388s] -- Installing: /home/ros2/ws/install/unitree_api/include/unitree_api/unitree_api/msg/request_header.h
[26.388s] -- Installing: /home/ros2/ws/install/unitree_api/include/unitree_api/unitree_api/msg/rosidl_generator_c__visibility_control.h
[26.388s] -- Installing: /home/ros2/ws/install/unitree_api/include/unitree_api/unitree_api/msg/response_header.h
[26.388s] -- Installing: /home/ros2/ws/install/unitree_api/include/unitree_api/unitree_api/msg/request_identity.h
[26.388s] -- Installing: /home/ros2/ws/install/unitree_api/include/unitree_api/unitree_api/msg/request_lease.h
[26.389s] -- Installing: /home/ros2/ws/install/unitree_api/share/unitree_api/environment/library_path.sh
[26.389s] -- Installing: /home/ros2/ws/install/unitree_api/share/unitree_api/environment/library_path.dsv
[26.389s] -- Installing: /home/ros2/ws/install/unitree_api/lib/libunitree_api__rosidl_generator_c.so
[26.390s] -- Set runtime path of "/home/ros2/ws/install/unitree_api/lib/libunitree_api__rosidl_generator_c.so" to ""
[26.390s] -- Up-to-date: /home/ros2/ws/install/unitree_api/include/unitree_api/unitree_api
[26.390s] -- Up-to-date: /home/ros2/ws/install/unitree_api/include/unitree_api/unitree_api/msg
[26.390s] -- Up-to-date: /home/ros2/ws/install/unitree_api/include/unitree_api/unitree_api/msg/detail
[26.390s] -- Installing: /home/ros2/ws/install/unitree_api/include/unitree_api/unitree_api/msg/detail/request__rosidl_typesupport_fastrtps_c.h
[26.390s] -- Installing: /home/ros2/ws/install/unitree_api/include/unitree_api/unitree_api/msg/detail/request_policy__rosidl_typesupport_fastrtps_c.h
[26.390s] -- Installing: /home/ros2/ws/install/unitree_api/include/unitree_api/unitree_api/msg/detail/response__rosidl_typesupport_fastrtps_c.h
[26.391s] -- Installing: /home/ros2/ws/install/unitree_api/include/unitree_api/unitree_api/msg/detail/request_header__rosidl_typesupport_fastrtps_c.h
[26.391s] -- Installing: /home/ros2/ws/install/unitree_api/include/unitree_api/unitree_api/msg/detail/response_header__rosidl_typesupport_fastrtps_c.h
[26.391s] -- Installing: /home/ros2/ws/install/unitree_api/include/unitree_api/unitree_api/msg/detail/request_lease__rosidl_typesupport_fastrtps_c.h
[26.391s] -- Installing: /home/ros2/ws/install/unitree_api/include/unitree_api/unitree_api/msg/detail/request_identity__rosidl_typesupport_fastrtps_c.h
[26.395s] -- Installing: /home/ros2/ws/install/unitree_api/include/unitree_api/unitree_api/msg/detail/response_status__rosidl_typesupport_fastrtps_c.h
[26.395s] -- Installing: /home/ros2/ws/install/unitree_api/include/unitree_api/unitree_api/msg/rosidl_typesupport_fastrtps_c__visibility_control.h
[26.395s] -- Installing: /home/ros2/ws/install/unitree_api/lib/libunitree_api__rosidl_typesupport_fastrtps_c.so
[26.398s] -- Set runtime path of "/home/ros2/ws/install/unitree_api/lib/libunitree_api__rosidl_typesupport_fastrtps_c.so" to ""
[26.398s] -- Up-to-date: /home/ros2/ws/install/unitree_api/include/unitree_api/unitree_api
[26.398s] -- Up-to-date: /home/ros2/ws/install/unitree_api/include/unitree_api/unitree_api/msg
[26.398s] -- Installing: /home/ros2/ws/install/unitree_api/include/unitree_api/unitree_api/msg/request_header.hpp
[26.398s] -- Installing: /home/ros2/ws/install/unitree_api/include/unitree_api/unitree_api/msg/request.hpp
[26.398s] -- Installing: /home/ros2/ws/install/unitree_api/include/unitree_api/unitree_api/msg/request_lease.hpp
[26.398s] -- Installing: /home/ros2/ws/install/unitree_api/include/unitree_api/unitree_api/msg/rosidl_generator_cpp__visibility_control.hpp
[26.398s] -- Installing: /home/ros2/ws/install/unitree_api/include/unitree_api/unitree_api/msg/response.hpp
[26.398s] -- Up-to-date: /home/ros2/ws/install/unitree_api/include/unitree_api/unitree_api/msg/detail
[26.398s] -- Installing: /home/ros2/ws/install/unitree_api/include/unitree_api/unitree_api/msg/detail/response_header__traits.hpp
[26.399s] -- Installing: /home/ros2/ws/install/unitree_api/include/unitree_api/unitree_api/msg/detail/request_header__type_support.hpp
[26.402s] -- Installing: /home/ros2/ws/install/unitree_api/include/unitree_api/unitree_api/msg/detail/request_header__traits.hpp
[26.402s] -- Installing: /home/ros2/ws/install/unitree_api/include/unitree_api/unitree_api/msg/detail/request__struct.hpp
[26.402s] -- Installing: /home/ros2/ws/install/unitree_api/include/unitree_api/unitree_api/msg/detail/response__type_support.hpp
[26.402s] -- Installing: /home/ros2/ws/install/unitree_api/include/unitree_api/unitree_api/msg/detail/request_lease__traits.hpp
[26.402s] -- Installing: /home/ros2/ws/install/unitree_api/include/unitree_api/unitree_api/msg/detail/response__traits.hpp
[26.402s] -- Installing: /home/ros2/ws/install/unitree_api/include/unitree_api/unitree_api/msg/detail/response__builder.hpp
[26.402s] -- Installing: /home/ros2/ws/install/unitree_api/include/unitree_api/unitree_api/msg/detail/response_header__struct.hpp
[26.402s] -- Installing: /home/ros2/ws/install/unitree_api/include/unitree_api/unitree_api/msg/detail/request_identity__struct.hpp
[26.403s] -- Installing: /home/ros2/ws/install/unitree_api/include/unitree_api/unitree_api/msg/detail/response_header__builder.hpp
[26.403s] -- Installing: /home/ros2/ws/install/unitree_api/include/unitree_api/unitree_api/msg/detail/request_identity__traits.hpp
[26.403s] -- Installing: /home/ros2/ws/install/unitree_api/include/unitree_api/unitree_api/msg/detail/request_lease__builder.hpp
[26.403s] -- Installing: /home/ros2/ws/install/unitree_api/include/unitree_api/unitree_api/msg/detail/response_status__type_support.hpp
[26.403s] -- Installing: /home/ros2/ws/install/unitree_api/include/unitree_api/unitree_api/msg/detail/response__struct.hpp
[26.403s] -- Installing: /home/ros2/ws/install/unitree_api/include/unitree_api/unitree_api/msg/detail/response_status__struct.hpp
[26.403s] -- Installing: /home/ros2/ws/install/unitree_api/include/unitree_api/unitree_api/msg/detail/request_lease__type_support.hpp
[26.403s] -- Installing: /home/ros2/ws/install/unitree_api/include/unitree_api/unitree_api/msg/detail/response_status__traits.hpp
[26.403s] -- Installing: /home/ros2/ws/install/unitree_api/include/unitree_api/unitree_api/msg/detail/request_policy__type_support.hpp
[26.403s] -- Installing: /home/ros2/ws/install/unitree_api/include/unitree_api/unitree_api/msg/detail/request_policy__struct.hpp
[26.403s] -- Installing: /home/ros2/ws/install/unitree_api/include/unitree_api/unitree_api/msg/detail/request_identity__type_support.hpp
[26.403s] -- Installing: /home/ros2/ws/install/unitree_api/include/unitree_api/unitree_api/msg/detail/request__builder.hpp
[26.404s] -- Installing: /home/ros2/ws/install/unitree_api/include/unitree_api/unitree_api/msg/detail/request_policy__builder.hpp
[26.404s] -- Installing: /home/ros2/ws/install/unitree_api/include/unitree_api/unitree_api/msg/detail/request__traits.hpp
[26.404s] -- Installing: /home/ros2/ws/install/unitree_api/include/unitree_api/unitree_api/msg/detail/request_header__struct.hpp
[26.404s] -- Installing: /home/ros2/ws/install/unitree_api/include/unitree_api/unitree_api/msg/detail/request_lease__struct.hpp
[26.404s] -- Installing: /home/ros2/ws/install/unitree_api/include/unitree_api/unitree_api/msg/detail/response_header__type_support.hpp
[26.406s] -- Installing: /home/ros2/ws/install/unitree_api/include/unitree_api/unitree_api/msg/detail/response_status__builder.hpp
[26.406s] -- Installing: /home/ros2/ws/install/unitree_api/include/unitree_api/unitree_api/msg/detail/request_header__builder.hpp
[26.406s] -- Installing: /home/ros2/ws/install/unitree_api/include/unitree_api/unitree_api/msg/detail/request__type_support.hpp
[26.407s] -- Installing: /home/ros2/ws/install/unitree_api/include/unitree_api/unitree_api/msg/detail/request_policy__traits.hpp
[26.407s] -- Installing: /home/ros2/ws/install/unitree_api/include/unitree_api/unitree_api/msg/detail/request_identity__builder.hpp
[26.408s] -- Installing: /home/ros2/ws/install/unitree_api/include/unitree_api/unitree_api/msg/request_identity.hpp
[26.408s] -- Installing: /home/ros2/ws/install/unitree_api/include/unitree_api/unitree_api/msg/response_header.hpp
[26.408s] -- Installing: /home/ros2/ws/install/unitree_api/include/unitree_api/unitree_api/msg/response_status.hpp
[26.408s] -- Installing: /home/ros2/ws/install/unitree_api/include/unitree_api/unitree_api/msg/request_policy.hpp
[26.408s] -- Up-to-date: /home/ros2/ws/install/unitree_api/include/unitree_api/unitree_api
[26.408s] -- Up-to-date: /home/ros2/ws/install/unitree_api/include/unitree_api/unitree_api/msg
[26.408s] -- Installing: /home/ros2/ws/install/unitree_api/include/unitree_api/unitree_api/msg/rosidl_typesupport_fastrtps_cpp__visibility_control.h
[26.409s] -- Up-to-date: /home/ros2/ws/install/unitree_api/include/unitree_api/unitree_api/msg/detail
[26.409s] -- Installing: /home/ros2/ws/install/unitree_api/include/unitree_api/unitree_api/msg/detail/response_header__rosidl_typesupport_fastrtps_cpp.hpp
[26.412s] -- Installing: /home/ros2/ws/install/unitree_api/include/unitree_api/unitree_api/msg/detail/response_status__rosidl_typesupport_fastrtps_cpp.hpp
[26.412s] -- Installing: /home/ros2/ws/install/unitree_api/include/unitree_api/unitree_api/msg/detail/dds_fastrtps
[26.412s] -- Installing: /home/ros2/ws/install/unitree_api/include/unitree_api/unitree_api/msg/detail/request_policy__rosidl_typesupport_fastrtps_cpp.hpp
[26.412s] -- Installing: /home/ros2/ws/install/unitree_api/include/unitree_api/unitree_api/msg/detail/request__rosidl_typesupport_fastrtps_cpp.hpp
[26.412s] -- Installing: /home/ros2/ws/install/unitree_api/include/unitree_api/unitree_api/msg/detail/response__rosidl_typesupport_fastrtps_cpp.hpp
[26.412s] -- Installing: /home/ros2/ws/install/unitree_api/include/unitree_api/unitree_api/msg/detail/request_lease__rosidl_typesupport_fastrtps_cpp.hpp
[26.412s] -- Installing: /home/ros2/ws/install/unitree_api/include/unitree_api/unitree_api/msg/detail/request_identity__rosidl_typesupport_fastrtps_cpp.hpp
[26.413s] -- Installing: /home/ros2/ws/install/unitree_api/include/unitree_api/unitree_api/msg/detail/request_header__rosidl_typesupport_fastrtps_cpp.hpp
[26.413s] -- Installing: /home/ros2/ws/install/unitree_api/lib/libunitree_api__rosidl_typesupport_fastrtps_cpp.so
[26.413s] -- Set runtime path of "/home/ros2/ws/install/unitree_api/lib/libunitree_api__rosidl_typesupport_fastrtps_cpp.so" to ""
[26.413s] -- Up-to-date: /home/ros2/ws/install/unitree_api/include/unitree_api/unitree_api
[26.413s] -- Up-to-date: /home/ros2/ws/install/unitree_api/include/unitree_api/unitree_api/msg
[26.413s] -- Up-to-date: /home/ros2/ws/install/unitree_api/include/unitree_api/unitree_api/msg/detail
[26.413s] -- Installing: /home/ros2/ws/install/unitree_api/include/unitree_api/unitree_api/msg/detail/request_header__type_support.c
[26.413s] -- Installing: /home/ros2/ws/install/unitree_api/include/unitree_api/unitree_api/msg/detail/response_header__type_support.c
[26.413s] -- Installing: /home/ros2/ws/install/unitree_api/include/unitree_api/unitree_api/msg/detail/request_policy__type_support.c
[26.414s] -- Installing: /home/ros2/ws/install/unitree_api/include/unitree_api/unitree_api/msg/detail/request__rosidl_typesupport_introspection_c.h
[26.414s] -- Installing: /home/ros2/ws/install/unitree_api/include/unitree_api/unitree_api/msg/detail/request_lease__rosidl_typesupport_introspection_c.h
[26.414s] -- Installing: /home/ros2/ws/install/unitree_api/include/unitree_api/unitree_api/msg/detail/response__type_support.c
[26.414s] -- Installing: /home/ros2/ws/install/unitree_api/include/unitree_api/unitree_api/msg/detail/request_identity__rosidl_typesupport_introspection_c.h
[26.414s] -- Installing: /home/ros2/ws/install/unitree_api/include/unitree_api/unitree_api/msg/detail/request_identity__type_support.c
[26.414s] -- Installing: /home/ros2/ws/install/unitree_api/include/unitree_api/unitree_api/msg/detail/response_status__rosidl_typesupport_introspection_c.h
[26.414s] -- Installing: /home/ros2/ws/install/unitree_api/include/unitree_api/unitree_api/msg/detail/request__type_support.c
[26.414s] -- Installing: /home/ros2/ws/install/unitree_api/include/unitree_api/unitree_api/msg/detail/response_status__type_support.c
[26.415s] -- Installing: /home/ros2/ws/install/unitree_api/include/unitree_api/unitree_api/msg/detail/request_lease__type_support.c
[26.415s] -- Installing: /home/ros2/ws/install/unitree_api/include/unitree_api/unitree_api/msg/detail/request_policy__rosidl_typesupport_introspection_c.h
[26.421s] -- Installing: /home/ros2/ws/install/unitree_api/include/unitree_api/unitree_api/msg/detail/request_header__rosidl_typesupport_introspection_c.h
[26.421s] -- Installing: /home/ros2/ws/install/unitree_api/include/unitree_api/unitree_api/msg/detail/response_header__rosidl_typesupport_introspection_c.h
[26.421s] -- Installing: /home/ros2/ws/install/unitree_api/include/unitree_api/unitree_api/msg/detail/response__rosidl_typesupport_introspection_c.h
[26.421s] -- Installing: /home/ros2/ws/install/unitree_api/include/unitree_api/unitree_api/msg/rosidl_typesupport_introspection_c__visibility_control.h
[26.421s] -- Installing: /home/ros2/ws/install/unitree_api/lib/libunitree_api__rosidl_typesupport_introspection_c.so
[26.421s] -- Set runtime path of "/home/ros2/ws/install/unitree_api/lib/libunitree_api__rosidl_typesupport_introspection_c.so" to ""
[26.421s] -- Installing: /home/ros2/ws/install/unitree_api/lib/libunitree_api__rosidl_typesupport_c.so
[26.422s] -- Set runtime path of "/home/ros2/ws/install/unitree_api/lib/libunitree_api__rosidl_typesupport_c.so" to ""
[26.422s] -- Up-to-date: /home/ros2/ws/install/unitree_api/include/unitree_api/unitree_api
[26.422s] -- Up-to-date: /home/ros2/ws/install/unitree_api/include/unitree_api/unitree_api/msg
[26.422s] -- Up-to-date: /home/ros2/ws/install/unitree_api/include/unitree_api/unitree_api/msg/detail
[26.422s] -- Installing: /home/ros2/ws/install/unitree_api/include/unitree_api/unitree_api/msg/detail/request_identity__rosidl_typesupport_introspection_cpp.hpp
[26.422s] -- Installing: /home/ros2/ws/install/unitree_api/include/unitree_api/unitree_api/msg/detail/request_policy__rosidl_typesupport_introspection_cpp.hpp
[26.422s] -- Installing: /home/ros2/ws/install/unitree_api/include/unitree_api/unitree_api/msg/detail/request__type_support.cpp
[26.422s] -- Installing: /home/ros2/ws/install/unitree_api/include/unitree_api/unitree_api/msg/detail/request_header__type_support.cpp
[26.422s] -- Installing: /home/ros2/ws/install/unitree_api/include/unitree_api/unitree_api/msg/detail/response_header__rosidl_typesupport_introspection_cpp.hpp
[26.422s] -- Installing: /home/ros2/ws/install/unitree_api/include/unitree_api/unitree_api/msg/detail/request_policy__type_support.cpp
[26.426s] -- Installing: /home/ros2/ws/install/unitree_api/include/unitree_api/unitree_api/msg/detail/request_lease__type_support.cpp
[26.426s] -- Installing: /home/ros2/ws/install/unitree_api/include/unitree_api/unitree_api/msg/detail/response_header__type_support.cpp
[26.426s] -- Installing: /home/ros2/ws/install/unitree_api/include/unitree_api/unitree_api/msg/detail/request_lease__rosidl_typesupport_introspection_cpp.hpp
[26.426s] -- Installing: /home/ros2/ws/install/unitree_api/include/unitree_api/unitree_api/msg/detail/response_status__type_support.cpp
[26.426s] -- Installing: /home/ros2/ws/install/unitree_api/include/unitree_api/unitree_api/msg/detail/response_status__rosidl_typesupport_introspection_cpp.hpp
[26.426s] -- Installing: /home/ros2/ws/install/unitree_api/include/unitree_api/unitree_api/msg/detail/request__rosidl_typesupport_introspection_cpp.hpp
[26.426s] -- Installing: /home/ros2/ws/install/unitree_api/include/unitree_api/unitree_api/msg/detail/request_header__rosidl_typesupport_introspection_cpp.hpp
[26.426s] -- Installing: /home/ros2/ws/install/unitree_api/include/unitree_api/unitree_api/msg/detail/request_identity__type_support.cpp
[26.427s] -- Installing: /home/ros2/ws/install/unitree_api/include/unitree_api/unitree_api/msg/detail/response__rosidl_typesupport_introspection_cpp.hpp
[26.427s] -- Installing: /home/ros2/ws/install/unitree_api/include/unitree_api/unitree_api/msg/detail/response__type_support.cpp
[26.427s] -- Installing: /home/ros2/ws/install/unitree_api/lib/libunitree_api__rosidl_typesupport_introspection_cpp.so
[26.430s] -- Set runtime path of "/home/ros2/ws/install/unitree_api/lib/libunitree_api__rosidl_typesupport_introspection_cpp.so" to ""
[26.430s] -- Installing: /home/ros2/ws/install/unitree_api/lib/libunitree_api__rosidl_typesupport_cpp.so
[26.430s] -- Set runtime path of "/home/ros2/ws/install/unitree_api/lib/libunitree_api__rosidl_typesupport_cpp.so" to ""
[26.430s] -- Installing: /home/ros2/ws/install/unitree_api/share/unitree_api/environment/pythonpath.sh
[26.430s] -- Installing: /home/ros2/ws/install/unitree_api/share/unitree_api/environment/pythonpath.dsv
[26.434s] -- Installing: /home/ros2/ws/install/unitree_api/local/lib/python3.10/dist-packages/unitree_api-0.0.0-py3.10.egg-info
[26.434s] -- Installing: /home/ros2/ws/install/unitree_api/local/lib/python3.10/dist-packages/unitree_api-0.0.0-py3.10.egg-info/top_level.txt
[26.434s] -- Installing: /home/ros2/ws/install/unitree_api/local/lib/python3.10/dist-packages/unitree_api-0.0.0-py3.10.egg-info/SOURCES.txt
[26.434s] -- Installing: /home/ros2/ws/install/unitree_api/local/lib/python3.10/dist-packages/unitree_api-0.0.0-py3.10.egg-info/PKG-INFO
[26.434s] -- Installing: /home/ros2/ws/install/unitree_api/local/lib/python3.10/dist-packages/unitree_api-0.0.0-py3.10.egg-info/dependency_links.txt
[26.434s] -- Installing: /home/ros2/ws/install/unitree_api/local/lib/python3.10/dist-packages/unitree_api
[26.434s] -- Installing: /home/ros2/ws/install/unitree_api/local/lib/python3.10/dist-packages/unitree_api/_unitree_api_s.ep.rosidl_typesupport_c.c
[26.434s] -- Installing: /home/ros2/ws/install/unitree_api/local/lib/python3.10/dist-packages/unitree_api/unitree_api_s__rosidl_typesupport_fastrtps_c.cpython-310-x86_64-linux-gnu.so
[26.435s] -- Installing: /home/ros2/ws/install/unitree_api/local/lib/python3.10/dist-packages/unitree_api/libunitree_api__rosidl_generator_py.so
[26.435s] -- Installing: /home/ros2/ws/install/unitree_api/local/lib/python3.10/dist-packages/unitree_api/unitree_api_s__rosidl_typesupport_introspection_c.cpython-310-x86_64-linux-gnu.so
[26.435s] -- Installing: /home/ros2/ws/install/unitree_api/local/lib/python3.10/dist-packages/unitree_api/msg
[26.435s] -- Installing: /home/ros2/ws/install/unitree_api/local/lib/python3.10/dist-packages/unitree_api/msg/_response_status.py
[26.435s] -- Installing: /home/ros2/ws/install/unitree_api/local/lib/python3.10/dist-packages/unitree_api/msg/_request.py
[26.435s] -- Installing: /home/ros2/ws/install/unitree_api/local/lib/python3.10/dist-packages/unitree_api/msg/_request_policy.py
[26.435s] -- Installing: /home/ros2/ws/install/unitree_api/local/lib/python3.10/dist-packages/unitree_api/msg/_request_policy_s.c
[26.435s] -- Installing: /home/ros2/ws/install/unitree_api/local/lib/python3.10/dist-packages/unitree_api/msg/_response_s.c
[26.435s] -- Installing: /home/ros2/ws/install/unitree_api/local/lib/python3.10/dist-packages/unitree_api/msg/_response.py
[26.435s] -- Installing: /home/ros2/ws/install/unitree_api/local/lib/python3.10/dist-packages/unitree_api/msg/_response_header_s.c
[26.436s] -- Installing: /home/ros2/ws/install/unitree_api/local/lib/python3.10/dist-packages/unitree_api/msg/_response_status_s.c
[26.436s] -- Installing: /home/ros2/ws/install/unitree_api/local/lib/python3.10/dist-packages/unitree_api/msg/_request_identity_s.c
[26.436s] -- Installing: /home/ros2/ws/install/unitree_api/local/lib/python3.10/dist-packages/unitree_api/msg/_request_s.c
[26.436s] -- Installing: /home/ros2/ws/install/unitree_api/local/lib/python3.10/dist-packages/unitree_api/msg/_request_lease.py
[26.437s] -- Installing: /home/ros2/ws/install/unitree_api/local/lib/python3.10/dist-packages/unitree_api/msg/_response_header.py
[26.437s] -- Installing: /home/ros2/ws/install/unitree_api/local/lib/python3.10/dist-packages/unitree_api/msg/_request_identity.py
[26.437s] -- Installing: /home/ros2/ws/install/unitree_api/local/lib/python3.10/dist-packages/unitree_api/msg/_request_header_s.c
[26.437s] -- Installing: /home/ros2/ws/install/unitree_api/local/lib/python3.10/dist-packages/unitree_api/msg/_request_header.py
[26.437s] -- Installing: /home/ros2/ws/install/unitree_api/local/lib/python3.10/dist-packages/unitree_api/msg/_request_lease_s.c
[26.437s] -- Installing: /home/ros2/ws/install/unitree_api/local/lib/python3.10/dist-packages/unitree_api/msg/__init__.py
[26.437s] -- Installing: /home/ros2/ws/install/unitree_api/local/lib/python3.10/dist-packages/unitree_api/_unitree_api_s.ep.rosidl_typesupport_introspection_c.c
[26.438s] -- Installing: /home/ros2/ws/install/unitree_api/local/lib/python3.10/dist-packages/unitree_api/unitree_api_s__rosidl_typesupport_c.cpython-310-x86_64-linux-gnu.so
[26.438s] -- Installing: /home/ros2/ws/install/unitree_api/local/lib/python3.10/dist-packages/unitree_api/_unitree_api_s.ep.rosidl_typesupport_fastrtps_c.c
[26.440s] -- Installing: /home/ros2/ws/install/unitree_api/local/lib/python3.10/dist-packages/unitree_api/__init__.py
[26.538s] Listing '/home/ros2/ws/install/unitree_api/local/lib/python3.10/dist-packages/unitree_api'...
[26.538s] Compiling '/home/ros2/ws/install/unitree_api/local/lib/python3.10/dist-packages/unitree_api/__init__.py'...
[26.538s] Listing '/home/ros2/ws/install/unitree_api/local/lib/python3.10/dist-packages/unitree_api/msg'...
[26.538s] Compiling '/home/ros2/ws/install/unitree_api/local/lib/python3.10/dist-packages/unitree_api/msg/__init__.py'...
[26.538s] Compiling '/home/ros2/ws/install/unitree_api/local/lib/python3.10/dist-packages/unitree_api/msg/_request.py'...
[26.538s] Compiling '/home/ros2/ws/install/unitree_api/local/lib/python3.10/dist-packages/unitree_api/msg/_request_header.py'...
[26.538s] Compiling '/home/ros2/ws/install/unitree_api/local/lib/python3.10/dist-packages/unitree_api/msg/_request_identity.py'...
[26.538s] Compiling '/home/ros2/ws/install/unitree_api/local/lib/python3.10/dist-packages/unitree_api/msg/_request_lease.py'...
[26.538s] Compiling '/home/ros2/ws/install/unitree_api/local/lib/python3.10/dist-packages/unitree_api/msg/_request_policy.py'...
[26.539s] Compiling '/home/ros2/ws/install/unitree_api/local/lib/python3.10/dist-packages/unitree_api/msg/_response.py'...
[26.539s] Compiling '/home/ros2/ws/install/unitree_api/local/lib/python3.10/dist-packages/unitree_api/msg/_response_header.py'...
[26.539s] Compiling '/home/ros2/ws/install/unitree_api/local/lib/python3.10/dist-packages/unitree_api/msg/_response_status.py'...
[26.545s] -- Installing: /home/ros2/ws/install/unitree_api/local/lib/python3.10/dist-packages/unitree_api/unitree_api_s__rosidl_typesupport_fastrtps_c.cpython-310-x86_64-linux-gnu.so
[26.545s] -- Set runtime path of "/home/ros2/ws/install/unitree_api/local/lib/python3.10/dist-packages/unitree_api/unitree_api_s__rosidl_typesupport_fastrtps_c.cpython-310-x86_64-linux-gnu.so" to ""
[26.546s] -- Installing: /home/ros2/ws/install/unitree_api/local/lib/python3.10/dist-packages/unitree_api/unitree_api_s__rosidl_typesupport_introspection_c.cpython-310-x86_64-linux-gnu.so
[26.547s] -- Set runtime path of "/home/ros2/ws/install/unitree_api/local/lib/python3.10/dist-packages/unitree_api/unitree_api_s__rosidl_typesupport_introspection_c.cpython-310-x86_64-linux-gnu.so" to ""
[26.547s] -- Installing: /home/ros2/ws/install/unitree_api/local/lib/python3.10/dist-packages/unitree_api/unitree_api_s__rosidl_typesupport_c.cpython-310-x86_64-linux-gnu.so
[26.548s] -- Set runtime path of "/home/ros2/ws/install/unitree_api/local/lib/python3.10/dist-packages/unitree_api/unitree_api_s__rosidl_typesupport_c.cpython-310-x86_64-linux-gnu.so" to ""
[26.548s] -- Installing: /home/ros2/ws/install/unitree_api/lib/libunitree_api__rosidl_generator_py.so
[26.549s] -- Set runtime path of "/home/ros2/ws/install/unitree_api/lib/libunitree_api__rosidl_generator_py.so" to ""
[26.549s] -- Installing: /home/ros2/ws/install/unitree_api/share/ament_index/resource_index/rust_packages/unitree_api
[26.550s] -- Installing: /home/ros2/ws/install/unitree_api/share/unitree_api/rust
[26.550s] -- Installing: /home/ros2/ws/install/unitree_api/share/unitree_api/rust/build.rs
[26.550s] -- Installing: /home/ros2/ws/install/unitree_api/share/unitree_api/rust/src
[26.550s] -- Installing: /home/ros2/ws/install/unitree_api/share/unitree_api/rust/src/lib.rs
[26.551s] -- Installing: /home/ros2/ws/install/unitree_api/share/unitree_api/rust/src/msg.rs
[26.551s] -- Installing: /home/ros2/ws/install/unitree_api/share/unitree_api/rust/src/msg
[26.551s] -- Installing: /home/ros2/ws/install/unitree_api/share/unitree_api/rust/src/msg/rmw.rs
[26.552s] -- Installing: /home/ros2/ws/install/unitree_api/share/unitree_api/rust/Cargo.toml
[26.552s] -- Installing: /home/ros2/ws/install/unitree_api/share/unitree_api/msg/Request.idl
[26.552s] -- Installing: /home/ros2/ws/install/unitree_api/share/unitree_api/msg/RequestHeader.idl
[26.553s] -- Installing: /home/ros2/ws/install/unitree_api/share/unitree_api/msg/RequestIdentity.idl
[26.553s] -- Installing: /home/ros2/ws/install/unitree_api/share/unitree_api/msg/RequestLease.idl
[26.553s] -- Installing: /home/ros2/ws/install/unitree_api/share/unitree_api/msg/RequestPolicy.idl
[26.554s] -- Installing: /home/ros2/ws/install/unitree_api/share/unitree_api/msg/Response.idl
[26.554s] -- Installing: /home/ros2/ws/install/unitree_api/share/unitree_api/msg/ResponseHeader.idl
[26.555s] -- Installing: /home/ros2/ws/install/unitree_api/share/unitree_api/msg/ResponseStatus.idl
[26.555s] -- Installing: /home/ros2/ws/install/unitree_api/share/unitree_api/msg/Request.msg
[26.556s] -- Installing: /home/ros2/ws/install/unitree_api/share/unitree_api/msg/RequestHeader.msg
[26.556s] -- Installing: /home/ros2/ws/install/unitree_api/share/unitree_api/msg/RequestIdentity.msg
[26.556s] -- Installing: /home/ros2/ws/install/unitree_api/share/unitree_api/msg/RequestLease.msg
[26.557s] -- Installing: /home/ros2/ws/install/unitree_api/share/unitree_api/msg/RequestPolicy.msg
[26.557s] -- Installing: /home/ros2/ws/install/unitree_api/share/unitree_api/msg/Response.msg
[26.557s] -- Installing: /home/ros2/ws/install/unitree_api/share/unitree_api/msg/ResponseHeader.msg
[26.558s] -- Installing: /home/ros2/ws/install/unitree_api/share/unitree_api/msg/ResponseStatus.msg
[26.558s] -- Installing: /home/ros2/ws/install/unitree_api/share/unitree_api/msg/dds_connext
[26.558s] -- Installing: /home/ros2/ws/install/unitree_api/share/unitree_api/msg/dds_connext/RequestLease_.idl
[26.559s] -- Installing: /home/ros2/ws/install/unitree_api/share/unitree_api/msg/dds_connext/ResponseHeader_.idl
[26.559s] -- Installing: /home/ros2/ws/install/unitree_api/share/unitree_api/msg/dds_connext/RequestHeader_.idl
[26.559s] -- Installing: /home/ros2/ws/install/unitree_api/share/unitree_api/msg/dds_connext/RequestPolicy_.idl
[26.560s] -- Installing: /home/ros2/ws/install/unitree_api/share/unitree_api/msg/dds_connext/RequestIdentity_.idl
[26.560s] -- Installing: /home/ros2/ws/install/unitree_api/share/unitree_api/msg/dds_connext/ResponseStatus_.idl
[26.560s] -- Installing: /home/ros2/ws/install/unitree_api/share/unitree_api/msg/dds_connext/Request_.idl
[26.561s] -- Installing: /home/ros2/ws/install/unitree_api/share/unitree_api/msg/dds_connext/Response_.idl
[26.561s] -- Installing: /home/ros2/ws/install/unitree_api/share/ament_index/resource_index/package_run_dependencies/unitree_api
[26.562s] -- Installing: /home/ros2/ws/install/unitree_api/share/ament_index/resource_index/parent_prefix_path/unitree_api
[26.562s] -- Installing: /home/ros2/ws/install/unitree_api/share/unitree_api/environment/ament_prefix_path.sh
[26.563s] -- Installing: /home/ros2/ws/install/unitree_api/share/unitree_api/environment/ament_prefix_path.dsv
[26.563s] -- Installing: /home/ros2/ws/install/unitree_api/share/unitree_api/environment/path.sh
[26.563s] -- Installing: /home/ros2/ws/install/unitree_api/share/unitree_api/environment/path.dsv
[26.563s] -- Installing: /home/ros2/ws/install/unitree_api/share/unitree_api/local_setup.bash
[26.564s] -- Installing: /home/ros2/ws/install/unitree_api/share/unitree_api/local_setup.sh
[26.564s] -- Installing: /home/ros2/ws/install/unitree_api/share/unitree_api/local_setup.zsh
[26.565s] -- Installing: /home/ros2/ws/install/unitree_api/share/unitree_api/local_setup.dsv
[26.565s] -- Installing: /home/ros2/ws/install/unitree_api/share/unitree_api/package.dsv
[26.565s] -- Installing: /home/ros2/ws/install/unitree_api/share/ament_index/resource_index/packages/unitree_api
[26.566s] -- Installing: /home/ros2/ws/install/unitree_api/share/unitree_api/cmake/export_unitree_api__rosidl_generator_cExport.cmake
[26.566s] -- Installing: /home/ros2/ws/install/unitree_api/share/unitree_api/cmake/export_unitree_api__rosidl_generator_cExport-noconfig.cmake
[26.567s] -- Installing: /home/ros2/ws/install/unitree_api/share/unitree_api/cmake/export_unitree_api__rosidl_typesupport_fastrtps_cExport.cmake
[26.567s] -- Installing: /home/ros2/ws/install/unitree_api/share/unitree_api/cmake/export_unitree_api__rosidl_typesupport_fastrtps_cExport-noconfig.cmake
[26.567s] -- Installing: /home/ros2/ws/install/unitree_api/share/unitree_api/cmake/export_unitree_api__rosidl_generator_cppExport.cmake
[26.568s] -- Installing: /home/ros2/ws/install/unitree_api/share/unitree_api/cmake/export_unitree_api__rosidl_typesupport_fastrtps_cppExport.cmake
[26.568s] -- Installing: /home/ros2/ws/install/unitree_api/share/unitree_api/cmake/export_unitree_api__rosidl_typesupport_fastrtps_cppExport-noconfig.cmake
[26.569s] -- Installing: /home/ros2/ws/install/unitree_api/share/unitree_api/cmake/unitree_api__rosidl_typesupport_introspection_cExport.cmake
[26.569s] -- Installing: /home/ros2/ws/install/unitree_api/share/unitree_api/cmake/unitree_api__rosidl_typesupport_introspection_cExport-noconfig.cmake
[26.570s] -- Installing: /home/ros2/ws/install/unitree_api/share/unitree_api/cmake/unitree_api__rosidl_typesupport_cExport.cmake
[26.570s] -- Installing: /home/ros2/ws/install/unitree_api/share/unitree_api/cmake/unitree_api__rosidl_typesupport_cExport-noconfig.cmake
[26.570s] -- Installing: /home/ros2/ws/install/unitree_api/share/unitree_api/cmake/unitree_api__rosidl_typesupport_introspection_cppExport.cmake
[26.571s] -- Installing: /home/ros2/ws/install/unitree_api/share/unitree_api/cmake/unitree_api__rosidl_typesupport_introspection_cppExport-noconfig.cmake
[26.571s] -- Installing: /home/ros2/ws/install/unitree_api/share/unitree_api/cmake/unitree_api__rosidl_typesupport_cppExport.cmake
[26.571s] -- Installing: /home/ros2/ws/install/unitree_api/share/unitree_api/cmake/unitree_api__rosidl_typesupport_cppExport-noconfig.cmake
[26.572s] -- Installing: /home/ros2/ws/install/unitree_api/share/unitree_api/cmake/export_unitree_api__rosidl_generator_pyExport.cmake
[26.572s] -- Installing: /home/ros2/ws/install/unitree_api/share/unitree_api/cmake/export_unitree_api__rosidl_generator_pyExport-noconfig.cmake
[26.573s] -- Installing: /home/ros2/ws/install/unitree_api/share/unitree_api/cmake/rosidl_cmake-extras.cmake
[26.573s] -- Installing: /home/ros2/ws/install/unitree_api/share/unitree_api/cmake/ament_cmake_export_dependencies-extras.cmake
[26.573s] -- Installing: /home/ros2/ws/install/unitree_api/share/unitree_api/cmake/ament_cmake_export_include_directories-extras.cmake
[26.574s] -- Installing: /home/ros2/ws/install/unitree_api/share/unitree_api/cmake/ament_cmake_export_libraries-extras.cmake
[26.574s] -- Installing: /home/ros2/ws/install/unitree_api/share/unitree_api/cmake/ament_cmake_export_targets-extras.cmake
[26.575s] -- Installing: /home/ros2/ws/install/unitree_api/share/unitree_api/cmake/rosidl_cmake_export_typesupport_targets-extras.cmake
[26.575s] -- Installing: /home/ros2/ws/install/unitree_api/share/unitree_api/cmake/rosidl_cmake_export_typesupport_libraries-extras.cmake
[26.576s] -- Installing: /home/ros2/ws/install/unitree_api/share/unitree_api/cmake/unitree_apiConfig.cmake
[26.576s] -- Installing: /home/ros2/ws/install/unitree_api/share/unitree_api/cmake/unitree_apiConfig-version.cmake
[26.576s] -- Installing: /home/ros2/ws/install/unitree_api/share/unitree_api/package.xml
[26.580s] Invoked command in '/home/ros2/ws/build/unitree_api' returned '0': CMAKE_PREFIX_PATH=/opt/ros/humble /usr/bin/cmake --install /home/ros2/ws/build/unitree_api
