[0.791s] Invoking command in '/home/ros2/ws/build/hesai_ros_driver': CMAKE_PREFIX_PATH=${CMAKE_PREFIX_PATH}:/home/ros2/ws/install/go2_cmd_processor:/home/ros2/ws/install/image_processing:/home/ros2/ws/install/go2_slam_nav:/home/ros2/ws/install/frontier:/opt/ros/humble /usr/bin/cmake --build /home/ros2/ws/build/hesai_ros_driver -- -j8 -l8
[0.832s] [  1%] Built target hesai_ros_driver__rs
[0.832s] [  3%] Built target log_lib
[0.833s] [  4%] Built target hesai_ros_driver__cpp
[0.834s] [ 12%] Built target hesai_ros_driver__rosidl_generator_c
[0.843s] [ 12%] Built target ament_cmake_python_copy_hesai_ros_driver
[0.864s] [ 19%] Built target platutils_lib
[0.864s] [ 23%] Built target hesai_ros_driver__rosidl_typesupport_c
[0.864s] [ 34%] Built target hesai_ros_driver__rosidl_typesupport_fastrtps_c
[0.864s] [ 39%] Built target hesai_ros_driver__rosidl_typesupport_introspection_c
[0.870s] [ 47%] Built target hesai_ros_driver__rosidl_typesupport_cpp
[0.872s] [ 55%] Built target hesai_ros_driver__rosidl_typesupport_introspection_cpp
[0.874s] [ 62%] Built target hesai_ros_driver__rosidl_typesupport_fastrtps_cpp
[0.886s] [ 70%] Built target source_lib
[0.890s] [ 70%] Built target hesai_ros_driver
[0.897s] [ 79%] Built target ptcClient_lib
[0.904s] [ 82%] Built target serialClient_lib
[0.905s] [ 83%] Built target hesai_ros_driver__py
[0.925s] [ 89%] Built target hesai_ros_driver__rosidl_generator_py
[0.936s] [ 93%] Built target hesai_ros_driver_node
[0.946s] [ 95%] Built target hesai_ros_driver__rosidl_typesupport_introspection_c__pyext
[0.946s] [ 97%] Built target hesai_ros_driver__rosidl_typesupport_fastrtps_c__pyext
[0.949s] [100%] Built target hesai_ros_driver__rosidl_typesupport_c__pyext
[1.182s] running egg_info
[1.182s] writing hesai_ros_driver.egg-info/PKG-INFO
[1.182s] writing dependency_links to hesai_ros_driver.egg-info/dependency_links.txt
[1.182s] writing top-level names to hesai_ros_driver.egg-info/top_level.txt
[1.182s] reading manifest file 'hesai_ros_driver.egg-info/SOURCES.txt'
[1.182s] writing manifest file 'hesai_ros_driver.egg-info/SOURCES.txt'
[1.191s] [100%] Built target ament_cmake_python_build_hesai_ros_driver_egg
[1.263s] Invoked command in '/home/ros2/ws/build/hesai_ros_driver' returned '0': CMAKE_PREFIX_PATH=${CMAKE_PREFIX_PATH}:/home/ros2/ws/install/go2_cmd_processor:/home/ros2/ws/install/image_processing:/home/ros2/ws/install/go2_slam_nav:/home/ros2/ws/install/frontier:/opt/ros/humble /usr/bin/cmake --build /home/ros2/ws/build/hesai_ros_driver -- -j8 -l8
[1.264s] Invoking command in '/home/ros2/ws/build/hesai_ros_driver': CMAKE_PREFIX_PATH=${CMAKE_PREFIX_PATH}:/home/ros2/ws/install/go2_cmd_processor:/home/ros2/ws/install/image_processing:/home/ros2/ws/install/go2_slam_nav:/home/ros2/ws/install/frontier:/opt/ros/humble /usr/bin/cmake --install /home/ros2/ws/build/hesai_ros_driver
[1.277s] -- Install configuration: "Release"
[1.277s] -- Up-to-date: /home/ros2/ws/install/hesai_ros_driver/share/ament_index/resource_index/rosidl_interfaces/hesai_ros_driver
[1.277s] -- Up-to-date: /home/ros2/ws/install/hesai_ros_driver/include/hesai_ros_driver/hesai_ros_driver
[1.277s] -- Up-to-date: /home/ros2/ws/install/hesai_ros_driver/include/hesai_ros_driver/hesai_ros_driver/msg
[1.277s] -- Up-to-date: /home/ros2/ws/install/hesai_ros_driver/include/hesai_ros_driver/hesai_ros_driver/msg/ptp.h
[1.277s] -- Up-to-date: /home/ros2/ws/install/hesai_ros_driver/include/hesai_ros_driver/hesai_ros_driver/msg/detail
[1.277s] -- Up-to-date: /home/ros2/ws/install/hesai_ros_driver/include/hesai_ros_driver/hesai_ros_driver/msg/detail/firetime__functions.h
[1.277s] -- Up-to-date: /home/ros2/ws/install/hesai_ros_driver/include/hesai_ros_driver/hesai_ros_driver/msg/detail/loss_packet__functions.h
[1.278s] -- Up-to-date: /home/ros2/ws/install/hesai_ros_driver/include/hesai_ros_driver/hesai_ros_driver/msg/detail/udp_packet__functions.c
[1.278s] -- Up-to-date: /home/ros2/ws/install/hesai_ros_driver/include/hesai_ros_driver/hesai_ros_driver/msg/detail/firetime__struct.h
[1.278s] -- Up-to-date: /home/ros2/ws/install/hesai_ros_driver/include/hesai_ros_driver/hesai_ros_driver/msg/detail/loss_packet__struct.h
[1.278s] -- Up-to-date: /home/ros2/ws/install/hesai_ros_driver/include/hesai_ros_driver/hesai_ros_driver/msg/detail/ptp__type_support.h
[1.278s] -- Up-to-date: /home/ros2/ws/install/hesai_ros_driver/include/hesai_ros_driver/hesai_ros_driver/msg/detail/ptp__functions.h
[1.279s] -- Up-to-date: /home/ros2/ws/install/hesai_ros_driver/include/hesai_ros_driver/hesai_ros_driver/msg/detail/loss_packet__type_support.h
[1.279s] -- Up-to-date: /home/ros2/ws/install/hesai_ros_driver/include/hesai_ros_driver/hesai_ros_driver/msg/detail/ptp__struct.h
[1.279s] -- Up-to-date: /home/ros2/ws/install/hesai_ros_driver/include/hesai_ros_driver/hesai_ros_driver/msg/detail/loss_packet__functions.c
[1.279s] -- Up-to-date: /home/ros2/ws/install/hesai_ros_driver/include/hesai_ros_driver/hesai_ros_driver/msg/detail/udp_frame__type_support.h
[1.279s] -- Up-to-date: /home/ros2/ws/install/hesai_ros_driver/include/hesai_ros_driver/hesai_ros_driver/msg/detail/udp_packet__functions.h
[1.279s] -- Up-to-date: /home/ros2/ws/install/hesai_ros_driver/include/hesai_ros_driver/hesai_ros_driver/msg/detail/firetime__type_support.h
[1.279s] -- Up-to-date: /home/ros2/ws/install/hesai_ros_driver/include/hesai_ros_driver/hesai_ros_driver/msg/detail/udp_frame__struct.h
[1.279s] -- Up-to-date: /home/ros2/ws/install/hesai_ros_driver/include/hesai_ros_driver/hesai_ros_driver/msg/detail/udp_packet__struct.h
[1.279s] -- Up-to-date: /home/ros2/ws/install/hesai_ros_driver/include/hesai_ros_driver/hesai_ros_driver/msg/detail/udp_frame__functions.c
[1.279s] -- Up-to-date: /home/ros2/ws/install/hesai_ros_driver/include/hesai_ros_driver/hesai_ros_driver/msg/detail/udp_frame__functions.h
[1.280s] -- Up-to-date: /home/ros2/ws/install/hesai_ros_driver/include/hesai_ros_driver/hesai_ros_driver/msg/detail/ptp__functions.c
[1.280s] -- Up-to-date: /home/ros2/ws/install/hesai_ros_driver/include/hesai_ros_driver/hesai_ros_driver/msg/detail/udp_packet__type_support.h
[1.280s] -- Up-to-date: /home/ros2/ws/install/hesai_ros_driver/include/hesai_ros_driver/hesai_ros_driver/msg/detail/firetime__functions.c
[1.280s] -- Up-to-date: /home/ros2/ws/install/hesai_ros_driver/include/hesai_ros_driver/hesai_ros_driver/msg/firetime.h
[1.280s] -- Up-to-date: /home/ros2/ws/install/hesai_ros_driver/include/hesai_ros_driver/hesai_ros_driver/msg/udp_frame.h
[1.280s] -- Up-to-date: /home/ros2/ws/install/hesai_ros_driver/include/hesai_ros_driver/hesai_ros_driver/msg/loss_packet.h
[1.281s] -- Up-to-date: /home/ros2/ws/install/hesai_ros_driver/include/hesai_ros_driver/hesai_ros_driver/msg/rosidl_generator_c__visibility_control.h
[1.281s] -- Up-to-date: /home/ros2/ws/install/hesai_ros_driver/include/hesai_ros_driver/hesai_ros_driver/msg/udp_packet.h
[1.281s] -- Up-to-date: /home/ros2/ws/install/hesai_ros_driver/share/hesai_ros_driver/environment/library_path.sh
[1.281s] -- Up-to-date: /home/ros2/ws/install/hesai_ros_driver/share/hesai_ros_driver/environment/library_path.dsv
[1.281s] -- Up-to-date: /home/ros2/ws/install/hesai_ros_driver/lib/libhesai_ros_driver__rosidl_generator_c.so
[1.281s] -- Up-to-date: /home/ros2/ws/install/hesai_ros_driver/include/hesai_ros_driver/hesai_ros_driver
[1.281s] -- Up-to-date: /home/ros2/ws/install/hesai_ros_driver/include/hesai_ros_driver/hesai_ros_driver/msg
[1.281s] -- Up-to-date: /home/ros2/ws/install/hesai_ros_driver/include/hesai_ros_driver/hesai_ros_driver/msg/detail
[1.281s] -- Up-to-date: /home/ros2/ws/install/hesai_ros_driver/include/hesai_ros_driver/hesai_ros_driver/msg/detail/udp_frame__rosidl_typesupport_fastrtps_c.h
[1.281s] -- Up-to-date: /home/ros2/ws/install/hesai_ros_driver/include/hesai_ros_driver/hesai_ros_driver/msg/detail/firetime__rosidl_typesupport_fastrtps_c.h
[1.281s] -- Up-to-date: /home/ros2/ws/install/hesai_ros_driver/include/hesai_ros_driver/hesai_ros_driver/msg/detail/loss_packet__rosidl_typesupport_fastrtps_c.h
[1.281s] -- Up-to-date: /home/ros2/ws/install/hesai_ros_driver/include/hesai_ros_driver/hesai_ros_driver/msg/detail/udp_packet__rosidl_typesupport_fastrtps_c.h
[1.281s] -- Up-to-date: /home/ros2/ws/install/hesai_ros_driver/include/hesai_ros_driver/hesai_ros_driver/msg/detail/ptp__rosidl_typesupport_fastrtps_c.h
[1.282s] -- Up-to-date: /home/ros2/ws/install/hesai_ros_driver/include/hesai_ros_driver/hesai_ros_driver/msg/rosidl_typesupport_fastrtps_c__visibility_control.h
[1.282s] -- Up-to-date: /home/ros2/ws/install/hesai_ros_driver/lib/libhesai_ros_driver__rosidl_typesupport_fastrtps_c.so
[1.282s] -- Up-to-date: /home/ros2/ws/install/hesai_ros_driver/include/hesai_ros_driver/hesai_ros_driver
[1.282s] -- Up-to-date: /home/ros2/ws/install/hesai_ros_driver/include/hesai_ros_driver/hesai_ros_driver/msg
[1.282s] -- Up-to-date: /home/ros2/ws/install/hesai_ros_driver/include/hesai_ros_driver/hesai_ros_driver/msg/rosidl_generator_cpp__visibility_control.hpp
[1.282s] -- Up-to-date: /home/ros2/ws/install/hesai_ros_driver/include/hesai_ros_driver/hesai_ros_driver/msg/detail
[1.282s] -- Up-to-date: /home/ros2/ws/install/hesai_ros_driver/include/hesai_ros_driver/hesai_ros_driver/msg/detail/ptp__struct.hpp
[1.282s] -- Up-to-date: /home/ros2/ws/install/hesai_ros_driver/include/hesai_ros_driver/hesai_ros_driver/msg/detail/firetime__traits.hpp
[1.282s] -- Up-to-date: /home/ros2/ws/install/hesai_ros_driver/include/hesai_ros_driver/hesai_ros_driver/msg/detail/loss_packet__struct.hpp
[1.282s] -- Up-to-date: /home/ros2/ws/install/hesai_ros_driver/include/hesai_ros_driver/hesai_ros_driver/msg/detail/firetime__type_support.hpp
[1.282s] -- Up-to-date: /home/ros2/ws/install/hesai_ros_driver/include/hesai_ros_driver/hesai_ros_driver/msg/detail/udp_packet__traits.hpp
[1.282s] -- Up-to-date: /home/ros2/ws/install/hesai_ros_driver/include/hesai_ros_driver/hesai_ros_driver/msg/detail/loss_packet__type_support.hpp
[1.282s] -- Up-to-date: /home/ros2/ws/install/hesai_ros_driver/include/hesai_ros_driver/hesai_ros_driver/msg/detail/udp_packet__struct.hpp
[1.283s] -- Up-to-date: /home/ros2/ws/install/hesai_ros_driver/include/hesai_ros_driver/hesai_ros_driver/msg/detail/firetime__struct.hpp
[1.283s] -- Up-to-date: /home/ros2/ws/install/hesai_ros_driver/include/hesai_ros_driver/hesai_ros_driver/msg/detail/udp_frame__struct.hpp
[1.283s] -- Up-to-date: /home/ros2/ws/install/hesai_ros_driver/include/hesai_ros_driver/hesai_ros_driver/msg/detail/udp_frame__traits.hpp
[1.283s] -- Up-to-date: /home/ros2/ws/install/hesai_ros_driver/include/hesai_ros_driver/hesai_ros_driver/msg/detail/udp_packet__type_support.hpp
[1.283s] -- Up-to-date: /home/ros2/ws/install/hesai_ros_driver/include/hesai_ros_driver/hesai_ros_driver/msg/detail/loss_packet__traits.hpp
[1.283s] -- Up-to-date: /home/ros2/ws/install/hesai_ros_driver/include/hesai_ros_driver/hesai_ros_driver/msg/detail/udp_frame__builder.hpp
[1.283s] -- Up-to-date: /home/ros2/ws/install/hesai_ros_driver/include/hesai_ros_driver/hesai_ros_driver/msg/detail/ptp__traits.hpp
[1.283s] -- Up-to-date: /home/ros2/ws/install/hesai_ros_driver/include/hesai_ros_driver/hesai_ros_driver/msg/detail/udp_frame__type_support.hpp
[1.283s] -- Up-to-date: /home/ros2/ws/install/hesai_ros_driver/include/hesai_ros_driver/hesai_ros_driver/msg/detail/loss_packet__builder.hpp
[1.283s] -- Up-to-date: /home/ros2/ws/install/hesai_ros_driver/include/hesai_ros_driver/hesai_ros_driver/msg/detail/firetime__builder.hpp
[1.284s] -- Up-to-date: /home/ros2/ws/install/hesai_ros_driver/include/hesai_ros_driver/hesai_ros_driver/msg/detail/ptp__builder.hpp
[1.284s] -- Up-to-date: /home/ros2/ws/install/hesai_ros_driver/include/hesai_ros_driver/hesai_ros_driver/msg/detail/ptp__type_support.hpp
[1.284s] -- Up-to-date: /home/ros2/ws/install/hesai_ros_driver/include/hesai_ros_driver/hesai_ros_driver/msg/detail/udp_packet__builder.hpp
[1.284s] -- Up-to-date: /home/ros2/ws/install/hesai_ros_driver/include/hesai_ros_driver/hesai_ros_driver/msg/udp_frame.hpp
[1.284s] -- Up-to-date: /home/ros2/ws/install/hesai_ros_driver/include/hesai_ros_driver/hesai_ros_driver/msg/loss_packet.hpp
[1.284s] -- Up-to-date: /home/ros2/ws/install/hesai_ros_driver/include/hesai_ros_driver/hesai_ros_driver/msg/udp_packet.hpp
[1.284s] -- Up-to-date: /home/ros2/ws/install/hesai_ros_driver/include/hesai_ros_driver/hesai_ros_driver/msg/firetime.hpp
[1.284s] -- Up-to-date: /home/ros2/ws/install/hesai_ros_driver/include/hesai_ros_driver/hesai_ros_driver/msg/ptp.hpp
[1.284s] -- Up-to-date: /home/ros2/ws/install/hesai_ros_driver/include/hesai_ros_driver/hesai_ros_driver
[1.284s] -- Up-to-date: /home/ros2/ws/install/hesai_ros_driver/include/hesai_ros_driver/hesai_ros_driver/msg
[1.285s] -- Up-to-date: /home/ros2/ws/install/hesai_ros_driver/include/hesai_ros_driver/hesai_ros_driver/msg/rosidl_typesupport_fastrtps_cpp__visibility_control.h
[1.285s] -- Up-to-date: /home/ros2/ws/install/hesai_ros_driver/include/hesai_ros_driver/hesai_ros_driver/msg/detail
[1.285s] -- Up-to-date: /home/ros2/ws/install/hesai_ros_driver/include/hesai_ros_driver/hesai_ros_driver/msg/detail/udp_frame__rosidl_typesupport_fastrtps_cpp.hpp
[1.285s] -- Up-to-date: /home/ros2/ws/install/hesai_ros_driver/include/hesai_ros_driver/hesai_ros_driver/msg/detail/ptp__rosidl_typesupport_fastrtps_cpp.hpp
[1.285s] -- Up-to-date: /home/ros2/ws/install/hesai_ros_driver/include/hesai_ros_driver/hesai_ros_driver/msg/detail/dds_fastrtps
[1.285s] -- Up-to-date: /home/ros2/ws/install/hesai_ros_driver/include/hesai_ros_driver/hesai_ros_driver/msg/detail/firetime__rosidl_typesupport_fastrtps_cpp.hpp
[1.285s] -- Up-to-date: /home/ros2/ws/install/hesai_ros_driver/include/hesai_ros_driver/hesai_ros_driver/msg/detail/loss_packet__rosidl_typesupport_fastrtps_cpp.hpp
[1.285s] -- Up-to-date: /home/ros2/ws/install/hesai_ros_driver/include/hesai_ros_driver/hesai_ros_driver/msg/detail/udp_packet__rosidl_typesupport_fastrtps_cpp.hpp
[1.285s] -- Up-to-date: /home/ros2/ws/install/hesai_ros_driver/lib/libhesai_ros_driver__rosidl_typesupport_fastrtps_cpp.so
[1.285s] -- Up-to-date: /home/ros2/ws/install/hesai_ros_driver/include/hesai_ros_driver/hesai_ros_driver
[1.285s] -- Up-to-date: /home/ros2/ws/install/hesai_ros_driver/include/hesai_ros_driver/hesai_ros_driver/msg
[1.285s] -- Up-to-date: /home/ros2/ws/install/hesai_ros_driver/include/hesai_ros_driver/hesai_ros_driver/msg/detail
[1.285s] -- Up-to-date: /home/ros2/ws/install/hesai_ros_driver/include/hesai_ros_driver/hesai_ros_driver/msg/detail/ptp__rosidl_typesupport_introspection_c.h
[1.286s] -- Up-to-date: /home/ros2/ws/install/hesai_ros_driver/include/hesai_ros_driver/hesai_ros_driver/msg/detail/loss_packet__rosidl_typesupport_introspection_c.h
[1.286s] -- Up-to-date: /home/ros2/ws/install/hesai_ros_driver/include/hesai_ros_driver/hesai_ros_driver/msg/detail/udp_packet__rosidl_typesupport_introspection_c.h
[1.286s] -- Up-to-date: /home/ros2/ws/install/hesai_ros_driver/include/hesai_ros_driver/hesai_ros_driver/msg/detail/firetime__type_support.c
[1.286s] -- Up-to-date: /home/ros2/ws/install/hesai_ros_driver/include/hesai_ros_driver/hesai_ros_driver/msg/detail/ptp__type_support.c
[1.286s] -- Up-to-date: /home/ros2/ws/install/hesai_ros_driver/include/hesai_ros_driver/hesai_ros_driver/msg/detail/firetime__rosidl_typesupport_introspection_c.h
[1.286s] -- Up-to-date: /home/ros2/ws/install/hesai_ros_driver/include/hesai_ros_driver/hesai_ros_driver/msg/detail/udp_packet__type_support.c
[1.286s] -- Up-to-date: /home/ros2/ws/install/hesai_ros_driver/include/hesai_ros_driver/hesai_ros_driver/msg/detail/loss_packet__type_support.c
[1.286s] -- Up-to-date: /home/ros2/ws/install/hesai_ros_driver/include/hesai_ros_driver/hesai_ros_driver/msg/detail/udp_frame__type_support.c
[1.286s] -- Up-to-date: /home/ros2/ws/install/hesai_ros_driver/include/hesai_ros_driver/hesai_ros_driver/msg/detail/udp_frame__rosidl_typesupport_introspection_c.h
[1.286s] -- Up-to-date: /home/ros2/ws/install/hesai_ros_driver/include/hesai_ros_driver/hesai_ros_driver/msg/rosidl_typesupport_introspection_c__visibility_control.h
[1.286s] -- Up-to-date: /home/ros2/ws/install/hesai_ros_driver/lib/libhesai_ros_driver__rosidl_typesupport_introspection_c.so
[1.286s] -- Up-to-date: /home/ros2/ws/install/hesai_ros_driver/lib/libhesai_ros_driver__rosidl_typesupport_c.so
[1.286s] -- Up-to-date: /home/ros2/ws/install/hesai_ros_driver/include/hesai_ros_driver/hesai_ros_driver
[1.287s] -- Up-to-date: /home/ros2/ws/install/hesai_ros_driver/include/hesai_ros_driver/hesai_ros_driver/msg
[1.287s] -- Up-to-date: /home/ros2/ws/install/hesai_ros_driver/include/hesai_ros_driver/hesai_ros_driver/msg/detail
[1.287s] -- Up-to-date: /home/ros2/ws/install/hesai_ros_driver/include/hesai_ros_driver/hesai_ros_driver/msg/detail/udp_frame__rosidl_typesupport_introspection_cpp.hpp
[1.287s] -- Up-to-date: /home/ros2/ws/install/hesai_ros_driver/include/hesai_ros_driver/hesai_ros_driver/msg/detail/firetime__type_support.cpp
[1.287s] -- Up-to-date: /home/ros2/ws/install/hesai_ros_driver/include/hesai_ros_driver/hesai_ros_driver/msg/detail/ptp__type_support.cpp
[1.287s] -- Up-to-date: /home/ros2/ws/install/hesai_ros_driver/include/hesai_ros_driver/hesai_ros_driver/msg/detail/ptp__rosidl_typesupport_introspection_cpp.hpp
[1.287s] -- Up-to-date: /home/ros2/ws/install/hesai_ros_driver/include/hesai_ros_driver/hesai_ros_driver/msg/detail/udp_frame__type_support.cpp
[1.287s] -- Up-to-date: /home/ros2/ws/install/hesai_ros_driver/include/hesai_ros_driver/hesai_ros_driver/msg/detail/udp_packet__type_support.cpp
[1.287s] -- Up-to-date: /home/ros2/ws/install/hesai_ros_driver/include/hesai_ros_driver/hesai_ros_driver/msg/detail/loss_packet__type_support.cpp
[1.287s] -- Up-to-date: /home/ros2/ws/install/hesai_ros_driver/include/hesai_ros_driver/hesai_ros_driver/msg/detail/udp_packet__rosidl_typesupport_introspection_cpp.hpp
[1.287s] -- Up-to-date: /home/ros2/ws/install/hesai_ros_driver/include/hesai_ros_driver/hesai_ros_driver/msg/detail/loss_packet__rosidl_typesupport_introspection_cpp.hpp
[1.287s] -- Up-to-date: /home/ros2/ws/install/hesai_ros_driver/include/hesai_ros_driver/hesai_ros_driver/msg/detail/firetime__rosidl_typesupport_introspection_cpp.hpp
[1.287s] -- Up-to-date: /home/ros2/ws/install/hesai_ros_driver/lib/libhesai_ros_driver__rosidl_typesupport_introspection_cpp.so
[1.288s] -- Up-to-date: /home/ros2/ws/install/hesai_ros_driver/lib/libhesai_ros_driver__rosidl_typesupport_cpp.so
[1.288s] -- Up-to-date: /home/ros2/ws/install/hesai_ros_driver/share/hesai_ros_driver/environment/pythonpath.sh
[1.288s] -- Up-to-date: /home/ros2/ws/install/hesai_ros_driver/share/hesai_ros_driver/environment/pythonpath.dsv
[1.288s] -- Up-to-date: /home/ros2/ws/install/hesai_ros_driver/local/lib/python3.10/dist-packages/hesai_ros_driver-1.5.0-py3.10.egg-info
[1.288s] -- Installing: /home/ros2/ws/install/hesai_ros_driver/local/lib/python3.10/dist-packages/hesai_ros_driver-1.5.0-py3.10.egg-info/top_level.txt
[1.288s] -- Installing: /home/ros2/ws/install/hesai_ros_driver/local/lib/python3.10/dist-packages/hesai_ros_driver-1.5.0-py3.10.egg-info/SOURCES.txt
[1.288s] -- Installing: /home/ros2/ws/install/hesai_ros_driver/local/lib/python3.10/dist-packages/hesai_ros_driver-1.5.0-py3.10.egg-info/PKG-INFO
[1.288s] -- Installing: /home/ros2/ws/install/hesai_ros_driver/local/lib/python3.10/dist-packages/hesai_ros_driver-1.5.0-py3.10.egg-info/dependency_links.txt
[1.288s] -- Up-to-date: /home/ros2/ws/install/hesai_ros_driver/local/lib/python3.10/dist-packages/hesai_ros_driver
[1.288s] -- Up-to-date: /home/ros2/ws/install/hesai_ros_driver/local/lib/python3.10/dist-packages/hesai_ros_driver/_hesai_ros_driver_s.ep.rosidl_typesupport_fastrtps_c.c
[1.288s] -- Up-to-date: /home/ros2/ws/install/hesai_ros_driver/local/lib/python3.10/dist-packages/hesai_ros_driver/hesai_ros_driver_s__rosidl_typesupport_introspection_c.cpython-310-x86_64-linux-gnu.so
[1.288s] -- Up-to-date: /home/ros2/ws/install/hesai_ros_driver/local/lib/python3.10/dist-packages/hesai_ros_driver/hesai_ros_driver_s__rosidl_typesupport_fastrtps_c.cpython-310-x86_64-linux-gnu.so
[1.288s] -- Up-to-date: /home/ros2/ws/install/hesai_ros_driver/local/lib/python3.10/dist-packages/hesai_ros_driver/msg
[1.289s] -- Up-to-date: /home/ros2/ws/install/hesai_ros_driver/local/lib/python3.10/dist-packages/hesai_ros_driver/msg/_firetime_s.c
[1.289s] -- Up-to-date: /home/ros2/ws/install/hesai_ros_driver/local/lib/python3.10/dist-packages/hesai_ros_driver/msg/_ptp_s.c
[1.289s] -- Up-to-date: /home/ros2/ws/install/hesai_ros_driver/local/lib/python3.10/dist-packages/hesai_ros_driver/msg/_ptp.py
[1.289s] -- Up-to-date: /home/ros2/ws/install/hesai_ros_driver/local/lib/python3.10/dist-packages/hesai_ros_driver/msg/_udp_frame.py
[1.289s] -- Up-to-date: /home/ros2/ws/install/hesai_ros_driver/local/lib/python3.10/dist-packages/hesai_ros_driver/msg/_udp_packet.py
[1.289s] -- Up-to-date: /home/ros2/ws/install/hesai_ros_driver/local/lib/python3.10/dist-packages/hesai_ros_driver/msg/_loss_packet_s.c
[1.289s] -- Up-to-date: /home/ros2/ws/install/hesai_ros_driver/local/lib/python3.10/dist-packages/hesai_ros_driver/msg/_loss_packet.py
[1.289s] -- Up-to-date: /home/ros2/ws/install/hesai_ros_driver/local/lib/python3.10/dist-packages/hesai_ros_driver/msg/_firetime.py
[1.289s] -- Up-to-date: /home/ros2/ws/install/hesai_ros_driver/local/lib/python3.10/dist-packages/hesai_ros_driver/msg/_udp_packet_s.c
[1.289s] -- Up-to-date: /home/ros2/ws/install/hesai_ros_driver/local/lib/python3.10/dist-packages/hesai_ros_driver/msg/_udp_frame_s.c
[1.289s] -- Up-to-date: /home/ros2/ws/install/hesai_ros_driver/local/lib/python3.10/dist-packages/hesai_ros_driver/msg/__init__.py
[1.289s] -- Up-to-date: /home/ros2/ws/install/hesai_ros_driver/local/lib/python3.10/dist-packages/hesai_ros_driver/_hesai_ros_driver_s.ep.rosidl_typesupport_introspection_c.c
[1.289s] -- Up-to-date: /home/ros2/ws/install/hesai_ros_driver/local/lib/python3.10/dist-packages/hesai_ros_driver/hesai_ros_driver_s__rosidl_typesupport_c.cpython-310-x86_64-linux-gnu.so
[1.290s] -- Up-to-date: /home/ros2/ws/install/hesai_ros_driver/local/lib/python3.10/dist-packages/hesai_ros_driver/libhesai_ros_driver__rosidl_generator_py.so
[1.290s] -- Up-to-date: /home/ros2/ws/install/hesai_ros_driver/local/lib/python3.10/dist-packages/hesai_ros_driver/_hesai_ros_driver_s.ep.rosidl_typesupport_c.c
[1.290s] -- Up-to-date: /home/ros2/ws/install/hesai_ros_driver/local/lib/python3.10/dist-packages/hesai_ros_driver/__init__.py
[1.328s] Listing '/home/ros2/ws/install/hesai_ros_driver/local/lib/python3.10/dist-packages/hesai_ros_driver'...
[1.328s] Listing '/home/ros2/ws/install/hesai_ros_driver/local/lib/python3.10/dist-packages/hesai_ros_driver/msg'...
[1.334s] -- Up-to-date: /home/ros2/ws/install/hesai_ros_driver/local/lib/python3.10/dist-packages/hesai_ros_driver/hesai_ros_driver_s__rosidl_typesupport_fastrtps_c.cpython-310-x86_64-linux-gnu.so
[1.334s] -- Up-to-date: /home/ros2/ws/install/hesai_ros_driver/local/lib/python3.10/dist-packages/hesai_ros_driver/hesai_ros_driver_s__rosidl_typesupport_introspection_c.cpython-310-x86_64-linux-gnu.so
[1.335s] -- Up-to-date: /home/ros2/ws/install/hesai_ros_driver/local/lib/python3.10/dist-packages/hesai_ros_driver/hesai_ros_driver_s__rosidl_typesupport_c.cpython-310-x86_64-linux-gnu.so
[1.335s] -- Up-to-date: /home/ros2/ws/install/hesai_ros_driver/lib/libhesai_ros_driver__rosidl_generator_py.so
[1.335s] -- Up-to-date: /home/ros2/ws/install/hesai_ros_driver/share/ament_index/resource_index/rust_packages/hesai_ros_driver
[1.335s] -- Up-to-date: /home/ros2/ws/install/hesai_ros_driver/share/hesai_ros_driver/rust
[1.335s] -- Up-to-date: /home/ros2/ws/install/hesai_ros_driver/share/hesai_ros_driver/rust/build.rs
[1.335s] -- Up-to-date: /home/ros2/ws/install/hesai_ros_driver/share/hesai_ros_driver/rust/src
[1.335s] -- Up-to-date: /home/ros2/ws/install/hesai_ros_driver/share/hesai_ros_driver/rust/src/lib.rs
[1.336s] -- Up-to-date: /home/ros2/ws/install/hesai_ros_driver/share/hesai_ros_driver/rust/src/msg.rs
[1.336s] -- Up-to-date: /home/ros2/ws/install/hesai_ros_driver/share/hesai_ros_driver/rust/src/msg
[1.336s] -- Up-to-date: /home/ros2/ws/install/hesai_ros_driver/share/hesai_ros_driver/rust/src/msg/rmw.rs
[1.336s] -- Up-to-date: /home/ros2/ws/install/hesai_ros_driver/share/hesai_ros_driver/rust/Cargo.toml
[1.336s] -- Up-to-date: /home/ros2/ws/install/hesai_ros_driver/share/hesai_ros_driver/msg/UdpPacket.idl
[1.336s] -- Up-to-date: /home/ros2/ws/install/hesai_ros_driver/share/hesai_ros_driver/msg/UdpFrame.idl
[1.336s] -- Up-to-date: /home/ros2/ws/install/hesai_ros_driver/share/hesai_ros_driver/msg/Firetime.idl
[1.336s] -- Up-to-date: /home/ros2/ws/install/hesai_ros_driver/share/hesai_ros_driver/msg/Ptp.idl
[1.337s] -- Up-to-date: /home/ros2/ws/install/hesai_ros_driver/share/hesai_ros_driver/msg/LossPacket.idl
[1.337s] -- Up-to-date: /home/ros2/ws/install/hesai_ros_driver/share/hesai_ros_driver/msg_ros2/UdpPacket.msg
[1.337s] -- Up-to-date: /home/ros2/ws/install/hesai_ros_driver/share/hesai_ros_driver/msg_ros2/UdpFrame.msg
[1.337s] -- Up-to-date: /home/ros2/ws/install/hesai_ros_driver/share/hesai_ros_driver/msg_ros2/Firetime.msg
[1.337s] -- Up-to-date: /home/ros2/ws/install/hesai_ros_driver/share/hesai_ros_driver/msg_ros2/Ptp.msg
[1.337s] -- Up-to-date: /home/ros2/ws/install/hesai_ros_driver/share/hesai_ros_driver/msg_ros2/LossPacket.msg
[1.337s] -- Up-to-date: /home/ros2/ws/install/hesai_ros_driver/lib/hesai_ros_driver/hesai_ros_driver_node
[1.337s] -- Up-to-date: /home/ros2/ws/install/hesai_ros_driver/lib/liblog_lib.a
[1.337s] -- Up-to-date: /home/ros2/ws/install/hesai_ros_driver/lib/libptcClient_lib.a
[1.338s] -- Up-to-date: /home/ros2/ws/install/hesai_ros_driver/lib/libsource_lib.a
[1.338s] -- Up-to-date: /home/ros2/ws/install/hesai_ros_driver/lib/libplatutils_lib.a
[1.338s] -- Up-to-date: /home/ros2/ws/install/hesai_ros_driver/lib/libserialClient_lib.a
[1.338s] -- Up-to-date: /home/ros2/ws/install/hesai_ros_driver/share/hesai_ros_driver/launch
[1.338s] -- Up-to-date: /home/ros2/ws/install/hesai_ros_driver/share/hesai_ros_driver/launch/dashing_start.py
[1.338s] -- Up-to-date: /home/ros2/ws/install/hesai_ros_driver/share/hesai_ros_driver/launch/start.py
[1.338s] -- Up-to-date: /home/ros2/ws/install/hesai_ros_driver/share/hesai_ros_driver/launch/start.launch
[1.338s] -- Up-to-date: /home/ros2/ws/install/hesai_ros_driver/share/hesai_ros_driver/rviz
[1.338s] -- Up-to-date: /home/ros2/ws/install/hesai_ros_driver/share/hesai_ros_driver/rviz/rviz.rviz
[1.339s] -- Up-to-date: /home/ros2/ws/install/hesai_ros_driver/share/hesai_ros_driver/rviz/rviz2.rviz
[1.339s] -- Up-to-date: /home/ros2/ws/install/hesai_ros_driver/share/hesai_ros_driver/config
[1.339s] -- Up-to-date: /home/ros2/ws/install/hesai_ros_driver/share/hesai_ros_driver/config/config.yaml
[1.339s] -- Up-to-date: /home/ros2/ws/install/hesai_ros_driver/share/ament_index/resource_index/package_run_dependencies/hesai_ros_driver
[1.339s] -- Up-to-date: /home/ros2/ws/install/hesai_ros_driver/share/ament_index/resource_index/parent_prefix_path/hesai_ros_driver
[1.339s] -- Up-to-date: /home/ros2/ws/install/hesai_ros_driver/share/hesai_ros_driver/environment/ament_prefix_path.sh
[1.339s] -- Up-to-date: /home/ros2/ws/install/hesai_ros_driver/share/hesai_ros_driver/environment/ament_prefix_path.dsv
[1.339s] -- Up-to-date: /home/ros2/ws/install/hesai_ros_driver/share/hesai_ros_driver/environment/path.sh
[1.339s] -- Up-to-date: /home/ros2/ws/install/hesai_ros_driver/share/hesai_ros_driver/environment/path.dsv
[1.340s] -- Up-to-date: /home/ros2/ws/install/hesai_ros_driver/share/hesai_ros_driver/local_setup.bash
[1.340s] -- Up-to-date: /home/ros2/ws/install/hesai_ros_driver/share/hesai_ros_driver/local_setup.sh
[1.340s] -- Up-to-date: /home/ros2/ws/install/hesai_ros_driver/share/hesai_ros_driver/local_setup.zsh
[1.340s] -- Up-to-date: /home/ros2/ws/install/hesai_ros_driver/share/hesai_ros_driver/local_setup.dsv
[1.340s] -- Installing: /home/ros2/ws/install/hesai_ros_driver/share/hesai_ros_driver/package.dsv
[1.340s] -- Up-to-date: /home/ros2/ws/install/hesai_ros_driver/share/ament_index/resource_index/packages/hesai_ros_driver
[1.340s] -- Up-to-date: /home/ros2/ws/install/hesai_ros_driver/share/hesai_ros_driver/cmake/export_hesai_ros_driver__rosidl_generator_cExport.cmake
[1.340s] -- Up-to-date: /home/ros2/ws/install/hesai_ros_driver/share/hesai_ros_driver/cmake/export_hesai_ros_driver__rosidl_generator_cExport-release.cmake
[1.340s] -- Up-to-date: /home/ros2/ws/install/hesai_ros_driver/share/hesai_ros_driver/cmake/export_hesai_ros_driver__rosidl_typesupport_fastrtps_cExport.cmake
[1.340s] -- Up-to-date: /home/ros2/ws/install/hesai_ros_driver/share/hesai_ros_driver/cmake/export_hesai_ros_driver__rosidl_typesupport_fastrtps_cExport-release.cmake
[1.340s] -- Up-to-date: /home/ros2/ws/install/hesai_ros_driver/share/hesai_ros_driver/cmake/export_hesai_ros_driver__rosidl_generator_cppExport.cmake
[1.341s] -- Up-to-date: /home/ros2/ws/install/hesai_ros_driver/share/hesai_ros_driver/cmake/export_hesai_ros_driver__rosidl_typesupport_fastrtps_cppExport.cmake
[1.341s] -- Up-to-date: /home/ros2/ws/install/hesai_ros_driver/share/hesai_ros_driver/cmake/export_hesai_ros_driver__rosidl_typesupport_fastrtps_cppExport-release.cmake
[1.341s] -- Up-to-date: /home/ros2/ws/install/hesai_ros_driver/share/hesai_ros_driver/cmake/hesai_ros_driver__rosidl_typesupport_introspection_cExport.cmake
[1.341s] -- Up-to-date: /home/ros2/ws/install/hesai_ros_driver/share/hesai_ros_driver/cmake/hesai_ros_driver__rosidl_typesupport_introspection_cExport-release.cmake
[1.341s] -- Up-to-date: /home/ros2/ws/install/hesai_ros_driver/share/hesai_ros_driver/cmake/hesai_ros_driver__rosidl_typesupport_cExport.cmake
[1.341s] -- Up-to-date: /home/ros2/ws/install/hesai_ros_driver/share/hesai_ros_driver/cmake/hesai_ros_driver__rosidl_typesupport_cExport-release.cmake
[1.341s] -- Up-to-date: /home/ros2/ws/install/hesai_ros_driver/share/hesai_ros_driver/cmake/hesai_ros_driver__rosidl_typesupport_introspection_cppExport.cmake
[1.341s] -- Up-to-date: /home/ros2/ws/install/hesai_ros_driver/share/hesai_ros_driver/cmake/hesai_ros_driver__rosidl_typesupport_introspection_cppExport-release.cmake
[1.341s] -- Up-to-date: /home/ros2/ws/install/hesai_ros_driver/share/hesai_ros_driver/cmake/hesai_ros_driver__rosidl_typesupport_cppExport.cmake
[1.341s] -- Up-to-date: /home/ros2/ws/install/hesai_ros_driver/share/hesai_ros_driver/cmake/hesai_ros_driver__rosidl_typesupport_cppExport-release.cmake
[1.341s] -- Up-to-date: /home/ros2/ws/install/hesai_ros_driver/share/hesai_ros_driver/cmake/export_hesai_ros_driver__rosidl_generator_pyExport.cmake
[1.342s] -- Up-to-date: /home/ros2/ws/install/hesai_ros_driver/share/hesai_ros_driver/cmake/export_hesai_ros_driver__rosidl_generator_pyExport-release.cmake
[1.342s] -- Up-to-date: /home/ros2/ws/install/hesai_ros_driver/share/hesai_ros_driver/cmake/rosidl_cmake-extras.cmake
[1.342s] -- Up-to-date: /home/ros2/ws/install/hesai_ros_driver/share/hesai_ros_driver/cmake/ament_cmake_export_dependencies-extras.cmake
[1.342s] -- Up-to-date: /home/ros2/ws/install/hesai_ros_driver/share/hesai_ros_driver/cmake/ament_cmake_export_include_directories-extras.cmake
[1.342s] -- Up-to-date: /home/ros2/ws/install/hesai_ros_driver/share/hesai_ros_driver/cmake/ament_cmake_export_libraries-extras.cmake
[1.342s] -- Up-to-date: /home/ros2/ws/install/hesai_ros_driver/share/hesai_ros_driver/cmake/ament_cmake_export_targets-extras.cmake
[1.342s] -- Up-to-date: /home/ros2/ws/install/hesai_ros_driver/share/hesai_ros_driver/cmake/rosidl_cmake_export_typesupport_targets-extras.cmake
[1.342s] -- Up-to-date: /home/ros2/ws/install/hesai_ros_driver/share/hesai_ros_driver/cmake/rosidl_cmake_export_typesupport_libraries-extras.cmake
[1.342s] -- Up-to-date: /home/ros2/ws/install/hesai_ros_driver/share/hesai_ros_driver/cmake/hesai_ros_driverConfig.cmake
[1.342s] -- Up-to-date: /home/ros2/ws/install/hesai_ros_driver/share/hesai_ros_driver/cmake/hesai_ros_driverConfig-version.cmake
[1.342s] -- Up-to-date: /home/ros2/ws/install/hesai_ros_driver/share/hesai_ros_driver/package.xml
[1.553s] Invoked command in '/home/ros2/ws/build/hesai_ros_driver' returned '0': CMAKE_PREFIX_PATH=${CMAKE_PREFIX_PATH}:/home/ros2/ws/install/go2_cmd_processor:/home/ros2/ws/install/image_processing:/home/ros2/ws/install/go2_slam_nav:/home/ros2/ws/install/frontier:/opt/ros/humble /usr/bin/cmake --install /home/ros2/ws/build/hesai_ros_driver
