[0.019s] Invoking command in '/home/ros2/ws/build/unitree_hg': CMAKE_PREFIX_PATH=/opt/ros/humble /usr/bin/cmake /home/ros2/ws/src/unitree_sdk/cyclonedds_ws/src/unitree/unitree_hg -DCMAKE_INSTALL_PREFIX=/home/ros2/ws/install/unitree_hg
[0.708s] -- The C compiler identification is GNU 11.4.0
[0.708s] -- The CXX compiler identification is GNU 11.4.0
[0.708s] -- Detecting C compiler ABI info
[0.708s] -- Detecting C compiler ABI info - done
[0.708s] -- Check for working C compiler: /usr/bin/cc - skipped
[0.708s] -- Detecting C compile features
[0.708s] -- Detecting C compile features - done
[0.708s] -- Detecting CXX compiler ABI info
[0.708s] -- Detecting CXX compiler ABI info - done
[0.708s] -- Check for working CXX compiler: /usr/bin/c++ - skipped
[0.708s] -- Detecting CXX compile features
[0.708s] -- Detecting CXX compile features - done
[0.708s] -- Found ament_cmake: 1.3.14 (/opt/ros/humble/share/ament_cmake/cmake)
[0.708s] -- Found Python3: /usr/bin/python3 (found version "3.10.12") found components: Interpreter 
[0.708s] -- Found geometry_msgs: 4.9.1 (/opt/ros/humble/share/geometry_msgs/cmake)
[0.709s] -- Found rosidl_generator_c: 3.1.8 (/opt/ros/humble/share/rosidl_generator_c/cmake)
[0.709s] -- Found rosidl_adapter: 3.1.8 (/opt/ros/humble/share/rosidl_adapter/cmake)
[0.709s] -- Found rosidl_generator_cpp: 3.1.8 (/opt/ros/humble/share/rosidl_generator_cpp/cmake)
[0.709s] -- Using all available rosidl_typesupport_c: rosidl_typesupport_fastrtps_c;rosidl_typesupport_introspection_c
[0.709s] -- Using all available rosidl_typesupport_cpp: rosidl_typesupport_fastrtps_cpp;rosidl_typesupport_introspection_cpp
[0.709s] -- Found rosidl_default_generators: 1.2.1 (/opt/ros/humble/share/rosidl_default_generators/cmake)
[0.709s] -- Found rosidl_generator_dds_idl: 0.8.1 (/opt/ros/humble/share/rosidl_generator_dds_idl/cmake)
[1.074s] -- Found ament_cmake_ros: 0.10.0 (/opt/ros/humble/share/ament_cmake_ros/cmake)
[1.650s] -- Using all available rosidl_typesupport_c: rosidl_typesupport_fastrtps_c;rosidl_typesupport_introspection_c
[1.805s] -- Using all available rosidl_typesupport_cpp: rosidl_typesupport_fastrtps_cpp;rosidl_typesupport_introspection_cpp
[1.822s] -- Found PythonInterp: /usr/bin/python3 (found suitable version "3.10.12", minimum required is "3.6") 
[1.823s] -- Found python_cmake_module: 0.10.0 (/opt/ros/humble/share/python_cmake_module/cmake)
[1.851s] -- Found PythonLibs: /usr/lib/x86_64-linux-gnu/libpython3.10.so (found suitable version "3.10.12", minimum required is "3.5") 
[1.851s] -- Using PYTHON_EXECUTABLE: /usr/bin/python3
[1.851s] -- Using PYTHON_INCLUDE_DIRS: /usr/include/python3.10
[1.851s] -- Using PYTHON_LIBRARIES: /usr/lib/x86_64-linux-gnu/libpython3.10.so
[1.868s] -- Found PythonExtra: .so  
[2.019s] -- Found ament_lint_auto: 0.12.15 (/opt/ros/humble/share/ament_lint_auto/cmake)
[2.043s] -- Added test 'copyright' to check source files copyright and LICENSE
[2.045s] -- Added test 'lint_cmake' to check CMake code style
[2.046s] -- Added test 'xmllint' to check XML markup files
[2.049s] -- Configuring done
[2.109s] -- Generating done
[2.126s] -- Build files have been written to: /home/ros2/ws/build/unitree_hg
[2.141s] Invoked command in '/home/ros2/ws/build/unitree_hg' returned '0': CMAKE_PREFIX_PATH=/opt/ros/humble /usr/bin/cmake /home/ros2/ws/src/unitree_sdk/cyclonedds_ws/src/unitree/unitree_hg -DCMAKE_INSTALL_PREFIX=/home/ros2/ws/install/unitree_hg
[2.142s] Invoking command in '/home/ros2/ws/build/unitree_hg': CMAKE_PREFIX_PATH=/opt/ros/humble /usr/bin/cmake --build /home/ros2/ws/build/unitree_hg -- -j8 -l8
[2.200s] [  1%] [34m[1mGenerating C code for ROS interfaces[0m
[2.208s] [  2%] [34m[1mGenerating Rust code for ROS interfaces[0m
[2.229s] [  2%] [34m[1mGenerating C++ code for ROS interfaces[0m
[2.254s] [  3%] [34m[1mGenerating DDS interfaces[0m
[2.254s] [  3%] Built target ament_cmake_python_copy_unitree_hg
[2.918s] running egg_info
[2.918s] creating unitree_hg.egg-info
[2.918s] writing unitree_hg.egg-info/PKG-INFO
[2.918s] writing dependency_links to unitree_hg.egg-info/dependency_links.txt
[2.927s] writing top-level names to unitree_hg.egg-info/top_level.txt
[2.928s] writing manifest file 'unitree_hg.egg-info/SOURCES.txt'
[2.930s] reading manifest file 'unitree_hg.egg-info/SOURCES.txt'
[2.931s] writing manifest file 'unitree_hg.egg-info/SOURCES.txt'
[2.982s] [  3%] Built target ament_cmake_python_build_unitree_hg_egg
[4.778s] [  3%] Built target unitree_hg__rs
[5.023s] [  3%] Built target unitree_hg__dds_connext_idl
[6.075s] [  4%] [32mBuilding C object CMakeFiles/unitree_hg__rosidl_generator_c.dir/rosidl_generator_c/unitree_hg/msg/detail/bms_cmd__functions.c.o[0m
[6.093s] [  5%] [32mBuilding C object CMakeFiles/unitree_hg__rosidl_generator_c.dir/rosidl_generator_c/unitree_hg/msg/detail/bms_state__functions.c.o[0m
[6.102s] [  6%] [32mBuilding C object CMakeFiles/unitree_hg__rosidl_generator_c.dir/rosidl_generator_c/unitree_hg/msg/detail/hand_cmd__functions.c.o[0m
[6.105s] [  7%] [32mBuilding C object CMakeFiles/unitree_hg__rosidl_generator_c.dir/rosidl_generator_c/unitree_hg/msg/detail/low_cmd__functions.c.o[0m
[6.120s] [  7%] [32mBuilding C object CMakeFiles/unitree_hg__rosidl_generator_c.dir/rosidl_generator_c/unitree_hg/msg/detail/imu_state__functions.c.o[0m
[6.131s] [  9%] [32mBuilding C object CMakeFiles/unitree_hg__rosidl_generator_c.dir/rosidl_generator_c/unitree_hg/msg/detail/hand_state__functions.c.o[0m
[6.133s] [  8%] [32mBuilding C object CMakeFiles/unitree_hg__rosidl_generator_c.dir/rosidl_generator_c/unitree_hg/msg/detail/low_state__functions.c.o[0m
[6.276s] [ 10%] [32mBuilding C object CMakeFiles/unitree_hg__rosidl_generator_c.dir/rosidl_generator_c/unitree_hg/msg/detail/main_board_state__functions.c.o[0m
[6.308s] [ 11%] [32mBuilding C object CMakeFiles/unitree_hg__rosidl_generator_c.dir/rosidl_generator_c/unitree_hg/msg/detail/motor_cmd__functions.c.o[0m
[6.353s] [ 12%] [32mBuilding C object CMakeFiles/unitree_hg__rosidl_generator_c.dir/rosidl_generator_c/unitree_hg/msg/detail/motor_state__functions.c.o[0m
[6.388s] [ 13%] [32mBuilding C object CMakeFiles/unitree_hg__rosidl_generator_c.dir/rosidl_generator_c/unitree_hg/msg/detail/press_sensor_state__functions.c.o[0m
[6.621s] [ 14%] [32m[1mLinking C shared library libunitree_hg__rosidl_generator_c.so[0m
[6.761s] [ 14%] Built target unitree_hg__rosidl_generator_c
[6.803s] [ 15%] [34m[1mGenerating C introspection for ROS interfaces[0m
[6.808s] [ 16%] [34m[1mGenerating C type support dispatch for ROS interfaces[0m
[6.813s] [ 17%] [34m[1mGenerating C type support for eProsima Fast-RTPS[0m
[7.151s] [ 17%] Built target unitree_hg__cpp
[7.201s] [ 18%] [34m[1mGenerating C++ type support for eProsima Fast-RTPS[0m
[7.201s] [ 19%] [34m[1mGenerating C++ introspection for ROS interfaces[0m
[7.202s] [ 19%] [34m[1mGenerating C++ type support dispatch for ROS interfaces[0m
[10.029s] [ 20%] [32mBuilding CXX object CMakeFiles/unitree_hg__rosidl_typesupport_c.dir/rosidl_typesupport_c/unitree_hg/msg/bms_state__type_support.cpp.o[0m
[10.034s] [ 21%] [32mBuilding CXX object CMakeFiles/unitree_hg__rosidl_typesupport_c.dir/rosidl_typesupport_c/unitree_hg/msg/bms_cmd__type_support.cpp.o[0m
[10.046s] [ 22%] [32mBuilding CXX object CMakeFiles/unitree_hg__rosidl_typesupport_c.dir/rosidl_typesupport_c/unitree_hg/msg/hand_cmd__type_support.cpp.o[0m
[10.120s] [ 23%] [32mBuilding CXX object CMakeFiles/unitree_hg__rosidl_typesupport_c.dir/rosidl_typesupport_c/unitree_hg/msg/hand_state__type_support.cpp.o[0m
[10.182s] [ 24%] [32mBuilding CXX object CMakeFiles/unitree_hg__rosidl_typesupport_c.dir/rosidl_typesupport_c/unitree_hg/msg/imu_state__type_support.cpp.o[0m
[10.199s] [ 24%] [32mBuilding CXX object CMakeFiles/unitree_hg__rosidl_typesupport_c.dir/rosidl_typesupport_c/unitree_hg/msg/low_cmd__type_support.cpp.o[0m
[10.249s] [ 25%] [32mBuilding CXX object CMakeFiles/unitree_hg__rosidl_typesupport_c.dir/rosidl_typesupport_c/unitree_hg/msg/low_state__type_support.cpp.o[0m
[10.335s] [ 26%] [32mBuilding CXX object CMakeFiles/unitree_hg__rosidl_typesupport_c.dir/rosidl_typesupport_c/unitree_hg/msg/main_board_state__type_support.cpp.o[0m
[10.339s] [ 27%] [32mBuilding CXX object CMakeFiles/unitree_hg__rosidl_typesupport_c.dir/rosidl_typesupport_c/unitree_hg/msg/motor_cmd__type_support.cpp.o[0m
[10.407s] [ 28%] [32mBuilding CXX object CMakeFiles/unitree_hg__rosidl_typesupport_c.dir/rosidl_typesupport_c/unitree_hg/msg/motor_state__type_support.cpp.o[0m
[10.458s] [ 29%] [32mBuilding CXX object CMakeFiles/unitree_hg__rosidl_typesupport_c.dir/rosidl_typesupport_c/unitree_hg/msg/press_sensor_state__type_support.cpp.o[0m
[10.594s] [ 30%] [32m[1mLinking CXX shared library libunitree_hg__rosidl_typesupport_c.so[0m
[10.862s] [ 30%] Built target unitree_hg__rosidl_typesupport_c
[11.245s] [ 31%] [32mBuilding CXX object CMakeFiles/unitree_hg__rosidl_typesupport_cpp.dir/rosidl_typesupport_cpp/unitree_hg/msg/bms_cmd__type_support.cpp.o[0m
[11.248s] [ 32%] [32mBuilding CXX object CMakeFiles/unitree_hg__rosidl_typesupport_cpp.dir/rosidl_typesupport_cpp/unitree_hg/msg/hand_cmd__type_support.cpp.o[0m
[11.250s] [ 33%] [32mBuilding CXX object CMakeFiles/unitree_hg__rosidl_typesupport_cpp.dir/rosidl_typesupport_cpp/unitree_hg/msg/bms_state__type_support.cpp.o[0m
[11.277s] [ 34%] [32mBuilding CXX object CMakeFiles/unitree_hg__rosidl_typesupport_cpp.dir/rosidl_typesupport_cpp/unitree_hg/msg/hand_state__type_support.cpp.o[0m
[11.845s] [ 35%] [32mBuilding CXX object CMakeFiles/unitree_hg__rosidl_typesupport_cpp.dir/rosidl_typesupport_cpp/unitree_hg/msg/imu_state__type_support.cpp.o[0m
[12.129s] [ 36%] [32mBuilding C object CMakeFiles/unitree_hg__rosidl_typesupport_introspection_c.dir/rosidl_typesupport_introspection_c/unitree_hg/msg/detail/bms_cmd__type_support.c.o[0m
[12.329s] [ 36%] [32mBuilding C object CMakeFiles/unitree_hg__rosidl_typesupport_introspection_c.dir/rosidl_typesupport_introspection_c/unitree_hg/msg/detail/bms_state__type_support.c.o[0m
[12.618s] [ 37%] [32mBuilding C object CMakeFiles/unitree_hg__rosidl_typesupport_introspection_c.dir/rosidl_typesupport_introspection_c/unitree_hg/msg/detail/hand_cmd__type_support.c.o[0m
[12.780s] [ 38%] [32mBuilding C object CMakeFiles/unitree_hg__rosidl_typesupport_introspection_c.dir/rosidl_typesupport_introspection_c/unitree_hg/msg/detail/hand_state__type_support.c.o[0m
[12.854s] [ 39%] [32mBuilding CXX object CMakeFiles/unitree_hg__rosidl_typesupport_cpp.dir/rosidl_typesupport_cpp/unitree_hg/msg/low_cmd__type_support.cpp.o[0m
[12.874s] [ 40%] [32mBuilding CXX object CMakeFiles/unitree_hg__rosidl_typesupport_introspection_cpp.dir/rosidl_typesupport_introspection_cpp/unitree_hg/msg/detail/bms_cmd__type_support.cpp.o[0m
[12.910s] [ 41%] [32mBuilding C object CMakeFiles/unitree_hg__rosidl_typesupport_introspection_c.dir/rosidl_typesupport_introspection_c/unitree_hg/msg/detail/imu_state__type_support.c.o[0m
[13.011s] [ 42%] [32mBuilding CXX object CMakeFiles/unitree_hg__rosidl_typesupport_fastrtps_c.dir/rosidl_typesupport_fastrtps_c/unitree_hg/msg/detail/bms_cmd__type_support_c.cpp.o[0m
[13.026s] [ 43%] [32mBuilding C object CMakeFiles/unitree_hg__rosidl_typesupport_introspection_c.dir/rosidl_typesupport_introspection_c/unitree_hg/msg/detail/low_cmd__type_support.c.o[0m
[13.061s] [ 44%] [32mBuilding CXX object CMakeFiles/unitree_hg__rosidl_typesupport_cpp.dir/rosidl_typesupport_cpp/unitree_hg/msg/low_state__type_support.cpp.o[0m
[13.071s] [ 45%] [32mBuilding C object CMakeFiles/unitree_hg__rosidl_typesupport_introspection_c.dir/rosidl_typesupport_introspection_c/unitree_hg/msg/detail/low_state__type_support.c.o[0m
[13.074s] [ 46%] [32mBuilding CXX object CMakeFiles/unitree_hg__rosidl_typesupport_cpp.dir/rosidl_typesupport_cpp/unitree_hg/msg/main_board_state__type_support.cpp.o[0m
[13.095s] [ 47%] [32mBuilding CXX object CMakeFiles/unitree_hg__rosidl_typesupport_fastrtps_cpp.dir/rosidl_typesupport_fastrtps_cpp/unitree_hg/msg/detail/dds_fastrtps/bms_cmd__type_support.cpp.o[0m
[13.257s] [ 47%] [32mBuilding CXX object CMakeFiles/unitree_hg__rosidl_typesupport_cpp.dir/rosidl_typesupport_cpp/unitree_hg/msg/motor_cmd__type_support.cpp.o[0m
[13.346s] [ 48%] [32mBuilding C object CMakeFiles/unitree_hg__rosidl_typesupport_introspection_c.dir/rosidl_typesupport_introspection_c/unitree_hg/msg/detail/main_board_state__type_support.c.o[0m
[13.521s] [ 49%] [32mBuilding C object CMakeFiles/unitree_hg__rosidl_typesupport_introspection_c.dir/rosidl_typesupport_introspection_c/unitree_hg/msg/detail/motor_cmd__type_support.c.o[0m
[13.708s] [ 50%] [32mBuilding C object CMakeFiles/unitree_hg__rosidl_typesupport_introspection_c.dir/rosidl_typesupport_introspection_c/unitree_hg/msg/detail/motor_state__type_support.c.o[0m
[13.871s] [ 50%] [32mBuilding C object CMakeFiles/unitree_hg__rosidl_typesupport_introspection_c.dir/rosidl_typesupport_introspection_c/unitree_hg/msg/detail/press_sensor_state__type_support.c.o[0m
[14.071s] [ 51%] [32m[1mLinking C shared library libunitree_hg__rosidl_typesupport_introspection_c.so[0m
[14.307s] [ 51%] Built target unitree_hg__rosidl_typesupport_introspection_c
[14.359s] [ 52%] [32mBuilding CXX object CMakeFiles/unitree_hg__rosidl_typesupport_fastrtps_cpp.dir/rosidl_typesupport_fastrtps_cpp/unitree_hg/msg/detail/dds_fastrtps/bms_state__type_support.cpp.o[0m
[14.726s] [ 53%] [32mBuilding CXX object CMakeFiles/unitree_hg__rosidl_typesupport_fastrtps_c.dir/rosidl_typesupport_fastrtps_c/unitree_hg/msg/detail/bms_state__type_support_c.cpp.o[0m
[14.885s] [ 54%] [32mBuilding CXX object CMakeFiles/unitree_hg__rosidl_typesupport_cpp.dir/rosidl_typesupport_cpp/unitree_hg/msg/motor_state__type_support.cpp.o[0m
[14.964s] [ 55%] [32mBuilding CXX object CMakeFiles/unitree_hg__rosidl_typesupport_introspection_cpp.dir/rosidl_typesupport_introspection_cpp/unitree_hg/msg/detail/bms_state__type_support.cpp.o[0m
[14.965s] [ 56%] [32mBuilding CXX object CMakeFiles/unitree_hg__rosidl_typesupport_cpp.dir/rosidl_typesupport_cpp/unitree_hg/msg/press_sensor_state__type_support.cpp.o[0m
[14.969s] [ 57%] [32mBuilding CXX object CMakeFiles/unitree_hg__rosidl_typesupport_fastrtps_c.dir/rosidl_typesupport_fastrtps_c/unitree_hg/msg/detail/hand_cmd__type_support_c.cpp.o[0m
[15.071s] [ 58%] [32mBuilding CXX object CMakeFiles/unitree_hg__rosidl_typesupport_fastrtps_cpp.dir/rosidl_typesupport_fastrtps_cpp/unitree_hg/msg/detail/dds_fastrtps/hand_cmd__type_support.cpp.o[0m
[15.260s] [ 59%] [32mBuilding CXX object CMakeFiles/unitree_hg__rosidl_typesupport_fastrtps_cpp.dir/rosidl_typesupport_fastrtps_cpp/unitree_hg/msg/detail/dds_fastrtps/hand_state__type_support.cpp.o[0m
[15.674s] [ 60%] [32mBuilding CXX object CMakeFiles/unitree_hg__rosidl_typesupport_fastrtps_cpp.dir/rosidl_typesupport_fastrtps_cpp/unitree_hg/msg/detail/dds_fastrtps/imu_state__type_support.cpp.o[0m
[16.148s] [ 60%] [32mBuilding CXX object CMakeFiles/unitree_hg__rosidl_typesupport_fastrtps_c.dir/rosidl_typesupport_fastrtps_c/unitree_hg/msg/detail/hand_state__type_support_c.cpp.o[0m
[16.202s] [ 61%] [32mBuilding CXX object CMakeFiles/unitree_hg__rosidl_typesupport_introspection_cpp.dir/rosidl_typesupport_introspection_cpp/unitree_hg/msg/detail/hand_cmd__type_support.cpp.o[0m
[16.396s] [ 62%] [32mBuilding CXX object CMakeFiles/unitree_hg__rosidl_typesupport_introspection_cpp.dir/rosidl_typesupport_introspection_cpp/unitree_hg/msg/detail/hand_state__type_support.cpp.o[0m
[16.602s] [ 63%] [32m[1mLinking CXX shared library libunitree_hg__rosidl_typesupport_cpp.so[0m
[16.695s] [ 63%] Built target unitree_hg__rosidl_typesupport_cpp
[16.704s] [ 64%] [32mBuilding CXX object CMakeFiles/unitree_hg__rosidl_typesupport_fastrtps_c.dir/rosidl_typesupport_fastrtps_c/unitree_hg/msg/detail/imu_state__type_support_c.cpp.o[0m
[16.717s] [ 65%] [32mBuilding CXX object CMakeFiles/unitree_hg__rosidl_typesupport_fastrtps_cpp.dir/rosidl_typesupport_fastrtps_cpp/unitree_hg/msg/detail/dds_fastrtps/low_cmd__type_support.cpp.o[0m
[17.087s] [ 65%] [32mBuilding CXX object CMakeFiles/unitree_hg__rosidl_typesupport_introspection_cpp.dir/rosidl_typesupport_introspection_cpp/unitree_hg/msg/detail/imu_state__type_support.cpp.o[0m
[17.214s] [ 65%] [32mBuilding CXX object CMakeFiles/unitree_hg__rosidl_typesupport_fastrtps_cpp.dir/rosidl_typesupport_fastrtps_cpp/unitree_hg/msg/detail/dds_fastrtps/low_state__type_support.cpp.o[0m
[17.445s] [ 66%] [32mBuilding CXX object CMakeFiles/unitree_hg__rosidl_typesupport_fastrtps_c.dir/rosidl_typesupport_fastrtps_c/unitree_hg/msg/detail/low_cmd__type_support_c.cpp.o[0m
[17.861s] [ 67%] [32mBuilding CXX object CMakeFiles/unitree_hg__rosidl_typesupport_fastrtps_cpp.dir/rosidl_typesupport_fastrtps_cpp/unitree_hg/msg/detail/dds_fastrtps/main_board_state__type_support.cpp.o[0m
[18.126s] [ 68%] [32mBuilding CXX object CMakeFiles/unitree_hg__rosidl_typesupport_fastrtps_cpp.dir/rosidl_typesupport_fastrtps_cpp/unitree_hg/msg/detail/dds_fastrtps/motor_cmd__type_support.cpp.o[0m
[18.401s] [ 69%] [32mBuilding CXX object CMakeFiles/unitree_hg__rosidl_typesupport_introspection_cpp.dir/rosidl_typesupport_introspection_cpp/unitree_hg/msg/detail/low_cmd__type_support.cpp.o[0m
[18.587s] [ 70%] [32mBuilding CXX object CMakeFiles/unitree_hg__rosidl_typesupport_fastrtps_c.dir/rosidl_typesupport_fastrtps_c/unitree_hg/msg/detail/low_state__type_support_c.cpp.o[0m
[18.620s] [ 71%] [32mBuilding CXX object CMakeFiles/unitree_hg__rosidl_typesupport_fastrtps_c.dir/rosidl_typesupport_fastrtps_c/unitree_hg/msg/detail/main_board_state__type_support_c.cpp.o[0m
[18.862s] [ 72%] [32mBuilding CXX object CMakeFiles/unitree_hg__rosidl_typesupport_fastrtps_cpp.dir/rosidl_typesupport_fastrtps_cpp/unitree_hg/msg/detail/dds_fastrtps/motor_state__type_support.cpp.o[0m
[19.263s] [ 73%] [32mBuilding CXX object CMakeFiles/unitree_hg__rosidl_typesupport_fastrtps_c.dir/rosidl_typesupport_fastrtps_c/unitree_hg/msg/detail/motor_cmd__type_support_c.cpp.o[0m
[19.338s] [ 74%] [32mBuilding CXX object CMakeFiles/unitree_hg__rosidl_typesupport_introspection_cpp.dir/rosidl_typesupport_introspection_cpp/unitree_hg/msg/detail/low_state__type_support.cpp.o[0m
[19.342s] [ 75%] [32mBuilding CXX object CMakeFiles/unitree_hg__rosidl_typesupport_fastrtps_c.dir/rosidl_typesupport_fastrtps_c/unitree_hg/msg/detail/motor_state__type_support_c.cpp.o[0m
[20.251s] [ 76%] [32mBuilding CXX object CMakeFiles/unitree_hg__rosidl_typesupport_fastrtps_cpp.dir/rosidl_typesupport_fastrtps_cpp/unitree_hg/msg/detail/dds_fastrtps/press_sensor_state__type_support.cpp.o[0m
[20.268s] [ 77%] [32mBuilding CXX object CMakeFiles/unitree_hg__rosidl_typesupport_introspection_cpp.dir/rosidl_typesupport_introspection_cpp/unitree_hg/msg/detail/main_board_state__type_support.cpp.o[0m
[20.326s] [ 78%] [32mBuilding CXX object CMakeFiles/unitree_hg__rosidl_typesupport_fastrtps_c.dir/rosidl_typesupport_fastrtps_c/unitree_hg/msg/detail/press_sensor_state__type_support_c.cpp.o[0m
[20.609s] [ 79%] [32mBuilding CXX object CMakeFiles/unitree_hg__rosidl_typesupport_introspection_cpp.dir/rosidl_typesupport_introspection_cpp/unitree_hg/msg/detail/motor_cmd__type_support.cpp.o[0m
[21.039s] [ 80%] [32mBuilding CXX object CMakeFiles/unitree_hg__rosidl_typesupport_introspection_cpp.dir/rosidl_typesupport_introspection_cpp/unitree_hg/msg/detail/motor_state__type_support.cpp.o[0m
[21.442s] [ 81%] [32m[1mLinking CXX shared library libunitree_hg__rosidl_typesupport_fastrtps_c.so[0m
[21.825s] [ 81%] Built target unitree_hg__rosidl_typesupport_fastrtps_c
[22.402s] [ 82%] [32m[1mLinking CXX shared library libunitree_hg__rosidl_typesupport_fastrtps_cpp.so[0m
[22.568s] [ 83%] [32mBuilding CXX object CMakeFiles/unitree_hg__rosidl_typesupport_introspection_cpp.dir/rosidl_typesupport_introspection_cpp/unitree_hg/msg/detail/press_sensor_state__type_support.cpp.o[0m
[22.702s] [ 83%] Built target unitree_hg__rosidl_typesupport_fastrtps_cpp
[23.572s] [ 84%] [32m[1mLinking CXX shared library libunitree_hg__rosidl_typesupport_introspection_cpp.so[0m
[23.785s] [ 84%] Built target unitree_hg__rosidl_typesupport_introspection_cpp
[23.827s] [ 84%] Built target unitree_hg
[23.856s] [ 85%] [34m[1mGenerating Python code for ROS interfaces[0m
[27.946s] [ 85%] Built target unitree_hg__py
[27.974s] [ 86%] [32mBuilding C object CMakeFiles/unitree_hg__rosidl_generator_py.dir/rosidl_generator_py/unitree_hg/msg/_bms_cmd_s.c.o[0m
[28.145s] [ 87%] [32mBuilding C object CMakeFiles/unitree_hg__rosidl_generator_py.dir/rosidl_generator_py/unitree_hg/msg/_main_board_state_s.c.o[0m
[28.330s] [ 88%] [32mBuilding C object CMakeFiles/unitree_hg__rosidl_generator_py.dir/rosidl_generator_py/unitree_hg/msg/_motor_cmd_s.c.o[0m
[28.505s] [ 89%] [32mBuilding C object CMakeFiles/unitree_hg__rosidl_generator_py.dir/rosidl_generator_py/unitree_hg/msg/_motor_state_s.c.o[0m
[28.701s] [ 89%] [32mBuilding C object CMakeFiles/unitree_hg__rosidl_generator_py.dir/rosidl_generator_py/unitree_hg/msg/_press_sensor_state_s.c.o[0m
[28.818s] [ 90%] [32mBuilding C object CMakeFiles/unitree_hg__rosidl_generator_py.dir/rosidl_generator_py/unitree_hg/msg/_low_state_s.c.o[0m
[28.938s] [ 91%] [32mBuilding C object CMakeFiles/unitree_hg__rosidl_generator_py.dir/rosidl_generator_py/unitree_hg/msg/_low_cmd_s.c.o[0m
[29.077s] [ 92%] [32mBuilding C object CMakeFiles/unitree_hg__rosidl_generator_py.dir/rosidl_generator_py/unitree_hg/msg/_imu_state_s.c.o[0m
[29.231s] [ 93%] [32mBuilding C object CMakeFiles/unitree_hg__rosidl_generator_py.dir/rosidl_generator_py/unitree_hg/msg/_hand_state_s.c.o[0m
[29.381s] [ 94%] [32mBuilding C object CMakeFiles/unitree_hg__rosidl_generator_py.dir/rosidl_generator_py/unitree_hg/msg/_hand_cmd_s.c.o[0m
[29.557s] [ 94%] [32mBuilding C object CMakeFiles/unitree_hg__rosidl_generator_py.dir/rosidl_generator_py/unitree_hg/msg/_bms_state_s.c.o[0m
[29.753s] [ 95%] [32m[1mLinking C shared library rosidl_generator_py/unitree_hg/libunitree_hg__rosidl_generator_py.so[0m
[29.819s] [ 95%] Built target unitree_hg__rosidl_generator_py
[29.850s] [ 95%] [32mBuilding C object CMakeFiles/unitree_hg__rosidl_typesupport_fastrtps_c__pyext.dir/rosidl_generator_py/unitree_hg/_unitree_hg_s.ep.rosidl_typesupport_fastrtps_c.c.o[0m
[30.055s] [ 96%] [32m[1mLinking C shared library rosidl_generator_py/unitree_hg/unitree_hg_s__rosidl_typesupport_fastrtps_c.cpython-310-x86_64-linux-gnu.so[0m
[30.119s] [ 96%] Built target unitree_hg__rosidl_typesupport_fastrtps_c__pyext
[30.151s] [ 97%] [32mBuilding C object CMakeFiles/unitree_hg__rosidl_typesupport_c__pyext.dir/rosidl_generator_py/unitree_hg/_unitree_hg_s.ep.rosidl_typesupport_c.c.o[0m
[30.370s] [ 98%] [32m[1mLinking C shared library rosidl_generator_py/unitree_hg/unitree_hg_s__rosidl_typesupport_c.cpython-310-x86_64-linux-gnu.so[0m
[30.437s] [ 98%] Built target unitree_hg__rosidl_typesupport_c__pyext
[30.465s] [ 99%] [32mBuilding C object CMakeFiles/unitree_hg__rosidl_typesupport_introspection_c__pyext.dir/rosidl_generator_py/unitree_hg/_unitree_hg_s.ep.rosidl_typesupport_introspection_c.c.o[0m
[30.677s] [100%] [32m[1mLinking C shared library rosidl_generator_py/unitree_hg/unitree_hg_s__rosidl_typesupport_introspection_c.cpython-310-x86_64-linux-gnu.so[0m
[30.740s] [100%] Built target unitree_hg__rosidl_typesupport_introspection_c__pyext
[30.766s] Invoked command in '/home/ros2/ws/build/unitree_hg' returned '0': CMAKE_PREFIX_PATH=/opt/ros/humble /usr/bin/cmake --build /home/ros2/ws/build/unitree_hg -- -j8 -l8
[30.768s] Invoking command in '/home/ros2/ws/build/unitree_hg': CMAKE_PREFIX_PATH=/opt/ros/humble /usr/bin/cmake --install /home/ros2/ws/build/unitree_hg
[30.779s] -- Install configuration: ""
[30.779s] -- Installing: /home/ros2/ws/install/unitree_hg/share/ament_index/resource_index/rosidl_interfaces/unitree_hg
[30.779s] -- Installing: /home/ros2/ws/install/unitree_hg/include/unitree_hg/unitree_hg
[30.782s] -- Installing: /home/ros2/ws/install/unitree_hg/include/unitree_hg/unitree_hg/msg
[30.782s] -- Installing: /home/ros2/ws/install/unitree_hg/include/unitree_hg/unitree_hg/msg/motor_cmd.h
[30.782s] -- Installing: /home/ros2/ws/install/unitree_hg/include/unitree_hg/unitree_hg/msg/bms_cmd.h
[30.782s] -- Installing: /home/ros2/ws/install/unitree_hg/include/unitree_hg/unitree_hg/msg/detail
[30.782s] -- Installing: /home/ros2/ws/install/unitree_hg/include/unitree_hg/unitree_hg/msg/detail/bms_cmd__struct.h
[30.783s] -- Installing: /home/ros2/ws/install/unitree_hg/include/unitree_hg/unitree_hg/msg/detail/low_state__struct.h
[30.783s] -- Installing: /home/ros2/ws/install/unitree_hg/include/unitree_hg/unitree_hg/msg/detail/motor_state__struct.h
[30.783s] -- Installing: /home/ros2/ws/install/unitree_hg/include/unitree_hg/unitree_hg/msg/detail/imu_state__functions.c
[30.783s] -- Installing: /home/ros2/ws/install/unitree_hg/include/unitree_hg/unitree_hg/msg/detail/hand_cmd__struct.h
[30.783s] -- Installing: /home/ros2/ws/install/unitree_hg/include/unitree_hg/unitree_hg/msg/detail/main_board_state__type_support.h
[30.783s] -- Installing: /home/ros2/ws/install/unitree_hg/include/unitree_hg/unitree_hg/msg/detail/hand_state__struct.h
[30.783s] -- Installing: /home/ros2/ws/install/unitree_hg/include/unitree_hg/unitree_hg/msg/detail/hand_cmd__functions.c
[30.783s] -- Installing: /home/ros2/ws/install/unitree_hg/include/unitree_hg/unitree_hg/msg/detail/low_cmd__functions.c
[30.783s] -- Installing: /home/ros2/ws/install/unitree_hg/include/unitree_hg/unitree_hg/msg/detail/hand_state__functions.h
[30.783s] -- Installing: /home/ros2/ws/install/unitree_hg/include/unitree_hg/unitree_hg/msg/detail/press_sensor_state__struct.h
[30.783s] -- Installing: /home/ros2/ws/install/unitree_hg/include/unitree_hg/unitree_hg/msg/detail/motor_state__functions.c
[30.783s] -- Installing: /home/ros2/ws/install/unitree_hg/include/unitree_hg/unitree_hg/msg/detail/bms_cmd__functions.c
[30.784s] -- Installing: /home/ros2/ws/install/unitree_hg/include/unitree_hg/unitree_hg/msg/detail/bms_state__functions.h
[30.784s] -- Installing: /home/ros2/ws/install/unitree_hg/include/unitree_hg/unitree_hg/msg/detail/motor_cmd__functions.h
[30.784s] -- Installing: /home/ros2/ws/install/unitree_hg/include/unitree_hg/unitree_hg/msg/detail/hand_cmd__type_support.h
[30.784s] -- Installing: /home/ros2/ws/install/unitree_hg/include/unitree_hg/unitree_hg/msg/detail/motor_cmd__struct.h
[30.784s] -- Installing: /home/ros2/ws/install/unitree_hg/include/unitree_hg/unitree_hg/msg/detail/bms_state__functions.c
[30.784s] -- Installing: /home/ros2/ws/install/unitree_hg/include/unitree_hg/unitree_hg/msg/detail/motor_state__functions.h
[30.786s] -- Installing: /home/ros2/ws/install/unitree_hg/include/unitree_hg/unitree_hg/msg/detail/hand_cmd__functions.h
[30.786s] -- Installing: /home/ros2/ws/install/unitree_hg/include/unitree_hg/unitree_hg/msg/detail/motor_state__type_support.h
[30.786s] -- Installing: /home/ros2/ws/install/unitree_hg/include/unitree_hg/unitree_hg/msg/detail/low_cmd__struct.h
[30.786s] -- Installing: /home/ros2/ws/install/unitree_hg/include/unitree_hg/unitree_hg/msg/detail/bms_cmd__functions.h
[30.786s] -- Installing: /home/ros2/ws/install/unitree_hg/include/unitree_hg/unitree_hg/msg/detail/press_sensor_state__type_support.h
[30.786s] -- Installing: /home/ros2/ws/install/unitree_hg/include/unitree_hg/unitree_hg/msg/detail/bms_state__type_support.h
[30.787s] -- Installing: /home/ros2/ws/install/unitree_hg/include/unitree_hg/unitree_hg/msg/detail/low_state__functions.c
[30.787s] -- Installing: /home/ros2/ws/install/unitree_hg/include/unitree_hg/unitree_hg/msg/detail/low_state__type_support.h
[30.787s] -- Installing: /home/ros2/ws/install/unitree_hg/include/unitree_hg/unitree_hg/msg/detail/hand_state__type_support.h
[30.787s] -- Installing: /home/ros2/ws/install/unitree_hg/include/unitree_hg/unitree_hg/msg/detail/low_cmd__type_support.h
[30.787s] -- Installing: /home/ros2/ws/install/unitree_hg/include/unitree_hg/unitree_hg/msg/detail/bms_cmd__type_support.h
[30.787s] -- Installing: /home/ros2/ws/install/unitree_hg/include/unitree_hg/unitree_hg/msg/detail/imu_state__type_support.h
[30.787s] -- Installing: /home/ros2/ws/install/unitree_hg/include/unitree_hg/unitree_hg/msg/detail/motor_cmd__functions.c
[30.787s] -- Installing: /home/ros2/ws/install/unitree_hg/include/unitree_hg/unitree_hg/msg/detail/main_board_state__functions.c
[30.787s] -- Installing: /home/ros2/ws/install/unitree_hg/include/unitree_hg/unitree_hg/msg/detail/imu_state__functions.h
[30.787s] -- Installing: /home/ros2/ws/install/unitree_hg/include/unitree_hg/unitree_hg/msg/detail/main_board_state__functions.h
[30.788s] -- Installing: /home/ros2/ws/install/unitree_hg/include/unitree_hg/unitree_hg/msg/detail/press_sensor_state__functions.c
[30.788s] -- Installing: /home/ros2/ws/install/unitree_hg/include/unitree_hg/unitree_hg/msg/detail/low_state__functions.h
[30.788s] -- Installing: /home/ros2/ws/install/unitree_hg/include/unitree_hg/unitree_hg/msg/detail/bms_state__struct.h
[30.788s] -- Installing: /home/ros2/ws/install/unitree_hg/include/unitree_hg/unitree_hg/msg/detail/motor_cmd__type_support.h
[30.788s] -- Installing: /home/ros2/ws/install/unitree_hg/include/unitree_hg/unitree_hg/msg/detail/press_sensor_state__functions.h
[30.788s] -- Installing: /home/ros2/ws/install/unitree_hg/include/unitree_hg/unitree_hg/msg/detail/imu_state__struct.h
[30.788s] -- Installing: /home/ros2/ws/install/unitree_hg/include/unitree_hg/unitree_hg/msg/detail/main_board_state__struct.h
[30.788s] -- Installing: /home/ros2/ws/install/unitree_hg/include/unitree_hg/unitree_hg/msg/detail/hand_state__functions.c
[30.788s] -- Installing: /home/ros2/ws/install/unitree_hg/include/unitree_hg/unitree_hg/msg/detail/low_cmd__functions.h
[30.788s] -- Installing: /home/ros2/ws/install/unitree_hg/include/unitree_hg/unitree_hg/msg/main_board_state.h
[30.788s] -- Installing: /home/ros2/ws/install/unitree_hg/include/unitree_hg/unitree_hg/msg/low_state.h
[30.789s] -- Installing: /home/ros2/ws/install/unitree_hg/include/unitree_hg/unitree_hg/msg/bms_state.h
[30.789s] -- Installing: /home/ros2/ws/install/unitree_hg/include/unitree_hg/unitree_hg/msg/rosidl_generator_c__visibility_control.h
[30.789s] -- Installing: /home/ros2/ws/install/unitree_hg/include/unitree_hg/unitree_hg/msg/hand_cmd.h
[30.789s] -- Installing: /home/ros2/ws/install/unitree_hg/include/unitree_hg/unitree_hg/msg/hand_state.h
[30.789s] -- Installing: /home/ros2/ws/install/unitree_hg/include/unitree_hg/unitree_hg/msg/motor_state.h
[30.789s] -- Installing: /home/ros2/ws/install/unitree_hg/include/unitree_hg/unitree_hg/msg/press_sensor_state.h
[30.789s] -- Installing: /home/ros2/ws/install/unitree_hg/include/unitree_hg/unitree_hg/msg/imu_state.h
[30.789s] -- Installing: /home/ros2/ws/install/unitree_hg/include/unitree_hg/unitree_hg/msg/low_cmd.h
[30.789s] -- Installing: /home/ros2/ws/install/unitree_hg/share/unitree_hg/environment/library_path.sh
[30.790s] -- Installing: /home/ros2/ws/install/unitree_hg/share/unitree_hg/environment/library_path.dsv
[30.790s] -- Installing: /home/ros2/ws/install/unitree_hg/lib/libunitree_hg__rosidl_generator_c.so
[30.790s] -- Set runtime path of "/home/ros2/ws/install/unitree_hg/lib/libunitree_hg__rosidl_generator_c.so" to ""
[30.790s] -- Up-to-date: /home/ros2/ws/install/unitree_hg/include/unitree_hg/unitree_hg
[30.790s] -- Up-to-date: /home/ros2/ws/install/unitree_hg/include/unitree_hg/unitree_hg/msg
[30.790s] -- Up-to-date: /home/ros2/ws/install/unitree_hg/include/unitree_hg/unitree_hg/msg/detail
[30.790s] -- Installing: /home/ros2/ws/install/unitree_hg/include/unitree_hg/unitree_hg/msg/detail/motor_state__rosidl_typesupport_fastrtps_c.h
[30.790s] -- Installing: /home/ros2/ws/install/unitree_hg/include/unitree_hg/unitree_hg/msg/detail/bms_cmd__rosidl_typesupport_fastrtps_c.h
[30.790s] -- Installing: /home/ros2/ws/install/unitree_hg/include/unitree_hg/unitree_hg/msg/detail/hand_state__rosidl_typesupport_fastrtps_c.h
[30.790s] -- Installing: /home/ros2/ws/install/unitree_hg/include/unitree_hg/unitree_hg/msg/detail/low_cmd__rosidl_typesupport_fastrtps_c.h
[30.791s] -- Installing: /home/ros2/ws/install/unitree_hg/include/unitree_hg/unitree_hg/msg/detail/imu_state__rosidl_typesupport_fastrtps_c.h
[30.791s] -- Installing: /home/ros2/ws/install/unitree_hg/include/unitree_hg/unitree_hg/msg/detail/low_state__rosidl_typesupport_fastrtps_c.h
[30.791s] -- Installing: /home/ros2/ws/install/unitree_hg/include/unitree_hg/unitree_hg/msg/detail/motor_cmd__rosidl_typesupport_fastrtps_c.h
[30.791s] -- Installing: /home/ros2/ws/install/unitree_hg/include/unitree_hg/unitree_hg/msg/detail/bms_state__rosidl_typesupport_fastrtps_c.h
[30.791s] -- Installing: /home/ros2/ws/install/unitree_hg/include/unitree_hg/unitree_hg/msg/detail/press_sensor_state__rosidl_typesupport_fastrtps_c.h
[30.791s] -- Installing: /home/ros2/ws/install/unitree_hg/include/unitree_hg/unitree_hg/msg/detail/main_board_state__rosidl_typesupport_fastrtps_c.h
[30.791s] -- Installing: /home/ros2/ws/install/unitree_hg/include/unitree_hg/unitree_hg/msg/detail/hand_cmd__rosidl_typesupport_fastrtps_c.h
[30.791s] -- Installing: /home/ros2/ws/install/unitree_hg/include/unitree_hg/unitree_hg/msg/rosidl_typesupport_fastrtps_c__visibility_control.h
[30.791s] -- Installing: /home/ros2/ws/install/unitree_hg/lib/libunitree_hg__rosidl_typesupport_fastrtps_c.so
[30.791s] -- Set runtime path of "/home/ros2/ws/install/unitree_hg/lib/libunitree_hg__rosidl_typesupport_fastrtps_c.so" to ""
[30.792s] -- Up-to-date: /home/ros2/ws/install/unitree_hg/include/unitree_hg/unitree_hg
[30.792s] -- Up-to-date: /home/ros2/ws/install/unitree_hg/include/unitree_hg/unitree_hg/msg
[30.792s] -- Installing: /home/ros2/ws/install/unitree_hg/include/unitree_hg/unitree_hg/msg/motor_cmd.hpp
[30.792s] -- Installing: /home/ros2/ws/install/unitree_hg/include/unitree_hg/unitree_hg/msg/main_board_state.hpp
[30.792s] -- Installing: /home/ros2/ws/install/unitree_hg/include/unitree_hg/unitree_hg/msg/rosidl_generator_cpp__visibility_control.hpp
[30.792s] -- Up-to-date: /home/ros2/ws/install/unitree_hg/include/unitree_hg/unitree_hg/msg/detail
[30.792s] -- Installing: /home/ros2/ws/install/unitree_hg/include/unitree_hg/unitree_hg/msg/detail/bms_state__traits.hpp
[30.792s] -- Installing: /home/ros2/ws/install/unitree_hg/include/unitree_hg/unitree_hg/msg/detail/press_sensor_state__type_support.hpp
[30.792s] -- Installing: /home/ros2/ws/install/unitree_hg/include/unitree_hg/unitree_hg/msg/detail/hand_state__builder.hpp
[30.793s] -- Installing: /home/ros2/ws/install/unitree_hg/include/unitree_hg/unitree_hg/msg/detail/bms_state__struct.hpp
[30.793s] -- Installing: /home/ros2/ws/install/unitree_hg/include/unitree_hg/unitree_hg/msg/detail/imu_state__traits.hpp
[30.794s] -- Installing: /home/ros2/ws/install/unitree_hg/include/unitree_hg/unitree_hg/msg/detail/bms_state__type_support.hpp
[30.794s] -- Installing: /home/ros2/ws/install/unitree_hg/include/unitree_hg/unitree_hg/msg/detail/motor_state__struct.hpp
[30.795s] -- Installing: /home/ros2/ws/install/unitree_hg/include/unitree_hg/unitree_hg/msg/detail/hand_cmd__traits.hpp
[30.795s] -- Installing: /home/ros2/ws/install/unitree_hg/include/unitree_hg/unitree_hg/msg/detail/hand_cmd__struct.hpp
[30.795s] -- Installing: /home/ros2/ws/install/unitree_hg/include/unitree_hg/unitree_hg/msg/detail/main_board_state__builder.hpp
[30.796s] -- Installing: /home/ros2/ws/install/unitree_hg/include/unitree_hg/unitree_hg/msg/detail/motor_cmd__struct.hpp
[30.796s] -- Installing: /home/ros2/ws/install/unitree_hg/include/unitree_hg/unitree_hg/msg/detail/main_board_state__struct.hpp
[30.796s] -- Installing: /home/ros2/ws/install/unitree_hg/include/unitree_hg/unitree_hg/msg/detail/press_sensor_state__builder.hpp
[30.796s] -- Installing: /home/ros2/ws/install/unitree_hg/include/unitree_hg/unitree_hg/msg/detail/motor_state__type_support.hpp
[30.796s] -- Installing: /home/ros2/ws/install/unitree_hg/include/unitree_hg/unitree_hg/msg/detail/low_state__builder.hpp
[30.796s] -- Installing: /home/ros2/ws/install/unitree_hg/include/unitree_hg/unitree_hg/msg/detail/low_state__type_support.hpp
[30.796s] -- Installing: /home/ros2/ws/install/unitree_hg/include/unitree_hg/unitree_hg/msg/detail/motor_state__builder.hpp
[30.796s] -- Installing: /home/ros2/ws/install/unitree_hg/include/unitree_hg/unitree_hg/msg/detail/low_cmd__type_support.hpp
[30.800s] -- Installing: /home/ros2/ws/install/unitree_hg/include/unitree_hg/unitree_hg/msg/detail/motor_state__traits.hpp
[30.800s] -- Installing: /home/ros2/ws/install/unitree_hg/include/unitree_hg/unitree_hg/msg/detail/imu_state__struct.hpp
[30.800s] -- Installing: /home/ros2/ws/install/unitree_hg/include/unitree_hg/unitree_hg/msg/detail/hand_cmd__builder.hpp
[30.801s] -- Installing: /home/ros2/ws/install/unitree_hg/include/unitree_hg/unitree_hg/msg/detail/motor_cmd__builder.hpp
[30.801s] -- Installing: /home/ros2/ws/install/unitree_hg/include/unitree_hg/unitree_hg/msg/detail/bms_cmd__builder.hpp
[30.801s] -- Installing: /home/ros2/ws/install/unitree_hg/include/unitree_hg/unitree_hg/msg/detail/bms_cmd__struct.hpp
[30.801s] -- Installing: /home/ros2/ws/install/unitree_hg/include/unitree_hg/unitree_hg/msg/detail/motor_cmd__traits.hpp
[30.801s] -- Installing: /home/ros2/ws/install/unitree_hg/include/unitree_hg/unitree_hg/msg/detail/imu_state__type_support.hpp
[30.801s] -- Installing: /home/ros2/ws/install/unitree_hg/include/unitree_hg/unitree_hg/msg/detail/low_cmd__traits.hpp
[30.801s] -- Installing: /home/ros2/ws/install/unitree_hg/include/unitree_hg/unitree_hg/msg/detail/hand_cmd__type_support.hpp
[30.801s] -- Installing: /home/ros2/ws/install/unitree_hg/include/unitree_hg/unitree_hg/msg/detail/low_cmd__struct.hpp
[30.801s] -- Installing: /home/ros2/ws/install/unitree_hg/include/unitree_hg/unitree_hg/msg/detail/hand_state__struct.hpp
[30.802s] -- Installing: /home/ros2/ws/install/unitree_hg/include/unitree_hg/unitree_hg/msg/detail/press_sensor_state__traits.hpp
[30.802s] -- Installing: /home/ros2/ws/install/unitree_hg/include/unitree_hg/unitree_hg/msg/detail/bms_state__builder.hpp
[30.802s] -- Installing: /home/ros2/ws/install/unitree_hg/include/unitree_hg/unitree_hg/msg/detail/low_state__struct.hpp
[30.802s] -- Installing: /home/ros2/ws/install/unitree_hg/include/unitree_hg/unitree_hg/msg/detail/bms_cmd__traits.hpp
[30.802s] -- Installing: /home/ros2/ws/install/unitree_hg/include/unitree_hg/unitree_hg/msg/detail/press_sensor_state__struct.hpp
[30.802s] -- Installing: /home/ros2/ws/install/unitree_hg/include/unitree_hg/unitree_hg/msg/detail/low_state__traits.hpp
[30.802s] -- Installing: /home/ros2/ws/install/unitree_hg/include/unitree_hg/unitree_hg/msg/detail/motor_cmd__type_support.hpp
[30.802s] -- Installing: /home/ros2/ws/install/unitree_hg/include/unitree_hg/unitree_hg/msg/detail/main_board_state__type_support.hpp
[30.802s] -- Installing: /home/ros2/ws/install/unitree_hg/include/unitree_hg/unitree_hg/msg/detail/bms_cmd__type_support.hpp
[30.802s] -- Installing: /home/ros2/ws/install/unitree_hg/include/unitree_hg/unitree_hg/msg/detail/main_board_state__traits.hpp
[30.802s] -- Installing: /home/ros2/ws/install/unitree_hg/include/unitree_hg/unitree_hg/msg/detail/hand_state__type_support.hpp
[30.803s] -- Installing: /home/ros2/ws/install/unitree_hg/include/unitree_hg/unitree_hg/msg/detail/hand_state__traits.hpp
[30.803s] -- Installing: /home/ros2/ws/install/unitree_hg/include/unitree_hg/unitree_hg/msg/detail/low_cmd__builder.hpp
[30.803s] -- Installing: /home/ros2/ws/install/unitree_hg/include/unitree_hg/unitree_hg/msg/detail/imu_state__builder.hpp
[30.803s] -- Installing: /home/ros2/ws/install/unitree_hg/include/unitree_hg/unitree_hg/msg/hand_cmd.hpp
[30.803s] -- Installing: /home/ros2/ws/install/unitree_hg/include/unitree_hg/unitree_hg/msg/imu_state.hpp
[30.803s] -- Installing: /home/ros2/ws/install/unitree_hg/include/unitree_hg/unitree_hg/msg/hand_state.hpp
[30.803s] -- Installing: /home/ros2/ws/install/unitree_hg/include/unitree_hg/unitree_hg/msg/low_state.hpp
[30.803s] -- Installing: /home/ros2/ws/install/unitree_hg/include/unitree_hg/unitree_hg/msg/low_cmd.hpp
[30.804s] -- Installing: /home/ros2/ws/install/unitree_hg/include/unitree_hg/unitree_hg/msg/press_sensor_state.hpp
[30.804s] -- Installing: /home/ros2/ws/install/unitree_hg/include/unitree_hg/unitree_hg/msg/bms_state.hpp
[30.804s] -- Installing: /home/ros2/ws/install/unitree_hg/include/unitree_hg/unitree_hg/msg/motor_state.hpp
[30.804s] -- Installing: /home/ros2/ws/install/unitree_hg/include/unitree_hg/unitree_hg/msg/bms_cmd.hpp
[30.804s] -- Up-to-date: /home/ros2/ws/install/unitree_hg/include/unitree_hg/unitree_hg
[30.804s] -- Up-to-date: /home/ros2/ws/install/unitree_hg/include/unitree_hg/unitree_hg/msg
[30.804s] -- Installing: /home/ros2/ws/install/unitree_hg/include/unitree_hg/unitree_hg/msg/rosidl_typesupport_fastrtps_cpp__visibility_control.h
[30.805s] -- Up-to-date: /home/ros2/ws/install/unitree_hg/include/unitree_hg/unitree_hg/msg/detail
[30.805s] -- Installing: /home/ros2/ws/install/unitree_hg/include/unitree_hg/unitree_hg/msg/detail/low_state__rosidl_typesupport_fastrtps_cpp.hpp
[30.806s] -- Installing: /home/ros2/ws/install/unitree_hg/include/unitree_hg/unitree_hg/msg/detail/motor_cmd__rosidl_typesupport_fastrtps_cpp.hpp
[30.806s] -- Installing: /home/ros2/ws/install/unitree_hg/include/unitree_hg/unitree_hg/msg/detail/main_board_state__rosidl_typesupport_fastrtps_cpp.hpp
[30.806s] -- Installing: /home/ros2/ws/install/unitree_hg/include/unitree_hg/unitree_hg/msg/detail/motor_state__rosidl_typesupport_fastrtps_cpp.hpp
[30.806s] -- Installing: /home/ros2/ws/install/unitree_hg/include/unitree_hg/unitree_hg/msg/detail/dds_fastrtps
[30.806s] -- Installing: /home/ros2/ws/install/unitree_hg/include/unitree_hg/unitree_hg/msg/detail/press_sensor_state__rosidl_typesupport_fastrtps_cpp.hpp
[30.806s] -- Installing: /home/ros2/ws/install/unitree_hg/include/unitree_hg/unitree_hg/msg/detail/bms_state__rosidl_typesupport_fastrtps_cpp.hpp
[30.806s] -- Installing: /home/ros2/ws/install/unitree_hg/include/unitree_hg/unitree_hg/msg/detail/bms_cmd__rosidl_typesupport_fastrtps_cpp.hpp
[30.806s] -- Installing: /home/ros2/ws/install/unitree_hg/include/unitree_hg/unitree_hg/msg/detail/imu_state__rosidl_typesupport_fastrtps_cpp.hpp
[30.806s] -- Installing: /home/ros2/ws/install/unitree_hg/include/unitree_hg/unitree_hg/msg/detail/hand_cmd__rosidl_typesupport_fastrtps_cpp.hpp
[30.806s] -- Installing: /home/ros2/ws/install/unitree_hg/include/unitree_hg/unitree_hg/msg/detail/hand_state__rosidl_typesupport_fastrtps_cpp.hpp
[30.807s] -- Installing: /home/ros2/ws/install/unitree_hg/include/unitree_hg/unitree_hg/msg/detail/low_cmd__rosidl_typesupport_fastrtps_cpp.hpp
[30.807s] -- Installing: /home/ros2/ws/install/unitree_hg/lib/libunitree_hg__rosidl_typesupport_fastrtps_cpp.so
[30.808s] -- Set runtime path of "/home/ros2/ws/install/unitree_hg/lib/libunitree_hg__rosidl_typesupport_fastrtps_cpp.so" to ""
[30.808s] -- Up-to-date: /home/ros2/ws/install/unitree_hg/include/unitree_hg/unitree_hg
[30.808s] -- Up-to-date: /home/ros2/ws/install/unitree_hg/include/unitree_hg/unitree_hg/msg
[30.808s] -- Up-to-date: /home/ros2/ws/install/unitree_hg/include/unitree_hg/unitree_hg/msg/detail
[30.808s] -- Installing: /home/ros2/ws/install/unitree_hg/include/unitree_hg/unitree_hg/msg/detail/low_state__type_support.c
[30.808s] -- Installing: /home/ros2/ws/install/unitree_hg/include/unitree_hg/unitree_hg/msg/detail/main_board_state__rosidl_typesupport_introspection_c.h
[30.809s] -- Installing: /home/ros2/ws/install/unitree_hg/include/unitree_hg/unitree_hg/msg/detail/bms_state__type_support.c
[30.809s] -- Installing: /home/ros2/ws/install/unitree_hg/include/unitree_hg/unitree_hg/msg/detail/imu_state__type_support.c
[30.809s] -- Installing: /home/ros2/ws/install/unitree_hg/include/unitree_hg/unitree_hg/msg/detail/motor_state__rosidl_typesupport_introspection_c.h
[30.809s] -- Installing: /home/ros2/ws/install/unitree_hg/include/unitree_hg/unitree_hg/msg/detail/bms_cmd__rosidl_typesupport_introspection_c.h
[30.809s] -- Installing: /home/ros2/ws/install/unitree_hg/include/unitree_hg/unitree_hg/msg/detail/low_state__rosidl_typesupport_introspection_c.h
[30.809s] -- Installing: /home/ros2/ws/install/unitree_hg/include/unitree_hg/unitree_hg/msg/detail/hand_state__rosidl_typesupport_introspection_c.h
[30.809s] -- Installing: /home/ros2/ws/install/unitree_hg/include/unitree_hg/unitree_hg/msg/detail/hand_cmd__type_support.c
[30.810s] -- Installing: /home/ros2/ws/install/unitree_hg/include/unitree_hg/unitree_hg/msg/detail/press_sensor_state__type_support.c
[30.810s] -- Installing: /home/ros2/ws/install/unitree_hg/include/unitree_hg/unitree_hg/msg/detail/press_sensor_state__rosidl_typesupport_introspection_c.h
[30.810s] -- Installing: /home/ros2/ws/install/unitree_hg/include/unitree_hg/unitree_hg/msg/detail/motor_state__type_support.c
[30.813s] -- Installing: /home/ros2/ws/install/unitree_hg/include/unitree_hg/unitree_hg/msg/detail/low_cmd__type_support.c
[30.814s] -- Installing: /home/ros2/ws/install/unitree_hg/include/unitree_hg/unitree_hg/msg/detail/motor_cmd__rosidl_typesupport_introspection_c.h
[30.814s] -- Installing: /home/ros2/ws/install/unitree_hg/include/unitree_hg/unitree_hg/msg/detail/hand_cmd__rosidl_typesupport_introspection_c.h
[30.814s] -- Installing: /home/ros2/ws/install/unitree_hg/include/unitree_hg/unitree_hg/msg/detail/main_board_state__type_support.c
[30.814s] -- Installing: /home/ros2/ws/install/unitree_hg/include/unitree_hg/unitree_hg/msg/detail/motor_cmd__type_support.c
[30.814s] -- Installing: /home/ros2/ws/install/unitree_hg/include/unitree_hg/unitree_hg/msg/detail/imu_state__rosidl_typesupport_introspection_c.h
[30.814s] -- Installing: /home/ros2/ws/install/unitree_hg/include/unitree_hg/unitree_hg/msg/detail/bms_cmd__type_support.c
[30.814s] -- Installing: /home/ros2/ws/install/unitree_hg/include/unitree_hg/unitree_hg/msg/detail/hand_state__type_support.c
[30.814s] -- Installing: /home/ros2/ws/install/unitree_hg/include/unitree_hg/unitree_hg/msg/detail/low_cmd__rosidl_typesupport_introspection_c.h
[30.814s] -- Installing: /home/ros2/ws/install/unitree_hg/include/unitree_hg/unitree_hg/msg/detail/bms_state__rosidl_typesupport_introspection_c.h
[30.814s] -- Installing: /home/ros2/ws/install/unitree_hg/include/unitree_hg/unitree_hg/msg/rosidl_typesupport_introspection_c__visibility_control.h
[30.814s] -- Installing: /home/ros2/ws/install/unitree_hg/lib/libunitree_hg__rosidl_typesupport_introspection_c.so
[30.815s] -- Set runtime path of "/home/ros2/ws/install/unitree_hg/lib/libunitree_hg__rosidl_typesupport_introspection_c.so" to ""
[30.815s] -- Installing: /home/ros2/ws/install/unitree_hg/lib/libunitree_hg__rosidl_typesupport_c.so
[30.815s] -- Set runtime path of "/home/ros2/ws/install/unitree_hg/lib/libunitree_hg__rosidl_typesupport_c.so" to ""
[30.815s] -- Up-to-date: /home/ros2/ws/install/unitree_hg/include/unitree_hg/unitree_hg
[30.815s] -- Up-to-date: /home/ros2/ws/install/unitree_hg/include/unitree_hg/unitree_hg/msg
[30.815s] -- Up-to-date: /home/ros2/ws/install/unitree_hg/include/unitree_hg/unitree_hg/msg/detail
[30.815s] -- Installing: /home/ros2/ws/install/unitree_hg/include/unitree_hg/unitree_hg/msg/detail/press_sensor_state__type_support.cpp
[30.816s] -- Installing: /home/ros2/ws/install/unitree_hg/include/unitree_hg/unitree_hg/msg/detail/imu_state__type_support.cpp
[30.816s] -- Installing: /home/ros2/ws/install/unitree_hg/include/unitree_hg/unitree_hg/msg/detail/hand_cmd__type_support.cpp
[30.816s] -- Installing: /home/ros2/ws/install/unitree_hg/include/unitree_hg/unitree_hg/msg/detail/hand_cmd__rosidl_typesupport_introspection_cpp.hpp
[30.816s] -- Installing: /home/ros2/ws/install/unitree_hg/include/unitree_hg/unitree_hg/msg/detail/press_sensor_state__rosidl_typesupport_introspection_cpp.hpp
[30.816s] -- Installing: /home/ros2/ws/install/unitree_hg/include/unitree_hg/unitree_hg/msg/detail/imu_state__rosidl_typesupport_introspection_cpp.hpp
[30.816s] -- Installing: /home/ros2/ws/install/unitree_hg/include/unitree_hg/unitree_hg/msg/detail/motor_state__type_support.cpp
[30.817s] -- Installing: /home/ros2/ws/install/unitree_hg/include/unitree_hg/unitree_hg/msg/detail/low_cmd__type_support.cpp
[30.817s] -- Installing: /home/ros2/ws/install/unitree_hg/include/unitree_hg/unitree_hg/msg/detail/motor_cmd__rosidl_typesupport_introspection_cpp.hpp
[30.817s] -- Installing: /home/ros2/ws/install/unitree_hg/include/unitree_hg/unitree_hg/msg/detail/hand_state__rosidl_typesupport_introspection_cpp.hpp
[30.817s] -- Installing: /home/ros2/ws/install/unitree_hg/include/unitree_hg/unitree_hg/msg/detail/main_board_state__rosidl_typesupport_introspection_cpp.hpp
[30.817s] -- Installing: /home/ros2/ws/install/unitree_hg/include/unitree_hg/unitree_hg/msg/detail/bms_state__type_support.cpp
[30.817s] -- Installing: /home/ros2/ws/install/unitree_hg/include/unitree_hg/unitree_hg/msg/detail/bms_state__rosidl_typesupport_introspection_cpp.hpp
[30.817s] -- Installing: /home/ros2/ws/install/unitree_hg/include/unitree_hg/unitree_hg/msg/detail/low_state__type_support.cpp
[30.817s] -- Installing: /home/ros2/ws/install/unitree_hg/include/unitree_hg/unitree_hg/msg/detail/bms_cmd__rosidl_typesupport_introspection_cpp.hpp
[30.817s] -- Installing: /home/ros2/ws/install/unitree_hg/include/unitree_hg/unitree_hg/msg/detail/low_cmd__rosidl_typesupport_introspection_cpp.hpp
[30.817s] -- Installing: /home/ros2/ws/install/unitree_hg/include/unitree_hg/unitree_hg/msg/detail/bms_cmd__type_support.cpp
[30.817s] -- Installing: /home/ros2/ws/install/unitree_hg/include/unitree_hg/unitree_hg/msg/detail/motor_cmd__type_support.cpp
[30.818s] -- Installing: /home/ros2/ws/install/unitree_hg/include/unitree_hg/unitree_hg/msg/detail/main_board_state__type_support.cpp
[30.818s] -- Installing: /home/ros2/ws/install/unitree_hg/include/unitree_hg/unitree_hg/msg/detail/motor_state__rosidl_typesupport_introspection_cpp.hpp
[30.818s] -- Installing: /home/ros2/ws/install/unitree_hg/include/unitree_hg/unitree_hg/msg/detail/low_state__rosidl_typesupport_introspection_cpp.hpp
[30.818s] -- Installing: /home/ros2/ws/install/unitree_hg/include/unitree_hg/unitree_hg/msg/detail/hand_state__type_support.cpp
[30.818s] -- Installing: /home/ros2/ws/install/unitree_hg/lib/libunitree_hg__rosidl_typesupport_introspection_cpp.so
[30.818s] -- Set runtime path of "/home/ros2/ws/install/unitree_hg/lib/libunitree_hg__rosidl_typesupport_introspection_cpp.so" to ""
[30.818s] -- Installing: /home/ros2/ws/install/unitree_hg/lib/libunitree_hg__rosidl_typesupport_cpp.so
[30.818s] -- Set runtime path of "/home/ros2/ws/install/unitree_hg/lib/libunitree_hg__rosidl_typesupport_cpp.so" to ""
[30.818s] -- Installing: /home/ros2/ws/install/unitree_hg/share/unitree_hg/environment/pythonpath.sh
[30.818s] -- Installing: /home/ros2/ws/install/unitree_hg/share/unitree_hg/environment/pythonpath.dsv
[30.819s] -- Installing: /home/ros2/ws/install/unitree_hg/local/lib/python3.10/dist-packages/unitree_hg-0.0.0-py3.10.egg-info
[30.819s] -- Installing: /home/ros2/ws/install/unitree_hg/local/lib/python3.10/dist-packages/unitree_hg-0.0.0-py3.10.egg-info/top_level.txt
[30.819s] -- Installing: /home/ros2/ws/install/unitree_hg/local/lib/python3.10/dist-packages/unitree_hg-0.0.0-py3.10.egg-info/SOURCES.txt
[30.819s] -- Installing: /home/ros2/ws/install/unitree_hg/local/lib/python3.10/dist-packages/unitree_hg-0.0.0-py3.10.egg-info/PKG-INFO
[30.819s] -- Installing: /home/ros2/ws/install/unitree_hg/local/lib/python3.10/dist-packages/unitree_hg-0.0.0-py3.10.egg-info/dependency_links.txt
[30.819s] -- Installing: /home/ros2/ws/install/unitree_hg/local/lib/python3.10/dist-packages/unitree_hg
[30.819s] -- Installing: /home/ros2/ws/install/unitree_hg/local/lib/python3.10/dist-packages/unitree_hg/unitree_hg_s__rosidl_typesupport_c.cpython-310-x86_64-linux-gnu.so
[30.819s] -- Installing: /home/ros2/ws/install/unitree_hg/local/lib/python3.10/dist-packages/unitree_hg/unitree_hg_s__rosidl_typesupport_introspection_c.cpython-310-x86_64-linux-gnu.so
[30.819s] -- Installing: /home/ros2/ws/install/unitree_hg/local/lib/python3.10/dist-packages/unitree_hg/unitree_hg_s__rosidl_typesupport_fastrtps_c.cpython-310-x86_64-linux-gnu.so
[30.820s] -- Installing: /home/ros2/ws/install/unitree_hg/local/lib/python3.10/dist-packages/unitree_hg/libunitree_hg__rosidl_generator_py.so
[30.820s] -- Installing: /home/ros2/ws/install/unitree_hg/local/lib/python3.10/dist-packages/unitree_hg/msg
[30.820s] -- Installing: /home/ros2/ws/install/unitree_hg/local/lib/python3.10/dist-packages/unitree_hg/msg/_low_state_s.c
[30.820s] -- Installing: /home/ros2/ws/install/unitree_hg/local/lib/python3.10/dist-packages/unitree_hg/msg/_bms_cmd_s.c
[30.820s] -- Installing: /home/ros2/ws/install/unitree_hg/local/lib/python3.10/dist-packages/unitree_hg/msg/_hand_state.py
[30.820s] -- Installing: /home/ros2/ws/install/unitree_hg/local/lib/python3.10/dist-packages/unitree_hg/msg/_hand_cmd_s.c
[30.821s] -- Installing: /home/ros2/ws/install/unitree_hg/local/lib/python3.10/dist-packages/unitree_hg/msg/_low_cmd_s.c
[30.821s] -- Installing: /home/ros2/ws/install/unitree_hg/local/lib/python3.10/dist-packages/unitree_hg/msg/_hand_cmd.py
[30.821s] -- Installing: /home/ros2/ws/install/unitree_hg/local/lib/python3.10/dist-packages/unitree_hg/msg/_bms_state_s.c
[30.821s] -- Installing: /home/ros2/ws/install/unitree_hg/local/lib/python3.10/dist-packages/unitree_hg/msg/_low_state.py
[30.821s] -- Installing: /home/ros2/ws/install/unitree_hg/local/lib/python3.10/dist-packages/unitree_hg/msg/_main_board_state.py
[30.821s] -- Installing: /home/ros2/ws/install/unitree_hg/local/lib/python3.10/dist-packages/unitree_hg/msg/_imu_state_s.c
[30.821s] -- Installing: /home/ros2/ws/install/unitree_hg/local/lib/python3.10/dist-packages/unitree_hg/msg/_low_cmd.py
[30.821s] -- Installing: /home/ros2/ws/install/unitree_hg/local/lib/python3.10/dist-packages/unitree_hg/msg/_motor_state_s.c
[30.822s] -- Installing: /home/ros2/ws/install/unitree_hg/local/lib/python3.10/dist-packages/unitree_hg/msg/_motor_cmd_s.c
[30.822s] -- Installing: /home/ros2/ws/install/unitree_hg/local/lib/python3.10/dist-packages/unitree_hg/msg/_hand_state_s.c
[30.822s] -- Installing: /home/ros2/ws/install/unitree_hg/local/lib/python3.10/dist-packages/unitree_hg/msg/_press_sensor_state.py
[30.822s] -- Installing: /home/ros2/ws/install/unitree_hg/local/lib/python3.10/dist-packages/unitree_hg/msg/_motor_cmd.py
[30.822s] -- Installing: /home/ros2/ws/install/unitree_hg/local/lib/python3.10/dist-packages/unitree_hg/msg/_bms_state.py
[30.822s] -- Installing: /home/ros2/ws/install/unitree_hg/local/lib/python3.10/dist-packages/unitree_hg/msg/_imu_state.py
[30.823s] -- Installing: /home/ros2/ws/install/unitree_hg/local/lib/python3.10/dist-packages/unitree_hg/msg/_main_board_state_s.c
[30.823s] -- Installing: /home/ros2/ws/install/unitree_hg/local/lib/python3.10/dist-packages/unitree_hg/msg/_press_sensor_state_s.c
[30.823s] -- Installing: /home/ros2/ws/install/unitree_hg/local/lib/python3.10/dist-packages/unitree_hg/msg/_motor_state.py
[30.823s] -- Installing: /home/ros2/ws/install/unitree_hg/local/lib/python3.10/dist-packages/unitree_hg/msg/_bms_cmd.py
[30.823s] -- Installing: /home/ros2/ws/install/unitree_hg/local/lib/python3.10/dist-packages/unitree_hg/msg/__init__.py
[30.823s] -- Installing: /home/ros2/ws/install/unitree_hg/local/lib/python3.10/dist-packages/unitree_hg/_unitree_hg_s.ep.rosidl_typesupport_c.c
[30.823s] -- Installing: /home/ros2/ws/install/unitree_hg/local/lib/python3.10/dist-packages/unitree_hg/_unitree_hg_s.ep.rosidl_typesupport_fastrtps_c.c
[30.824s] -- Installing: /home/ros2/ws/install/unitree_hg/local/lib/python3.10/dist-packages/unitree_hg/_unitree_hg_s.ep.rosidl_typesupport_introspection_c.c
[30.824s] -- Installing: /home/ros2/ws/install/unitree_hg/local/lib/python3.10/dist-packages/unitree_hg/__init__.py
[30.916s] Listing '/home/ros2/ws/install/unitree_hg/local/lib/python3.10/dist-packages/unitree_hg'...
[30.916s] Compiling '/home/ros2/ws/install/unitree_hg/local/lib/python3.10/dist-packages/unitree_hg/__init__.py'...
[30.916s] Listing '/home/ros2/ws/install/unitree_hg/local/lib/python3.10/dist-packages/unitree_hg/msg'...
[30.916s] Compiling '/home/ros2/ws/install/unitree_hg/local/lib/python3.10/dist-packages/unitree_hg/msg/__init__.py'...
[30.916s] Compiling '/home/ros2/ws/install/unitree_hg/local/lib/python3.10/dist-packages/unitree_hg/msg/_bms_cmd.py'...
[30.916s] Compiling '/home/ros2/ws/install/unitree_hg/local/lib/python3.10/dist-packages/unitree_hg/msg/_bms_state.py'...
[30.916s] Compiling '/home/ros2/ws/install/unitree_hg/local/lib/python3.10/dist-packages/unitree_hg/msg/_hand_cmd.py'...
[30.916s] Compiling '/home/ros2/ws/install/unitree_hg/local/lib/python3.10/dist-packages/unitree_hg/msg/_hand_state.py'...
[30.917s] Compiling '/home/ros2/ws/install/unitree_hg/local/lib/python3.10/dist-packages/unitree_hg/msg/_imu_state.py'...
[30.917s] Compiling '/home/ros2/ws/install/unitree_hg/local/lib/python3.10/dist-packages/unitree_hg/msg/_low_cmd.py'...
[30.917s] Compiling '/home/ros2/ws/install/unitree_hg/local/lib/python3.10/dist-packages/unitree_hg/msg/_low_state.py'...
[30.917s] Compiling '/home/ros2/ws/install/unitree_hg/local/lib/python3.10/dist-packages/unitree_hg/msg/_main_board_state.py'...
[30.917s] Compiling '/home/ros2/ws/install/unitree_hg/local/lib/python3.10/dist-packages/unitree_hg/msg/_motor_cmd.py'...
[30.917s] Compiling '/home/ros2/ws/install/unitree_hg/local/lib/python3.10/dist-packages/unitree_hg/msg/_motor_state.py'...
[30.917s] Compiling '/home/ros2/ws/install/unitree_hg/local/lib/python3.10/dist-packages/unitree_hg/msg/_press_sensor_state.py'...
[30.926s] -- Installing: /home/ros2/ws/install/unitree_hg/local/lib/python3.10/dist-packages/unitree_hg/unitree_hg_s__rosidl_typesupport_fastrtps_c.cpython-310-x86_64-linux-gnu.so
[30.926s] -- Set runtime path of "/home/ros2/ws/install/unitree_hg/local/lib/python3.10/dist-packages/unitree_hg/unitree_hg_s__rosidl_typesupport_fastrtps_c.cpython-310-x86_64-linux-gnu.so" to ""
[30.926s] -- Installing: /home/ros2/ws/install/unitree_hg/local/lib/python3.10/dist-packages/unitree_hg/unitree_hg_s__rosidl_typesupport_introspection_c.cpython-310-x86_64-linux-gnu.so
[30.926s] -- Set runtime path of "/home/ros2/ws/install/unitree_hg/local/lib/python3.10/dist-packages/unitree_hg/unitree_hg_s__rosidl_typesupport_introspection_c.cpython-310-x86_64-linux-gnu.so" to ""
[30.926s] -- Installing: /home/ros2/ws/install/unitree_hg/local/lib/python3.10/dist-packages/unitree_hg/unitree_hg_s__rosidl_typesupport_c.cpython-310-x86_64-linux-gnu.so
[30.926s] -- Set runtime path of "/home/ros2/ws/install/unitree_hg/local/lib/python3.10/dist-packages/unitree_hg/unitree_hg_s__rosidl_typesupport_c.cpython-310-x86_64-linux-gnu.so" to ""
[30.926s] -- Installing: /home/ros2/ws/install/unitree_hg/lib/libunitree_hg__rosidl_generator_py.so
[30.926s] -- Set runtime path of "/home/ros2/ws/install/unitree_hg/lib/libunitree_hg__rosidl_generator_py.so" to ""
[30.927s] -- Installing: /home/ros2/ws/install/unitree_hg/share/ament_index/resource_index/rust_packages/unitree_hg
[30.927s] -- Installing: /home/ros2/ws/install/unitree_hg/share/unitree_hg/rust
[30.927s] -- Installing: /home/ros2/ws/install/unitree_hg/share/unitree_hg/rust/build.rs
[30.927s] -- Installing: /home/ros2/ws/install/unitree_hg/share/unitree_hg/rust/src
[30.927s] -- Installing: /home/ros2/ws/install/unitree_hg/share/unitree_hg/rust/src/lib.rs
[30.927s] -- Installing: /home/ros2/ws/install/unitree_hg/share/unitree_hg/rust/src/msg.rs
[30.928s] -- Installing: /home/ros2/ws/install/unitree_hg/share/unitree_hg/rust/src/msg
[30.928s] -- Installing: /home/ros2/ws/install/unitree_hg/share/unitree_hg/rust/src/msg/rmw.rs
[30.928s] -- Installing: /home/ros2/ws/install/unitree_hg/share/unitree_hg/rust/Cargo.toml
[30.929s] -- Installing: /home/ros2/ws/install/unitree_hg/share/unitree_hg/msg/BmsCmd.idl
[30.929s] -- Installing: /home/ros2/ws/install/unitree_hg/share/unitree_hg/msg/BmsState.idl
[30.930s] -- Installing: /home/ros2/ws/install/unitree_hg/share/unitree_hg/msg/HandCmd.idl
[30.930s] -- Installing: /home/ros2/ws/install/unitree_hg/share/unitree_hg/msg/HandState.idl
[30.930s] -- Installing: /home/ros2/ws/install/unitree_hg/share/unitree_hg/msg/IMUState.idl
[30.931s] -- Installing: /home/ros2/ws/install/unitree_hg/share/unitree_hg/msg/LowCmd.idl
[30.931s] -- Installing: /home/ros2/ws/install/unitree_hg/share/unitree_hg/msg/LowState.idl
[30.931s] -- Installing: /home/ros2/ws/install/unitree_hg/share/unitree_hg/msg/MainBoardState.idl
[30.931s] -- Installing: /home/ros2/ws/install/unitree_hg/share/unitree_hg/msg/MotorCmd.idl
[30.932s] -- Installing: /home/ros2/ws/install/unitree_hg/share/unitree_hg/msg/MotorState.idl
[30.932s] -- Installing: /home/ros2/ws/install/unitree_hg/share/unitree_hg/msg/PressSensorState.idl
[30.933s] -- Installing: /home/ros2/ws/install/unitree_hg/share/unitree_hg/msg/BmsCmd.msg
[30.933s] -- Installing: /home/ros2/ws/install/unitree_hg/share/unitree_hg/msg/BmsState.msg
[30.933s] -- Installing: /home/ros2/ws/install/unitree_hg/share/unitree_hg/msg/HandCmd.msg
[30.934s] -- Installing: /home/ros2/ws/install/unitree_hg/share/unitree_hg/msg/HandState.msg
[30.934s] -- Installing: /home/ros2/ws/install/unitree_hg/share/unitree_hg/msg/IMUState.msg
[30.935s] -- Installing: /home/ros2/ws/install/unitree_hg/share/unitree_hg/msg/LowCmd.msg
[30.935s] -- Installing: /home/ros2/ws/install/unitree_hg/share/unitree_hg/msg/LowState.msg
[30.935s] -- Installing: /home/ros2/ws/install/unitree_hg/share/unitree_hg/msg/MainBoardState.msg
[30.936s] -- Installing: /home/ros2/ws/install/unitree_hg/share/unitree_hg/msg/MotorCmd.msg
[30.936s] -- Installing: /home/ros2/ws/install/unitree_hg/share/unitree_hg/msg/MotorState.msg
[30.936s] -- Installing: /home/ros2/ws/install/unitree_hg/share/unitree_hg/msg/PressSensorState.msg
[30.936s] -- Installing: /home/ros2/ws/install/unitree_hg/share/unitree_hg/msg/dds_connext
[30.937s] -- Installing: /home/ros2/ws/install/unitree_hg/share/unitree_hg/msg/dds_connext/MotorCmd_.idl
[30.937s] -- Installing: /home/ros2/ws/install/unitree_hg/share/unitree_hg/msg/dds_connext/HandState_.idl
[30.937s] -- Installing: /home/ros2/ws/install/unitree_hg/share/unitree_hg/msg/dds_connext/HandCmd_.idl
[30.938s] -- Installing: /home/ros2/ws/install/unitree_hg/share/unitree_hg/msg/dds_connext/LowState_.idl
[30.938s] -- Installing: /home/ros2/ws/install/unitree_hg/share/unitree_hg/msg/dds_connext/BmsState_.idl
[30.938s] -- Installing: /home/ros2/ws/install/unitree_hg/share/unitree_hg/msg/dds_connext/PressSensorState_.idl
[30.938s] -- Installing: /home/ros2/ws/install/unitree_hg/share/unitree_hg/msg/dds_connext/MainBoardState_.idl
[30.939s] -- Installing: /home/ros2/ws/install/unitree_hg/share/unitree_hg/msg/dds_connext/MotorState_.idl
[30.939s] -- Installing: /home/ros2/ws/install/unitree_hg/share/unitree_hg/msg/dds_connext/LowCmd_.idl
[30.939s] -- Installing: /home/ros2/ws/install/unitree_hg/share/unitree_hg/msg/dds_connext/BmsCmd_.idl
[30.939s] -- Installing: /home/ros2/ws/install/unitree_hg/share/unitree_hg/msg/dds_connext/IMUState_.idl
[30.940s] -- Installing: /home/ros2/ws/install/unitree_hg/share/ament_index/resource_index/package_run_dependencies/unitree_hg
[30.940s] -- Installing: /home/ros2/ws/install/unitree_hg/share/ament_index/resource_index/parent_prefix_path/unitree_hg
[30.941s] -- Installing: /home/ros2/ws/install/unitree_hg/share/unitree_hg/environment/ament_prefix_path.sh
[30.941s] -- Installing: /home/ros2/ws/install/unitree_hg/share/unitree_hg/environment/ament_prefix_path.dsv
[30.942s] -- Installing: /home/ros2/ws/install/unitree_hg/share/unitree_hg/environment/path.sh
[30.942s] -- Installing: /home/ros2/ws/install/unitree_hg/share/unitree_hg/environment/path.dsv
[30.942s] -- Installing: /home/ros2/ws/install/unitree_hg/share/unitree_hg/local_setup.bash
[30.943s] -- Installing: /home/ros2/ws/install/unitree_hg/share/unitree_hg/local_setup.sh
[30.943s] -- Installing: /home/ros2/ws/install/unitree_hg/share/unitree_hg/local_setup.zsh
[30.943s] -- Installing: /home/ros2/ws/install/unitree_hg/share/unitree_hg/local_setup.dsv
[30.944s] -- Installing: /home/ros2/ws/install/unitree_hg/share/unitree_hg/package.dsv
[30.944s] -- Installing: /home/ros2/ws/install/unitree_hg/share/ament_index/resource_index/packages/unitree_hg
[30.945s] -- Installing: /home/ros2/ws/install/unitree_hg/share/unitree_hg/cmake/export_unitree_hg__rosidl_generator_cExport.cmake
[30.945s] -- Installing: /home/ros2/ws/install/unitree_hg/share/unitree_hg/cmake/export_unitree_hg__rosidl_generator_cExport-noconfig.cmake
[30.945s] -- Installing: /home/ros2/ws/install/unitree_hg/share/unitree_hg/cmake/export_unitree_hg__rosidl_typesupport_fastrtps_cExport.cmake
[30.946s] -- Installing: /home/ros2/ws/install/unitree_hg/share/unitree_hg/cmake/export_unitree_hg__rosidl_typesupport_fastrtps_cExport-noconfig.cmake
[30.946s] -- Installing: /home/ros2/ws/install/unitree_hg/share/unitree_hg/cmake/export_unitree_hg__rosidl_generator_cppExport.cmake
[30.947s] -- Installing: /home/ros2/ws/install/unitree_hg/share/unitree_hg/cmake/export_unitree_hg__rosidl_typesupport_fastrtps_cppExport.cmake
[30.947s] -- Installing: /home/ros2/ws/install/unitree_hg/share/unitree_hg/cmake/export_unitree_hg__rosidl_typesupport_fastrtps_cppExport-noconfig.cmake
[30.947s] -- Installing: /home/ros2/ws/install/unitree_hg/share/unitree_hg/cmake/unitree_hg__rosidl_typesupport_introspection_cExport.cmake
[30.948s] -- Installing: /home/ros2/ws/install/unitree_hg/share/unitree_hg/cmake/unitree_hg__rosidl_typesupport_introspection_cExport-noconfig.cmake
[30.948s] -- Installing: /home/ros2/ws/install/unitree_hg/share/unitree_hg/cmake/unitree_hg__rosidl_typesupport_cExport.cmake
[30.949s] -- Installing: /home/ros2/ws/install/unitree_hg/share/unitree_hg/cmake/unitree_hg__rosidl_typesupport_cExport-noconfig.cmake
[30.949s] -- Installing: /home/ros2/ws/install/unitree_hg/share/unitree_hg/cmake/unitree_hg__rosidl_typesupport_introspection_cppExport.cmake
[30.949s] -- Installing: /home/ros2/ws/install/unitree_hg/share/unitree_hg/cmake/unitree_hg__rosidl_typesupport_introspection_cppExport-noconfig.cmake
[30.950s] -- Installing: /home/ros2/ws/install/unitree_hg/share/unitree_hg/cmake/unitree_hg__rosidl_typesupport_cppExport.cmake
[30.950s] -- Installing: /home/ros2/ws/install/unitree_hg/share/unitree_hg/cmake/unitree_hg__rosidl_typesupport_cppExport-noconfig.cmake
[30.951s] -- Installing: /home/ros2/ws/install/unitree_hg/share/unitree_hg/cmake/export_unitree_hg__rosidl_generator_pyExport.cmake
[30.951s] -- Installing: /home/ros2/ws/install/unitree_hg/share/unitree_hg/cmake/export_unitree_hg__rosidl_generator_pyExport-noconfig.cmake
[30.951s] -- Installing: /home/ros2/ws/install/unitree_hg/share/unitree_hg/cmake/rosidl_cmake-extras.cmake
[30.952s] -- Installing: /home/ros2/ws/install/unitree_hg/share/unitree_hg/cmake/ament_cmake_export_dependencies-extras.cmake
[30.952s] -- Installing: /home/ros2/ws/install/unitree_hg/share/unitree_hg/cmake/ament_cmake_export_include_directories-extras.cmake
[30.953s] -- Installing: /home/ros2/ws/install/unitree_hg/share/unitree_hg/cmake/ament_cmake_export_libraries-extras.cmake
[30.953s] -- Installing: /home/ros2/ws/install/unitree_hg/share/unitree_hg/cmake/ament_cmake_export_targets-extras.cmake
[30.953s] -- Installing: /home/ros2/ws/install/unitree_hg/share/unitree_hg/cmake/rosidl_cmake_export_typesupport_targets-extras.cmake
[30.953s] -- Installing: /home/ros2/ws/install/unitree_hg/share/unitree_hg/cmake/rosidl_cmake_export_typesupport_libraries-extras.cmake
[30.954s] -- Installing: /home/ros2/ws/install/unitree_hg/share/unitree_hg/cmake/unitree_hgConfig.cmake
[30.954s] -- Installing: /home/ros2/ws/install/unitree_hg/share/unitree_hg/cmake/unitree_hgConfig-version.cmake
[30.954s] -- Installing: /home/ros2/ws/install/unitree_hg/share/unitree_hg/package.xml
[30.960s] Invoked command in '/home/ros2/ws/build/unitree_hg' returned '0': CMAKE_PREFIX_PATH=/opt/ros/humble /usr/bin/cmake --install /home/ros2/ws/build/unitree_hg
