[0.010s] Invoking command in '/home/ros2/ws/build/unitree_ros2_example': AMENT_PREFIX_PATH=/home/ros2/ws/install/unitree_hg:/home/ros2/ws/install/unitree_go:/home/ros2/ws/install/unitree_api:${AMENT_PREFIX_PATH} CMAKE_PREFIX_PATH=/home/ros2/ws/install/unitree_hg:/home/ros2/ws/install/unitree_go:/home/ros2/ws/install/unitree_api:/opt/ros/humble LD_LIBRARY_PATH=/home/ros2/ws/install/unitree_hg/lib:/home/ros2/ws/install/unitree_go/lib:/home/ros2/ws/install/unitree_api/lib:${LD_LIBRARY_PATH} PYTHONPATH=/home/ros2/ws/install/unitree_hg/local/lib/python3.10/dist-packages:/home/ros2/ws/install/unitree_go/local/lib/python3.10/dist-packages:/home/ros2/ws/install/unitree_api/local/lib/python3.10/dist-packages:${PYTHONPATH} /usr/bin/cmake /home/ros2/ws/src/unitree_sdk/example/src -DCMAKE_INSTALL_PREFIX=/home/ros2/ws/install/unitree_ros2_example
[0.062s] -- The C compiler identification is GNU 11.4.0
[0.114s] -- The CXX compiler identification is GNU 11.4.0
[0.121s] -- Detecting C compiler ABI info
[0.184s] -- Detecting C compiler ABI info - done
[0.191s] -- Check for working C compiler: /usr/bin/cc - skipped
[0.191s] -- Detecting C compile features
[0.192s] -- Detecting C compile features - done
[0.195s] -- Detecting CXX compiler ABI info
[0.268s] -- Detecting CXX compiler ABI info - done
[0.277s] -- Check for working CXX compiler: /usr/bin/c++ - skipped
[0.277s] -- Detecting CXX compile features
[0.278s] -- Detecting CXX compile features - done
[0.280s] -- Found ament_cmake: 1.3.14 (/opt/ros/humble/share/ament_cmake/cmake)
[0.435s] -- Found Python3: /usr/bin/python3 (found version "3.10.12") found components: Interpreter 
[0.525s] -- Found unitree_go: 0.0.0 (/home/ros2/ws/install/unitree_go/share/unitree_go/cmake)
[0.566s] -- Found rosidl_generator_c: 3.1.8 (/opt/ros/humble/share/rosidl_generator_c/cmake)
[0.571s] -- Found rosidl_adapter: 3.1.8 (/opt/ros/humble/share/rosidl_adapter/cmake)
[0.580s] -- Found rosidl_generator_cpp: 3.1.8 (/opt/ros/humble/share/rosidl_generator_cpp/cmake)
[0.592s] -- Using all available rosidl_typesupport_c: rosidl_typesupport_fastrtps_c;rosidl_typesupport_introspection_c
[0.609s] -- Using all available rosidl_typesupport_cpp: rosidl_typesupport_fastrtps_cpp;rosidl_typesupport_introspection_cpp
[0.662s] -- Found unitree_hg: 0.0.0 (/home/ros2/ws/install/unitree_hg/share/unitree_hg/cmake)
[0.675s] -- Found unitree_api: 0.0.0 (/home/ros2/ws/install/unitree_api/share/unitree_api/cmake)
[0.688s] -- Found rclcpp: 16.0.19 (/opt/ros/humble/share/rclcpp/cmake)
[0.727s] -- Found rmw_implementation_cmake: 6.1.2 (/opt/ros/humble/share/rmw_implementation_cmake/cmake)
[0.730s] -- Found rmw_fastrtps_cpp: 6.2.10 (/opt/ros/humble/share/rmw_fastrtps_cpp/cmake)
[0.811s] -- Found OpenSSL: /usr/lib/x86_64-linux-gnu/libcrypto.so (found version "3.0.2")  
[0.837s] -- Found FastRTPS: /opt/ros/humble/include  
[0.879s] -- Using RMW implementation 'rmw_fastrtps_cpp' as default
[0.888s] -- Looking for pthread.h
[0.954s] -- Looking for pthread.h - found
[0.954s] -- Performing Test CMAKE_HAVE_LIBC_PTHREAD
[1.024s] -- Performing Test CMAKE_HAVE_LIBC_PTHREAD - Success
[1.026s] -- Found Threads: TRUE  
[1.069s] -- Found rosbag2_cpp: 0.15.16 (/opt/ros/humble/share/rosbag2_cpp/cmake)
[1.163s] -- Found yaml-cpp version 0.7.0
[1.167s] -- Found ament_lint_auto: 0.12.15 (/opt/ros/humble/share/ament_lint_auto/cmake)
[1.250s] -- Added test 'copyright' to check source files copyright and LICENSE
[1.255s] -- Added test 'cppcheck' to perform static code analysis on C / C++ code
[1.257s] -- Configured cppcheck include dirs: /home/ros2/ws/src/unitree_sdk/example/src/include;/home/ros2/ws/src/unitree_sdk/example/src/include/common;/home/ros2/ws/src/unitree_sdk/example/src/include/nlohmann
[1.257s] -- Configured cppcheck exclude dirs and/or files: 
[1.263s] -- Added test 'cpplint' to check C / C++ code against the Google style
[1.263s] -- Configured cpplint exclude dirs and/or files: 
[1.265s] -- Added test 'lint_cmake' to check CMake code style
[1.270s] -- Added test 'uncrustify' to check C / C++ code style
[1.270s] -- Configured uncrustify additional arguments: 
[1.271s] -- Added test 'xmllint' to check XML markup files
[1.272s] -- Configuring done
[1.378s] -- Generating done
[1.420s] -- Build files have been written to: /home/ros2/ws/build/unitree_ros2_example
[1.432s] Invoked command in '/home/ros2/ws/build/unitree_ros2_example' returned '0': AMENT_PREFIX_PATH=/home/ros2/ws/install/unitree_hg:/home/ros2/ws/install/unitree_go:/home/ros2/ws/install/unitree_api:${AMENT_PREFIX_PATH} CMAKE_PREFIX_PATH=/home/ros2/ws/install/unitree_hg:/home/ros2/ws/install/unitree_go:/home/ros2/ws/install/unitree_api:/opt/ros/humble LD_LIBRARY_PATH=/home/ros2/ws/install/unitree_hg/lib:/home/ros2/ws/install/unitree_go/lib:/home/ros2/ws/install/unitree_api/lib:${LD_LIBRARY_PATH} PYTHONPATH=/home/ros2/ws/install/unitree_hg/local/lib/python3.10/dist-packages:/home/ros2/ws/install/unitree_go/local/lib/python3.10/dist-packages:/home/ros2/ws/install/unitree_api/local/lib/python3.10/dist-packages:${PYTHONPATH} /usr/bin/cmake /home/ros2/ws/src/unitree_sdk/example/src -DCMAKE_INSTALL_PREFIX=/home/ros2/ws/install/unitree_ros2_example
[1.434s] Invoking command in '/home/ros2/ws/build/unitree_ros2_example': AMENT_PREFIX_PATH=/home/ros2/ws/install/unitree_hg:/home/ros2/ws/install/unitree_go:/home/ros2/ws/install/unitree_api:${AMENT_PREFIX_PATH} CMAKE_PREFIX_PATH=/home/ros2/ws/install/unitree_hg:/home/ros2/ws/install/unitree_go:/home/ros2/ws/install/unitree_api:/opt/ros/humble LD_LIBRARY_PATH=/home/ros2/ws/install/unitree_hg/lib:/home/ros2/ws/install/unitree_go/lib:/home/ros2/ws/install/unitree_api/lib:${LD_LIBRARY_PATH} PYTHONPATH=/home/ros2/ws/install/unitree_hg/local/lib/python3.10/dist-packages:/home/ros2/ws/install/unitree_go/local/lib/python3.10/dist-packages:/home/ros2/ws/install/unitree_api/local/lib/python3.10/dist-packages:${PYTHONPATH} /usr/bin/cmake --build /home/ros2/ws/build/unitree_ros2_example -- -j8 -l8
[1.481s] [  1%] [32mBuilding CXX object CMakeFiles/low_level_ctrl.dir/src/low_level_ctrl.cpp.o[0m
[3.489s] [  3%] [32mBuilding CXX object CMakeFiles/go2_sport_client.dir/src/go2/go2_sport_client.cpp.o[0m
[5.033s] [  4%] [32mBuilding CXX object CMakeFiles/low_level_ctrl.dir/src/common/motor_crc.cpp.o[0m
[5.501s] [  6%] [32mBuilding CXX object CMakeFiles/read_wireless_controller.dir/src/read_wireless_controller.cpp.o[0m
[7.444s] [  7%] [32m[1mLinking CXX executable low_level_ctrl[0m
[7.523s] [  9%] [32mBuilding CXX object CMakeFiles/read_motion_state.dir/src/read_motion_state.cpp.o[0m
[7.638s] [  9%] Built target low_level_ctrl
[7.649s] [ 11%] [32mBuilding CXX object CMakeFiles/go2_sport_client.dir/src/common/ros2_sport_client.cpp.o[0m
[7.658s] [ 12%] [32mBuilding CXX object CMakeFiles/read_low_state_hg.dir/src/read_low_state_hg.cpp.o[0m
[8.679s] [ 14%] [32mBuilding CXX object CMakeFiles/read_low_state.dir/src/read_low_state.cpp.o[0m
[9.706s] [ 15%] [32mBuilding CXX object CMakeFiles/g1_low_level_example.dir/src/g1/lowlevel/g1_low_level_example.cpp.o[0m
[10.745s] [ 17%] [32mBuilding CXX object CMakeFiles/low_level_ctrl_hg.dir/src/h1-2/lowlevel/low_level_ctrl_hg.cpp.o[0m
[16.168s] [ 19%] [32mBuilding CXX object CMakeFiles/g1_low_level_example.dir/src/common/motor_crc_hg.cpp.o[0m
[17.314s] [ 20%] [32m[1mLinking CXX executable read_wireless_controller[0m
[18.302s] [ 20%] Built target read_wireless_controller
[18.315s] [ 22%] [32mBuilding CXX object CMakeFiles/low_level_ctrl_hg.dir/src/common/motor_crc_hg.cpp.o[0m
[19.897s] [ 23%] [32m[1mLinking CXX executable read_low_state_hg[0m
[20.532s] [ 23%] Built target read_low_state_hg
[20.563s] [ 25%] [32mBuilding CXX object CMakeFiles/go2_stand_example.dir/src/go2/go2_stand_example.cpp.o[0m
[22.232s] [ 26%] [32m[1mLinking CXX executable read_motion_state[0m
[22.829s] [ 26%] Built target read_motion_state
[22.843s] [ 28%] [32mBuilding CXX object CMakeFiles/go2_stand_example.dir/src/common/motor_crc.cpp.o[0m
[23.238s] [ 30%] [32m[1mLinking CXX executable read_low_state[0m
[23.531s] [ 31%] [32m[1mLinking CXX executable g1_low_level_example[0m
[23.925s] [ 31%] Built target read_low_state
[23.947s] [ 33%] [32mBuilding CXX object CMakeFiles/g1_arm_sdk_dds_example.dir/src/g1/high_level/g1_arm_sdk_dds_example.cpp.o[0m
[23.953s] [ 34%] [32mBuilding CXX object CMakeFiles/go2_robot_state_client.dir/src/go2/go2_robot_state_client.cpp.o[0m
[24.174s] [ 34%] Built target g1_low_level_example
[24.188s] [ 36%] [32mBuilding CXX object CMakeFiles/go2_robot_state_client.dir/src/common/motor_crc.cpp.o[0m
[24.230s] [ 38%] [32mBuilding CXX object CMakeFiles/g1_arm_action_example.dir/src/g1/high_level/g1_arm_action_example.cpp.o[0m
[24.460s] In file included from [01m[K/home/ros2/ws/src/unitree_sdk/example/src/src/g1/high_level/g1_arm_action_example.cpp:11[m[K:
[24.463s] [01m[K/home/ros2/ws/src/unitree_sdk/example/src/include/common/ut_errror.hpp:13:59:[m[K [01;35m[Kwarning: [m[Kbackslash-newline at end of file
[24.463s]    13 | #define UT_PRINT_ERR(code, error)                         \
[24.464s]       |                                                            
[24.631s] [ 39%] [32m[1mLinking CXX executable low_level_ctrl_hg[0m
[25.549s] [ 39%] Built target low_level_ctrl_hg
[25.606s] [ 41%] [32mBuilding CXX object CMakeFiles/g1_dex3_example.dir/src/g1/dex3/g1_dex3_example.cpp.o[0m
[26.378s] [ 42%] [32m[1mLinking CXX executable go2_sport_client[0m
[28.127s] [ 42%] Built target go2_sport_client
[28.154s] [ 44%] [32mBuilding CXX object CMakeFiles/g1_dex3_example.dir/src/common/motor_crc.cpp.o[0m
[28.592s] [ 46%] [32mBuilding CXX object CMakeFiles/g1_loco_client_example.dir/src/g1/high_level/loco_client_example.cpp.o[0m
[29.088s] In file included from [01m[K/home/ros2/ws/src/unitree_sdk/example/src/include/common/base_client.hpp:11[m[K,
[29.088s]                  from [01m[K/home/ros2/ws/src/unitree_sdk/example/src/include/g1/g1_loco_client.hpp:10[m[K,
[29.088s]                  from [01m[K/home/ros2/ws/src/unitree_sdk/example/src/src/g1/high_level/loco_client_example.cpp:3[m[K:
[29.088s] [01m[K/home/ros2/ws/src/unitree_sdk/example/src/include/common/ut_errror.hpp:13:59:[m[K [01;35m[Kwarning: [m[Kbackslash-newline at end of file
[29.091s]    13 | #define UT_PRINT_ERR(code, error)                         \
[29.091s]       |                                                            
[29.943s] [ 47%] [32mBuilding CXX object CMakeFiles/g1_loco_client_example.dir/src/common/motor_crc.cpp.o[0m
[36.785s] [ 49%] [32m[1mLinking CXX executable go2_stand_example[0m
[37.408s] [ 49%] Built target go2_stand_example
[38.450s] [ 50%] [32mBuilding CXX object CMakeFiles/g1_ankle_swing_example.dir/src/g1/lowlevel/g1_ankle_swing_example.cpp.o[0m
[38.473s] [ 52%] [32mBuilding CXX object CMakeFiles/g1_arm_sdk_dds_example.dir/src/common/motor_crc.cpp.o[0m
[39.503s] [ 53%] [32mBuilding CXX object CMakeFiles/g1_audio_client_example.dir/src/g1/audio_client/g1_audio_client_example.cpp.o[0m
[40.064s] In file included from [01m[K/home/ros2/ws/src/unitree_sdk/example/src/include/common/base_client.hpp:11[m[K,
[40.065s]                  from [01m[K/home/ros2/ws/src/unitree_sdk/example/src/include/g1/g1_audio_client.hpp:6[m[K,
[40.065s]                  from [01m[K/home/ros2/ws/src/unitree_sdk/example/src/src/g1/audio_client/g1_audio_client_example.cpp:11[m[K:
[40.065s] [01m[K/home/ros2/ws/src/unitree_sdk/example/src/include/common/ut_errror.hpp:13:59:[m[K [01;35m[Kwarning: [m[Kbackslash-newline at end of file
[40.066s]    13 | #define UT_PRINT_ERR(code, error)                         \
[40.066s]       |                                                            
[42.207s] [ 55%] [32m[1mLinking CXX executable g1_dex3_example[0m
[42.929s] [ 55%] Built target g1_dex3_example
[42.943s] [ 57%] [32mBuilding CXX object CMakeFiles/g1_ankle_swing_example.dir/src/common/motor_crc_hg.cpp.o[0m
[42.954s] [ 58%] [32mBuilding CXX object CMakeFiles/g1_arm_action_example.dir/src/common/motor_crc.cpp.o[0m
[42.982s] [ 60%] [32mBuilding CXX object CMakeFiles/b2w_sport_client.dir/src/b2w/b2w_sport_client.cpp.o[0m
[43.023s] [ 61%] [32m[1mLinking CXX executable go2_robot_state_client[0m
[43.596s] [ 63%] [32m[1mLinking CXX executable g1_arm_sdk_dds_example[0m
[44.035s] [ 63%] Built target go2_robot_state_client
[44.261s] [ 63%] Built target g1_arm_sdk_dds_example
[46.123s] [ 65%] [32m[1mLinking CXX executable g1_loco_client_example[0m
[46.843s] [ 66%] [32m[1mLinking CXX executable g1_arm_action_example[0m
[46.927s] [ 66%] Built target g1_loco_client_example
[47.380s] [ 66%] Built target g1_arm_action_example
[48.961s] [ 68%] [32mBuilding CXX object CMakeFiles/h2_loco_client.dir/src/h2/high_level/h2_loco_client.cpp.o[0m
[49.451s] In file included from [01m[K/home/ros2/ws/src/unitree_sdk/example/src/include/common/b2_base_client.hpp:16[m[K,
[49.451s]                  from [01m[K/home/ros2/ws/src/unitree_sdk/example/src/include/h2/h2_loco_client.hpp:11[m[K,
[49.452s]                  from [01m[K/home/ros2/ws/src/unitree_sdk/example/src/src/h2/high_level/h2_loco_client.cpp:9[m[K:
[49.452s] [01m[K/home/ros2/ws/src/unitree_sdk/example/src/include/common/ut_errror.hpp:13:59:[m[K [01;35m[Kwarning: [m[Kbackslash-newline at end of file
[49.452s]    13 | #define UT_PRINT_ERR(code, error)                         \
[49.452s]       |                                                            
[49.980s] [ 69%] [32mBuilding CXX object CMakeFiles/b2_sport_client.dir/src/b2/b2_sport_client.cpp.o[0m
[50.950s] [ 71%] [32mBuilding CXX object CMakeFiles/b2w_sport_client.dir/src/common/ros2_b2_sport_client.cpp.o[0m
[50.950s] [ 73%] [32mBuilding CXX object CMakeFiles/b2_sport_client.dir/src/common/ros2_b2_sport_client.cpp.o[0m
[51.003s] [ 74%] [32mBuilding CXX object CMakeFiles/b2_stand_example.dir/src/b2/b2_stand_example.cpp.o[0m
[51.535s] In file included from [01m[K/home/ros2/ws/src/unitree_sdk/example/src/include/common/b2_base_client.hpp:16[m[K,
[51.535s]                  from [01m[K/home/ros2/ws/src/unitree_sdk/example/src/include/b2/b2_motion_switch_client.hpp:11[m[K,
[51.536s]                  from [01m[K/home/ros2/ws/src/unitree_sdk/example/src/src/b2/b2_stand_example.cpp:11[m[K:
[51.536s] [01m[K/home/ros2/ws/src/unitree_sdk/example/src/include/common/ut_errror.hpp:13:59:[m[K [01;35m[Kwarning: [m[Kbackslash-newline at end of file
[51.536s]    13 | #define UT_PRINT_ERR(code, error)                         \
[51.536s]       |                                                            
[52.034s] [ 76%] [32mBuilding CXX object CMakeFiles/b2w_stand_example.dir/src/b2w/b2w_stand_example.cpp.o[0m
[52.751s] In file included from [01m[K/home/ros2/ws/src/unitree_sdk/example/src/include/common/b2_base_client.hpp:16[m[K,
[52.751s]                  from [01m[K/home/ros2/ws/src/unitree_sdk/example/src/include/b2/b2_motion_switch_client.hpp:11[m[K,
[52.751s]                  from [01m[K/home/ros2/ws/src/unitree_sdk/example/src/src/b2w/b2w_stand_example.cpp:11[m[K:
[52.751s] [01m[K/home/ros2/ws/src/unitree_sdk/example/src/include/common/ut_errror.hpp:13:59:[m[K [01;35m[Kwarning: [m[Kbackslash-newline at end of file
[52.751s]    13 | #define UT_PRINT_ERR(code, error)                         \
[52.751s]       |                                                            
[55.813s] [ 77%] [32m[1mLinking CXX executable g1_audio_client_example[0m
[55.918s] [ 79%] [32m[1mLinking CXX executable g1_ankle_swing_example[0m
[56.918s] [ 79%] Built target g1_audio_client_example
[57.040s] [ 79%] Built target g1_ankle_swing_example
[60.584s] [ 80%] [32m[1mLinking CXX executable b2_sport_client[0m
[60.650s] [ 82%] [32m[1mLinking CXX executable b2w_sport_client[0m
[60.874s] [ 82%] Built target b2_sport_client
[60.969s] [ 82%] Built target b2w_sport_client
[65.091s] [ 84%] [32m[1mLinking CXX executable h2_loco_client[0m
[65.588s] [ 84%] Built target h2_loco_client
[65.608s] [ 85%] [32mBuilding CXX object CMakeFiles/g1_dual_arm_example.dir/src/g1/lowlevel/g1_dual_arm_example.cpp.o[0m
[65.611s] [ 87%] [32mBuilding CXX object CMakeFiles/g1_dual_arm_example.dir/src/common/motor_crc_hg.cpp.o[0m
[65.910s] In file included from [01m[K/home/ros2/ws/src/unitree_sdk/example/src/include/common/base_client.hpp:11[m[K,
[65.910s]                  from [01m[K/home/ros2/ws/src/unitree_sdk/example/src/include/g1/g1_motion_switch_client.hpp:11[m[K,
[65.910s]                  from [01m[K/home/ros2/ws/src/unitree_sdk/example/src/src/g1/lowlevel/g1_dual_arm_example.cpp:18[m[K:
[65.911s] [01m[K/home/ros2/ws/src/unitree_sdk/example/src/include/common/ut_errror.hpp:13:59:[m[K [01;35m[Kwarning: [m[Kbackslash-newline at end of file
[65.911s]    13 | #define UT_PRINT_ERR(code, error)                         \
[65.911s]       |                                                            
[69.450s] [ 88%] [32mBuilding CXX object CMakeFiles/b2_stand_example.dir/src/common/motor_crc.cpp.o[0m
[69.713s] [ 90%] [32mBuilding CXX object CMakeFiles/b2w_stand_example.dir/src/common/motor_crc.cpp.o[0m
[73.033s] [ 92%] [32m[1mLinking CXX executable b2w_stand_example[0m
[73.171s] [ 93%] [32m[1mLinking CXX executable b2_stand_example[0m
[73.704s] [ 93%] Built target b2w_stand_example
[73.724s] [ 95%] [32mBuilding CXX object CMakeFiles/h2_ankle_swing_example.dir/src/h2/low_level/h2_ankle_swing_example.cpp.o[0m
[73.724s] [ 96%] [32mBuilding CXX object CMakeFiles/h2_ankle_swing_example.dir/src/common/motor_crc_hg.cpp.o[0m
[73.843s] [ 96%] Built target b2_stand_example
[80.191s] [ 98%] [32m[1mLinking CXX executable g1_dual_arm_example[0m
[80.744s] [ 98%] Built target g1_dual_arm_example
[83.844s] [100%] [32m[1mLinking CXX executable h2_ankle_swing_example[0m
[84.434s] [100%] Built target h2_ankle_swing_example
[84.446s] Invoked command in '/home/ros2/ws/build/unitree_ros2_example' returned '0': AMENT_PREFIX_PATH=/home/ros2/ws/install/unitree_hg:/home/ros2/ws/install/unitree_go:/home/ros2/ws/install/unitree_api:${AMENT_PREFIX_PATH} CMAKE_PREFIX_PATH=/home/ros2/ws/install/unitree_hg:/home/ros2/ws/install/unitree_go:/home/ros2/ws/install/unitree_api:/opt/ros/humble LD_LIBRARY_PATH=/home/ros2/ws/install/unitree_hg/lib:/home/ros2/ws/install/unitree_go/lib:/home/ros2/ws/install/unitree_api/lib:${LD_LIBRARY_PATH} PYTHONPATH=/home/ros2/ws/install/unitree_hg/local/lib/python3.10/dist-packages:/home/ros2/ws/install/unitree_go/local/lib/python3.10/dist-packages:/home/ros2/ws/install/unitree_api/local/lib/python3.10/dist-packages:${PYTHONPATH} /usr/bin/cmake --build /home/ros2/ws/build/unitree_ros2_example -- -j8 -l8
[84.447s] Invoking command in '/home/ros2/ws/build/unitree_ros2_example': AMENT_PREFIX_PATH=/home/ros2/ws/install/unitree_hg:/home/ros2/ws/install/unitree_go:/home/ros2/ws/install/unitree_api:${AMENT_PREFIX_PATH} CMAKE_PREFIX_PATH=/home/ros2/ws/install/unitree_hg:/home/ros2/ws/install/unitree_go:/home/ros2/ws/install/unitree_api:/opt/ros/humble LD_LIBRARY_PATH=/home/ros2/ws/install/unitree_hg/lib:/home/ros2/ws/install/unitree_go/lib:/home/ros2/ws/install/unitree_api/lib:${LD_LIBRARY_PATH} PYTHONPATH=/home/ros2/ws/install/unitree_hg/local/lib/python3.10/dist-packages:/home/ros2/ws/install/unitree_go/local/lib/python3.10/dist-packages:/home/ros2/ws/install/unitree_api/local/lib/python3.10/dist-packages:${PYTHONPATH} /usr/bin/cmake --install /home/ros2/ws/build/unitree_ros2_example
[84.455s] -- Install configuration: ""
[84.455s] -- Installing: /home/ros2/ws/install/unitree_ros2_example/bin/low_level_ctrl
[84.456s] -- Set runtime path of "/home/ros2/ws/install/unitree_ros2_example/bin/low_level_ctrl" to ""
[84.456s] -- Installing: /home/ros2/ws/install/unitree_ros2_example/bin/low_level_ctrl_hg
[84.458s] -- Set runtime path of "/home/ros2/ws/install/unitree_ros2_example/bin/low_level_ctrl_hg" to ""
[84.458s] -- Installing: /home/ros2/ws/install/unitree_ros2_example/bin/g1_low_level_example
[84.461s] -- Set runtime path of "/home/ros2/ws/install/unitree_ros2_example/bin/g1_low_level_example" to ""
[84.461s] -- Installing: /home/ros2/ws/install/unitree_ros2_example/bin/read_low_state
[84.463s] -- Set runtime path of "/home/ros2/ws/install/unitree_ros2_example/bin/read_low_state" to ""
[84.463s] -- Installing: /home/ros2/ws/install/unitree_ros2_example/bin/read_low_state_hg
[84.465s] -- Set runtime path of "/home/ros2/ws/install/unitree_ros2_example/bin/read_low_state_hg" to ""
[84.465s] -- Installing: /home/ros2/ws/install/unitree_ros2_example/bin/read_motion_state
[84.468s] -- Set runtime path of "/home/ros2/ws/install/unitree_ros2_example/bin/read_motion_state" to ""
[84.468s] -- Installing: /home/ros2/ws/install/unitree_ros2_example/bin/read_wireless_controller
[84.470s] -- Set runtime path of "/home/ros2/ws/install/unitree_ros2_example/bin/read_wireless_controller" to ""
[84.470s] -- Installing: /home/ros2/ws/install/unitree_ros2_example/bin/go2_sport_client
[84.474s] -- Set runtime path of "/home/ros2/ws/install/unitree_ros2_example/bin/go2_sport_client" to ""
[84.474s] -- Installing: /home/ros2/ws/install/unitree_ros2_example/bin/go2_stand_example
[84.476s] -- Set runtime path of "/home/ros2/ws/install/unitree_ros2_example/bin/go2_stand_example" to ""
[84.476s] -- Installing: /home/ros2/ws/install/unitree_ros2_example/bin/go2_robot_state_client
[84.479s] -- Set runtime path of "/home/ros2/ws/install/unitree_ros2_example/bin/go2_robot_state_client" to ""
[84.479s] -- Installing: /home/ros2/ws/install/unitree_ros2_example/bin/g1_arm_sdk_dds_example
[84.482s] -- Set runtime path of "/home/ros2/ws/install/unitree_ros2_example/bin/g1_arm_sdk_dds_example" to ""
[84.482s] -- Installing: /home/ros2/ws/install/unitree_ros2_example/bin/g1_arm_action_example
[84.484s] -- Set runtime path of "/home/ros2/ws/install/unitree_ros2_example/bin/g1_arm_action_example" to ""
[84.484s] -- Installing: /home/ros2/ws/install/unitree_ros2_example/bin/g1_dex3_example
[84.487s] -- Set runtime path of "/home/ros2/ws/install/unitree_ros2_example/bin/g1_dex3_example" to ""
[84.487s] -- Installing: /home/ros2/ws/install/unitree_ros2_example/bin/g1_loco_client_example
[84.490s] -- Set runtime path of "/home/ros2/ws/install/unitree_ros2_example/bin/g1_loco_client_example" to ""
[84.490s] -- Installing: /home/ros2/ws/install/unitree_ros2_example/bin/g1_ankle_swing_example
[84.494s] -- Set runtime path of "/home/ros2/ws/install/unitree_ros2_example/bin/g1_ankle_swing_example" to ""
[84.494s] -- Installing: /home/ros2/ws/install/unitree_ros2_example/bin/g1_dual_arm_example
[84.498s] -- Set runtime path of "/home/ros2/ws/install/unitree_ros2_example/bin/g1_dual_arm_example" to ""
[84.498s] -- Installing: /home/ros2/ws/install/unitree_ros2_example/bin/g1_audio_client_example
[84.501s] -- Set runtime path of "/home/ros2/ws/install/unitree_ros2_example/bin/g1_audio_client_example" to ""
[84.501s] -- Installing: /home/ros2/ws/install/unitree_ros2_example/bin/h2_loco_client
[84.504s] -- Set runtime path of "/home/ros2/ws/install/unitree_ros2_example/bin/h2_loco_client" to ""
[84.504s] -- Installing: /home/ros2/ws/install/unitree_ros2_example/bin/h2_ankle_swing_example
[84.507s] -- Set runtime path of "/home/ros2/ws/install/unitree_ros2_example/bin/h2_ankle_swing_example" to ""
[84.507s] -- Installing: /home/ros2/ws/install/unitree_ros2_example/share/ament_index/resource_index/package_run_dependencies/unitree_ros2_example
[84.507s] -- Installing: /home/ros2/ws/install/unitree_ros2_example/share/ament_index/resource_index/parent_prefix_path/unitree_ros2_example
[84.508s] -- Installing: /home/ros2/ws/install/unitree_ros2_example/share/unitree_ros2_example/environment/ament_prefix_path.sh
[84.508s] -- Installing: /home/ros2/ws/install/unitree_ros2_example/share/unitree_ros2_example/environment/ament_prefix_path.dsv
[84.508s] -- Installing: /home/ros2/ws/install/unitree_ros2_example/share/unitree_ros2_example/environment/path.sh
[84.508s] -- Installing: /home/ros2/ws/install/unitree_ros2_example/share/unitree_ros2_example/environment/path.dsv
[84.508s] -- Installing: /home/ros2/ws/install/unitree_ros2_example/share/unitree_ros2_example/local_setup.bash
[84.508s] -- Installing: /home/ros2/ws/install/unitree_ros2_example/share/unitree_ros2_example/local_setup.sh
[84.508s] -- Installing: /home/ros2/ws/install/unitree_ros2_example/share/unitree_ros2_example/local_setup.zsh
[84.508s] -- Installing: /home/ros2/ws/install/unitree_ros2_example/share/unitree_ros2_example/local_setup.dsv
[84.508s] -- Installing: /home/ros2/ws/install/unitree_ros2_example/share/unitree_ros2_example/package.dsv
[84.508s] -- Installing: /home/ros2/ws/install/unitree_ros2_example/share/ament_index/resource_index/packages/unitree_ros2_example
[84.508s] -- Installing: /home/ros2/ws/install/unitree_ros2_example/share/unitree_ros2_example/cmake/unitree_ros2_exampleConfig.cmake
[84.508s] -- Installing: /home/ros2/ws/install/unitree_ros2_example/share/unitree_ros2_example/cmake/unitree_ros2_exampleConfig-version.cmake
[84.508s] -- Installing: /home/ros2/ws/install/unitree_ros2_example/share/unitree_ros2_example/package.xml
[84.511s] Invoked command in '/home/ros2/ws/build/unitree_ros2_example' returned '0': AMENT_PREFIX_PATH=/home/ros2/ws/install/unitree_hg:/home/ros2/ws/install/unitree_go:/home/ros2/ws/install/unitree_api:${AMENT_PREFIX_PATH} CMAKE_PREFIX_PATH=/home/ros2/ws/install/unitree_hg:/home/ros2/ws/install/unitree_go:/home/ros2/ws/install/unitree_api:/opt/ros/humble LD_LIBRARY_PATH=/home/ros2/ws/install/unitree_hg/lib:/home/ros2/ws/install/unitree_go/lib:/home/ros2/ws/install/unitree_api/lib:${LD_LIBRARY_PATH} PYTHONPATH=/home/ros2/ws/install/unitree_hg/local/lib/python3.10/dist-packages:/home/ros2/ws/install/unitree_go/local/lib/python3.10/dist-packages:/home/ros2/ws/install/unitree_api/local/lib/python3.10/dist-packages:${PYTHONPATH} /usr/bin/cmake --install /home/ros2/ws/build/unitree_ros2_example
