running egg_info
creating ../../build/go2_slam_nav/go2_slam_nav.egg-info
writing ../../build/go2_slam_nav/go2_slam_nav.egg-info/PKG-INFO
writing dependency_links to ../../build/go2_slam_nav/go2_slam_nav.egg-info/dependency_links.txt
writing entry points to ../../build/go2_slam_nav/go2_slam_nav.egg-info/entry_points.txt
writing requirements to ../../build/go2_slam_nav/go2_slam_nav.egg-info/requires.txt
writing top-level names to ../../build/go2_slam_nav/go2_slam_nav.egg-info/top_level.txt
writing manifest file '../../build/go2_slam_nav/go2_slam_nav.egg-info/SOURCES.txt'
reading manifest file '../../build/go2_slam_nav/go2_slam_nav.egg-info/SOURCES.txt'
writing manifest file '../../build/go2_slam_nav/go2_slam_nav.egg-info/SOURCES.txt'
running build
running build_py
creating /home/ros2/ws/build/go2_slam_nav/build
creating /home/ros2/ws/build/go2_slam_nav/build/lib
creating /home/ros2/ws/build/go2_slam_nav/build/lib/go2_slam_nav
copying go2_slam_nav/__init__.py -> /home/ros2/ws/build/go2_slam_nav/build/lib/go2_slam_nav
running install
running install_lib
creating /home/ros2/ws/install/go2_slam_nav/lib/python3.10/site-packages/go2_slam_nav
copying /home/ros2/ws/build/go2_slam_nav/build/lib/go2_slam_nav/__init__.py -> /home/ros2/ws/install/go2_slam_nav/lib/python3.10/site-packages/go2_slam_nav
byte-compiling /home/ros2/ws/install/go2_slam_nav/lib/python3.10/site-packages/go2_slam_nav/__init__.py to __init__.cpython-310.pyc
running install_data
creating /home/ros2/ws/install/go2_slam_nav/share/ament_index
creating /home/ros2/ws/install/go2_slam_nav/share/ament_index/resource_index
creating /home/ros2/ws/install/go2_slam_nav/share/ament_index/resource_index/packages
copying resource/go2_slam_nav -> /home/ros2/ws/install/go2_slam_nav/share/ament_index/resource_index/packages
copying package.xml -> /home/ros2/ws/install/go2_slam_nav/share/go2_slam_nav
creating /home/ros2/ws/install/go2_slam_nav/share/go2_slam_nav/launch
copying launch/rtab_camera_lidar.launch.py -> /home/ros2/ws/install/go2_slam_nav/share/go2_slam_nav/launch
copying launch/mapping_camera.launch.py -> /home/ros2/ws/install/go2_slam_nav/share/go2_slam_nav/launch
copying launch/mapping.launch.py -> /home/ros2/ws/install/go2_slam_nav/share/go2_slam_nav/launch
copying launch/nav.launch.py -> /home/ros2/ws/install/go2_slam_nav/share/go2_slam_nav/launch
copying launch/rtab_lidar.launch.py -> /home/ros2/ws/install/go2_slam_nav/share/go2_slam_nav/launch
creating /home/ros2/ws/install/go2_slam_nav/share/go2_slam_nav/config
copying config/nav2_params.yaml -> /home/ros2/ws/install/go2_slam_nav/share/go2_slam_nav/config
copying config/twist_mux.yaml -> /home/ros2/ws/install/go2_slam_nav/share/go2_slam_nav/config
running install_egg_info
Copying ../../build/go2_slam_nav/go2_slam_nav.egg-info to /home/ros2/ws/install/go2_slam_nav/lib/python3.10/site-packages/go2_slam_nav-0.0.0-py3.10.egg-info
running install_scripts
writing list of installed files to '/home/ros2/ws/build/go2_slam_nav/install.log'
/usr/lib/python3/dist-packages/setuptools/dist.py:723: UserWarning: Usage of dash-separated 'script-dir' will not be supported in future versions. Please use the underscore name 'script_dir' instead
  warnings.warn(
