[1.164s] Invoking command in '/home/ros2/ws/src/go2_slam_nav': PYTHONPATH=/home/ros2/ws/build/go2_slam_nav/prefix_override:/usr/lib/python3/dist-packages/colcon_core/task/python/colcon_distutils_commands:/home/ros2/ws/install/go2_slam_nav/lib/python3.10/site-packages:${PYTHONPATH} /usr/bin/python3 -W ignore:setup.py install is deprecated -W ignore:easy_install command is deprecated setup.py egg_info --egg-base ../../build/go2_slam_nav build --build-base /home/ros2/ws/build/go2_slam_nav/build install --record /home/ros2/ws/build/go2_slam_nav/install.log --install-scripts $base/lib/go2_slam_nav --single-version-externally-managed install_data
[1.564s] running egg_info
[1.564s] creating ../../build/go2_slam_nav/go2_slam_nav.egg-info
[1.565s] writing ../../build/go2_slam_nav/go2_slam_nav.egg-info/PKG-INFO
[1.565s] writing dependency_links to ../../build/go2_slam_nav/go2_slam_nav.egg-info/dependency_links.txt
[1.565s] writing entry points to ../../build/go2_slam_nav/go2_slam_nav.egg-info/entry_points.txt
[1.565s] writing requirements to ../../build/go2_slam_nav/go2_slam_nav.egg-info/requires.txt
[1.565s] writing top-level names to ../../build/go2_slam_nav/go2_slam_nav.egg-info/top_level.txt
[1.565s] writing manifest file '../../build/go2_slam_nav/go2_slam_nav.egg-info/SOURCES.txt'
[1.565s] reading manifest file '../../build/go2_slam_nav/go2_slam_nav.egg-info/SOURCES.txt'
[1.565s] writing manifest file '../../build/go2_slam_nav/go2_slam_nav.egg-info/SOURCES.txt'
[1.565s] running build
[1.565s] running build_py
[1.565s] creating /home/ros2/ws/build/go2_slam_nav/build
[1.565s] creating /home/ros2/ws/build/go2_slam_nav/build/lib
[1.565s] creating /home/ros2/ws/build/go2_slam_nav/build/lib/go2_slam_nav
[1.565s] copying go2_slam_nav/__init__.py -> /home/ros2/ws/build/go2_slam_nav/build/lib/go2_slam_nav
[1.565s] running install
[1.565s] running install_lib
[1.565s] creating /home/ros2/ws/install/go2_slam_nav/lib/python3.10/site-packages/go2_slam_nav
[1.566s] copying /home/ros2/ws/build/go2_slam_nav/build/lib/go2_slam_nav/__init__.py -> /home/ros2/ws/install/go2_slam_nav/lib/python3.10/site-packages/go2_slam_nav
[1.566s] byte-compiling /home/ros2/ws/install/go2_slam_nav/lib/python3.10/site-packages/go2_slam_nav/__init__.py to __init__.cpython-310.pyc
[1.566s] running install_data
[1.566s] creating /home/ros2/ws/install/go2_slam_nav/share/ament_index
[1.566s] creating /home/ros2/ws/install/go2_slam_nav/share/ament_index/resource_index
[1.566s] creating /home/ros2/ws/install/go2_slam_nav/share/ament_index/resource_index/packages
[1.566s] copying resource/go2_slam_nav -> /home/ros2/ws/install/go2_slam_nav/share/ament_index/resource_index/packages
[1.566s] copying package.xml -> /home/ros2/ws/install/go2_slam_nav/share/go2_slam_nav
[1.566s] creating /home/ros2/ws/install/go2_slam_nav/share/go2_slam_nav/launch
[1.566s] copying launch/rtab_camera_lidar.launch.py -> /home/ros2/ws/install/go2_slam_nav/share/go2_slam_nav/launch
[1.566s] copying launch/mapping_camera.launch.py -> /home/ros2/ws/install/go2_slam_nav/share/go2_slam_nav/launch
[1.566s] copying launch/mapping.launch.py -> /home/ros2/ws/install/go2_slam_nav/share/go2_slam_nav/launch
[1.566s] copying launch/nav.launch.py -> /home/ros2/ws/install/go2_slam_nav/share/go2_slam_nav/launch
[1.566s] copying launch/rtab_lidar.launch.py -> /home/ros2/ws/install/go2_slam_nav/share/go2_slam_nav/launch
[1.566s] creating /home/ros2/ws/install/go2_slam_nav/share/go2_slam_nav/config
[1.566s] copying config/nav2_params.yaml -> /home/ros2/ws/install/go2_slam_nav/share/go2_slam_nav/config
[1.567s] copying config/twist_mux.yaml -> /home/ros2/ws/install/go2_slam_nav/share/go2_slam_nav/config
[1.567s] running install_egg_info
[1.567s] Copying ../../build/go2_slam_nav/go2_slam_nav.egg-info to /home/ros2/ws/install/go2_slam_nav/lib/python3.10/site-packages/go2_slam_nav-0.0.0-py3.10.egg-info
[1.567s] running install_scripts
[1.567s] writing list of installed files to '/home/ros2/ws/build/go2_slam_nav/install.log'
[1.571s] /usr/lib/python3/dist-packages/setuptools/dist.py:723: UserWarning: Usage of dash-separated 'script-dir' will not be supported in future versions. Please use the underscore name 'script_dir' instead
[1.571s]   warnings.warn(
[1.595s] Invoked command in '/home/ros2/ws/src/go2_slam_nav' returned '0': PYTHONPATH=/home/ros2/ws/build/go2_slam_nav/prefix_override:/usr/lib/python3/dist-packages/colcon_core/task/python/colcon_distutils_commands:/home/ros2/ws/install/go2_slam_nav/lib/python3.10/site-packages:${PYTHONPATH} /usr/bin/python3 -W ignore:setup.py install is deprecated -W ignore:easy_install command is deprecated setup.py egg_info --egg-base ../../build/go2_slam_nav build --build-base /home/ros2/ws/build/go2_slam_nav/build install --record /home/ros2/ws/build/go2_slam_nav/install.log --install-scripts $base/lib/go2_slam_nav --single-version-externally-managed install_data
