[0.396s] Invoking command in '/home/ros2/ws/build/unitree_ros2_example': CMAKE_PREFIX_PATH=/home/ros2/ws/install/unitree_hg:/home/ros2/ws/install/unitree_go:/home/ros2/ws/install/unitree_api:/home/ros2/ws/install/unitree_ros2_example:/home/ros2/ws/install/rslidar_sdk:/home/ros2/ws/install/rslidar_msg:/home/ros2/ws/install/hesai_ros_driver:/home/ros2/ws/install/go2_cmd_processor:/home/ros2/ws/install/image_processing:/home/ros2/ws/install/go2_slam_nav:/home/ros2/ws/install/frontier:/opt/ros/humble /usr/bin/cmake --build /home/ros2/ws/build/unitree_ros2_example -- -j8 -l8
[0.461s] [35m[1mConsolidate compiler generated dependencies of target low_level_ctrl[0m
[0.466s] [35m[1mConsolidate compiler generated dependencies of target low_level_ctrl_hg[0m
[0.477s] [35m[1mConsolidate compiler generated dependencies of target read_low_state_hg[0m
[0.478s] [35m[1mConsolidate compiler generated dependencies of target g1_low_level_example[0m
[0.480s] [35m[1mConsolidate compiler generated dependencies of target read_low_state[0m
[0.484s] [35m[1mConsolidate compiler generated dependencies of target go2_sport_client[0m
[0.487s] [35m[1mConsolidate compiler generated dependencies of target read_motion_state[0m
[0.497s] [35m[1mConsolidate compiler generated dependencies of target read_wireless_controller[0m
[0.524s] [  4%] Built target low_level_ctrl
[0.530s] [  7%] Built target read_low_state
[0.531s] [ 12%] Built target low_level_ctrl_hg
[0.531s] [ 17%] Built target g1_low_level_example
[0.532s] [ 20%] Built target read_low_state_hg
[0.532s] [ 25%] Built target go2_sport_client
[0.544s] [ 28%] Built target read_motion_state
[0.545s] [ 31%] Built target read_wireless_controller
[0.557s] [35m[1mConsolidate compiler generated dependencies of target go2_stand_example[0m
[0.562s] [35m[1mConsolidate compiler generated dependencies of target go2_robot_state_client[0m
[0.569s] [35m[1mConsolidate compiler generated dependencies of target g1_arm_sdk_dds_example[0m
[0.582s] [35m[1mConsolidate compiler generated dependencies of target g1_ankle_swing_example[0m
[0.582s] [35m[1mConsolidate compiler generated dependencies of target g1_dex3_example[0m
[0.582s] [35m[1mConsolidate compiler generated dependencies of target g1_loco_client_example[0m
[0.586s] [35m[1mConsolidate compiler generated dependencies of target g1_arm_action_example[0m
[0.586s] [35m[1mConsolidate compiler generated dependencies of target g1_audio_client_example[0m
[0.602s] [ 36%] Built target go2_stand_example
[0.633s] [ 41%] Built target g1_arm_action_example
[0.640s] [ 46%] Built target go2_robot_state_client
[0.647s] [ 50%] Built target g1_arm_sdk_dds_example
[0.647s] [ 55%] Built target g1_dex3_example
[0.647s] [35m[1mConsolidate compiler generated dependencies of target b2w_sport_client[0m
[0.647s] [ 63%] Built target g1_ankle_swing_example
[0.648s] [ 63%] Built target g1_audio_client_example
[0.659s] [ 68%] Built target g1_loco_client_example
[0.662s] [35m[1mConsolidate compiler generated dependencies of target h2_loco_client[0m
[0.664s] [35m[1mConsolidate compiler generated dependencies of target b2w_stand_example[0m
[0.674s] [35m[1mConsolidate compiler generated dependencies of target b2_stand_example[0m
[0.677s] [35m[1mConsolidate compiler generated dependencies of target b2_sport_client[0m
[0.685s] [35m[1mConsolidate compiler generated dependencies of target h2_ankle_swing_example[0m
[0.685s] [35m[1mConsolidate compiler generated dependencies of target g1_dual_arm_example[0m
[0.698s] [ 71%] Built target h2_loco_client
[0.699s] [ 76%] Built target b2w_sport_client
[0.716s] [ 80%] Built target b2w_stand_example
[0.723s] [ 85%] Built target b2_stand_example
[0.724s] [ 90%] Built target b2_sport_client
[0.728s] [ 95%] Built target g1_dual_arm_example
[0.733s] [100%] Built target h2_ankle_swing_example
[0.751s] Invoked command in '/home/ros2/ws/build/unitree_ros2_example' returned '0': CMAKE_PREFIX_PATH=/home/ros2/ws/install/unitree_hg:/home/ros2/ws/install/unitree_go:/home/ros2/ws/install/unitree_api:/home/ros2/ws/install/unitree_ros2_example:/home/ros2/ws/install/rslidar_sdk:/home/ros2/ws/install/rslidar_msg:/home/ros2/ws/install/hesai_ros_driver:/home/ros2/ws/install/go2_cmd_processor:/home/ros2/ws/install/image_processing:/home/ros2/ws/install/go2_slam_nav:/home/ros2/ws/install/frontier:/opt/ros/humble /usr/bin/cmake --build /home/ros2/ws/build/unitree_ros2_example -- -j8 -l8
[0.755s] Invoking command in '/home/ros2/ws/build/unitree_ros2_example': CMAKE_PREFIX_PATH=/home/ros2/ws/install/unitree_hg:/home/ros2/ws/install/unitree_go:/home/ros2/ws/install/unitree_api:/home/ros2/ws/install/unitree_ros2_example:/home/ros2/ws/install/rslidar_sdk:/home/ros2/ws/install/rslidar_msg:/home/ros2/ws/install/hesai_ros_driver:/home/ros2/ws/install/go2_cmd_processor:/home/ros2/ws/install/image_processing:/home/ros2/ws/install/go2_slam_nav:/home/ros2/ws/install/frontier:/opt/ros/humble /usr/bin/cmake --install /home/ros2/ws/build/unitree_ros2_example
[0.765s] -- Install configuration: ""
[0.765s] -- Up-to-date: /home/ros2/ws/install/unitree_ros2_example/bin/low_level_ctrl
[0.766s] -- Up-to-date: /home/ros2/ws/install/unitree_ros2_example/bin/low_level_ctrl_hg
[0.766s] -- Up-to-date: /home/ros2/ws/install/unitree_ros2_example/bin/g1_low_level_example
[0.767s] -- Up-to-date: /home/ros2/ws/install/unitree_ros2_example/bin/read_low_state
[0.767s] -- Up-to-date: /home/ros2/ws/install/unitree_ros2_example/bin/read_low_state_hg
[0.767s] -- Up-to-date: /home/ros2/ws/install/unitree_ros2_example/bin/read_motion_state
[0.768s] -- Up-to-date: /home/ros2/ws/install/unitree_ros2_example/bin/read_wireless_controller
[0.768s] -- Up-to-date: /home/ros2/ws/install/unitree_ros2_example/bin/go2_sport_client
[0.768s] -- Up-to-date: /home/ros2/ws/install/unitree_ros2_example/bin/go2_stand_example
[0.769s] -- Up-to-date: /home/ros2/ws/install/unitree_ros2_example/bin/go2_robot_state_client
[0.769s] -- Up-to-date: /home/ros2/ws/install/unitree_ros2_example/bin/g1_arm_sdk_dds_example
[0.770s] -- Up-to-date: /home/ros2/ws/install/unitree_ros2_example/bin/g1_arm_action_example
[0.770s] -- Up-to-date: /home/ros2/ws/install/unitree_ros2_example/bin/g1_dex3_example
[0.770s] -- Up-to-date: /home/ros2/ws/install/unitree_ros2_example/bin/g1_loco_client_example
[0.771s] -- Up-to-date: /home/ros2/ws/install/unitree_ros2_example/bin/g1_ankle_swing_example
[0.771s] -- Up-to-date: /home/ros2/ws/install/unitree_ros2_example/bin/g1_dual_arm_example
[0.772s] -- Up-to-date: /home/ros2/ws/install/unitree_ros2_example/bin/g1_audio_client_example
[0.772s] -- Up-to-date: /home/ros2/ws/install/unitree_ros2_example/bin/h2_loco_client
[0.772s] -- Up-to-date: /home/ros2/ws/install/unitree_ros2_example/bin/h2_ankle_swing_example
[0.773s] -- Up-to-date: /home/ros2/ws/install/unitree_ros2_example/share/ament_index/resource_index/package_run_dependencies/unitree_ros2_example
[0.773s] -- Up-to-date: /home/ros2/ws/install/unitree_ros2_example/share/ament_index/resource_index/parent_prefix_path/unitree_ros2_example
[0.773s] -- Up-to-date: /home/ros2/ws/install/unitree_ros2_example/share/unitree_ros2_example/environment/ament_prefix_path.sh
[0.773s] -- Up-to-date: /home/ros2/ws/install/unitree_ros2_example/share/unitree_ros2_example/environment/ament_prefix_path.dsv
[0.773s] -- Up-to-date: /home/ros2/ws/install/unitree_ros2_example/share/unitree_ros2_example/environment/path.sh
[0.773s] -- Up-to-date: /home/ros2/ws/install/unitree_ros2_example/share/unitree_ros2_example/environment/path.dsv
[0.773s] -- Up-to-date: /home/ros2/ws/install/unitree_ros2_example/share/unitree_ros2_example/local_setup.bash
[0.774s] -- Up-to-date: /home/ros2/ws/install/unitree_ros2_example/share/unitree_ros2_example/local_setup.sh
[0.774s] -- Up-to-date: /home/ros2/ws/install/unitree_ros2_example/share/unitree_ros2_example/local_setup.zsh
[0.774s] -- Up-to-date: /home/ros2/ws/install/unitree_ros2_example/share/unitree_ros2_example/local_setup.dsv
[0.774s] -- Installing: /home/ros2/ws/install/unitree_ros2_example/share/unitree_ros2_example/package.dsv
[0.774s] -- Up-to-date: /home/ros2/ws/install/unitree_ros2_example/share/ament_index/resource_index/packages/unitree_ros2_example
[0.774s] -- Up-to-date: /home/ros2/ws/install/unitree_ros2_example/share/unitree_ros2_example/cmake/unitree_ros2_exampleConfig.cmake
[0.774s] -- Up-to-date: /home/ros2/ws/install/unitree_ros2_example/share/unitree_ros2_example/cmake/unitree_ros2_exampleConfig-version.cmake
[0.774s] -- Up-to-date: /home/ros2/ws/install/unitree_ros2_example/share/unitree_ros2_example/package.xml
[0.777s] Invoked command in '/home/ros2/ws/build/unitree_ros2_example' returned '0': CMAKE_PREFIX_PATH=/home/ros2/ws/install/unitree_hg:/home/ros2/ws/install/unitree_go:/home/ros2/ws/install/unitree_api:/home/ros2/ws/install/unitree_ros2_example:/home/ros2/ws/install/rslidar_sdk:/home/ros2/ws/install/rslidar_msg:/home/ros2/ws/install/hesai_ros_driver:/home/ros2/ws/install/go2_cmd_processor:/home/ros2/ws/install/image_processing:/home/ros2/ws/install/go2_slam_nav:/home/ros2/ws/install/frontier:/opt/ros/humble /usr/bin/cmake --install /home/ros2/ws/build/unitree_ros2_example
