[0.864s] Invoking command in '/home/ros2/ws/build/hesai_ros_driver': CMAKE_PREFIX_PATH=${CMAKE_PREFIX_PATH}:/home/ros2/ws/install/go2_cmd_processor:/home/ros2/ws/install/image_processing:/home/ros2/ws/install/go2_slam_nav:/home/ros2/ws/install/frontier:/opt/ros/humble /usr/bin/cmake --build /home/ros2/ws/build/hesai_ros_driver -- -j8 -l8
[0.919s] [  1%] Built target hesai_ros_driver__cpp
[0.919s] [  3%] Built target log_lib
[0.923s] [ 12%] Built target hesai_ros_driver__rs
[0.923s] [ 12%] Built target hesai_ros_driver__rosidl_generator_c
[0.929s] [ 12%] Built target ament_cmake_python_copy_hesai_ros_driver
[0.957s] [ 15%] Built target platutils_lib
[0.958s] [ 23%] Built target hesai_ros_driver__rosidl_typesupport_fastrtps_cpp
[0.960s] [ 37%] Built target hesai_ros_driver__rosidl_typesupport_introspection_cpp
[0.960s] [ 39%] Built target hesai_ros_driver__rosidl_typesupport_cpp
[0.965s] [ 47%] Built target hesai_ros_driver__rosidl_typesupport_introspection_c
[0.968s] [ 55%] Built target hesai_ros_driver__rosidl_typesupport_c
[0.973s] [ 62%] Built target hesai_ros_driver__rosidl_typesupport_fastrtps_c
[0.988s] [ 70%] Built target source_lib
[0.991s] [ 79%] Built target ptcClient_lib
[0.997s] [ 79%] Built target hesai_ros_driver
[1.011s] [ 82%] Built target serialClient_lib
[1.018s] [ 83%] Built target hesai_ros_driver__py
[1.043s] [ 89%] Built target hesai_ros_driver__rosidl_generator_py
[1.049s] [ 93%] Built target hesai_ros_driver_node
[1.070s] [ 95%] Built target hesai_ros_driver__rosidl_typesupport_fastrtps_c__pyext
[1.072s] [ 97%] Built target hesai_ros_driver__rosidl_typesupport_introspection_c__pyext
[1.073s] [100%] Built target hesai_ros_driver__rosidl_typesupport_c__pyext
[1.233s] running egg_info
[1.234s] writing hesai_ros_driver.egg-info/PKG-INFO
[1.234s] writing dependency_links to hesai_ros_driver.egg-info/dependency_links.txt
[1.234s] writing top-level names to hesai_ros_driver.egg-info/top_level.txt
[1.237s] reading manifest file 'hesai_ros_driver.egg-info/SOURCES.txt'
[1.238s] writing manifest file 'hesai_ros_driver.egg-info/SOURCES.txt'
[1.383s] [100%] Built target ament_cmake_python_build_hesai_ros_driver_egg
[1.422s] Invoked command in '/home/ros2/ws/build/hesai_ros_driver' returned '0': CMAKE_PREFIX_PATH=${CMAKE_PREFIX_PATH}:/home/ros2/ws/install/go2_cmd_processor:/home/ros2/ws/install/image_processing:/home/ros2/ws/install/go2_slam_nav:/home/ros2/ws/install/frontier:/opt/ros/humble /usr/bin/cmake --build /home/ros2/ws/build/hesai_ros_driver -- -j8 -l8
[1.423s] Invoking command in '/home/ros2/ws/build/hesai_ros_driver': CMAKE_PREFIX_PATH=${CMAKE_PREFIX_PATH}:/home/ros2/ws/install/go2_cmd_processor:/home/ros2/ws/install/image_processing:/home/ros2/ws/install/go2_slam_nav:/home/ros2/ws/install/frontier:/opt/ros/humble /usr/bin/cmake --install /home/ros2/ws/build/hesai_ros_driver
[1.424s] -- Install configuration: "Release"
[1.424s] -- Up-to-date: /home/ros2/ws/install/hesai_ros_driver/share/ament_index/resource_index/rosidl_interfaces/hesai_ros_driver
[1.424s] -- Up-to-date: /home/ros2/ws/install/hesai_ros_driver/include/hesai_ros_driver/hesai_ros_driver
[1.424s] -- Up-to-date: /home/ros2/ws/install/hesai_ros_driver/include/hesai_ros_driver/hesai_ros_driver/msg
[1.424s] -- Up-to-date: /home/ros2/ws/install/hesai_ros_driver/include/hesai_ros_driver/hesai_ros_driver/msg/ptp.h
[1.424s] -- Up-to-date: /home/ros2/ws/install/hesai_ros_driver/include/hesai_ros_driver/hesai_ros_driver/msg/detail
[1.424s] -- Up-to-date: /home/ros2/ws/install/hesai_ros_driver/include/hesai_ros_driver/hesai_ros_driver/msg/detail/firetime__functions.h
[1.425s] -- Up-to-date: /home/ros2/ws/install/hesai_ros_driver/include/hesai_ros_driver/hesai_ros_driver/msg/detail/loss_packet__functions.h
[1.425s] -- Up-to-date: /home/ros2/ws/install/hesai_ros_driver/include/hesai_ros_driver/hesai_ros_driver/msg/detail/udp_packet__functions.c
[1.425s] -- Up-to-date: /home/ros2/ws/install/hesai_ros_driver/include/hesai_ros_driver/hesai_ros_driver/msg/detail/firetime__struct.h
[1.425s] -- Up-to-date: /home/ros2/ws/install/hesai_ros_driver/include/hesai_ros_driver/hesai_ros_driver/msg/detail/loss_packet__struct.h
[1.425s] -- Up-to-date: /home/ros2/ws/install/hesai_ros_driver/include/hesai_ros_driver/hesai_ros_driver/msg/detail/ptp__type_support.h
[1.425s] -- Up-to-date: /home/ros2/ws/install/hesai_ros_driver/include/hesai_ros_driver/hesai_ros_driver/msg/detail/ptp__functions.h
[1.425s] -- Up-to-date: /home/ros2/ws/install/hesai_ros_driver/include/hesai_ros_driver/hesai_ros_driver/msg/detail/loss_packet__type_support.h
[1.425s] -- Up-to-date: /home/ros2/ws/install/hesai_ros_driver/include/hesai_ros_driver/hesai_ros_driver/msg/detail/ptp__struct.h
[1.425s] -- Up-to-date: /home/ros2/ws/install/hesai_ros_driver/include/hesai_ros_driver/hesai_ros_driver/msg/detail/loss_packet__functions.c
[1.425s] -- Up-to-date: /home/ros2/ws/install/hesai_ros_driver/include/hesai_ros_driver/hesai_ros_driver/msg/detail/udp_frame__type_support.h
[1.426s] -- Up-to-date: /home/ros2/ws/install/hesai_ros_driver/include/hesai_ros_driver/hesai_ros_driver/msg/detail/udp_packet__functions.h
[1.426s] -- Up-to-date: /home/ros2/ws/install/hesai_ros_driver/include/hesai_ros_driver/hesai_ros_driver/msg/detail/firetime__type_support.h
[1.426s] -- Up-to-date: /home/ros2/ws/install/hesai_ros_driver/include/hesai_ros_driver/hesai_ros_driver/msg/detail/udp_frame__struct.h
[1.426s] -- Up-to-date: /home/ros2/ws/install/hesai_ros_driver/include/hesai_ros_driver/hesai_ros_driver/msg/detail/udp_packet__struct.h
[1.426s] -- Up-to-date: /home/ros2/ws/install/hesai_ros_driver/include/hesai_ros_driver/hesai_ros_driver/msg/detail/udp_frame__functions.c
[1.426s] -- Up-to-date: /home/ros2/ws/install/hesai_ros_driver/include/hesai_ros_driver/hesai_ros_driver/msg/detail/udp_frame__functions.h
[1.426s] -- Up-to-date: /home/ros2/ws/install/hesai_ros_driver/include/hesai_ros_driver/hesai_ros_driver/msg/detail/ptp__functions.c
[1.426s] -- Up-to-date: /home/ros2/ws/install/hesai_ros_driver/include/hesai_ros_driver/hesai_ros_driver/msg/detail/udp_packet__type_support.h
[1.426s] -- Up-to-date: /home/ros2/ws/install/hesai_ros_driver/include/hesai_ros_driver/hesai_ros_driver/msg/detail/firetime__functions.c
[1.426s] -- Up-to-date: /home/ros2/ws/install/hesai_ros_driver/include/hesai_ros_driver/hesai_ros_driver/msg/firetime.h
[1.427s] -- Up-to-date: /home/ros2/ws/install/hesai_ros_driver/include/hesai_ros_driver/hesai_ros_driver/msg/udp_frame.h
[1.427s] -- Up-to-date: /home/ros2/ws/install/hesai_ros_driver/include/hesai_ros_driver/hesai_ros_driver/msg/loss_packet.h
[1.427s] -- Up-to-date: /home/ros2/ws/install/hesai_ros_driver/include/hesai_ros_driver/hesai_ros_driver/msg/rosidl_generator_c__visibility_control.h
[1.427s] -- Up-to-date: /home/ros2/ws/install/hesai_ros_driver/include/hesai_ros_driver/hesai_ros_driver/msg/udp_packet.h
[1.427s] -- Up-to-date: /home/ros2/ws/install/hesai_ros_driver/share/hesai_ros_driver/environment/library_path.sh
[1.427s] -- Up-to-date: /home/ros2/ws/install/hesai_ros_driver/share/hesai_ros_driver/environment/library_path.dsv
[1.427s] -- Up-to-date: /home/ros2/ws/install/hesai_ros_driver/lib/libhesai_ros_driver__rosidl_generator_c.so
[1.427s] -- Up-to-date: /home/ros2/ws/install/hesai_ros_driver/include/hesai_ros_driver/hesai_ros_driver
[1.427s] -- Up-to-date: /home/ros2/ws/install/hesai_ros_driver/include/hesai_ros_driver/hesai_ros_driver/msg
[1.427s] -- Up-to-date: /home/ros2/ws/install/hesai_ros_driver/include/hesai_ros_driver/hesai_ros_driver/msg/detail
[1.427s] -- Up-to-date: /home/ros2/ws/install/hesai_ros_driver/include/hesai_ros_driver/hesai_ros_driver/msg/detail/udp_frame__rosidl_typesupport_fastrtps_c.h
[1.428s] -- Up-to-date: /home/ros2/ws/install/hesai_ros_driver/include/hesai_ros_driver/hesai_ros_driver/msg/detail/firetime__rosidl_typesupport_fastrtps_c.h
[1.428s] -- Up-to-date: /home/ros2/ws/install/hesai_ros_driver/include/hesai_ros_driver/hesai_ros_driver/msg/detail/loss_packet__rosidl_typesupport_fastrtps_c.h
[1.428s] -- Up-to-date: /home/ros2/ws/install/hesai_ros_driver/include/hesai_ros_driver/hesai_ros_driver/msg/detail/udp_packet__rosidl_typesupport_fastrtps_c.h
[1.428s] -- Up-to-date: /home/ros2/ws/install/hesai_ros_driver/include/hesai_ros_driver/hesai_ros_driver/msg/detail/ptp__rosidl_typesupport_fastrtps_c.h
[1.428s] -- Up-to-date: /home/ros2/ws/install/hesai_ros_driver/include/hesai_ros_driver/hesai_ros_driver/msg/rosidl_typesupport_fastrtps_c__visibility_control.h
[1.428s] -- Up-to-date: /home/ros2/ws/install/hesai_ros_driver/lib/libhesai_ros_driver__rosidl_typesupport_fastrtps_c.so
[1.428s] -- Up-to-date: /home/ros2/ws/install/hesai_ros_driver/include/hesai_ros_driver/hesai_ros_driver
[1.428s] -- Up-to-date: /home/ros2/ws/install/hesai_ros_driver/include/hesai_ros_driver/hesai_ros_driver/msg
[1.428s] -- Up-to-date: /home/ros2/ws/install/hesai_ros_driver/include/hesai_ros_driver/hesai_ros_driver/msg/rosidl_generator_cpp__visibility_control.hpp
[1.429s] -- Up-to-date: /home/ros2/ws/install/hesai_ros_driver/include/hesai_ros_driver/hesai_ros_driver/msg/detail
[1.429s] -- Up-to-date: /home/ros2/ws/install/hesai_ros_driver/include/hesai_ros_driver/hesai_ros_driver/msg/detail/ptp__struct.hpp
[1.429s] -- Up-to-date: /home/ros2/ws/install/hesai_ros_driver/include/hesai_ros_driver/hesai_ros_driver/msg/detail/firetime__traits.hpp
[1.429s] -- Up-to-date: /home/ros2/ws/install/hesai_ros_driver/include/hesai_ros_driver/hesai_ros_driver/msg/detail/loss_packet__struct.hpp
[1.429s] -- Up-to-date: /home/ros2/ws/install/hesai_ros_driver/include/hesai_ros_driver/hesai_ros_driver/msg/detail/firetime__type_support.hpp
[1.429s] -- Up-to-date: /home/ros2/ws/install/hesai_ros_driver/include/hesai_ros_driver/hesai_ros_driver/msg/detail/udp_packet__traits.hpp
[1.429s] -- Up-to-date: /home/ros2/ws/install/hesai_ros_driver/include/hesai_ros_driver/hesai_ros_driver/msg/detail/loss_packet__type_support.hpp
[1.430s] -- Up-to-date: /home/ros2/ws/install/hesai_ros_driver/include/hesai_ros_driver/hesai_ros_driver/msg/detail/udp_packet__struct.hpp
[1.430s] -- Up-to-date: /home/ros2/ws/install/hesai_ros_driver/include/hesai_ros_driver/hesai_ros_driver/msg/detail/firetime__struct.hpp
[1.430s] -- Up-to-date: /home/ros2/ws/install/hesai_ros_driver/include/hesai_ros_driver/hesai_ros_driver/msg/detail/udp_frame__struct.hpp
[1.430s] -- Up-to-date: /home/ros2/ws/install/hesai_ros_driver/include/hesai_ros_driver/hesai_ros_driver/msg/detail/udp_frame__traits.hpp
[1.430s] -- Up-to-date: /home/ros2/ws/install/hesai_ros_driver/include/hesai_ros_driver/hesai_ros_driver/msg/detail/udp_packet__type_support.hpp
[1.430s] -- Up-to-date: /home/ros2/ws/install/hesai_ros_driver/include/hesai_ros_driver/hesai_ros_driver/msg/detail/loss_packet__traits.hpp
[1.430s] -- Up-to-date: /home/ros2/ws/install/hesai_ros_driver/include/hesai_ros_driver/hesai_ros_driver/msg/detail/udp_frame__builder.hpp
[1.430s] -- Up-to-date: /home/ros2/ws/install/hesai_ros_driver/include/hesai_ros_driver/hesai_ros_driver/msg/detail/ptp__traits.hpp
[1.430s] -- Up-to-date: /home/ros2/ws/install/hesai_ros_driver/include/hesai_ros_driver/hesai_ros_driver/msg/detail/udp_frame__type_support.hpp
[1.431s] -- Up-to-date: /home/ros2/ws/install/hesai_ros_driver/include/hesai_ros_driver/hesai_ros_driver/msg/detail/loss_packet__builder.hpp
[1.431s] -- Up-to-date: /home/ros2/ws/install/hesai_ros_driver/include/hesai_ros_driver/hesai_ros_driver/msg/detail/firetime__builder.hpp
[1.431s] -- Up-to-date: /home/ros2/ws/install/hesai_ros_driver/include/hesai_ros_driver/hesai_ros_driver/msg/detail/ptp__builder.hpp
[1.431s] -- Up-to-date: /home/ros2/ws/install/hesai_ros_driver/include/hesai_ros_driver/hesai_ros_driver/msg/detail/ptp__type_support.hpp
[1.431s] -- Up-to-date: /home/ros2/ws/install/hesai_ros_driver/include/hesai_ros_driver/hesai_ros_driver/msg/detail/udp_packet__builder.hpp
[1.431s] -- Up-to-date: /home/ros2/ws/install/hesai_ros_driver/include/hesai_ros_driver/hesai_ros_driver/msg/udp_frame.hpp
[1.431s] -- Up-to-date: /home/ros2/ws/install/hesai_ros_driver/include/hesai_ros_driver/hesai_ros_driver/msg/loss_packet.hpp
[1.431s] -- Up-to-date: /home/ros2/ws/install/hesai_ros_driver/include/hesai_ros_driver/hesai_ros_driver/msg/udp_packet.hpp
[1.431s] -- Up-to-date: /home/ros2/ws/install/hesai_ros_driver/include/hesai_ros_driver/hesai_ros_driver/msg/firetime.hpp
[1.431s] -- Up-to-date: /home/ros2/ws/install/hesai_ros_driver/include/hesai_ros_driver/hesai_ros_driver/msg/ptp.hpp
[1.431s] -- Up-to-date: /home/ros2/ws/install/hesai_ros_driver/include/hesai_ros_driver/hesai_ros_driver
[1.431s] -- Up-to-date: /home/ros2/ws/install/hesai_ros_driver/include/hesai_ros_driver/hesai_ros_driver/msg
[1.431s] -- Up-to-date: /home/ros2/ws/install/hesai_ros_driver/include/hesai_ros_driver/hesai_ros_driver/msg/rosidl_typesupport_fastrtps_cpp__visibility_control.h
[1.431s] -- Up-to-date: /home/ros2/ws/install/hesai_ros_driver/include/hesai_ros_driver/hesai_ros_driver/msg/detail
[1.432s] -- Up-to-date: /home/ros2/ws/install/hesai_ros_driver/include/hesai_ros_driver/hesai_ros_driver/msg/detail/udp_frame__rosidl_typesupport_fastrtps_cpp.hpp
[1.432s] -- Up-to-date: /home/ros2/ws/install/hesai_ros_driver/include/hesai_ros_driver/hesai_ros_driver/msg/detail/ptp__rosidl_typesupport_fastrtps_cpp.hpp
[1.432s] -- Up-to-date: /home/ros2/ws/install/hesai_ros_driver/include/hesai_ros_driver/hesai_ros_driver/msg/detail/dds_fastrtps
[1.432s] -- Up-to-date: /home/ros2/ws/install/hesai_ros_driver/include/hesai_ros_driver/hesai_ros_driver/msg/detail/firetime__rosidl_typesupport_fastrtps_cpp.hpp
[1.432s] -- Up-to-date: /home/ros2/ws/install/hesai_ros_driver/include/hesai_ros_driver/hesai_ros_driver/msg/detail/loss_packet__rosidl_typesupport_fastrtps_cpp.hpp
[1.432s] -- Up-to-date: /home/ros2/ws/install/hesai_ros_driver/include/hesai_ros_driver/hesai_ros_driver/msg/detail/udp_packet__rosidl_typesupport_fastrtps_cpp.hpp
[1.432s] -- Up-to-date: /home/ros2/ws/install/hesai_ros_driver/lib/libhesai_ros_driver__rosidl_typesupport_fastrtps_cpp.so
[1.432s] -- Up-to-date: /home/ros2/ws/install/hesai_ros_driver/include/hesai_ros_driver/hesai_ros_driver
[1.432s] -- Up-to-date: /home/ros2/ws/install/hesai_ros_driver/include/hesai_ros_driver/hesai_ros_driver/msg
[1.432s] -- Up-to-date: /home/ros2/ws/install/hesai_ros_driver/include/hesai_ros_driver/hesai_ros_driver/msg/detail
[1.432s] -- Up-to-date: /home/ros2/ws/install/hesai_ros_driver/include/hesai_ros_driver/hesai_ros_driver/msg/detail/ptp__rosidl_typesupport_introspection_c.h
[1.432s] -- Up-to-date: /home/ros2/ws/install/hesai_ros_driver/include/hesai_ros_driver/hesai_ros_driver/msg/detail/loss_packet__rosidl_typesupport_introspection_c.h
[1.432s] -- Up-to-date: /home/ros2/ws/install/hesai_ros_driver/include/hesai_ros_driver/hesai_ros_driver/msg/detail/udp_packet__rosidl_typesupport_introspection_c.h
[1.432s] -- Up-to-date: /home/ros2/ws/install/hesai_ros_driver/include/hesai_ros_driver/hesai_ros_driver/msg/detail/firetime__type_support.c
[1.432s] -- Up-to-date: /home/ros2/ws/install/hesai_ros_driver/include/hesai_ros_driver/hesai_ros_driver/msg/detail/ptp__type_support.c
[1.433s] -- Up-to-date: /home/ros2/ws/install/hesai_ros_driver/include/hesai_ros_driver/hesai_ros_driver/msg/detail/firetime__rosidl_typesupport_introspection_c.h
[1.433s] -- Up-to-date: /home/ros2/ws/install/hesai_ros_driver/include/hesai_ros_driver/hesai_ros_driver/msg/detail/udp_packet__type_support.c
[1.433s] -- Up-to-date: /home/ros2/ws/install/hesai_ros_driver/include/hesai_ros_driver/hesai_ros_driver/msg/detail/loss_packet__type_support.c
[1.433s] -- Up-to-date: /home/ros2/ws/install/hesai_ros_driver/include/hesai_ros_driver/hesai_ros_driver/msg/detail/udp_frame__type_support.c
[1.433s] -- Up-to-date: /home/ros2/ws/install/hesai_ros_driver/include/hesai_ros_driver/hesai_ros_driver/msg/detail/udp_frame__rosidl_typesupport_introspection_c.h
[1.433s] -- Up-to-date: /home/ros2/ws/install/hesai_ros_driver/include/hesai_ros_driver/hesai_ros_driver/msg/rosidl_typesupport_introspection_c__visibility_control.h
[1.433s] -- Up-to-date: /home/ros2/ws/install/hesai_ros_driver/lib/libhesai_ros_driver__rosidl_typesupport_introspection_c.so
[1.433s] -- Up-to-date: /home/ros2/ws/install/hesai_ros_driver/lib/libhesai_ros_driver__rosidl_typesupport_c.so
[1.433s] -- Up-to-date: /home/ros2/ws/install/hesai_ros_driver/include/hesai_ros_driver/hesai_ros_driver
[1.433s] -- Up-to-date: /home/ros2/ws/install/hesai_ros_driver/include/hesai_ros_driver/hesai_ros_driver/msg
[1.433s] -- Up-to-date: /home/ros2/ws/install/hesai_ros_driver/include/hesai_ros_driver/hesai_ros_driver/msg/detail
[1.433s] -- Up-to-date: /home/ros2/ws/install/hesai_ros_driver/include/hesai_ros_driver/hesai_ros_driver/msg/detail/udp_frame__rosidl_typesupport_introspection_cpp.hpp
[1.433s] -- Up-to-date: /home/ros2/ws/install/hesai_ros_driver/include/hesai_ros_driver/hesai_ros_driver/msg/detail/firetime__type_support.cpp
[1.433s] -- Up-to-date: /home/ros2/ws/install/hesai_ros_driver/include/hesai_ros_driver/hesai_ros_driver/msg/detail/ptp__type_support.cpp
[1.433s] -- Up-to-date: /home/ros2/ws/install/hesai_ros_driver/include/hesai_ros_driver/hesai_ros_driver/msg/detail/ptp__rosidl_typesupport_introspection_cpp.hpp
[1.434s] -- Up-to-date: /home/ros2/ws/install/hesai_ros_driver/include/hesai_ros_driver/hesai_ros_driver/msg/detail/udp_frame__type_support.cpp
[1.437s] -- Up-to-date: /home/ros2/ws/install/hesai_ros_driver/include/hesai_ros_driver/hesai_ros_driver/msg/detail/udp_packet__type_support.cpp
[1.437s] -- Up-to-date: /home/ros2/ws/install/hesai_ros_driver/include/hesai_ros_driver/hesai_ros_driver/msg/detail/loss_packet__type_support.cpp
[1.437s] -- Up-to-date: /home/ros2/ws/install/hesai_ros_driver/include/hesai_ros_driver/hesai_ros_driver/msg/detail/udp_packet__rosidl_typesupport_introspection_cpp.hpp
[1.437s] -- Up-to-date: /home/ros2/ws/install/hesai_ros_driver/include/hesai_ros_driver/hesai_ros_driver/msg/detail/loss_packet__rosidl_typesupport_introspection_cpp.hpp
[1.437s] -- Up-to-date: /home/ros2/ws/install/hesai_ros_driver/include/hesai_ros_driver/hesai_ros_driver/msg/detail/firetime__rosidl_typesupport_introspection_cpp.hpp
[1.437s] -- Up-to-date: /home/ros2/ws/install/hesai_ros_driver/lib/libhesai_ros_driver__rosidl_typesupport_introspection_cpp.so
[1.437s] -- Up-to-date: /home/ros2/ws/install/hesai_ros_driver/lib/libhesai_ros_driver__rosidl_typesupport_cpp.so
[1.438s] -- Up-to-date: /home/ros2/ws/install/hesai_ros_driver/share/hesai_ros_driver/environment/pythonpath.sh
[1.438s] -- Up-to-date: /home/ros2/ws/install/hesai_ros_driver/share/hesai_ros_driver/environment/pythonpath.dsv
[1.440s] -- Up-to-date: /home/ros2/ws/install/hesai_ros_driver/local/lib/python3.10/dist-packages/hesai_ros_driver-1.5.0-py3.10.egg-info
[1.440s] -- Installing: /home/ros2/ws/install/hesai_ros_driver/local/lib/python3.10/dist-packages/hesai_ros_driver-1.5.0-py3.10.egg-info/top_level.txt
[1.441s] -- Installing: /home/ros2/ws/install/hesai_ros_driver/local/lib/python3.10/dist-packages/hesai_ros_driver-1.5.0-py3.10.egg-info/SOURCES.txt
[1.445s] -- Installing: /home/ros2/ws/install/hesai_ros_driver/local/lib/python3.10/dist-packages/hesai_ros_driver-1.5.0-py3.10.egg-info/PKG-INFO
[1.445s] -- Installing: /home/ros2/ws/install/hesai_ros_driver/local/lib/python3.10/dist-packages/hesai_ros_driver-1.5.0-py3.10.egg-info/dependency_links.txt
[1.446s] -- Up-to-date: /home/ros2/ws/install/hesai_ros_driver/local/lib/python3.10/dist-packages/hesai_ros_driver
[1.446s] -- Up-to-date: /home/ros2/ws/install/hesai_ros_driver/local/lib/python3.10/dist-packages/hesai_ros_driver/_hesai_ros_driver_s.ep.rosidl_typesupport_fastrtps_c.c
[1.446s] -- Up-to-date: /home/ros2/ws/install/hesai_ros_driver/local/lib/python3.10/dist-packages/hesai_ros_driver/hesai_ros_driver_s__rosidl_typesupport_introspection_c.cpython-310-x86_64-linux-gnu.so
[1.446s] -- Up-to-date: /home/ros2/ws/install/hesai_ros_driver/local/lib/python3.10/dist-packages/hesai_ros_driver/hesai_ros_driver_s__rosidl_typesupport_fastrtps_c.cpython-310-x86_64-linux-gnu.so
[1.446s] -- Up-to-date: /home/ros2/ws/install/hesai_ros_driver/local/lib/python3.10/dist-packages/hesai_ros_driver/msg
[1.446s] -- Up-to-date: /home/ros2/ws/install/hesai_ros_driver/local/lib/python3.10/dist-packages/hesai_ros_driver/msg/_firetime_s.c
[1.446s] -- Up-to-date: /home/ros2/ws/install/hesai_ros_driver/local/lib/python3.10/dist-packages/hesai_ros_driver/msg/_ptp_s.c
[1.446s] -- Up-to-date: /home/ros2/ws/install/hesai_ros_driver/local/lib/python3.10/dist-packages/hesai_ros_driver/msg/_ptp.py
[1.446s] -- Up-to-date: /home/ros2/ws/install/hesai_ros_driver/local/lib/python3.10/dist-packages/hesai_ros_driver/msg/_udp_frame.py
[1.446s] -- Up-to-date: /home/ros2/ws/install/hesai_ros_driver/local/lib/python3.10/dist-packages/hesai_ros_driver/msg/_udp_packet.py
[1.446s] -- Up-to-date: /home/ros2/ws/install/hesai_ros_driver/local/lib/python3.10/dist-packages/hesai_ros_driver/msg/_loss_packet_s.c
[1.447s] -- Up-to-date: /home/ros2/ws/install/hesai_ros_driver/local/lib/python3.10/dist-packages/hesai_ros_driver/msg/_loss_packet.py
[1.447s] -- Up-to-date: /home/ros2/ws/install/hesai_ros_driver/local/lib/python3.10/dist-packages/hesai_ros_driver/msg/_firetime.py
[1.447s] -- Up-to-date: /home/ros2/ws/install/hesai_ros_driver/local/lib/python3.10/dist-packages/hesai_ros_driver/msg/_udp_packet_s.c
[1.447s] -- Up-to-date: /home/ros2/ws/install/hesai_ros_driver/local/lib/python3.10/dist-packages/hesai_ros_driver/msg/_udp_frame_s.c
[1.447s] -- Up-to-date: /home/ros2/ws/install/hesai_ros_driver/local/lib/python3.10/dist-packages/hesai_ros_driver/msg/__init__.py
[1.447s] -- Up-to-date: /home/ros2/ws/install/hesai_ros_driver/local/lib/python3.10/dist-packages/hesai_ros_driver/_hesai_ros_driver_s.ep.rosidl_typesupport_introspection_c.c
[1.447s] -- Up-to-date: /home/ros2/ws/install/hesai_ros_driver/local/lib/python3.10/dist-packages/hesai_ros_driver/hesai_ros_driver_s__rosidl_typesupport_c.cpython-310-x86_64-linux-gnu.so
[1.447s] -- Up-to-date: /home/ros2/ws/install/hesai_ros_driver/local/lib/python3.10/dist-packages/hesai_ros_driver/libhesai_ros_driver__rosidl_generator_py.so
[1.447s] -- Up-to-date: /home/ros2/ws/install/hesai_ros_driver/local/lib/python3.10/dist-packages/hesai_ros_driver/_hesai_ros_driver_s.ep.rosidl_typesupport_c.c
[1.447s] -- Up-to-date: /home/ros2/ws/install/hesai_ros_driver/local/lib/python3.10/dist-packages/hesai_ros_driver/__init__.py
[1.465s] Listing '/home/ros2/ws/install/hesai_ros_driver/local/lib/python3.10/dist-packages/hesai_ros_driver'...
[1.465s] Listing '/home/ros2/ws/install/hesai_ros_driver/local/lib/python3.10/dist-packages/hesai_ros_driver/msg'...
[1.465s] -- Up-to-date: /home/ros2/ws/install/hesai_ros_driver/local/lib/python3.10/dist-packages/hesai_ros_driver/hesai_ros_driver_s__rosidl_typesupport_fastrtps_c.cpython-310-x86_64-linux-gnu.so
[1.465s] -- Up-to-date: /home/ros2/ws/install/hesai_ros_driver/local/lib/python3.10/dist-packages/hesai_ros_driver/hesai_ros_driver_s__rosidl_typesupport_introspection_c.cpython-310-x86_64-linux-gnu.so
[1.465s] -- Up-to-date: /home/ros2/ws/install/hesai_ros_driver/local/lib/python3.10/dist-packages/hesai_ros_driver/hesai_ros_driver_s__rosidl_typesupport_c.cpython-310-x86_64-linux-gnu.so
[1.465s] -- Up-to-date: /home/ros2/ws/install/hesai_ros_driver/lib/libhesai_ros_driver__rosidl_generator_py.so
[1.465s] -- Up-to-date: /home/ros2/ws/install/hesai_ros_driver/share/ament_index/resource_index/rust_packages/hesai_ros_driver
[1.466s] -- Up-to-date: /home/ros2/ws/install/hesai_ros_driver/share/hesai_ros_driver/rust
[1.466s] -- Up-to-date: /home/ros2/ws/install/hesai_ros_driver/share/hesai_ros_driver/rust/build.rs
[1.466s] -- Up-to-date: /home/ros2/ws/install/hesai_ros_driver/share/hesai_ros_driver/rust/src
[1.466s] -- Up-to-date: /home/ros2/ws/install/hesai_ros_driver/share/hesai_ros_driver/rust/src/lib.rs
[1.466s] -- Up-to-date: /home/ros2/ws/install/hesai_ros_driver/share/hesai_ros_driver/rust/src/msg.rs
[1.466s] -- Up-to-date: /home/ros2/ws/install/hesai_ros_driver/share/hesai_ros_driver/rust/src/msg
[1.466s] -- Up-to-date: /home/ros2/ws/install/hesai_ros_driver/share/hesai_ros_driver/rust/src/msg/rmw.rs
[1.466s] -- Up-to-date: /home/ros2/ws/install/hesai_ros_driver/share/hesai_ros_driver/rust/Cargo.toml
[1.466s] -- Up-to-date: /home/ros2/ws/install/hesai_ros_driver/share/hesai_ros_driver/msg/UdpPacket.idl
[1.466s] -- Up-to-date: /home/ros2/ws/install/hesai_ros_driver/share/hesai_ros_driver/msg/UdpFrame.idl
[1.466s] -- Up-to-date: /home/ros2/ws/install/hesai_ros_driver/share/hesai_ros_driver/msg/Firetime.idl
[1.466s] -- Up-to-date: /home/ros2/ws/install/hesai_ros_driver/share/hesai_ros_driver/msg/Ptp.idl
[1.466s] -- Up-to-date: /home/ros2/ws/install/hesai_ros_driver/share/hesai_ros_driver/msg/LossPacket.idl
[1.466s] -- Up-to-date: /home/ros2/ws/install/hesai_ros_driver/share/hesai_ros_driver/msg_ros2/UdpPacket.msg
[1.466s] -- Up-to-date: /home/ros2/ws/install/hesai_ros_driver/share/hesai_ros_driver/msg_ros2/UdpFrame.msg
[1.466s] -- Up-to-date: /home/ros2/ws/install/hesai_ros_driver/share/hesai_ros_driver/msg_ros2/Firetime.msg
[1.466s] -- Up-to-date: /home/ros2/ws/install/hesai_ros_driver/share/hesai_ros_driver/msg_ros2/Ptp.msg
[1.467s] -- Up-to-date: /home/ros2/ws/install/hesai_ros_driver/share/hesai_ros_driver/msg_ros2/LossPacket.msg
[1.467s] -- Up-to-date: /home/ros2/ws/install/hesai_ros_driver/lib/hesai_ros_driver/hesai_ros_driver_node
[1.467s] -- Up-to-date: /home/ros2/ws/install/hesai_ros_driver/lib/liblog_lib.a
[1.467s] -- Up-to-date: /home/ros2/ws/install/hesai_ros_driver/lib/libptcClient_lib.a
[1.467s] -- Up-to-date: /home/ros2/ws/install/hesai_ros_driver/lib/libsource_lib.a
[1.467s] -- Up-to-date: /home/ros2/ws/install/hesai_ros_driver/lib/libplatutils_lib.a
[1.467s] -- Up-to-date: /home/ros2/ws/install/hesai_ros_driver/lib/libserialClient_lib.a
[1.467s] -- Up-to-date: /home/ros2/ws/install/hesai_ros_driver/share/hesai_ros_driver/launch
[1.467s] -- Up-to-date: /home/ros2/ws/install/hesai_ros_driver/share/hesai_ros_driver/launch/dashing_start.py
[1.467s] -- Up-to-date: /home/ros2/ws/install/hesai_ros_driver/share/hesai_ros_driver/launch/start.py
[1.467s] -- Up-to-date: /home/ros2/ws/install/hesai_ros_driver/share/hesai_ros_driver/launch/start.launch
[1.467s] -- Up-to-date: /home/ros2/ws/install/hesai_ros_driver/share/hesai_ros_driver/rviz
[1.467s] -- Up-to-date: /home/ros2/ws/install/hesai_ros_driver/share/hesai_ros_driver/rviz/rviz.rviz
[1.467s] -- Up-to-date: /home/ros2/ws/install/hesai_ros_driver/share/hesai_ros_driver/rviz/rviz2.rviz
[1.467s] -- Up-to-date: /home/ros2/ws/install/hesai_ros_driver/share/hesai_ros_driver/config
[1.467s] -- Up-to-date: /home/ros2/ws/install/hesai_ros_driver/share/hesai_ros_driver/config/config.yaml
[1.467s] -- Up-to-date: /home/ros2/ws/install/hesai_ros_driver/share/ament_index/resource_index/package_run_dependencies/hesai_ros_driver
[1.467s] -- Up-to-date: /home/ros2/ws/install/hesai_ros_driver/share/ament_index/resource_index/parent_prefix_path/hesai_ros_driver
[1.467s] -- Up-to-date: /home/ros2/ws/install/hesai_ros_driver/share/hesai_ros_driver/environment/ament_prefix_path.sh
[1.467s] -- Up-to-date: /home/ros2/ws/install/hesai_ros_driver/share/hesai_ros_driver/environment/ament_prefix_path.dsv
[1.468s] -- Up-to-date: /home/ros2/ws/install/hesai_ros_driver/share/hesai_ros_driver/environment/path.sh
[1.468s] -- Up-to-date: /home/ros2/ws/install/hesai_ros_driver/share/hesai_ros_driver/environment/path.dsv
[1.468s] -- Up-to-date: /home/ros2/ws/install/hesai_ros_driver/share/hesai_ros_driver/local_setup.bash
[1.468s] -- Up-to-date: /home/ros2/ws/install/hesai_ros_driver/share/hesai_ros_driver/local_setup.sh
[1.468s] -- Up-to-date: /home/ros2/ws/install/hesai_ros_driver/share/hesai_ros_driver/local_setup.zsh
[1.468s] -- Up-to-date: /home/ros2/ws/install/hesai_ros_driver/share/hesai_ros_driver/local_setup.dsv
[1.468s] -- Installing: /home/ros2/ws/install/hesai_ros_driver/share/hesai_ros_driver/package.dsv
[1.468s] -- Up-to-date: /home/ros2/ws/install/hesai_ros_driver/share/ament_index/resource_index/packages/hesai_ros_driver
[1.468s] -- Up-to-date: /home/ros2/ws/install/hesai_ros_driver/share/hesai_ros_driver/cmake/export_hesai_ros_driver__rosidl_generator_cExport.cmake
[1.468s] -- Up-to-date: /home/ros2/ws/install/hesai_ros_driver/share/hesai_ros_driver/cmake/export_hesai_ros_driver__rosidl_generator_cExport-release.cmake
[1.468s] -- Up-to-date: /home/ros2/ws/install/hesai_ros_driver/share/hesai_ros_driver/cmake/export_hesai_ros_driver__rosidl_typesupport_fastrtps_cExport.cmake
[1.468s] -- Up-to-date: /home/ros2/ws/install/hesai_ros_driver/share/hesai_ros_driver/cmake/export_hesai_ros_driver__rosidl_typesupport_fastrtps_cExport-release.cmake
[1.468s] -- Up-to-date: /home/ros2/ws/install/hesai_ros_driver/share/hesai_ros_driver/cmake/export_hesai_ros_driver__rosidl_generator_cppExport.cmake
[1.468s] -- Up-to-date: /home/ros2/ws/install/hesai_ros_driver/share/hesai_ros_driver/cmake/export_hesai_ros_driver__rosidl_typesupport_fastrtps_cppExport.cmake
[1.468s] -- Up-to-date: /home/ros2/ws/install/hesai_ros_driver/share/hesai_ros_driver/cmake/export_hesai_ros_driver__rosidl_typesupport_fastrtps_cppExport-release.cmake
[1.468s] -- Up-to-date: /home/ros2/ws/install/hesai_ros_driver/share/hesai_ros_driver/cmake/hesai_ros_driver__rosidl_typesupport_introspection_cExport.cmake
[1.468s] -- Up-to-date: /home/ros2/ws/install/hesai_ros_driver/share/hesai_ros_driver/cmake/hesai_ros_driver__rosidl_typesupport_introspection_cExport-release.cmake
[1.468s] -- Up-to-date: /home/ros2/ws/install/hesai_ros_driver/share/hesai_ros_driver/cmake/hesai_ros_driver__rosidl_typesupport_cExport.cmake
[1.469s] -- Up-to-date: /home/ros2/ws/install/hesai_ros_driver/share/hesai_ros_driver/cmake/hesai_ros_driver__rosidl_typesupport_cExport-release.cmake
[1.469s] -- Up-to-date: /home/ros2/ws/install/hesai_ros_driver/share/hesai_ros_driver/cmake/hesai_ros_driver__rosidl_typesupport_introspection_cppExport.cmake
[1.469s] -- Up-to-date: /home/ros2/ws/install/hesai_ros_driver/share/hesai_ros_driver/cmake/hesai_ros_driver__rosidl_typesupport_introspection_cppExport-release.cmake
[1.469s] -- Up-to-date: /home/ros2/ws/install/hesai_ros_driver/share/hesai_ros_driver/cmake/hesai_ros_driver__rosidl_typesupport_cppExport.cmake
[1.469s] -- Up-to-date: /home/ros2/ws/install/hesai_ros_driver/share/hesai_ros_driver/cmake/hesai_ros_driver__rosidl_typesupport_cppExport-release.cmake
[1.469s] -- Up-to-date: /home/ros2/ws/install/hesai_ros_driver/share/hesai_ros_driver/cmake/export_hesai_ros_driver__rosidl_generator_pyExport.cmake
[1.469s] -- Up-to-date: /home/ros2/ws/install/hesai_ros_driver/share/hesai_ros_driver/cmake/export_hesai_ros_driver__rosidl_generator_pyExport-release.cmake
[1.469s] -- Up-to-date: /home/ros2/ws/install/hesai_ros_driver/share/hesai_ros_driver/cmake/rosidl_cmake-extras.cmake
[1.469s] -- Up-to-date: /home/ros2/ws/install/hesai_ros_driver/share/hesai_ros_driver/cmake/ament_cmake_export_dependencies-extras.cmake
[1.469s] -- Up-to-date: /home/ros2/ws/install/hesai_ros_driver/share/hesai_ros_driver/cmake/ament_cmake_export_include_directories-extras.cmake
[1.469s] -- Up-to-date: /home/ros2/ws/install/hesai_ros_driver/share/hesai_ros_driver/cmake/ament_cmake_export_libraries-extras.cmake
[1.469s] -- Up-to-date: /home/ros2/ws/install/hesai_ros_driver/share/hesai_ros_driver/cmake/ament_cmake_export_targets-extras.cmake
[1.469s] -- Up-to-date: /home/ros2/ws/install/hesai_ros_driver/share/hesai_ros_driver/cmake/rosidl_cmake_export_typesupport_targets-extras.cmake
[1.469s] -- Up-to-date: /home/ros2/ws/install/hesai_ros_driver/share/hesai_ros_driver/cmake/rosidl_cmake_export_typesupport_libraries-extras.cmake
[1.469s] -- Up-to-date: /home/ros2/ws/install/hesai_ros_driver/share/hesai_ros_driver/cmake/hesai_ros_driverConfig.cmake
[1.469s] -- Up-to-date: /home/ros2/ws/install/hesai_ros_driver/share/hesai_ros_driver/cmake/hesai_ros_driverConfig-version.cmake
[1.470s] -- Up-to-date: /home/ros2/ws/install/hesai_ros_driver/share/hesai_ros_driver/package.xml
[1.525s] Invoked command in '/home/ros2/ws/build/hesai_ros_driver' returned '0': CMAKE_PREFIX_PATH=${CMAKE_PREFIX_PATH}:/home/ros2/ws/install/go2_cmd_processor:/home/ros2/ws/install/image_processing:/home/ros2/ws/install/go2_slam_nav:/home/ros2/ws/install/frontier:/opt/ros/humble /usr/bin/cmake --install /home/ros2/ws/build/hesai_ros_driver
