[1.217s] Invoking command in '/home/ros2/ws/src/go2_cmd_processor': AMENT_PREFIX_PATH=/home/ros2/ws/install/unitree_api:${AMENT_PREFIX_PATH} CMAKE_PREFIX_PATH=/home/ros2/ws/install/unitree_api LD_LIBRARY_PATH=/home/ros2/ws/install/unitree_api/lib:${LD_LIBRARY_PATH} PYTHONPATH=/home/ros2/ws/build/go2_cmd_processor/prefix_override:/usr/lib/python3/dist-packages/colcon_core/task/python/colcon_distutils_commands:/home/ros2/ws/install/go2_cmd_processor/lib/python3.10/site-packages:/home/ros2/ws/install/unitree_api/local/lib/python3.10/dist-packages:${PYTHONPATH} /usr/bin/python3 -W ignore:setup.py install is deprecated -W ignore:easy_install command is deprecated setup.py egg_info --egg-base ../../build/go2_cmd_processor build --build-base /home/ros2/ws/build/go2_cmd_processor/build install --record /home/ros2/ws/build/go2_cmd_processor/install.log --install-scripts $base/lib/go2_cmd_processor --single-version-externally-managed install_data
[1.655s] /usr/lib/python3/dist-packages/setuptools/dist.py:723: UserWarning: Usage of dash-separated 'script-dir' will not be supported in future versions. Please use the underscore name 'script_dir' instead
[1.655s]   warnings.warn(
[1.670s] running egg_info
[1.672s] creating ../../build/go2_cmd_processor/go2_cmd_processor.egg-info
[1.672s] writing ../../build/go2_cmd_processor/go2_cmd_processor.egg-info/PKG-INFO
[1.673s] writing dependency_links to ../../build/go2_cmd_processor/go2_cmd_processor.egg-info/dependency_links.txt
[1.673s] writing entry points to ../../build/go2_cmd_processor/go2_cmd_processor.egg-info/entry_points.txt
[1.674s] writing requirements to ../../build/go2_cmd_processor/go2_cmd_processor.egg-info/requires.txt
[1.674s] writing top-level names to ../../build/go2_cmd_processor/go2_cmd_processor.egg-info/top_level.txt
[1.675s] writing manifest file '../../build/go2_cmd_processor/go2_cmd_processor.egg-info/SOURCES.txt'
[1.679s] reading manifest file '../../build/go2_cmd_processor/go2_cmd_processor.egg-info/SOURCES.txt'
[1.679s] writing manifest file '../../build/go2_cmd_processor/go2_cmd_processor.egg-info/SOURCES.txt'
[1.680s] running build
[1.680s] running build_py
[1.680s] creating /home/ros2/ws/build/go2_cmd_processor/build
[1.681s] creating /home/ros2/ws/build/go2_cmd_processor/build/lib
[1.681s] creating /home/ros2/ws/build/go2_cmd_processor/build/lib/go2_cmd_processor
[1.681s] copying go2_cmd_processor/sport_ctrl.py -> /home/ros2/ws/build/go2_cmd_processor/build/lib/go2_cmd_processor
[1.681s] copying go2_cmd_processor/__init__.py -> /home/ros2/ws/build/go2_cmd_processor/build/lib/go2_cmd_processor
[1.682s] running install
[1.684s] running install_lib
[1.684s] creating /home/ros2/ws/install/go2_cmd_processor/lib/python3.10/site-packages/go2_cmd_processor
[1.685s] copying /home/ros2/ws/build/go2_cmd_processor/build/lib/go2_cmd_processor/sport_ctrl.py -> /home/ros2/ws/install/go2_cmd_processor/lib/python3.10/site-packages/go2_cmd_processor
[1.685s] copying /home/ros2/ws/build/go2_cmd_processor/build/lib/go2_cmd_processor/__init__.py -> /home/ros2/ws/install/go2_cmd_processor/lib/python3.10/site-packages/go2_cmd_processor
[1.686s] byte-compiling /home/ros2/ws/install/go2_cmd_processor/lib/python3.10/site-packages/go2_cmd_processor/sport_ctrl.py to sport_ctrl.cpython-310.pyc
[1.688s] byte-compiling /home/ros2/ws/install/go2_cmd_processor/lib/python3.10/site-packages/go2_cmd_processor/__init__.py to __init__.cpython-310.pyc
[1.689s] running install_data
[1.689s] creating /home/ros2/ws/install/go2_cmd_processor/share/ament_index
[1.689s] creating /home/ros2/ws/install/go2_cmd_processor/share/ament_index/resource_index
[1.690s] creating /home/ros2/ws/install/go2_cmd_processor/share/ament_index/resource_index/packages
[1.690s] copying resource/go2_cmd_processor -> /home/ros2/ws/install/go2_cmd_processor/share/ament_index/resource_index/packages
[1.690s] copying package.xml -> /home/ros2/ws/install/go2_cmd_processor/share/go2_cmd_processor
[1.690s] running install_egg_info
[1.695s] Copying ../../build/go2_cmd_processor/go2_cmd_processor.egg-info to /home/ros2/ws/install/go2_cmd_processor/lib/python3.10/site-packages/go2_cmd_processor-0.0.0-py3.10.egg-info
[1.695s] running install_scripts
[1.730s] Installing sport_ctrl script to /home/ros2/ws/install/go2_cmd_processor/lib/go2_cmd_processor
[1.730s] writing list of installed files to '/home/ros2/ws/build/go2_cmd_processor/install.log'
[1.766s] Invoked command in '/home/ros2/ws/src/go2_cmd_processor' returned '0': AMENT_PREFIX_PATH=/home/ros2/ws/install/unitree_api:${AMENT_PREFIX_PATH} CMAKE_PREFIX_PATH=/home/ros2/ws/install/unitree_api LD_LIBRARY_PATH=/home/ros2/ws/install/unitree_api/lib:${LD_LIBRARY_PATH} PYTHONPATH=/home/ros2/ws/build/go2_cmd_processor/prefix_override:/usr/lib/python3/dist-packages/colcon_core/task/python/colcon_distutils_commands:/home/ros2/ws/install/go2_cmd_processor/lib/python3.10/site-packages:/home/ros2/ws/install/unitree_api/local/lib/python3.10/dist-packages:${PYTHONPATH} /usr/bin/python3 -W ignore:setup.py install is deprecated -W ignore:easy_install command is deprecated setup.py egg_info --egg-base ../../build/go2_cmd_processor build --build-base /home/ros2/ws/build/go2_cmd_processor/build install --record /home/ros2/ws/build/go2_cmd_processor/install.log --install-scripts $base/lib/go2_cmd_processor --single-version-externally-managed install_data
