/home/ros2/ws/install/frontier/lib/python3.10/site-packages/frontier/frontier_update2.py
/home/ros2/ws/install/frontier/lib/python3.10/site-packages/frontier/frontier.py
/home/ros2/ws/install/frontier/lib/python3.10/site-packages/frontier/frontier_update1.py
/home/ros2/ws/install/frontier/lib/python3.10/site-packages/frontier/__init__.py
/home/ros2/ws/install/frontier/lib/python3.10/site-packages/frontier/__pycache__/frontier_update2.cpython-310.pyc
/home/ros2/ws/install/frontier/lib/python3.10/site-packages/frontier/__pycache__/frontier.cpython-310.pyc
/home/ros2/ws/install/frontier/lib/python3.10/site-packages/frontier/__pycache__/frontier_update1.cpython-310.pyc
/home/ros2/ws/install/frontier/lib/python3.10/site-packages/frontier/__pycache__/__init__.cpython-310.pyc
/home/ros2/ws/install/frontier/share/ament_index/resource_index/packages/frontier
/home/ros2/ws/install/frontier/share/frontier/package.xml
/home/ros2/ws/install/frontier/share/frontier/launch/frontier.launch.xml
/home/ros2/ws/install/frontier/share/frontier/launch/frontier_update.launch.xml
/home/ros2/ws/install/frontier/share/frontier/config/frontier_only.rviz
/home/ros2/ws/install/frontier/lib/python3.10/site-packages/frontier-0.0.0-py3.10.egg-info/top_level.txt
/home/ros2/ws/install/frontier/lib/python3.10/site-packages/frontier-0.0.0-py3.10.egg-info/entry_points.txt
/home/ros2/ws/install/frontier/lib/python3.10/site-packages/frontier-0.0.0-py3.10.egg-info/zip-safe
/home/ros2/ws/install/frontier/lib/python3.10/site-packages/frontier-0.0.0-py3.10.egg-info/SOURCES.txt
/home/ros2/ws/install/frontier/lib/python3.10/site-packages/frontier-0.0.0-py3.10.egg-info/PKG-INFO
/home/ros2/ws/install/frontier/lib/python3.10/site-packages/frontier-0.0.0-py3.10.egg-info/requires.txt
/home/ros2/ws/install/frontier/lib/python3.10/site-packages/frontier-0.0.0-py3.10.egg-info/dependency_links.txt
/home/ros2/ws/install/frontier/lib/frontier/explore
/home/ros2/ws/install/frontier/lib/frontier/explore_detect
/home/ros2/ws/install/frontier/lib/frontier/explore_update
/home/ros2/ws/install/frontier/lib/frontier/explore_update2
