[0.027s] Invoking command in '/home/ros2/ws/build/unitree_hg': CMAKE_PREFIX_PATH=${CMAKE_PREFIX_PATH}:/home/ros2/ws/install/go2_cmd_processor:/home/ros2/ws/install/image_processing:/home/ros2/ws/install/go2_slam_nav:/home/ros2/ws/install/frontier:/opt/ros/humble /usr/bin/cmake --build /home/ros2/ws/build/unitree_hg -- -j8 -l8
[0.885s] [  1%] Built target unitree_hg__dds_connext_idl
[0.885s] [  2%] Built target unitree_hg__rs
[0.885s] [ 14%] Built target unitree_hg__rosidl_generator_c
[0.885s] [ 14%] Built target unitree_hg__cpp
[0.885s] [ 14%] Built target ament_cmake_python_copy_unitree_hg
[0.885s] [ 26%] Built target unitree_hg__rosidl_typesupport_fastrtps_c
[0.885s] [ 38%] Built target unitree_hg__rosidl_typesupport_introspection_cpp
[0.885s] [ 49%] Built target unitree_hg__rosidl_typesupport_introspection_c
[0.885s] [ 60%] Built target unitree_hg__rosidl_typesupport_cpp
[0.885s] [ 72%] Built target unitree_hg__rosidl_typesupport_c
[0.886s] [ 84%] Built target unitree_hg__rosidl_typesupport_fastrtps_cpp
[0.886s] [ 84%] Built target unitree_hg
[0.886s] [ 85%] Built target unitree_hg__py
[0.886s] [ 95%] Built target unitree_hg__rosidl_generator_py
[0.886s] [ 96%] Built target unitree_hg__rosidl_typesupport_fastrtps_c__pyext
[0.886s] [ 98%] Built target unitree_hg__rosidl_typesupport_c__pyext
[0.886s] [100%] Built target unitree_hg__rosidl_typesupport_introspection_c__pyext
[0.886s] running egg_info
[0.886s] writing unitree_hg.egg-info/PKG-INFO
[0.886s] writing dependency_links to unitree_hg.egg-info/dependency_links.txt
[0.887s] writing top-level names to unitree_hg.egg-info/top_level.txt
[0.887s] reading manifest file 'unitree_hg.egg-info/SOURCES.txt'
[0.887s] writing manifest file 'unitree_hg.egg-info/SOURCES.txt'
[0.887s] [100%] Built target ament_cmake_python_build_unitree_hg_egg
[1.244s] Invoked command in '/home/ros2/ws/build/unitree_hg' returned '0': CMAKE_PREFIX_PATH=${CMAKE_PREFIX_PATH}:/home/ros2/ws/install/go2_cmd_processor:/home/ros2/ws/install/image_processing:/home/ros2/ws/install/go2_slam_nav:/home/ros2/ws/install/frontier:/opt/ros/humble /usr/bin/cmake --build /home/ros2/ws/build/unitree_hg -- -j8 -l8
[1.255s] Invoking command in '/home/ros2/ws/build/unitree_hg': CMAKE_PREFIX_PATH=${CMAKE_PREFIX_PATH}:/home/ros2/ws/install/go2_cmd_processor:/home/ros2/ws/install/image_processing:/home/ros2/ws/install/go2_slam_nav:/home/ros2/ws/install/frontier:/opt/ros/humble /usr/bin/cmake --install /home/ros2/ws/build/unitree_hg
[1.266s] -- Install configuration: ""
[1.266s] -- Up-to-date: /home/ros2/ws/install/unitree_hg/share/ament_index/resource_index/rosidl_interfaces/unitree_hg
[1.266s] -- Up-to-date: /home/ros2/ws/install/unitree_hg/include/unitree_hg/unitree_hg
[1.266s] -- Up-to-date: /home/ros2/ws/install/unitree_hg/include/unitree_hg/unitree_hg/msg
[1.266s] -- Up-to-date: /home/ros2/ws/install/unitree_hg/include/unitree_hg/unitree_hg/msg/motor_cmd.h
[1.266s] -- Up-to-date: /home/ros2/ws/install/unitree_hg/include/unitree_hg/unitree_hg/msg/bms_cmd.h
[1.266s] -- Up-to-date: /home/ros2/ws/install/unitree_hg/include/unitree_hg/unitree_hg/msg/detail
[1.266s] -- Up-to-date: /home/ros2/ws/install/unitree_hg/include/unitree_hg/unitree_hg/msg/detail/bms_cmd__struct.h
[1.267s] -- Up-to-date: /home/ros2/ws/install/unitree_hg/include/unitree_hg/unitree_hg/msg/detail/low_state__struct.h
[1.267s] -- Up-to-date: /home/ros2/ws/install/unitree_hg/include/unitree_hg/unitree_hg/msg/detail/motor_state__struct.h
[1.267s] -- Up-to-date: /home/ros2/ws/install/unitree_hg/include/unitree_hg/unitree_hg/msg/detail/imu_state__functions.c
[1.267s] -- Up-to-date: /home/ros2/ws/install/unitree_hg/include/unitree_hg/unitree_hg/msg/detail/hand_cmd__struct.h
[1.268s] -- Up-to-date: /home/ros2/ws/install/unitree_hg/include/unitree_hg/unitree_hg/msg/detail/main_board_state__type_support.h
[1.268s] -- Up-to-date: /home/ros2/ws/install/unitree_hg/include/unitree_hg/unitree_hg/msg/detail/hand_state__struct.h
[1.268s] -- Up-to-date: /home/ros2/ws/install/unitree_hg/include/unitree_hg/unitree_hg/msg/detail/hand_cmd__functions.c
[1.268s] -- Up-to-date: /home/ros2/ws/install/unitree_hg/include/unitree_hg/unitree_hg/msg/detail/low_cmd__functions.c
[1.268s] -- Up-to-date: /home/ros2/ws/install/unitree_hg/include/unitree_hg/unitree_hg/msg/detail/hand_state__functions.h
[1.269s] -- Up-to-date: /home/ros2/ws/install/unitree_hg/include/unitree_hg/unitree_hg/msg/detail/press_sensor_state__struct.h
[1.269s] -- Up-to-date: /home/ros2/ws/install/unitree_hg/include/unitree_hg/unitree_hg/msg/detail/motor_state__functions.c
[1.269s] -- Up-to-date: /home/ros2/ws/install/unitree_hg/include/unitree_hg/unitree_hg/msg/detail/bms_cmd__functions.c
[1.269s] -- Up-to-date: /home/ros2/ws/install/unitree_hg/include/unitree_hg/unitree_hg/msg/detail/bms_state__functions.h
[1.269s] -- Up-to-date: /home/ros2/ws/install/unitree_hg/include/unitree_hg/unitree_hg/msg/detail/motor_cmd__functions.h
[1.269s] -- Up-to-date: /home/ros2/ws/install/unitree_hg/include/unitree_hg/unitree_hg/msg/detail/hand_cmd__type_support.h
[1.269s] -- Up-to-date: /home/ros2/ws/install/unitree_hg/include/unitree_hg/unitree_hg/msg/detail/motor_cmd__struct.h
[1.269s] -- Up-to-date: /home/ros2/ws/install/unitree_hg/include/unitree_hg/unitree_hg/msg/detail/bms_state__functions.c
[1.269s] -- Up-to-date: /home/ros2/ws/install/unitree_hg/include/unitree_hg/unitree_hg/msg/detail/motor_state__functions.h
[1.269s] -- Up-to-date: /home/ros2/ws/install/unitree_hg/include/unitree_hg/unitree_hg/msg/detail/hand_cmd__functions.h
[1.270s] -- Up-to-date: /home/ros2/ws/install/unitree_hg/include/unitree_hg/unitree_hg/msg/detail/motor_state__type_support.h
[1.270s] -- Up-to-date: /home/ros2/ws/install/unitree_hg/include/unitree_hg/unitree_hg/msg/detail/low_cmd__struct.h
[1.270s] -- Up-to-date: /home/ros2/ws/install/unitree_hg/include/unitree_hg/unitree_hg/msg/detail/bms_cmd__functions.h
[1.271s] -- Up-to-date: /home/ros2/ws/install/unitree_hg/include/unitree_hg/unitree_hg/msg/detail/press_sensor_state__type_support.h
[1.271s] -- Up-to-date: /home/ros2/ws/install/unitree_hg/include/unitree_hg/unitree_hg/msg/detail/bms_state__type_support.h
[1.271s] -- Up-to-date: /home/ros2/ws/install/unitree_hg/include/unitree_hg/unitree_hg/msg/detail/low_state__functions.c
[1.271s] -- Up-to-date: /home/ros2/ws/install/unitree_hg/include/unitree_hg/unitree_hg/msg/detail/low_state__type_support.h
[1.271s] -- Up-to-date: /home/ros2/ws/install/unitree_hg/include/unitree_hg/unitree_hg/msg/detail/hand_state__type_support.h
[1.271s] -- Up-to-date: /home/ros2/ws/install/unitree_hg/include/unitree_hg/unitree_hg/msg/detail/low_cmd__type_support.h
[1.271s] -- Up-to-date: /home/ros2/ws/install/unitree_hg/include/unitree_hg/unitree_hg/msg/detail/bms_cmd__type_support.h
[1.271s] -- Up-to-date: /home/ros2/ws/install/unitree_hg/include/unitree_hg/unitree_hg/msg/detail/imu_state__type_support.h
[1.271s] -- Up-to-date: /home/ros2/ws/install/unitree_hg/include/unitree_hg/unitree_hg/msg/detail/motor_cmd__functions.c
[1.271s] -- Up-to-date: /home/ros2/ws/install/unitree_hg/include/unitree_hg/unitree_hg/msg/detail/main_board_state__functions.c
[1.272s] -- Up-to-date: /home/ros2/ws/install/unitree_hg/include/unitree_hg/unitree_hg/msg/detail/imu_state__functions.h
[1.272s] -- Up-to-date: /home/ros2/ws/install/unitree_hg/include/unitree_hg/unitree_hg/msg/detail/main_board_state__functions.h
[1.272s] -- Up-to-date: /home/ros2/ws/install/unitree_hg/include/unitree_hg/unitree_hg/msg/detail/press_sensor_state__functions.c
[1.272s] -- Up-to-date: /home/ros2/ws/install/unitree_hg/include/unitree_hg/unitree_hg/msg/detail/low_state__functions.h
[1.274s] -- Up-to-date: /home/ros2/ws/install/unitree_hg/include/unitree_hg/unitree_hg/msg/detail/bms_state__struct.h
[1.274s] -- Up-to-date: /home/ros2/ws/install/unitree_hg/include/unitree_hg/unitree_hg/msg/detail/motor_cmd__type_support.h
[1.274s] -- Up-to-date: /home/ros2/ws/install/unitree_hg/include/unitree_hg/unitree_hg/msg/detail/press_sensor_state__functions.h
[1.274s] -- Up-to-date: /home/ros2/ws/install/unitree_hg/include/unitree_hg/unitree_hg/msg/detail/imu_state__struct.h
[1.274s] -- Up-to-date: /home/ros2/ws/install/unitree_hg/include/unitree_hg/unitree_hg/msg/detail/main_board_state__struct.h
[1.274s] -- Up-to-date: /home/ros2/ws/install/unitree_hg/include/unitree_hg/unitree_hg/msg/detail/hand_state__functions.c
[1.274s] -- Up-to-date: /home/ros2/ws/install/unitree_hg/include/unitree_hg/unitree_hg/msg/detail/low_cmd__functions.h
[1.274s] -- Up-to-date: /home/ros2/ws/install/unitree_hg/include/unitree_hg/unitree_hg/msg/main_board_state.h
[1.274s] -- Up-to-date: /home/ros2/ws/install/unitree_hg/include/unitree_hg/unitree_hg/msg/low_state.h
[1.274s] -- Up-to-date: /home/ros2/ws/install/unitree_hg/include/unitree_hg/unitree_hg/msg/bms_state.h
[1.275s] -- Up-to-date: /home/ros2/ws/install/unitree_hg/include/unitree_hg/unitree_hg/msg/rosidl_generator_c__visibility_control.h
[1.275s] -- Up-to-date: /home/ros2/ws/install/unitree_hg/include/unitree_hg/unitree_hg/msg/hand_cmd.h
[1.275s] -- Up-to-date: /home/ros2/ws/install/unitree_hg/include/unitree_hg/unitree_hg/msg/hand_state.h
[1.275s] -- Up-to-date: /home/ros2/ws/install/unitree_hg/include/unitree_hg/unitree_hg/msg/motor_state.h
[1.275s] -- Up-to-date: /home/ros2/ws/install/unitree_hg/include/unitree_hg/unitree_hg/msg/press_sensor_state.h
[1.275s] -- Up-to-date: /home/ros2/ws/install/unitree_hg/include/unitree_hg/unitree_hg/msg/imu_state.h
[1.275s] -- Up-to-date: /home/ros2/ws/install/unitree_hg/include/unitree_hg/unitree_hg/msg/low_cmd.h
[1.275s] -- Up-to-date: /home/ros2/ws/install/unitree_hg/share/unitree_hg/environment/library_path.sh
[1.275s] -- Up-to-date: /home/ros2/ws/install/unitree_hg/share/unitree_hg/environment/library_path.dsv
[1.275s] -- Up-to-date: /home/ros2/ws/install/unitree_hg/lib/libunitree_hg__rosidl_generator_c.so
[1.275s] -- Up-to-date: /home/ros2/ws/install/unitree_hg/include/unitree_hg/unitree_hg
[1.278s] -- Up-to-date: /home/ros2/ws/install/unitree_hg/include/unitree_hg/unitree_hg/msg
[1.279s] -- Up-to-date: /home/ros2/ws/install/unitree_hg/include/unitree_hg/unitree_hg/msg/detail
[1.279s] -- Up-to-date: /home/ros2/ws/install/unitree_hg/include/unitree_hg/unitree_hg/msg/detail/motor_state__rosidl_typesupport_fastrtps_c.h
[1.279s] -- Up-to-date: /home/ros2/ws/install/unitree_hg/include/unitree_hg/unitree_hg/msg/detail/bms_cmd__rosidl_typesupport_fastrtps_c.h
[1.279s] -- Up-to-date: /home/ros2/ws/install/unitree_hg/include/unitree_hg/unitree_hg/msg/detail/hand_state__rosidl_typesupport_fastrtps_c.h
[1.286s] -- Up-to-date: /home/ros2/ws/install/unitree_hg/include/unitree_hg/unitree_hg/msg/detail/low_cmd__rosidl_typesupport_fastrtps_c.h
[1.286s] -- Up-to-date: /home/ros2/ws/install/unitree_hg/include/unitree_hg/unitree_hg/msg/detail/imu_state__rosidl_typesupport_fastrtps_c.h
[1.286s] -- Up-to-date: /home/ros2/ws/install/unitree_hg/include/unitree_hg/unitree_hg/msg/detail/low_state__rosidl_typesupport_fastrtps_c.h
[1.286s] -- Up-to-date: /home/ros2/ws/install/unitree_hg/include/unitree_hg/unitree_hg/msg/detail/motor_cmd__rosidl_typesupport_fastrtps_c.h
[1.314s] -- Up-to-date: /home/ros2/ws/install/unitree_hg/include/unitree_hg/unitree_hg/msg/detail/bms_state__rosidl_typesupport_fastrtps_c.h
[1.314s] -- Up-to-date: /home/ros2/ws/install/unitree_hg/include/unitree_hg/unitree_hg/msg/detail/press_sensor_state__rosidl_typesupport_fastrtps_c.h
[1.315s] -- Up-to-date: /home/ros2/ws/install/unitree_hg/include/unitree_hg/unitree_hg/msg/detail/main_board_state__rosidl_typesupport_fastrtps_c.h
[1.315s] -- Up-to-date: /home/ros2/ws/install/unitree_hg/include/unitree_hg/unitree_hg/msg/detail/hand_cmd__rosidl_typesupport_fastrtps_c.h
[1.315s] -- Up-to-date: /home/ros2/ws/install/unitree_hg/include/unitree_hg/unitree_hg/msg/rosidl_typesupport_fastrtps_c__visibility_control.h
[1.315s] -- Up-to-date: /home/ros2/ws/install/unitree_hg/lib/libunitree_hg__rosidl_typesupport_fastrtps_c.so
[1.315s] -- Up-to-date: /home/ros2/ws/install/unitree_hg/include/unitree_hg/unitree_hg
[1.315s] -- Up-to-date: /home/ros2/ws/install/unitree_hg/include/unitree_hg/unitree_hg/msg
[1.315s] -- Up-to-date: /home/ros2/ws/install/unitree_hg/include/unitree_hg/unitree_hg/msg/motor_cmd.hpp
[1.315s] -- Up-to-date: /home/ros2/ws/install/unitree_hg/include/unitree_hg/unitree_hg/msg/main_board_state.hpp
[1.315s] -- Up-to-date: /home/ros2/ws/install/unitree_hg/include/unitree_hg/unitree_hg/msg/rosidl_generator_cpp__visibility_control.hpp
[1.315s] -- Up-to-date: /home/ros2/ws/install/unitree_hg/include/unitree_hg/unitree_hg/msg/detail
[1.315s] -- Up-to-date: /home/ros2/ws/install/unitree_hg/include/unitree_hg/unitree_hg/msg/detail/bms_state__traits.hpp
[1.316s] -- Up-to-date: /home/ros2/ws/install/unitree_hg/include/unitree_hg/unitree_hg/msg/detail/press_sensor_state__type_support.hpp
[1.316s] -- Up-to-date: /home/ros2/ws/install/unitree_hg/include/unitree_hg/unitree_hg/msg/detail/hand_state__builder.hpp
[1.316s] -- Up-to-date: /home/ros2/ws/install/unitree_hg/include/unitree_hg/unitree_hg/msg/detail/bms_state__struct.hpp
[1.319s] -- Up-to-date: /home/ros2/ws/install/unitree_hg/include/unitree_hg/unitree_hg/msg/detail/imu_state__traits.hpp
[1.319s] -- Up-to-date: /home/ros2/ws/install/unitree_hg/include/unitree_hg/unitree_hg/msg/detail/bms_state__type_support.hpp
[1.320s] -- Up-to-date: /home/ros2/ws/install/unitree_hg/include/unitree_hg/unitree_hg/msg/detail/motor_state__struct.hpp
[1.320s] -- Up-to-date: /home/ros2/ws/install/unitree_hg/include/unitree_hg/unitree_hg/msg/detail/hand_cmd__traits.hpp
[1.320s] -- Up-to-date: /home/ros2/ws/install/unitree_hg/include/unitree_hg/unitree_hg/msg/detail/hand_cmd__struct.hpp
[1.320s] -- Up-to-date: /home/ros2/ws/install/unitree_hg/include/unitree_hg/unitree_hg/msg/detail/main_board_state__builder.hpp
[1.320s] -- Up-to-date: /home/ros2/ws/install/unitree_hg/include/unitree_hg/unitree_hg/msg/detail/motor_cmd__struct.hpp
[1.320s] -- Up-to-date: /home/ros2/ws/install/unitree_hg/include/unitree_hg/unitree_hg/msg/detail/main_board_state__struct.hpp
[1.320s] -- Up-to-date: /home/ros2/ws/install/unitree_hg/include/unitree_hg/unitree_hg/msg/detail/press_sensor_state__builder.hpp
[1.320s] -- Up-to-date: /home/ros2/ws/install/unitree_hg/include/unitree_hg/unitree_hg/msg/detail/motor_state__type_support.hpp
[1.320s] -- Up-to-date: /home/ros2/ws/install/unitree_hg/include/unitree_hg/unitree_hg/msg/detail/low_state__builder.hpp
[1.320s] -- Up-to-date: /home/ros2/ws/install/unitree_hg/include/unitree_hg/unitree_hg/msg/detail/low_state__type_support.hpp
[1.320s] -- Up-to-date: /home/ros2/ws/install/unitree_hg/include/unitree_hg/unitree_hg/msg/detail/motor_state__builder.hpp
[1.321s] -- Up-to-date: /home/ros2/ws/install/unitree_hg/include/unitree_hg/unitree_hg/msg/detail/low_cmd__type_support.hpp
[1.321s] -- Up-to-date: /home/ros2/ws/install/unitree_hg/include/unitree_hg/unitree_hg/msg/detail/motor_state__traits.hpp
[1.321s] -- Up-to-date: /home/ros2/ws/install/unitree_hg/include/unitree_hg/unitree_hg/msg/detail/imu_state__struct.hpp
[1.321s] -- Up-to-date: /home/ros2/ws/install/unitree_hg/include/unitree_hg/unitree_hg/msg/detail/hand_cmd__builder.hpp
[1.321s] -- Up-to-date: /home/ros2/ws/install/unitree_hg/include/unitree_hg/unitree_hg/msg/detail/motor_cmd__builder.hpp
[1.321s] -- Up-to-date: /home/ros2/ws/install/unitree_hg/include/unitree_hg/unitree_hg/msg/detail/bms_cmd__builder.hpp
[1.321s] -- Up-to-date: /home/ros2/ws/install/unitree_hg/include/unitree_hg/unitree_hg/msg/detail/bms_cmd__struct.hpp
[1.321s] -- Up-to-date: /home/ros2/ws/install/unitree_hg/include/unitree_hg/unitree_hg/msg/detail/motor_cmd__traits.hpp
[1.321s] -- Up-to-date: /home/ros2/ws/install/unitree_hg/include/unitree_hg/unitree_hg/msg/detail/imu_state__type_support.hpp
[1.321s] -- Up-to-date: /home/ros2/ws/install/unitree_hg/include/unitree_hg/unitree_hg/msg/detail/low_cmd__traits.hpp
[1.321s] -- Up-to-date: /home/ros2/ws/install/unitree_hg/include/unitree_hg/unitree_hg/msg/detail/hand_cmd__type_support.hpp
[1.322s] -- Up-to-date: /home/ros2/ws/install/unitree_hg/include/unitree_hg/unitree_hg/msg/detail/low_cmd__struct.hpp
[1.322s] -- Up-to-date: /home/ros2/ws/install/unitree_hg/include/unitree_hg/unitree_hg/msg/detail/hand_state__struct.hpp
[1.322s] -- Up-to-date: /home/ros2/ws/install/unitree_hg/include/unitree_hg/unitree_hg/msg/detail/press_sensor_state__traits.hpp
[1.322s] -- Up-to-date: /home/ros2/ws/install/unitree_hg/include/unitree_hg/unitree_hg/msg/detail/bms_state__builder.hpp
[1.322s] -- Up-to-date: /home/ros2/ws/install/unitree_hg/include/unitree_hg/unitree_hg/msg/detail/low_state__struct.hpp
[1.322s] -- Up-to-date: /home/ros2/ws/install/unitree_hg/include/unitree_hg/unitree_hg/msg/detail/bms_cmd__traits.hpp
[1.322s] -- Up-to-date: /home/ros2/ws/install/unitree_hg/include/unitree_hg/unitree_hg/msg/detail/press_sensor_state__struct.hpp
[1.322s] -- Up-to-date: /home/ros2/ws/install/unitree_hg/include/unitree_hg/unitree_hg/msg/detail/low_state__traits.hpp
[1.322s] -- Up-to-date: /home/ros2/ws/install/unitree_hg/include/unitree_hg/unitree_hg/msg/detail/motor_cmd__type_support.hpp
[1.322s] -- Up-to-date: /home/ros2/ws/install/unitree_hg/include/unitree_hg/unitree_hg/msg/detail/main_board_state__type_support.hpp
[1.322s] -- Up-to-date: /home/ros2/ws/install/unitree_hg/include/unitree_hg/unitree_hg/msg/detail/bms_cmd__type_support.hpp
[1.323s] -- Up-to-date: /home/ros2/ws/install/unitree_hg/include/unitree_hg/unitree_hg/msg/detail/main_board_state__traits.hpp
[1.323s] -- Up-to-date: /home/ros2/ws/install/unitree_hg/include/unitree_hg/unitree_hg/msg/detail/hand_state__type_support.hpp
[1.323s] -- Up-to-date: /home/ros2/ws/install/unitree_hg/include/unitree_hg/unitree_hg/msg/detail/hand_state__traits.hpp
[1.326s] -- Up-to-date: /home/ros2/ws/install/unitree_hg/include/unitree_hg/unitree_hg/msg/detail/low_cmd__builder.hpp
[1.326s] -- Up-to-date: /home/ros2/ws/install/unitree_hg/include/unitree_hg/unitree_hg/msg/detail/imu_state__builder.hpp
[1.326s] -- Up-to-date: /home/ros2/ws/install/unitree_hg/include/unitree_hg/unitree_hg/msg/hand_cmd.hpp
[1.326s] -- Up-to-date: /home/ros2/ws/install/unitree_hg/include/unitree_hg/unitree_hg/msg/imu_state.hpp
[1.326s] -- Up-to-date: /home/ros2/ws/install/unitree_hg/include/unitree_hg/unitree_hg/msg/hand_state.hpp
[1.326s] -- Up-to-date: /home/ros2/ws/install/unitree_hg/include/unitree_hg/unitree_hg/msg/low_state.hpp
[1.326s] -- Up-to-date: /home/ros2/ws/install/unitree_hg/include/unitree_hg/unitree_hg/msg/low_cmd.hpp
[1.327s] -- Up-to-date: /home/ros2/ws/install/unitree_hg/include/unitree_hg/unitree_hg/msg/press_sensor_state.hpp
[1.327s] -- Up-to-date: /home/ros2/ws/install/unitree_hg/include/unitree_hg/unitree_hg/msg/bms_state.hpp
[1.327s] -- Up-to-date: /home/ros2/ws/install/unitree_hg/include/unitree_hg/unitree_hg/msg/motor_state.hpp
[1.327s] -- Up-to-date: /home/ros2/ws/install/unitree_hg/include/unitree_hg/unitree_hg/msg/bms_cmd.hpp
[1.327s] -- Up-to-date: /home/ros2/ws/install/unitree_hg/include/unitree_hg/unitree_hg
[1.327s] -- Up-to-date: /home/ros2/ws/install/unitree_hg/include/unitree_hg/unitree_hg/msg
[1.327s] -- Up-to-date: /home/ros2/ws/install/unitree_hg/include/unitree_hg/unitree_hg/msg/rosidl_typesupport_fastrtps_cpp__visibility_control.h
[1.327s] -- Up-to-date: /home/ros2/ws/install/unitree_hg/include/unitree_hg/unitree_hg/msg/detail
[1.327s] -- Up-to-date: /home/ros2/ws/install/unitree_hg/include/unitree_hg/unitree_hg/msg/detail/low_state__rosidl_typesupport_fastrtps_cpp.hpp
[1.327s] -- Up-to-date: /home/ros2/ws/install/unitree_hg/include/unitree_hg/unitree_hg/msg/detail/motor_cmd__rosidl_typesupport_fastrtps_cpp.hpp
[1.327s] -- Up-to-date: /home/ros2/ws/install/unitree_hg/include/unitree_hg/unitree_hg/msg/detail/main_board_state__rosidl_typesupport_fastrtps_cpp.hpp
[1.328s] -- Up-to-date: /home/ros2/ws/install/unitree_hg/include/unitree_hg/unitree_hg/msg/detail/motor_state__rosidl_typesupport_fastrtps_cpp.hpp
[1.328s] -- Up-to-date: /home/ros2/ws/install/unitree_hg/include/unitree_hg/unitree_hg/msg/detail/dds_fastrtps
[1.332s] -- Up-to-date: /home/ros2/ws/install/unitree_hg/include/unitree_hg/unitree_hg/msg/detail/press_sensor_state__rosidl_typesupport_fastrtps_cpp.hpp
[1.332s] -- Up-to-date: /home/ros2/ws/install/unitree_hg/include/unitree_hg/unitree_hg/msg/detail/bms_state__rosidl_typesupport_fastrtps_cpp.hpp
[1.333s] -- Up-to-date: /home/ros2/ws/install/unitree_hg/include/unitree_hg/unitree_hg/msg/detail/bms_cmd__rosidl_typesupport_fastrtps_cpp.hpp
[1.333s] -- Up-to-date: /home/ros2/ws/install/unitree_hg/include/unitree_hg/unitree_hg/msg/detail/imu_state__rosidl_typesupport_fastrtps_cpp.hpp
[1.333s] -- Up-to-date: /home/ros2/ws/install/unitree_hg/include/unitree_hg/unitree_hg/msg/detail/hand_cmd__rosidl_typesupport_fastrtps_cpp.hpp
[1.333s] -- Up-to-date: /home/ros2/ws/install/unitree_hg/include/unitree_hg/unitree_hg/msg/detail/hand_state__rosidl_typesupport_fastrtps_cpp.hpp
[1.333s] -- Up-to-date: /home/ros2/ws/install/unitree_hg/include/unitree_hg/unitree_hg/msg/detail/low_cmd__rosidl_typesupport_fastrtps_cpp.hpp
[1.333s] -- Up-to-date: /home/ros2/ws/install/unitree_hg/lib/libunitree_hg__rosidl_typesupport_fastrtps_cpp.so
[1.333s] -- Up-to-date: /home/ros2/ws/install/unitree_hg/include/unitree_hg/unitree_hg
[1.333s] -- Up-to-date: /home/ros2/ws/install/unitree_hg/include/unitree_hg/unitree_hg/msg
[1.333s] -- Up-to-date: /home/ros2/ws/install/unitree_hg/include/unitree_hg/unitree_hg/msg/detail
[1.334s] -- Up-to-date: /home/ros2/ws/install/unitree_hg/include/unitree_hg/unitree_hg/msg/detail/low_state__type_support.c
[1.334s] -- Up-to-date: /home/ros2/ws/install/unitree_hg/include/unitree_hg/unitree_hg/msg/detail/main_board_state__rosidl_typesupport_introspection_c.h
[1.334s] -- Up-to-date: /home/ros2/ws/install/unitree_hg/include/unitree_hg/unitree_hg/msg/detail/bms_state__type_support.c
[1.334s] -- Up-to-date: /home/ros2/ws/install/unitree_hg/include/unitree_hg/unitree_hg/msg/detail/imu_state__type_support.c
[1.334s] -- Up-to-date: /home/ros2/ws/install/unitree_hg/include/unitree_hg/unitree_hg/msg/detail/motor_state__rosidl_typesupport_introspection_c.h
[1.334s] -- Up-to-date: /home/ros2/ws/install/unitree_hg/include/unitree_hg/unitree_hg/msg/detail/bms_cmd__rosidl_typesupport_introspection_c.h
[1.334s] -- Up-to-date: /home/ros2/ws/install/unitree_hg/include/unitree_hg/unitree_hg/msg/detail/low_state__rosidl_typesupport_introspection_c.h
[1.334s] -- Up-to-date: /home/ros2/ws/install/unitree_hg/include/unitree_hg/unitree_hg/msg/detail/hand_state__rosidl_typesupport_introspection_c.h
[1.334s] -- Up-to-date: /home/ros2/ws/install/unitree_hg/include/unitree_hg/unitree_hg/msg/detail/hand_cmd__type_support.c
[1.334s] -- Up-to-date: /home/ros2/ws/install/unitree_hg/include/unitree_hg/unitree_hg/msg/detail/press_sensor_state__type_support.c
[1.334s] -- Up-to-date: /home/ros2/ws/install/unitree_hg/include/unitree_hg/unitree_hg/msg/detail/press_sensor_state__rosidl_typesupport_introspection_c.h
[1.335s] -- Up-to-date: /home/ros2/ws/install/unitree_hg/include/unitree_hg/unitree_hg/msg/detail/motor_state__type_support.c
[1.338s] -- Up-to-date: /home/ros2/ws/install/unitree_hg/include/unitree_hg/unitree_hg/msg/detail/low_cmd__type_support.c
[1.338s] -- Up-to-date: /home/ros2/ws/install/unitree_hg/include/unitree_hg/unitree_hg/msg/detail/motor_cmd__rosidl_typesupport_introspection_c.h
[1.338s] -- Up-to-date: /home/ros2/ws/install/unitree_hg/include/unitree_hg/unitree_hg/msg/detail/hand_cmd__rosidl_typesupport_introspection_c.h
[1.338s] -- Up-to-date: /home/ros2/ws/install/unitree_hg/include/unitree_hg/unitree_hg/msg/detail/main_board_state__type_support.c
[1.338s] -- Up-to-date: /home/ros2/ws/install/unitree_hg/include/unitree_hg/unitree_hg/msg/detail/motor_cmd__type_support.c
[1.338s] -- Up-to-date: /home/ros2/ws/install/unitree_hg/include/unitree_hg/unitree_hg/msg/detail/imu_state__rosidl_typesupport_introspection_c.h
[1.339s] -- Up-to-date: /home/ros2/ws/install/unitree_hg/include/unitree_hg/unitree_hg/msg/detail/bms_cmd__type_support.c
[1.339s] -- Up-to-date: /home/ros2/ws/install/unitree_hg/include/unitree_hg/unitree_hg/msg/detail/hand_state__type_support.c
[1.339s] -- Up-to-date: /home/ros2/ws/install/unitree_hg/include/unitree_hg/unitree_hg/msg/detail/low_cmd__rosidl_typesupport_introspection_c.h
[1.339s] -- Up-to-date: /home/ros2/ws/install/unitree_hg/include/unitree_hg/unitree_hg/msg/detail/bms_state__rosidl_typesupport_introspection_c.h
[1.341s] -- Up-to-date: /home/ros2/ws/install/unitree_hg/include/unitree_hg/unitree_hg/msg/rosidl_typesupport_introspection_c__visibility_control.h
[1.342s] -- Up-to-date: /home/ros2/ws/install/unitree_hg/lib/libunitree_hg__rosidl_typesupport_introspection_c.so
[1.342s] -- Up-to-date: /home/ros2/ws/install/unitree_hg/lib/libunitree_hg__rosidl_typesupport_c.so
[1.342s] -- Up-to-date: /home/ros2/ws/install/unitree_hg/include/unitree_hg/unitree_hg
[1.343s] -- Up-to-date: /home/ros2/ws/install/unitree_hg/include/unitree_hg/unitree_hg/msg
[1.343s] -- Up-to-date: /home/ros2/ws/install/unitree_hg/include/unitree_hg/unitree_hg/msg/detail
[1.343s] -- Up-to-date: /home/ros2/ws/install/unitree_hg/include/unitree_hg/unitree_hg/msg/detail/press_sensor_state__type_support.cpp
[1.347s] -- Up-to-date: /home/ros2/ws/install/unitree_hg/include/unitree_hg/unitree_hg/msg/detail/imu_state__type_support.cpp
[1.347s] -- Up-to-date: /home/ros2/ws/install/unitree_hg/include/unitree_hg/unitree_hg/msg/detail/hand_cmd__type_support.cpp
[1.347s] -- Up-to-date: /home/ros2/ws/install/unitree_hg/include/unitree_hg/unitree_hg/msg/detail/hand_cmd__rosidl_typesupport_introspection_cpp.hpp
[1.348s] -- Up-to-date: /home/ros2/ws/install/unitree_hg/include/unitree_hg/unitree_hg/msg/detail/press_sensor_state__rosidl_typesupport_introspection_cpp.hpp
[1.348s] -- Up-to-date: /home/ros2/ws/install/unitree_hg/include/unitree_hg/unitree_hg/msg/detail/imu_state__rosidl_typesupport_introspection_cpp.hpp
[1.349s] -- Up-to-date: /home/ros2/ws/install/unitree_hg/include/unitree_hg/unitree_hg/msg/detail/motor_state__type_support.cpp
[1.350s] -- Up-to-date: /home/ros2/ws/install/unitree_hg/include/unitree_hg/unitree_hg/msg/detail/low_cmd__type_support.cpp
[1.350s] -- Up-to-date: /home/ros2/ws/install/unitree_hg/include/unitree_hg/unitree_hg/msg/detail/motor_cmd__rosidl_typesupport_introspection_cpp.hpp
[1.350s] -- Up-to-date: /home/ros2/ws/install/unitree_hg/include/unitree_hg/unitree_hg/msg/detail/hand_state__rosidl_typesupport_introspection_cpp.hpp
[1.350s] -- Up-to-date: /home/ros2/ws/install/unitree_hg/include/unitree_hg/unitree_hg/msg/detail/main_board_state__rosidl_typesupport_introspection_cpp.hpp
[1.350s] -- Up-to-date: /home/ros2/ws/install/unitree_hg/include/unitree_hg/unitree_hg/msg/detail/bms_state__type_support.cpp
[1.350s] -- Up-to-date: /home/ros2/ws/install/unitree_hg/include/unitree_hg/unitree_hg/msg/detail/bms_state__rosidl_typesupport_introspection_cpp.hpp
[1.351s] -- Up-to-date: /home/ros2/ws/install/unitree_hg/include/unitree_hg/unitree_hg/msg/detail/low_state__type_support.cpp
[1.351s] -- Up-to-date: /home/ros2/ws/install/unitree_hg/include/unitree_hg/unitree_hg/msg/detail/bms_cmd__rosidl_typesupport_introspection_cpp.hpp
[1.356s] -- Up-to-date: /home/ros2/ws/install/unitree_hg/include/unitree_hg/unitree_hg/msg/detail/low_cmd__rosidl_typesupport_introspection_cpp.hpp
[1.359s] -- Up-to-date: /home/ros2/ws/install/unitree_hg/include/unitree_hg/unitree_hg/msg/detail/bms_cmd__type_support.cpp
[1.359s] -- Up-to-date: /home/ros2/ws/install/unitree_hg/include/unitree_hg/unitree_hg/msg/detail/motor_cmd__type_support.cpp
[1.359s] -- Up-to-date: /home/ros2/ws/install/unitree_hg/include/unitree_hg/unitree_hg/msg/detail/main_board_state__type_support.cpp
[1.359s] -- Up-to-date: /home/ros2/ws/install/unitree_hg/include/unitree_hg/unitree_hg/msg/detail/motor_state__rosidl_typesupport_introspection_cpp.hpp
[1.359s] -- Up-to-date: /home/ros2/ws/install/unitree_hg/include/unitree_hg/unitree_hg/msg/detail/low_state__rosidl_typesupport_introspection_cpp.hpp
[1.359s] -- Up-to-date: /home/ros2/ws/install/unitree_hg/include/unitree_hg/unitree_hg/msg/detail/hand_state__type_support.cpp
[1.359s] -- Up-to-date: /home/ros2/ws/install/unitree_hg/lib/libunitree_hg__rosidl_typesupport_introspection_cpp.so
[1.359s] -- Up-to-date: /home/ros2/ws/install/unitree_hg/lib/libunitree_hg__rosidl_typesupport_cpp.so
[1.360s] -- Up-to-date: /home/ros2/ws/install/unitree_hg/share/unitree_hg/environment/pythonpath.sh
[1.360s] -- Up-to-date: /home/ros2/ws/install/unitree_hg/share/unitree_hg/environment/pythonpath.dsv
[1.375s] -- Up-to-date: /home/ros2/ws/install/unitree_hg/local/lib/python3.10/dist-packages/unitree_hg-0.0.0-py3.10.egg-info
[1.376s] -- Installing: /home/ros2/ws/install/unitree_hg/local/lib/python3.10/dist-packages/unitree_hg-0.0.0-py3.10.egg-info/top_level.txt
[1.376s] -- Installing: /home/ros2/ws/install/unitree_hg/local/lib/python3.10/dist-packages/unitree_hg-0.0.0-py3.10.egg-info/SOURCES.txt
[1.376s] -- Installing: /home/ros2/ws/install/unitree_hg/local/lib/python3.10/dist-packages/unitree_hg-0.0.0-py3.10.egg-info/PKG-INFO
[1.376s] -- Installing: /home/ros2/ws/install/unitree_hg/local/lib/python3.10/dist-packages/unitree_hg-0.0.0-py3.10.egg-info/dependency_links.txt
[1.376s] -- Up-to-date: /home/ros2/ws/install/unitree_hg/local/lib/python3.10/dist-packages/unitree_hg
[1.376s] -- Up-to-date: /home/ros2/ws/install/unitree_hg/local/lib/python3.10/dist-packages/unitree_hg/unitree_hg_s__rosidl_typesupport_c.cpython-310-x86_64-linux-gnu.so
[1.376s] -- Up-to-date: /home/ros2/ws/install/unitree_hg/local/lib/python3.10/dist-packages/unitree_hg/unitree_hg_s__rosidl_typesupport_introspection_c.cpython-310-x86_64-linux-gnu.so
[1.376s] -- Up-to-date: /home/ros2/ws/install/unitree_hg/local/lib/python3.10/dist-packages/unitree_hg/unitree_hg_s__rosidl_typesupport_fastrtps_c.cpython-310-x86_64-linux-gnu.so
[1.376s] -- Up-to-date: /home/ros2/ws/install/unitree_hg/local/lib/python3.10/dist-packages/unitree_hg/libunitree_hg__rosidl_generator_py.so
[1.377s] -- Up-to-date: /home/ros2/ws/install/unitree_hg/local/lib/python3.10/dist-packages/unitree_hg/msg
[1.377s] -- Up-to-date: /home/ros2/ws/install/unitree_hg/local/lib/python3.10/dist-packages/unitree_hg/msg/_low_state_s.c
[1.377s] -- Up-to-date: /home/ros2/ws/install/unitree_hg/local/lib/python3.10/dist-packages/unitree_hg/msg/_bms_cmd_s.c
[1.377s] -- Up-to-date: /home/ros2/ws/install/unitree_hg/local/lib/python3.10/dist-packages/unitree_hg/msg/_hand_state.py
[1.377s] -- Up-to-date: /home/ros2/ws/install/unitree_hg/local/lib/python3.10/dist-packages/unitree_hg/msg/_hand_cmd_s.c
[1.377s] -- Up-to-date: /home/ros2/ws/install/unitree_hg/local/lib/python3.10/dist-packages/unitree_hg/msg/_low_cmd_s.c
[1.377s] -- Up-to-date: /home/ros2/ws/install/unitree_hg/local/lib/python3.10/dist-packages/unitree_hg/msg/_hand_cmd.py
[1.377s] -- Up-to-date: /home/ros2/ws/install/unitree_hg/local/lib/python3.10/dist-packages/unitree_hg/msg/_bms_state_s.c
[1.377s] -- Up-to-date: /home/ros2/ws/install/unitree_hg/local/lib/python3.10/dist-packages/unitree_hg/msg/_low_state.py
[1.377s] -- Up-to-date: /home/ros2/ws/install/unitree_hg/local/lib/python3.10/dist-packages/unitree_hg/msg/_main_board_state.py
[1.377s] -- Up-to-date: /home/ros2/ws/install/unitree_hg/local/lib/python3.10/dist-packages/unitree_hg/msg/_imu_state_s.c
[1.377s] -- Up-to-date: /home/ros2/ws/install/unitree_hg/local/lib/python3.10/dist-packages/unitree_hg/msg/_low_cmd.py
[1.377s] -- Up-to-date: /home/ros2/ws/install/unitree_hg/local/lib/python3.10/dist-packages/unitree_hg/msg/_motor_state_s.c
[1.377s] -- Up-to-date: /home/ros2/ws/install/unitree_hg/local/lib/python3.10/dist-packages/unitree_hg/msg/_motor_cmd_s.c
[1.377s] -- Up-to-date: /home/ros2/ws/install/unitree_hg/local/lib/python3.10/dist-packages/unitree_hg/msg/_hand_state_s.c
[1.377s] -- Up-to-date: /home/ros2/ws/install/unitree_hg/local/lib/python3.10/dist-packages/unitree_hg/msg/_press_sensor_state.py
[1.378s] -- Up-to-date: /home/ros2/ws/install/unitree_hg/local/lib/python3.10/dist-packages/unitree_hg/msg/_motor_cmd.py
[1.378s] -- Up-to-date: /home/ros2/ws/install/unitree_hg/local/lib/python3.10/dist-packages/unitree_hg/msg/_bms_state.py
[1.378s] -- Up-to-date: /home/ros2/ws/install/unitree_hg/local/lib/python3.10/dist-packages/unitree_hg/msg/_imu_state.py
[1.378s] -- Up-to-date: /home/ros2/ws/install/unitree_hg/local/lib/python3.10/dist-packages/unitree_hg/msg/_main_board_state_s.c
[1.378s] -- Up-to-date: /home/ros2/ws/install/unitree_hg/local/lib/python3.10/dist-packages/unitree_hg/msg/_press_sensor_state_s.c
[1.378s] -- Up-to-date: /home/ros2/ws/install/unitree_hg/local/lib/python3.10/dist-packages/unitree_hg/msg/_motor_state.py
[1.378s] -- Up-to-date: /home/ros2/ws/install/unitree_hg/local/lib/python3.10/dist-packages/unitree_hg/msg/_bms_cmd.py
[1.378s] -- Up-to-date: /home/ros2/ws/install/unitree_hg/local/lib/python3.10/dist-packages/unitree_hg/msg/__init__.py
[1.379s] -- Up-to-date: /home/ros2/ws/install/unitree_hg/local/lib/python3.10/dist-packages/unitree_hg/_unitree_hg_s.ep.rosidl_typesupport_c.c
[1.379s] -- Up-to-date: /home/ros2/ws/install/unitree_hg/local/lib/python3.10/dist-packages/unitree_hg/_unitree_hg_s.ep.rosidl_typesupport_fastrtps_c.c
[1.379s] -- Up-to-date: /home/ros2/ws/install/unitree_hg/local/lib/python3.10/dist-packages/unitree_hg/_unitree_hg_s.ep.rosidl_typesupport_introspection_c.c
[1.379s] -- Up-to-date: /home/ros2/ws/install/unitree_hg/local/lib/python3.10/dist-packages/unitree_hg/__init__.py
[1.435s] Listing '/home/ros2/ws/install/unitree_hg/local/lib/python3.10/dist-packages/unitree_hg'...
[1.435s] Listing '/home/ros2/ws/install/unitree_hg/local/lib/python3.10/dist-packages/unitree_hg/msg'...
[1.449s] -- Up-to-date: /home/ros2/ws/install/unitree_hg/local/lib/python3.10/dist-packages/unitree_hg/unitree_hg_s__rosidl_typesupport_fastrtps_c.cpython-310-x86_64-linux-gnu.so
[1.450s] -- Up-to-date: /home/ros2/ws/install/unitree_hg/local/lib/python3.10/dist-packages/unitree_hg/unitree_hg_s__rosidl_typesupport_introspection_c.cpython-310-x86_64-linux-gnu.so
[1.450s] -- Up-to-date: /home/ros2/ws/install/unitree_hg/local/lib/python3.10/dist-packages/unitree_hg/unitree_hg_s__rosidl_typesupport_c.cpython-310-x86_64-linux-gnu.so
[1.452s] -- Up-to-date: /home/ros2/ws/install/unitree_hg/lib/libunitree_hg__rosidl_generator_py.so
[1.455s] -- Up-to-date: /home/ros2/ws/install/unitree_hg/share/ament_index/resource_index/rust_packages/unitree_hg
[1.455s] -- Up-to-date: /home/ros2/ws/install/unitree_hg/share/unitree_hg/rust
[1.455s] -- Up-to-date: /home/ros2/ws/install/unitree_hg/share/unitree_hg/rust/build.rs
[1.455s] -- Up-to-date: /home/ros2/ws/install/unitree_hg/share/unitree_hg/rust/src
[1.455s] -- Up-to-date: /home/ros2/ws/install/unitree_hg/share/unitree_hg/rust/src/lib.rs
[1.455s] -- Up-to-date: /home/ros2/ws/install/unitree_hg/share/unitree_hg/rust/src/msg.rs
[1.455s] -- Up-to-date: /home/ros2/ws/install/unitree_hg/share/unitree_hg/rust/src/msg
[1.455s] -- Up-to-date: /home/ros2/ws/install/unitree_hg/share/unitree_hg/rust/src/msg/rmw.rs
[1.455s] -- Up-to-date: /home/ros2/ws/install/unitree_hg/share/unitree_hg/rust/Cargo.toml
[1.455s] -- Up-to-date: /home/ros2/ws/install/unitree_hg/share/unitree_hg/msg/BmsCmd.idl
[1.455s] -- Up-to-date: /home/ros2/ws/install/unitree_hg/share/unitree_hg/msg/BmsState.idl
[1.455s] -- Up-to-date: /home/ros2/ws/install/unitree_hg/share/unitree_hg/msg/HandCmd.idl
[1.455s] -- Up-to-date: /home/ros2/ws/install/unitree_hg/share/unitree_hg/msg/HandState.idl
[1.455s] -- Up-to-date: /home/ros2/ws/install/unitree_hg/share/unitree_hg/msg/IMUState.idl
[1.455s] -- Up-to-date: /home/ros2/ws/install/unitree_hg/share/unitree_hg/msg/LowCmd.idl
[1.456s] -- Up-to-date: /home/ros2/ws/install/unitree_hg/share/unitree_hg/msg/LowState.idl
[1.456s] -- Up-to-date: /home/ros2/ws/install/unitree_hg/share/unitree_hg/msg/MainBoardState.idl
[1.456s] -- Up-to-date: /home/ros2/ws/install/unitree_hg/share/unitree_hg/msg/MotorCmd.idl
[1.456s] -- Up-to-date: /home/ros2/ws/install/unitree_hg/share/unitree_hg/msg/MotorState.idl
[1.456s] -- Up-to-date: /home/ros2/ws/install/unitree_hg/share/unitree_hg/msg/PressSensorState.idl
[1.456s] -- Up-to-date: /home/ros2/ws/install/unitree_hg/share/unitree_hg/msg/BmsCmd.msg
[1.456s] -- Up-to-date: /home/ros2/ws/install/unitree_hg/share/unitree_hg/msg/BmsState.msg
[1.456s] -- Up-to-date: /home/ros2/ws/install/unitree_hg/share/unitree_hg/msg/HandCmd.msg
[1.456s] -- Up-to-date: /home/ros2/ws/install/unitree_hg/share/unitree_hg/msg/HandState.msg
[1.456s] -- Up-to-date: /home/ros2/ws/install/unitree_hg/share/unitree_hg/msg/IMUState.msg
[1.456s] -- Up-to-date: /home/ros2/ws/install/unitree_hg/share/unitree_hg/msg/LowCmd.msg
[1.461s] -- Up-to-date: /home/ros2/ws/install/unitree_hg/share/unitree_hg/msg/LowState.msg
[1.461s] -- Up-to-date: /home/ros2/ws/install/unitree_hg/share/unitree_hg/msg/MainBoardState.msg
[1.461s] -- Up-to-date: /home/ros2/ws/install/unitree_hg/share/unitree_hg/msg/MotorCmd.msg
[1.461s] -- Up-to-date: /home/ros2/ws/install/unitree_hg/share/unitree_hg/msg/MotorState.msg
[1.461s] -- Up-to-date: /home/ros2/ws/install/unitree_hg/share/unitree_hg/msg/PressSensorState.msg
[1.461s] -- Up-to-date: /home/ros2/ws/install/unitree_hg/share/unitree_hg/msg/dds_connext
[1.461s] -- Up-to-date: /home/ros2/ws/install/unitree_hg/share/unitree_hg/msg/dds_connext/MotorCmd_.idl
[1.461s] -- Up-to-date: /home/ros2/ws/install/unitree_hg/share/unitree_hg/msg/dds_connext/HandState_.idl
[1.461s] -- Up-to-date: /home/ros2/ws/install/unitree_hg/share/unitree_hg/msg/dds_connext/HandCmd_.idl
[1.461s] -- Up-to-date: /home/ros2/ws/install/unitree_hg/share/unitree_hg/msg/dds_connext/LowState_.idl
[1.461s] -- Up-to-date: /home/ros2/ws/install/unitree_hg/share/unitree_hg/msg/dds_connext/BmsState_.idl
[1.462s] -- Up-to-date: /home/ros2/ws/install/unitree_hg/share/unitree_hg/msg/dds_connext/PressSensorState_.idl
[1.462s] -- Up-to-date: /home/ros2/ws/install/unitree_hg/share/unitree_hg/msg/dds_connext/MainBoardState_.idl
[1.462s] -- Up-to-date: /home/ros2/ws/install/unitree_hg/share/unitree_hg/msg/dds_connext/MotorState_.idl
[1.462s] -- Up-to-date: /home/ros2/ws/install/unitree_hg/share/unitree_hg/msg/dds_connext/LowCmd_.idl
[1.462s] -- Up-to-date: /home/ros2/ws/install/unitree_hg/share/unitree_hg/msg/dds_connext/BmsCmd_.idl
[1.462s] -- Up-to-date: /home/ros2/ws/install/unitree_hg/share/unitree_hg/msg/dds_connext/IMUState_.idl
[1.462s] -- Up-to-date: /home/ros2/ws/install/unitree_hg/share/ament_index/resource_index/package_run_dependencies/unitree_hg
[1.462s] -- Up-to-date: /home/ros2/ws/install/unitree_hg/share/ament_index/resource_index/parent_prefix_path/unitree_hg
[1.462s] -- Up-to-date: /home/ros2/ws/install/unitree_hg/share/unitree_hg/environment/ament_prefix_path.sh
[1.462s] -- Up-to-date: /home/ros2/ws/install/unitree_hg/share/unitree_hg/environment/ament_prefix_path.dsv
[1.462s] -- Up-to-date: /home/ros2/ws/install/unitree_hg/share/unitree_hg/environment/path.sh
[1.462s] -- Up-to-date: /home/ros2/ws/install/unitree_hg/share/unitree_hg/environment/path.dsv
[1.462s] -- Up-to-date: /home/ros2/ws/install/unitree_hg/share/unitree_hg/local_setup.bash
[1.463s] -- Up-to-date: /home/ros2/ws/install/unitree_hg/share/unitree_hg/local_setup.sh
[1.463s] -- Up-to-date: /home/ros2/ws/install/unitree_hg/share/unitree_hg/local_setup.zsh
[1.463s] -- Up-to-date: /home/ros2/ws/install/unitree_hg/share/unitree_hg/local_setup.dsv
[1.463s] -- Installing: /home/ros2/ws/install/unitree_hg/share/unitree_hg/package.dsv
[1.463s] -- Up-to-date: /home/ros2/ws/install/unitree_hg/share/ament_index/resource_index/packages/unitree_hg
[1.463s] -- Up-to-date: /home/ros2/ws/install/unitree_hg/share/unitree_hg/cmake/export_unitree_hg__rosidl_generator_cExport.cmake
[1.463s] -- Up-to-date: /home/ros2/ws/install/unitree_hg/share/unitree_hg/cmake/export_unitree_hg__rosidl_generator_cExport-noconfig.cmake
[1.463s] -- Up-to-date: /home/ros2/ws/install/unitree_hg/share/unitree_hg/cmake/export_unitree_hg__rosidl_typesupport_fastrtps_cExport.cmake
[1.463s] -- Up-to-date: /home/ros2/ws/install/unitree_hg/share/unitree_hg/cmake/export_unitree_hg__rosidl_typesupport_fastrtps_cExport-noconfig.cmake
[1.463s] -- Up-to-date: /home/ros2/ws/install/unitree_hg/share/unitree_hg/cmake/export_unitree_hg__rosidl_generator_cppExport.cmake
[1.463s] -- Up-to-date: /home/ros2/ws/install/unitree_hg/share/unitree_hg/cmake/export_unitree_hg__rosidl_typesupport_fastrtps_cppExport.cmake
[1.463s] -- Up-to-date: /home/ros2/ws/install/unitree_hg/share/unitree_hg/cmake/export_unitree_hg__rosidl_typesupport_fastrtps_cppExport-noconfig.cmake
[1.463s] -- Up-to-date: /home/ros2/ws/install/unitree_hg/share/unitree_hg/cmake/unitree_hg__rosidl_typesupport_introspection_cExport.cmake
[1.463s] -- Up-to-date: /home/ros2/ws/install/unitree_hg/share/unitree_hg/cmake/unitree_hg__rosidl_typesupport_introspection_cExport-noconfig.cmake
[1.464s] -- Up-to-date: /home/ros2/ws/install/unitree_hg/share/unitree_hg/cmake/unitree_hg__rosidl_typesupport_cExport.cmake
[1.464s] -- Up-to-date: /home/ros2/ws/install/unitree_hg/share/unitree_hg/cmake/unitree_hg__rosidl_typesupport_cExport-noconfig.cmake
[1.464s] -- Up-to-date: /home/ros2/ws/install/unitree_hg/share/unitree_hg/cmake/unitree_hg__rosidl_typesupport_introspection_cppExport.cmake
[1.464s] -- Up-to-date: /home/ros2/ws/install/unitree_hg/share/unitree_hg/cmake/unitree_hg__rosidl_typesupport_introspection_cppExport-noconfig.cmake
[1.468s] -- Up-to-date: /home/ros2/ws/install/unitree_hg/share/unitree_hg/cmake/unitree_hg__rosidl_typesupport_cppExport.cmake
[1.468s] -- Up-to-date: /home/ros2/ws/install/unitree_hg/share/unitree_hg/cmake/unitree_hg__rosidl_typesupport_cppExport-noconfig.cmake
[1.469s] -- Up-to-date: /home/ros2/ws/install/unitree_hg/share/unitree_hg/cmake/export_unitree_hg__rosidl_generator_pyExport.cmake
[1.469s] -- Up-to-date: /home/ros2/ws/install/unitree_hg/share/unitree_hg/cmake/export_unitree_hg__rosidl_generator_pyExport-noconfig.cmake
[1.469s] -- Up-to-date: /home/ros2/ws/install/unitree_hg/share/unitree_hg/cmake/rosidl_cmake-extras.cmake
[1.469s] -- Up-to-date: /home/ros2/ws/install/unitree_hg/share/unitree_hg/cmake/ament_cmake_export_dependencies-extras.cmake
[1.469s] -- Up-to-date: /home/ros2/ws/install/unitree_hg/share/unitree_hg/cmake/ament_cmake_export_include_directories-extras.cmake
[1.469s] -- Up-to-date: /home/ros2/ws/install/unitree_hg/share/unitree_hg/cmake/ament_cmake_export_libraries-extras.cmake
[1.469s] -- Up-to-date: /home/ros2/ws/install/unitree_hg/share/unitree_hg/cmake/ament_cmake_export_targets-extras.cmake
[1.469s] -- Up-to-date: /home/ros2/ws/install/unitree_hg/share/unitree_hg/cmake/rosidl_cmake_export_typesupport_targets-extras.cmake
[1.469s] -- Up-to-date: /home/ros2/ws/install/unitree_hg/share/unitree_hg/cmake/rosidl_cmake_export_typesupport_libraries-extras.cmake
[1.469s] -- Up-to-date: /home/ros2/ws/install/unitree_hg/share/unitree_hg/cmake/unitree_hgConfig.cmake
[1.469s] -- Up-to-date: /home/ros2/ws/install/unitree_hg/share/unitree_hg/cmake/unitree_hgConfig-version.cmake
[1.469s] -- Up-to-date: /home/ros2/ws/install/unitree_hg/share/unitree_hg/package.xml
[1.487s] Invoked command in '/home/ros2/ws/build/unitree_hg' returned '0': CMAKE_PREFIX_PATH=${CMAKE_PREFIX_PATH}:/home/ros2/ws/install/go2_cmd_processor:/home/ros2/ws/install/image_processing:/home/ros2/ws/install/go2_slam_nav:/home/ros2/ws/install/frontier:/opt/ros/humble /usr/bin/cmake --install /home/ros2/ws/build/unitree_hg
