[0.286s] Invoking command in '/home/ros2/ws/build/unitree_ros2_example': CMAKE_PREFIX_PATH=/home/ros2/ws/install/unitree_hg:/home/ros2/ws/install/unitree_go:/home/ros2/ws/install/unitree_api:/home/ros2/ws/install/unitree_ros2_example:/home/ros2/ws/install/rslidar_sdk:/home/ros2/ws/install/rslidar_msg:/home/ros2/ws/install/hesai_ros_driver:/home/ros2/ws/install/go2_cmd_processor:/home/ros2/ws/install/image_processing:/home/ros2/ws/install/go2_slam_nav:/home/ros2/ws/install/frontier:/opt/ros/humble /usr/bin/cmake --build /home/ros2/ws/build/unitree_ros2_example -- -j8 -l8
[0.385s] [  4%] Built target low_level_ctrl
[0.398s] [  7%] Built target read_low_state
[0.398s] [ 20%] Built target read_wireless_controller
[0.400s] [ 12%] Built target low_level_ctrl_hg
[0.400s] [ 17%] Built target g1_low_level_example
[0.401s] [ 23%] Built target read_motion_state
[0.402s] [ 26%] Built target read_low_state_hg
[0.403s] [ 31%] Built target go2_sport_client
[0.448s] [ 36%] Built target go2_stand_example
[0.474s] [ 41%] Built target g1_arm_sdk_dds_example
[0.478s] [ 46%] Built target go2_robot_state_client
[0.484s] [ 50%] Built target g1_dex3_example
[0.484s] [ 55%] Built target g1_arm_action_example
[0.488s] [ 60%] Built target g1_ankle_swing_example
[0.498s] [ 65%] Built target g1_loco_client_example
[0.503s] [ 68%] Built target g1_audio_client_example
[0.531s] [ 73%] Built target b2w_sport_client
[0.543s] [ 77%] Built target b2_sport_client
[0.550s] [ 80%] Built target h2_loco_client
[0.552s] [ 88%] Built target b2_stand_example
[0.553s] [ 90%] Built target h2_ankle_swing_example
[0.554s] [ 95%] Built target b2w_stand_example
[0.561s] [100%] Built target g1_dual_arm_example
[0.577s] Invoked command in '/home/ros2/ws/build/unitree_ros2_example' returned '0': CMAKE_PREFIX_PATH=/home/ros2/ws/install/unitree_hg:/home/ros2/ws/install/unitree_go:/home/ros2/ws/install/unitree_api:/home/ros2/ws/install/unitree_ros2_example:/home/ros2/ws/install/rslidar_sdk:/home/ros2/ws/install/rslidar_msg:/home/ros2/ws/install/hesai_ros_driver:/home/ros2/ws/install/go2_cmd_processor:/home/ros2/ws/install/image_processing:/home/ros2/ws/install/go2_slam_nav:/home/ros2/ws/install/frontier:/opt/ros/humble /usr/bin/cmake --build /home/ros2/ws/build/unitree_ros2_example -- -j8 -l8
[0.579s] Invoking command in '/home/ros2/ws/build/unitree_ros2_example': CMAKE_PREFIX_PATH=/home/ros2/ws/install/unitree_hg:/home/ros2/ws/install/unitree_go:/home/ros2/ws/install/unitree_api:/home/ros2/ws/install/unitree_ros2_example:/home/ros2/ws/install/rslidar_sdk:/home/ros2/ws/install/rslidar_msg:/home/ros2/ws/install/hesai_ros_driver:/home/ros2/ws/install/go2_cmd_processor:/home/ros2/ws/install/image_processing:/home/ros2/ws/install/go2_slam_nav:/home/ros2/ws/install/frontier:/opt/ros/humble /usr/bin/cmake --install /home/ros2/ws/build/unitree_ros2_example
[0.590s] -- Install configuration: ""
[0.590s] -- Up-to-date: /home/ros2/ws/install/unitree_ros2_example/bin/low_level_ctrl
[0.590s] -- Up-to-date: /home/ros2/ws/install/unitree_ros2_example/bin/low_level_ctrl_hg
[0.590s] -- Up-to-date: /home/ros2/ws/install/unitree_ros2_example/bin/g1_low_level_example
[0.591s] -- Up-to-date: /home/ros2/ws/install/unitree_ros2_example/bin/read_low_state
[0.591s] -- Up-to-date: /home/ros2/ws/install/unitree_ros2_example/bin/read_low_state_hg
[0.591s] -- Up-to-date: /home/ros2/ws/install/unitree_ros2_example/bin/read_motion_state
[0.592s] -- Up-to-date: /home/ros2/ws/install/unitree_ros2_example/bin/read_wireless_controller
[0.592s] -- Up-to-date: /home/ros2/ws/install/unitree_ros2_example/bin/go2_sport_client
[0.593s] -- Up-to-date: /home/ros2/ws/install/unitree_ros2_example/bin/go2_stand_example
[0.593s] -- Up-to-date: /home/ros2/ws/install/unitree_ros2_example/bin/go2_robot_state_client
[0.593s] -- Up-to-date: /home/ros2/ws/install/unitree_ros2_example/bin/g1_arm_sdk_dds_example
[0.594s] -- Up-to-date: /home/ros2/ws/install/unitree_ros2_example/bin/g1_arm_action_example
[0.594s] -- Up-to-date: /home/ros2/ws/install/unitree_ros2_example/bin/g1_dex3_example
[0.594s] -- Up-to-date: /home/ros2/ws/install/unitree_ros2_example/bin/g1_loco_client_example
[0.595s] -- Up-to-date: /home/ros2/ws/install/unitree_ros2_example/bin/g1_ankle_swing_example
[0.595s] -- Up-to-date: /home/ros2/ws/install/unitree_ros2_example/bin/g1_dual_arm_example
[0.595s] -- Up-to-date: /home/ros2/ws/install/unitree_ros2_example/bin/g1_audio_client_example
[0.596s] -- Up-to-date: /home/ros2/ws/install/unitree_ros2_example/bin/h2_loco_client
[0.596s] -- Up-to-date: /home/ros2/ws/install/unitree_ros2_example/bin/h2_ankle_swing_example
[0.596s] -- Up-to-date: /home/ros2/ws/install/unitree_ros2_example/share/ament_index/resource_index/package_run_dependencies/unitree_ros2_example
[0.596s] -- Up-to-date: /home/ros2/ws/install/unitree_ros2_example/share/ament_index/resource_index/parent_prefix_path/unitree_ros2_example
[0.596s] -- Up-to-date: /home/ros2/ws/install/unitree_ros2_example/share/unitree_ros2_example/environment/ament_prefix_path.sh
[0.596s] -- Up-to-date: /home/ros2/ws/install/unitree_ros2_example/share/unitree_ros2_example/environment/ament_prefix_path.dsv
[0.597s] -- Up-to-date: /home/ros2/ws/install/unitree_ros2_example/share/unitree_ros2_example/environment/path.sh
[0.597s] -- Up-to-date: /home/ros2/ws/install/unitree_ros2_example/share/unitree_ros2_example/environment/path.dsv
[0.597s] -- Up-to-date: /home/ros2/ws/install/unitree_ros2_example/share/unitree_ros2_example/local_setup.bash
[0.597s] -- Up-to-date: /home/ros2/ws/install/unitree_ros2_example/share/unitree_ros2_example/local_setup.sh
[0.597s] -- Up-to-date: /home/ros2/ws/install/unitree_ros2_example/share/unitree_ros2_example/local_setup.zsh
[0.597s] -- Up-to-date: /home/ros2/ws/install/unitree_ros2_example/share/unitree_ros2_example/local_setup.dsv
[0.598s] -- Installing: /home/ros2/ws/install/unitree_ros2_example/share/unitree_ros2_example/package.dsv
[0.598s] -- Up-to-date: /home/ros2/ws/install/unitree_ros2_example/share/ament_index/resource_index/packages/unitree_ros2_example
[0.598s] -- Up-to-date: /home/ros2/ws/install/unitree_ros2_example/share/unitree_ros2_example/cmake/unitree_ros2_exampleConfig.cmake
[0.598s] -- Up-to-date: /home/ros2/ws/install/unitree_ros2_example/share/unitree_ros2_example/cmake/unitree_ros2_exampleConfig-version.cmake
[0.598s] -- Up-to-date: /home/ros2/ws/install/unitree_ros2_example/share/unitree_ros2_example/package.xml
[0.600s] Invoked command in '/home/ros2/ws/build/unitree_ros2_example' returned '0': CMAKE_PREFIX_PATH=/home/ros2/ws/install/unitree_hg:/home/ros2/ws/install/unitree_go:/home/ros2/ws/install/unitree_api:/home/ros2/ws/install/unitree_ros2_example:/home/ros2/ws/install/rslidar_sdk:/home/ros2/ws/install/rslidar_msg:/home/ros2/ws/install/hesai_ros_driver:/home/ros2/ws/install/go2_cmd_processor:/home/ros2/ws/install/image_processing:/home/ros2/ws/install/go2_slam_nav:/home/ros2/ws/install/frontier:/opt/ros/humble /usr/bin/cmake --install /home/ros2/ws/build/unitree_ros2_example
